2025-01-16 10:55:31.59 | Annie | Clients_v5.1.xlsm | ***** Début de session - Workbook_Open ***** | 
2025-01-16 10:55:31.68 | Annie | Clients_v5.1.xlsm | modMain:CM_Client_List_Import_All | 
2025-01-16 10:55:32.78 | Annie | Clients_v5.1.xlsm | modMain:CM_Apply_Worksheet_Format | 
2025-01-16 10:55:32.00 | Annie | Clients_v5.1.xlsm | modMain:CM_Apply_Worksheet_Format = '0.2461 secondes'
2025-01-16 10:55:33.19 | Annie | Clients_v5.1.xlsm | modMain:CM_Client_List_Import_All = '1.5352 secondes'
2025-01-16 10:55:33.36 | Annie | Clients_v5.1.xlsm | ufClientMF:UserForm_Initialize | 
2025-01-16 10:55:33.44 | Annie | Clients_v5.1.xlsm | modMain:CM_Reset_UserForm | 
2025-01-16 10:55:33.51 | Annie | Clients_v5.1.xlsm | modMain:CM_Add_SearchColumn | 
2025-01-16 10:55:33.59 | Annie | Clients_v5.1.xlsm | ufClientMF:cmbSearchColumn_Change | 
2025-01-16 10:55:33.66 | Annie | Clients_v5.1.xlsm | ufClientMF:cmbSearchColumn_Change = '0.0977 secondes'
2025-01-16 10:55:33.72 | Annie | Clients_v5.1.xlsm | modMain:CM_Add_SearchColumn = '0.2539 secondes'
2025-01-16 10:55:33.88 | Annie | Clients_v5.1.xlsm | modMain:CM_Reset_UserForm = '0.4727 secondes'
2025-01-16 10:55:33.96 | Annie | Clients_v5.1.xlsm | ufClientMF:UserForm_Initialize = '0.6289 secondes'
2025-01-16 10:55:39.00 | Annie | Clients_v5.1.xlsm | ufClientMF:cmbSearchColumn_Change | 
2025-01-16 10:55:39.07 | Annie | Clients_v5.1.xlsm | ufClientMF:cmbSearchColumn_Change = '0.1055 secondes'
2025-01-16 10:55:43.53 | Annie | Clients_v5.1.xlsm | ufClientMF:cmdSearch_Click | 
2025-01-16 10:55:43.62 | Annie | Clients_v5.1.xlsm | modMain:CM_Build_Données_Recherche | 
2025-01-16 10:55:45.32 | Annie | Clients_v5.1.xlsm | modMain:CM_Build_Données_Recherche = '1.7305 secondes'
2025-01-16 10:55:45.45 | Annie | Clients_v5.1.xlsm | ufClientMF:cmdSearch_Click = '1.9453 secondes'
2025-01-16 10:55:50.74 | Annie | Clients_v5.1.xlsm | ufClientMF:cmdSearch_Click | 
2025-01-16 10:55:50.83 | Annie | Clients_v5.1.xlsm | modMain:CM_Build_Données_Recherche | 
2025-01-16 10:55:52.63 | Annie | Clients_v5.1.xlsm | modMain:CM_Build_Données_Recherche = '1.8398 secondes'
2025-01-16 10:55:52.71 | Annie | Clients_v5.1.xlsm | ufClientMF:cmdSearch_Click = '2.0000 secondes'
2025-01-16 10:55:57.29 | Annie | Clients_v5.1.xlsm | ufClientMF:cmdSearch_Click | 
2025-01-16 10:55:57.36 | Annie | Clients_v5.1.xlsm | modMain:CM_Build_Données_Recherche | 
2025-01-16 10:55:59.18 | Annie | Clients_v5.1.xlsm | modMain:CM_Build_Données_Recherche = '1.8438 secondes'
2025-01-16 10:55:59.26 | Annie | Clients_v5.1.xlsm | ufClientMF:cmdSearch_Click = '2.0039 secondes'
2025-01-16 10:56:02.39 | Annie | Clients_v5.1.xlsm | ufClientMF:cmbSearchColumn_Change | 
2025-01-16 10:56:02.47 | Annie | Clients_v5.1.xlsm | ufClientMF:cmbSearchColumn_Change = '0.1055 secondes'
2025-01-16 10:56:16.48 | Annie | Clients_v5.1.xlsm | ufClientMF:cmdSearch_Click | 
2025-01-16 10:56:16.56 | Annie | Clients_v5.1.xlsm | modMain:CM_Build_Données_Recherche | 
2025-01-16 10:56:16.77 | Annie | Clients_v5.1.xlsm | modMain:CM_Build_Données_Recherche = '0.2461 secondes'
2025-01-16 10:56:16.86 | Annie | Clients_v5.1.xlsm | ufClientMF:cmdSearch_Click = '0.4102 secondes'
2025-01-16 10:56:19.16 | Annie | Clients_v5.1.xlsm | ufClientMF:lstDonnées_Click | 
2025-01-16 10:56:19.23 | Annie | Clients_v5.1.xlsm | ufClientMF:lstDonnées_Click = '0.1055 secondes'
2025-01-16 10:56:19.33 | Annie | Clients_v5.1.xlsm | ufClientMF:lstDonnées_DblClick | 
2025-01-16 10:56:19.41 | Annie | Clients_v5.1.xlsm | ufClientMF:cmdEdit_Click | 
2025-01-16 10:56:19.50 | Annie | Clients_v5.1.xlsm | modMain:Fn_Selected_List | 
2025-01-16 10:56:19.59 | Annie | Clients_v5.1.xlsm | modMain:Fn_Selected_List = '0.1172 secondes'
2025-01-16 10:56:19.68 | Annie | Clients_v5.1.xlsm | modMain:Fn_Selected_List | 
2025-01-16 10:56:19.75 | Annie | Clients_v5.1.xlsm | modMain:Fn_Selected_List = '0.1016 secondes'
2025-01-16 10:56:19.83 | Annie | Clients_v5.1.xlsm | ufClientMF:cmdEdit_Click = '0.4453 secondes'
2025-01-16 10:56:19.91 | Annie | Clients_v5.1.xlsm | ufClientMF:lstDonnées_DblClick = '0.6289 secondes'
2025-01-16 10:58:58.75 | Annie | Clients_v5.1.xlsm | ***** Fin de session - Workbook_BeforeClose ***** | 
2025-01-16 15:08:00.61 | Annie | Clients_v5.1.xlsm | ***** Début de session - Workbook_Open ***** | 
2025-01-16 15:08:00.72 | Annie | Clients_v5.1.xlsm | modMain:CM_Client_List_Import_All | 
2025-01-16 15:08:01.57 | Annie | Clients_v5.1.xlsm | modMain:CM_Apply_Worksheet_Format | 
2025-01-16 15:08:01.76 | Annie | Clients_v5.1.xlsm | modMain:CM_Apply_Worksheet_Format = '0.2227 secondes'
2025-01-16 15:08:01.99 | Annie | Clients_v5.1.xlsm | modMain:CM_Client_List_Import_All = '1.2969 secondes'
2025-01-16 15:08:02.15 | Annie | Clients_v5.1.xlsm | ufClientMF:UserForm_Initialize | 
2025-01-16 15:08:02.25 | Annie | Clients_v5.1.xlsm | modMain:CM_Reset_UserForm | 
2025-01-16 15:08:02.34 | Annie | Clients_v5.1.xlsm | modMain:CM_Add_SearchColumn | 
2025-01-16 15:08:02.43 | Annie | Clients_v5.1.xlsm | ufClientMF:cmbSearchColumn_Change | 
2025-01-16 15:08:02.52 | Annie | Clients_v5.1.xlsm | ufClientMF:cmbSearchColumn_Change = '0.1211 secondes'
2025-01-16 15:08:02.61 | Annie | Clients_v5.1.xlsm | modMain:CM_Add_SearchColumn = '0.3086 secondes'
2025-01-16 15:08:02.81 | Annie | Clients_v5.1.xlsm | modMain:CM_Reset_UserForm = '0.5938 secondes'
2025-01-16 15:08:02.91 | Annie | Clients_v5.1.xlsm | ufClientMF:UserForm_Initialize = '0.7930 secondes'
2025-01-16 15:08:28.04 | Annie | Clients_v5.1.xlsm | ufClientMF:txtNomClient_Exit | 
2025-01-16 15:08:28.13 | Annie | Clients_v5.1.xlsm | ufClientMF:txtNomClient_Exit = '0.1250 secondes'
2025-01-16 15:08:28.27 | Annie | Clients_v5.1.xlsm | ufClientMF:cmdAddClient_Click | 
2025-01-16 15:08:28.37 | Annie | Clients_v5.1.xlsm | modMain:CM_Reset_UserForm | 
2025-01-16 15:08:28.47 | Annie | Clients_v5.1.xlsm | modMain:CM_Add_SearchColumn | 
2025-01-16 15:08:28.56 | Annie | Clients_v5.1.xlsm | ufClientMF:cmbSearchColumn_Change | 
2025-01-16 15:08:28.66 | Annie | Clients_v5.1.xlsm | ufClientMF:cmbSearchColumn_Change = '0.1328 secondes'
2025-01-16 15:08:28.76 | Annie | Clients_v5.1.xlsm | ufClientMF:cmbSearchColumn_Change | 
2025-01-16 15:08:28.86 | Annie | Clients_v5.1.xlsm | ufClientMF:cmbSearchColumn_Change = '0.1289 secondes'
2025-01-16 15:08:28.96 | Annie | Clients_v5.1.xlsm | modMain:CM_Add_SearchColumn = '0.5195 secondes'
2025-01-16 15:08:29.13 | Annie | Clients_v5.1.xlsm | modMain:CM_Reset_UserForm = '0.7930 secondes'
2025-01-16 15:08:33.02 | Annie | Clients_v5.1.xlsm | ufClientMF:cmdAddClient_Click = '4.7930 secondes'
2025-01-16 15:08:37.73 | Annie | Clients_v5.1.xlsm | ufClientMF:txtCodeClient_Exit | 
2025-01-16 15:08:37.85 | Annie | Clients_v5.1.xlsm | modMain:Fn_Is_Client_Code_Already_Used | 
2025-01-16 15:08:37.97 | Annie | Clients_v5.1.xlsm | modMain:Fn_Is_Client_Code_Already_Used | checkPoint | FAUX
2025-01-16 15:08:38.07 | Annie | Clients_v5.1.xlsm | modMain:Fn_Is_Client_Code_Already_Used = '0.2617 secondes'
2025-01-16 15:08:38.19 | Annie | Clients_v5.1.xlsm | ufClientMF:txtCodeClient_Exit = '0.4883 secondes'
2025-01-16 15:08:57.73 | Annie | Clients_v5.1.xlsm | ufClientMF:txtNomClient_Exit | 
2025-01-16 15:08:57.84 | Annie | Clients_v5.1.xlsm | ufClientMF:txtNomClient_Exit = '0.1367 secondes'
2025-01-16 15:09:48.30 | Annie | Clients_v5.1.xlsm | ufClientMF:txtNomClient_Exit | 
2025-01-16 15:09:48.40 | Annie | Clients_v5.1.xlsm | ufClientMF:txtNomClient_Exit = '0.1406 secondes'
2025-01-16 15:10:00.85 | Annie | Clients_v5.1.xlsm | ufClientMF:txtNomClient_Exit | 
2025-01-16 15:10:00.96 | Annie | Clients_v5.1.xlsm | ufClientMF:txtNomClient_Exit = '0.1406 secondes'
2025-01-16 15:11:48.88 | Annie | Clients_v5.1.xlsm | modMain:Fn_Fix_Txt_Fin_Annee | 
2025-01-16 15:11:48.99 | Annie | Clients_v5.1.xlsm | modMain:Fn_Fix_Txt_Fin_Annee = '0.1445 secondes'
2025-01-16 15:11:59.09 | Annie | Clients_v5.1.xlsm | ufClientMF:cmdSave_Click | 
2025-01-16 15:11:59.18 | Annie | Clients_v5.1.xlsm | modMain:Fn_ValidateEntries | 
2025-01-16 15:11:59.36 | Annie | Clients_v5.1.xlsm | modMain:Fn_ValidateEntries = '0.2109 secondes'
2025-01-16 15:11:59.46 | Annie | Clients_v5.1.xlsm | ufClientMF:Fix_Some_Fields | 
2025-01-16 15:11:59.58 | Annie | Clients_v5.1.xlsm | ufClientMF:Fix_Some_Fields = '0.1484 secondes'
2025-01-16 15:12:01.63 | Annie | Clients_v5.1.xlsm | modMain:Fn_Is_Client_Code_Already_Used | 
2025-01-16 15:12:01.73 | Annie | Clients_v5.1.xlsm | modMain:Fn_Is_Client_Code_Already_Used | checkPoint | FAUX
2025-01-16 15:12:01.82 | Annie | Clients_v5.1.xlsm | modMain:Fn_Is_Client_Code_Already_Used = '0.2227 secondes'
2025-01-16 15:12:01.92 | Annie | Clients_v5.1.xlsm | modMain:CM_Update_External_GCF_BD_Entrée | NEW_RECORD
2025-01-16 15:12:04.81 | Annie | Clients_v5.1.xlsm | modMain:CM_Update_External_GCF_BD_Entrée | checkPoint | DDM (0.0.0.1)
2025-01-16 15:12:05.07 | Annie | Clients_v5.1.xlsm | modMain:CM_Update_External_GCF_BD_Entrée = '3.1758 secondes'
2025-01-16 15:12:05.17 | Annie | Clients_v5.1.xlsm | modMain:CM_Update_Locally_GCF_BD_Entrée | 
2025-01-16 15:12:05.27 | Annie | Clients_v5.1.xlsm | modMain:CM_Update_Locally_GCF_BD_Entrée = '0.1250 secondes'
2025-01-16 15:12:05.36 | Annie | Clients_v5.1.xlsm | modMain:CM_Reset_UserForm | 
2025-01-16 15:12:05.46 | Annie | Clients_v5.1.xlsm | modMain:CM_Add_SearchColumn | 
2025-01-16 15:12:05.55 | Annie | Clients_v5.1.xlsm | ufClientMF:cmbSearchColumn_Change | 
2025-01-16 15:12:05.64 | Annie | Clients_v5.1.xlsm | ufClientMF:cmbSearchColumn_Change = '0.1172 secondes'
2025-01-16 15:12:05.74 | Annie | Clients_v5.1.xlsm | ufClientMF:cmbSearchColumn_Change | 
2025-01-16 15:12:05.85 | Annie | Clients_v5.1.xlsm | ufClientMF:cmbSearchColumn_Change = '0.1367 secondes'
2025-01-16 15:12:05.95 | Annie | Clients_v5.1.xlsm | modMain:CM_Add_SearchColumn = '0.5195 secondes'
2025-01-16 15:12:06.11 | Annie | Clients_v5.1.xlsm | modMain:CM_Reset_UserForm = '0.7773 secondes'
2025-01-16 15:12:06.27 | Annie | Clients_v5.1.xlsm | ufClientMF:lstDonnées_Click | 
2025-01-16 15:12:06.38 | Annie | Clients_v5.1.xlsm | ufClientMF:lstDonnées_Click = '0.1406 secondes'
2025-01-16 15:12:06.48 | Annie | Clients_v5.1.xlsm | ufClientMF:cmdSave_Click = '7.4141 secondes'
2025-01-16 15:12:09.21 | Annie | Clients_v5.1.xlsm | ufClientMF:txtCodeClient_Exit | 
2025-01-16 15:12:09.31 | Annie | Clients_v5.1.xlsm | modMain:Fn_Is_Client_Code_Already_Used | 
2025-01-16 15:12:09.41 | Annie | Clients_v5.1.xlsm | modMain:Fn_Is_Client_Code_Already_Used = '0.1289 secondes'
2025-01-16 15:12:09.51 | Annie | Clients_v5.1.xlsm | ufClientMF:txtCodeClient_Exit = '0.3281 secondes'
2025-01-16 15:12:09.62 | Annie | Clients_v5.1.xlsm | ufClientMF:cmdAddClient_Click | 
2025-01-16 15:12:09.72 | Annie | Clients_v5.1.xlsm | modMain:CM_Reset_UserForm | 
2025-01-16 15:12:09.82 | Annie | Clients_v5.1.xlsm | modMain:CM_Add_SearchColumn | 
2025-01-16 15:12:09.93 | Annie | Clients_v5.1.xlsm | ufClientMF:cmbSearchColumn_Change | 
2025-01-16 15:12:10.03 | Annie | Clients_v5.1.xlsm | ufClientMF:cmbSearchColumn_Change = '0.1328 secondes'
2025-01-16 15:12:10.13 | Annie | Clients_v5.1.xlsm | ufClientMF:cmbSearchColumn_Change | 
2025-01-16 15:12:10.22 | Annie | Clients_v5.1.xlsm | ufClientMF:cmbSearchColumn_Change = '0.1211 secondes'
2025-01-16 15:12:10.32 | Annie | Clients_v5.1.xlsm | modMain:CM_Add_SearchColumn = '0.5312 secondes'
2025-01-16 15:12:10.49 | Annie | Clients_v5.1.xlsm | ufClientMF:lstDonnées_Click | 
2025-01-16 15:12:10.59 | Annie | Clients_v5.1.xlsm | ufClientMF:lstDonnées_Click = '0.1367 secondes'
2025-01-16 15:12:10.70 | Annie | Clients_v5.1.xlsm | modMain:CM_Reset_UserForm = '1.0156 secondes'
2025-01-16 15:12:12.71 | Annie | Clients_v5.1.xlsm | ufClientMF:cmdAddClient_Click = '3.1172 secondes'
2025-01-16 15:12:16.93 | Annie | Clients_v5.1.xlsm | ufClientMF:txtCodeClient_Exit | 
2025-01-16 15:12:17.03 | Annie | Clients_v5.1.xlsm | modMain:Fn_Is_Client_Code_Already_Used | 
2025-01-16 15:12:17.14 | Annie | Clients_v5.1.xlsm | modMain:Fn_Is_Client_Code_Already_Used | checkPoint | FAUX
2025-01-16 15:12:17.24 | Annie | Clients_v5.1.xlsm | modMain:Fn_Is_Client_Code_Already_Used = '0.2383 secondes'
2025-01-16 15:12:17.35 | Annie | Clients_v5.1.xlsm | ufClientMF:txtCodeClient_Exit = '0.4492 secondes'
2025-01-16 15:12:52.18 | Annie | Clients_v5.1.xlsm | ufClientMF:txtNomClient_Exit | 
2025-01-16 15:12:52.29 | Annie | Clients_v5.1.xlsm | ufClientMF:txtNomClient_Exit = '0.1445 secondes'
2025-01-16 15:12:52.39 | Annie | Clients_v5.1.xlsm | ufClientMF:txtCodeClient_Exit | 
2025-01-16 15:12:52.48 | Annie | Clients_v5.1.xlsm | modMain:Fn_Is_Client_Code_Already_Used | 
2025-01-16 15:12:52.60 | Annie | Clients_v5.1.xlsm | modMain:Fn_Is_Client_Code_Already_Used | checkPoint | FAUX
2025-01-16 15:12:52.71 | Annie | Clients_v5.1.xlsm | modMain:Fn_Is_Client_Code_Already_Used = '0.2578 secondes'
2025-01-16 15:12:52.80 | Annie | Clients_v5.1.xlsm | ufClientMF:txtCodeClient_Exit = '0.4453 secondes'
2025-01-16 15:13:08.32 | Annie | Clients_v5.1.xlsm | ufClientMF:txtNomClient_Exit | 
2025-01-16 15:13:08.42 | Annie | Clients_v5.1.xlsm | ufClientMF:txtNomClient_Exit = '0.1250 secondes'
2025-01-16 15:13:17.14 | Annie | Clients_v5.1.xlsm | ufClientMF:txtNomClient_Exit | 
2025-01-16 15:13:17.24 | Annie | Clients_v5.1.xlsm | ufClientMF:txtNomClient_Exit = '0.1289 secondes'
2025-01-16 15:15:04.99 | Annie | Clients_v5.1.xlsm | modMain:Fn_Fix_Txt_Fin_Annee | 
2025-01-16 15:15:05.09 | Annie | Clients_v5.1.xlsm | modMain:Fn_Fix_Txt_Fin_Annee = '0.1289 secondes'
2025-01-16 15:15:05.21 | Annie | Clients_v5.1.xlsm | ufClientMF:cmdSave_Click | 
2025-01-16 15:15:05.34 | Annie | Clients_v5.1.xlsm | modMain:Fn_ValidateEntries | 
2025-01-16 15:15:05.44 | Annie | Clients_v5.1.xlsm | modMain:Fn_ValidateEntries = '0.1328 secondes'
2025-01-16 15:15:05.55 | Annie | Clients_v5.1.xlsm | ufClientMF:Fix_Some_Fields | 
2025-01-16 15:15:05.65 | Annie | Clients_v5.1.xlsm | ufClientMF:Fix_Some_Fields = '0.1289 secondes'
2025-01-16 15:15:07.84 | Annie | Clients_v5.1.xlsm | modMain:Fn_Is_Client_Code_Already_Used | 
2025-01-16 15:15:07.94 | Annie | Clients_v5.1.xlsm | modMain:Fn_Is_Client_Code_Already_Used | checkPoint | FAUX
2025-01-16 15:15:08.05 | Annie | Clients_v5.1.xlsm | modMain:Fn_Is_Client_Code_Already_Used = '0.2383 secondes'
2025-01-16 15:15:08.15 | Annie | Clients_v5.1.xlsm | modMain:CM_Update_External_GCF_BD_Entrée | NEW_RECORD
2025-01-16 15:15:11.18 | Annie | Clients_v5.1.xlsm | modMain:CM_Update_External_GCF_BD_Entrée | checkPoint | DDM (0.0.0.1)
2025-01-16 15:15:11.52 | Annie | Clients_v5.1.xlsm | modMain:CM_Update_External_GCF_BD_Entrée = '3.4023 secondes'
2025-01-16 15:15:11.62 | Annie | Clients_v5.1.xlsm | modMain:CM_Update_Locally_GCF_BD_Entrée | 
2025-01-16 15:15:11.74 | Annie | Clients_v5.1.xlsm | modMain:CM_Update_Locally_GCF_BD_Entrée = '0.1484 secondes'
2025-01-16 15:15:11.85 | Annie | Clients_v5.1.xlsm | modMain:CM_Reset_UserForm | 
2025-01-16 15:15:11.95 | Annie | Clients_v5.1.xlsm | modMain:CM_Add_SearchColumn | 
2025-01-16 15:15:12.05 | Annie | Clients_v5.1.xlsm | ufClientMF:cmbSearchColumn_Change | 
2025-01-16 15:15:12.16 | Annie | Clients_v5.1.xlsm | ufClientMF:cmbSearchColumn_Change = '0.1328 secondes'
2025-01-16 15:15:12.26 | Annie | Clients_v5.1.xlsm | ufClientMF:cmbSearchColumn_Change | 
2025-01-16 15:15:12.36 | Annie | Clients_v5.1.xlsm | ufClientMF:cmbSearchColumn_Change = '0.1406 secondes'
2025-01-16 15:15:12.48 | Annie | Clients_v5.1.xlsm | modMain:CM_Add_SearchColumn = '0.5547 secondes'
2025-01-16 15:15:12.64 | Annie | Clients_v5.1.xlsm | ufClientMF:lstDonnées_Click | 
2025-01-16 15:15:12.75 | Annie | Clients_v5.1.xlsm | ufClientMF:lstDonnées_Click = '0.1367 secondes'
2025-01-16 15:15:12.85 | Annie | Clients_v5.1.xlsm | modMain:CM_Reset_UserForm = '1.0352 secondes'
2025-01-16 15:15:13.01 | Annie | Clients_v5.1.xlsm | ufClientMF:cmdSave_Click = '7.8281 secondes'
2025-01-16 15:15:27.49 | Annie | Clients_v5.1.xlsm | ufClientMF:lstDonnées_Click | 
2025-01-16 15:15:27.59 | Annie | Clients_v5.1.xlsm | ufClientMF:lstDonnées_Click = '0.1406 secondes'
2025-01-16 15:15:28.53 | Annie | Clients_v5.1.xlsm | ufClientMF:lstDonnées_DblClick | 
2025-01-16 15:15:28.64 | Annie | Clients_v5.1.xlsm | ufClientMF:cmdEdit_Click | 
2025-01-16 15:15:28.74 | Annie | Clients_v5.1.xlsm | modMain:Fn_Selected_List | 
2025-01-16 15:15:28.89 | Annie | Clients_v5.1.xlsm | modMain:Fn_Selected_List = '0.1797 secondes'
2025-01-16 15:15:29.01 | Annie | Clients_v5.1.xlsm | modMain:Fn_Selected_List | 
2025-01-16 15:15:29.10 | Annie | Clients_v5.1.xlsm | modMain:Fn_Selected_List = '0.1250 secondes'
2025-01-16 15:15:29.21 | Annie | Clients_v5.1.xlsm | ufClientMF:cmdEdit_Click = '0.5898 secondes'
2025-01-16 15:15:29.30 | Annie | Clients_v5.1.xlsm | ufClientMF:lstDonnées_DblClick = '0.8008 secondes'
2025-01-16 15:15:31.86 | Annie | Clients_v5.1.xlsm | ufClientMF:txtCodeClient_Exit | 
2025-01-16 15:15:31.98 | Annie | Clients_v5.1.xlsm | modMain:Fn_Is_Client_Code_Already_Used | 
2025-01-16 15:15:32.09 | Annie | Clients_v5.1.xlsm | modMain:Fn_Is_Client_Code_Already_Used | checkPoint | VRAI
2025-01-16 15:15:32.18 | Annie | Clients_v5.1.xlsm | modMain:Fn_Is_Client_Code_Already_Used = '0.2422 secondes'
2025-01-16 15:15:32.28 | Annie | Clients_v5.1.xlsm | ufClientMF:txtCodeClient_Exit = '0.4453 secondes'
2025-01-16 15:15:46.25 | Annie | Clients_v5.1.xlsm | ufClientMF:cmdSave_Click | 
2025-01-16 15:15:46.34 | Annie | Clients_v5.1.xlsm | modMain:Fn_ValidateEntries | 
2025-01-16 15:15:46.45 | Annie | Clients_v5.1.xlsm | modMain:Fn_ValidateEntries = '0.1328 secondes'
2025-01-16 15:15:46.55 | Annie | Clients_v5.1.xlsm | ufClientMF:Fix_Some_Fields | 
2025-01-16 15:15:46.65 | Annie | Clients_v5.1.xlsm | ufClientMF:Fix_Some_Fields = '0.1367 secondes'
2025-01-16 15:15:48.46 | Annie | Clients_v5.1.xlsm | modMain:Fn_Is_Client_Code_Already_Used | 
2025-01-16 15:15:48.57 | Annie | Clients_v5.1.xlsm | modMain:Fn_Is_Client_Code_Already_Used | checkPoint | VRAI
2025-01-16 15:15:48.69 | Annie | Clients_v5.1.xlsm | modMain:Fn_Is_Client_Code_Already_Used = '0.2539 secondes'
2025-01-16 15:15:48.79 | Annie | Clients_v5.1.xlsm | modMain:CM_Update_External_GCF_BD_Entrée | UPDATE
2025-01-16 15:15:51.51 | Annie | Clients_v5.1.xlsm | modMain:CM_Update_External_GCF_BD_Entrée | checkPoint | DDM (0.0.0.0)
2025-01-16 15:15:51.99 | Annie | Clients_v5.1.xlsm | modMain:CM_Update_External_GCF_BD_Entrée = '3.2344 secondes'
2025-01-16 15:15:52.09 | Annie | Clients_v5.1.xlsm | modMain:CM_Update_Locally_GCF_BD_Entrée | 
2025-01-16 15:15:52.19 | Annie | Clients_v5.1.xlsm | ufClientMF:lstDonnées_Click | 
2025-01-16 15:15:52.29 | Annie | Clients_v5.1.xlsm | ufClientMF:lstDonnées_Click = '0.1250 secondes'
2025-01-16 15:15:52.44 | Annie | Clients_v5.1.xlsm | ufClientMF:lstDonnées_Click | 
2025-01-16 15:15:52.54 | Annie | Clients_v5.1.xlsm | ufClientMF:lstDonnées_Click = '0.1211 secondes'
2025-01-16 15:15:52.64 | Annie | Clients_v5.1.xlsm | ufClientMF:lstDonnées_Click | 
2025-01-16 15:15:52.74 | Annie | Clients_v5.1.xlsm | ufClientMF:lstDonnées_Click = '0.1289 secondes'
2025-01-16 15:15:52.94 | Annie | Clients_v5.1.xlsm | ufClientMF:lstDonnées_Click | 
2025-01-16 15:15:53.04 | Annie | Clients_v5.1.xlsm | ufClientMF:lstDonnées_Click = '0.1289 secondes'
2025-01-16 15:15:53.16 | Annie | Clients_v5.1.xlsm | ufClientMF:lstDonnées_Click | 
2025-01-16 15:15:53.26 | Annie | Clients_v5.1.xlsm | ufClientMF:lstDonnées_Click = '0.1328 secondes'
2025-01-16 15:15:53.41 | Annie | Clients_v5.1.xlsm | ufClientMF:lstDonnées_Click | 
2025-01-16 15:15:53.52 | Annie | Clients_v5.1.xlsm | ufClientMF:lstDonnées_Click = '0.1328 secondes'
2025-01-16 15:15:53.63 | Annie | Clients_v5.1.xlsm | ufClientMF:lstDonnées_Click | 
2025-01-16 15:15:53.74 | Annie | Clients_v5.1.xlsm | ufClientMF:lstDonnées_Click = '0.1406 secondes'
2025-01-16 15:15:53.93 | Annie | Clients_v5.1.xlsm | ufClientMF:lstDonnées_Click | 
2025-01-16 15:15:54.03 | Annie | Clients_v5.1.xlsm | ufClientMF:lstDonnées_Click = '0.1289 secondes'
2025-01-16 15:15:54.15 | Annie | Clients_v5.1.xlsm | ufClientMF:lstDonnées_Click | 
2025-01-16 15:15:54.26 | Annie | Clients_v5.1.xlsm | ufClientMF:lstDonnées_Click = '0.1367 secondes'
2025-01-16 15:15:54.42 | Annie | Clients_v5.1.xlsm | ufClientMF:lstDonnées_Click | 
2025-01-16 15:15:54.52 | Annie | Clients_v5.1.xlsm | ufClientMF:lstDonnées_Click = '0.1367 secondes'
2025-01-16 15:15:54.67 | Annie | Clients_v5.1.xlsm | ufClientMF:lstDonnées_Click | 
2025-01-16 15:15:54.80 | Annie | Clients_v5.1.xlsm | ufClientMF:lstDonnées_Click = '0.1641 secondes'
2025-01-16 15:15:54.96 | Annie | Clients_v5.1.xlsm | ufClientMF:lstDonnées_Click | 
2025-01-16 15:15:55.05 | Annie | Clients_v5.1.xlsm | ufClientMF:lstDonnées_Click = '0.1250 secondes'
2025-01-16 15:15:55.16 | Annie | Clients_v5.1.xlsm | ufClientMF:lstDonnées_Click | 
2025-01-16 15:15:55.27 | Annie | Clients_v5.1.xlsm | ufClientMF:lstDonnées_Click = '0.1367 secondes'
2025-01-16 15:15:55.44 | Annie | Clients_v5.1.xlsm | ufClientMF:lstDonnées_Click | 
2025-01-16 15:15:55.54 | Annie | Clients_v5.1.xlsm | ufClientMF:lstDonnées_Click = '0.1289 secondes'
2025-01-16 15:15:55.66 | Annie | Clients_v5.1.xlsm | ufClientMF:lstDonnées_Click | 
2025-01-16 15:15:55.75 | Annie | Clients_v5.1.xlsm | ufClientMF:lstDonnées_Click = '0.1250 secondes'
2025-01-16 15:15:55.91 | Annie | Clients_v5.1.xlsm | ufClientMF:lstDonnées_Click | 
2025-01-16 15:15:56.01 | Annie | Clients_v5.1.xlsm | ufClientMF:lstDonnées_Click = '0.1250 secondes'
2025-01-16 15:15:56.12 | Annie | Clients_v5.1.xlsm | ufClientMF:lstDonnées_Click | 
2025-01-16 15:15:56.24 | Annie | Clients_v5.1.xlsm | ufClientMF:lstDonnées_Click = '0.1562 secondes'
2025-01-16 15:15:56.40 | Annie | Clients_v5.1.xlsm | ufClientMF:lstDonnées_Click | 
2025-01-16 15:15:56.51 | Annie | Clients_v5.1.xlsm | ufClientMF:lstDonnées_Click = '0.1445 secondes'
2025-01-16 15:15:56.62 | Annie | Clients_v5.1.xlsm | ufClientMF:lstDonnées_Click | 
2025-01-16 15:15:56.72 | Annie | Clients_v5.1.xlsm | ufClientMF:lstDonnées_Click = '0.1328 secondes'
2025-01-16 15:15:56.86 | Annie | Clients_v5.1.xlsm | ufClientMF:lstDonnées_Click | 
2025-01-16 15:15:56.96 | Annie | Clients_v5.1.xlsm | ufClientMF:lstDonnées_Click = '0.1328 secondes'
2025-01-16 15:15:57.07 | Annie | Clients_v5.1.xlsm | ufClientMF:lstDonnées_Click | 
2025-01-16 15:15:57.19 | Annie | Clients_v5.1.xlsm | ufClientMF:lstDonnées_Click = '0.1445 secondes'
2025-01-16 15:15:57.36 | Annie | Clients_v5.1.xlsm | ufClientMF:lstDonnées_Click | 
2025-01-16 15:15:57.46 | Annie | Clients_v5.1.xlsm | ufClientMF:lstDonnées_Click = '0.1328 secondes'
2025-01-16 15:15:57.59 | Annie | Clients_v5.1.xlsm | ufClientMF:lstDonnées_Click | 
2025-01-16 15:15:57.70 | Annie | Clients_v5.1.xlsm | ufClientMF:lstDonnées_Click = '0.1328 secondes'
2025-01-16 15:15:57.89 | Annie | Clients_v5.1.xlsm | ufClientMF:lstDonnées_Click | 
2025-01-16 15:15:58.01 | Annie | Clients_v5.1.xlsm | ufClientMF:lstDonnées_Click = '0.1406 secondes'
2025-01-16 15:15:58.13 | Annie | Clients_v5.1.xlsm | ufClientMF:lstDonnées_Click | 
2025-01-16 15:15:58.24 | Annie | Clients_v5.1.xlsm | ufClientMF:lstDonnées_Click = '0.1445 secondes'
2025-01-16 15:15:58.41 | Annie | Clients_v5.1.xlsm | ufClientMF:lstDonnées_Click | 
2025-01-16 15:15:58.50 | Annie | Clients_v5.1.xlsm | ufClientMF:lstDonnées_Click = '0.1250 secondes'
2025-01-16 15:15:58.62 | Annie | Clients_v5.1.xlsm | ufClientMF:lstDonnées_Click | 
2025-01-16 15:15:58.73 | Annie | Clients_v5.1.xlsm | ufClientMF:lstDonnées_Click = '0.1406 secondes'
2025-01-16 15:15:58.89 | Annie | Clients_v5.1.xlsm | ufClientMF:lstDonnées_Click | 
2025-01-16 15:15:58.99 | Annie | Clients_v5.1.xlsm | ufClientMF:lstDonnées_Click = '0.1289 secondes'
2025-01-16 15:15:59.11 | Annie | Clients_v5.1.xlsm | ufClientMF:lstDonnées_Click | 
2025-01-16 15:15:59.21 | Annie | Clients_v5.1.xlsm | ufClientMF:lstDonnées_Click = '0.1328 secondes'
2025-01-16 15:15:59.39 | Annie | Clients_v5.1.xlsm | ufClientMF:lstDonnées_Click | 
2025-01-16 15:15:59.50 | Annie | Clients_v5.1.xlsm | ufClientMF:lstDonnées_Click = '0.1328 secondes'
2025-01-16 15:15:59.61 | Annie | Clients_v5.1.xlsm | ufClientMF:lstDonnées_Click | 
2025-01-16 15:15:59.75 | Annie | Clients_v5.1.xlsm | ufClientMF:lstDonnées_Click = '0.1797 secondes'
2025-01-16 15:15:59.90 | Annie | Clients_v5.1.xlsm | ufClientMF:lstDonnées_Click | 
2025-01-16 15:16:00.00 | Annie | Clients_v5.1.xlsm | ufClientMF:lstDonnées_Click = '0.1328 secondes'
2025-01-16 15:16:00.14 | Annie | Clients_v5.1.xlsm | ufClientMF:lstDonnées_Click | 
2025-01-16 15:16:00.24 | Annie | Clients_v5.1.xlsm | ufClientMF:lstDonnées_Click = '0.1289 secondes'
2025-01-16 15:16:00.41 | Annie | Clients_v5.1.xlsm | ufClientMF:lstDonnées_Click | 
2025-01-16 15:16:00.51 | Annie | Clients_v5.1.xlsm | ufClientMF:lstDonnées_Click = '0.1250 secondes'
2025-01-16 15:16:00.63 | Annie | Clients_v5.1.xlsm | modMain:CM_Update_Locally_GCF_BD_Entrée = '8.5586 secondes'
2025-01-16 15:16:00.71 | Annie | Clients_v5.1.xlsm | modMain:CM_Reset_UserForm | 
2025-01-16 15:16:00.82 | Annie | Clients_v5.1.xlsm | modMain:CM_Add_SearchColumn | 
2025-01-16 15:16:00.91 | Annie | Clients_v5.1.xlsm | ufClientMF:cmbSearchColumn_Change | 
2025-01-16 15:16:01.00 | Annie | Clients_v5.1.xlsm | ufClientMF:cmbSearchColumn_Change = '0.1211 secondes'
2025-01-16 15:16:01.10 | Annie | Clients_v5.1.xlsm | ufClientMF:cmbSearchColumn_Change | 
2025-01-16 15:16:01.20 | Annie | Clients_v5.1.xlsm | ufClientMF:cmbSearchColumn_Change = '0.1250 secondes'
2025-01-16 15:16:01.29 | Annie | Clients_v5.1.xlsm | modMain:CM_Add_SearchColumn = '0.5352 secondes'
2025-01-16 15:16:01.52 | Annie | Clients_v5.1.xlsm | ufClientMF:lstDonnées_Click | 
2025-01-16 15:16:01.61 | Annie | Clients_v5.1.xlsm | ufClientMF:lstDonnées_Click = '0.1445 secondes'
2025-01-16 15:16:01.73 | Annie | Clients_v5.1.xlsm | modMain:CM_Reset_UserForm = '1.0469 secondes'
2025-01-16 15:16:01.86 | Annie | Clients_v5.1.xlsm | ufClientMF:cmdSave_Click = '15.6445 secondes'
2025-01-16 15:16:09.85 | Annie | Clients_v5.1.xlsm | ufClientMF:lstDonnées_Click | 
2025-01-16 15:16:09.95 | Annie | Clients_v5.1.xlsm | ufClientMF:lstDonnées_Click = '0.1328 secondes'
2025-01-16 15:16:10.06 | Annie | Clients_v5.1.xlsm | ufClientMF:lstDonnées_DblClick | 
2025-01-16 15:16:10.18 | Annie | Clients_v5.1.xlsm | ufClientMF:cmdEdit_Click | 
2025-01-16 15:16:10.30 | Annie | Clients_v5.1.xlsm | modMain:Fn_Selected_List | 
2025-01-16 15:16:10.40 | Annie | Clients_v5.1.xlsm | modMain:Fn_Selected_List = '0.1445 secondes'
2025-01-16 15:16:10.53 | Annie | Clients_v5.1.xlsm | modMain:Fn_Selected_List | 
2025-01-16 15:16:10.63 | Annie | Clients_v5.1.xlsm | modMain:Fn_Selected_List = '0.1250 secondes'
2025-01-16 15:16:10.73 | Annie | Clients_v5.1.xlsm | ufClientMF:cmdEdit_Click = '0.5781 secondes'
2025-01-16 15:16:10.82 | Annie | Clients_v5.1.xlsm | ufClientMF:lstDonnées_DblClick = '0.7891 secondes'
2025-01-16 15:16:18.82 | Annie | Clients_v5.1.xlsm | ufClientMF:lstDonnées_Click | 
2025-01-16 15:16:18.93 | Annie | Clients_v5.1.xlsm | ufClientMF:lstDonnées_Click = '0.1445 secondes'
2025-01-16 15:16:22.35 | Annie | Clients_v5.1.xlsm | ufClientMF:lstDonnées_DblClick | 
2025-01-16 15:16:22.47 | Annie | Clients_v5.1.xlsm | ufClientMF:cmdEdit_Click | 
2025-01-16 15:16:22.57 | Annie | Clients_v5.1.xlsm | modMain:Fn_Selected_List | 
2025-01-16 15:16:22.68 | Annie | Clients_v5.1.xlsm | modMain:Fn_Selected_List = '0.1289 secondes'
2025-01-16 15:16:22.78 | Annie | Clients_v5.1.xlsm | modMain:Fn_Selected_List | 
2025-01-16 15:16:22.88 | Annie | Clients_v5.1.xlsm | modMain:Fn_Selected_List = '0.1367 secondes'
2025-01-16 15:16:22.99 | Annie | Clients_v5.1.xlsm | ufClientMF:cmdEdit_Click = '0.5508 secondes'
2025-01-16 15:16:23.09 | Annie | Clients_v5.1.xlsm | ufClientMF:lstDonnées_DblClick = '0.7695 secondes'
2025-01-16 15:16:24.64 | Annie | Clients_v5.1.xlsm | ufClientMF:txtCodeClient_Exit | 
2025-01-16 15:16:24.75 | Annie | Clients_v5.1.xlsm | modMain:Fn_Is_Client_Code_Already_Used | 
2025-01-16 15:16:24.87 | Annie | Clients_v5.1.xlsm | modMain:Fn_Is_Client_Code_Already_Used | checkPoint | VRAI
2025-01-16 15:16:24.98 | Annie | Clients_v5.1.xlsm | modMain:Fn_Is_Client_Code_Already_Used = '0.2695 secondes'
2025-01-16 15:16:25.09 | Annie | Clients_v5.1.xlsm | ufClientMF:txtCodeClient_Exit = '0.4688 secondes'
2025-01-16 15:16:32.34 | Annie | Clients_v5.1.xlsm | ufClientMF:lstDonnées_Click | 
2025-01-16 15:16:32.44 | Annie | Clients_v5.1.xlsm | ufClientMF:lstDonnées_Click = '0.1289 secondes'
2025-01-16 15:16:33.75 | Annie | Clients_v5.1.xlsm | ufClientMF:lstDonnées_DblClick | 
2025-01-16 15:16:33.84 | Annie | Clients_v5.1.xlsm | ufClientMF:cmdEdit_Click | 
2025-01-16 15:16:33.94 | Annie | Clients_v5.1.xlsm | modMain:Fn_Selected_List | 
2025-01-16 15:16:34.03 | Annie | Clients_v5.1.xlsm | modMain:Fn_Selected_List = '0.1211 secondes'
2025-01-16 15:16:34.12 | Annie | Clients_v5.1.xlsm | modMain:Fn_Selected_List | 
2025-01-16 15:16:34.21 | Annie | Clients_v5.1.xlsm | modMain:Fn_Selected_List = '0.1211 secondes'
2025-01-16 15:16:34.31 | Annie | Clients_v5.1.xlsm | ufClientMF:cmdEdit_Click = '0.5000 secondes'
2025-01-16 15:16:34.41 | Annie | Clients_v5.1.xlsm | ufClientMF:lstDonnées_DblClick = '0.6836 secondes'
2025-01-16 15:16:35.45 | Annie | Clients_v5.1.xlsm | ufClientMF:txtNomClient_Exit | 
2025-01-16 15:16:35.55 | Annie | Clients_v5.1.xlsm | ufClientMF:txtNomClient_Exit = '0.1367 secondes'
2025-01-16 15:16:35.65 | Annie | Clients_v5.1.xlsm | ufClientMF:txtCodeClient_Exit | 
2025-01-16 15:16:35.74 | Annie | Clients_v5.1.xlsm | modMain:Fn_Is_Client_Code_Already_Used | 
2025-01-16 15:16:35.86 | Annie | Clients_v5.1.xlsm | modMain:Fn_Is_Client_Code_Already_Used | checkPoint | VRAI
2025-01-16 15:16:35.96 | Annie | Clients_v5.1.xlsm | modMain:Fn_Is_Client_Code_Already_Used = '0.2656 secondes'
2025-01-16 15:16:36.08 | Annie | Clients_v5.1.xlsm | ufClientMF:txtCodeClient_Exit = '0.4609 secondes'
2025-01-16 15:16:47.10 | Annie | Clients_v5.1.xlsm | ufClientMF:txtNomClient_Exit | 
2025-01-16 15:16:47.21 | Annie | Clients_v5.1.xlsm | ufClientMF:txtNomClient_Exit = '0.1484 secondes'
2025-01-16 15:16:48.94 | Annie | Clients_v5.1.xlsm | ufClientMF:cmdSave_Click | 
2025-01-16 15:16:49.04 | Annie | Clients_v5.1.xlsm | modMain:Fn_ValidateEntries | 
2025-01-16 15:16:49.15 | Annie | Clients_v5.1.xlsm | modMain:Fn_ValidateEntries = '0.1484 secondes'
2025-01-16 15:16:49.26 | Annie | Clients_v5.1.xlsm | ufClientMF:Fix_Some_Fields | 
2025-01-16 15:16:49.36 | Annie | Clients_v5.1.xlsm | ufClientMF:Fix_Some_Fields = '0.1289 secondes'
2025-01-16 15:16:51.43 | Annie | Clients_v5.1.xlsm | modMain:Fn_Is_Client_Code_Already_Used | 
2025-01-16 15:16:51.54 | Annie | Clients_v5.1.xlsm | modMain:Fn_Is_Client_Code_Already_Used | checkPoint | VRAI
2025-01-16 15:16:51.63 | Annie | Clients_v5.1.xlsm | modMain:Fn_Is_Client_Code_Already_Used = '0.2305 secondes'
2025-01-16 15:16:51.73 | Annie | Clients_v5.1.xlsm | modMain:CM_Update_External_GCF_BD_Entrée | UPDATE
2025-01-16 15:16:54.55 | Annie | Clients_v5.1.xlsm | modMain:CM_Update_External_GCF_BD_Entrée | checkPoint | DDM (0.0.0.1)
2025-01-16 15:16:55.10 | Annie | Clients_v5.1.xlsm | modMain:CM_Update_External_GCF_BD_Entrée = '3.3945 secondes'
2025-01-16 15:16:55.19 | Annie | Clients_v5.1.xlsm | modMain:CM_Update_Locally_GCF_BD_Entrée | 
2025-01-16 15:16:55.31 | Annie | Clients_v5.1.xlsm | ufClientMF:lstDonnées_Click | 
2025-01-16 15:16:55.43 | Annie | Clients_v5.1.xlsm | ufClientMF:lstDonnées_Click = '0.1484 secondes'
2025-01-16 15:16:55.62 | Annie | Clients_v5.1.xlsm | ufClientMF:lstDonnées_Click | 
2025-01-16 15:16:55.72 | Annie | Clients_v5.1.xlsm | ufClientMF:lstDonnées_Click = '0.1328 secondes'
2025-01-16 15:16:55.84 | Annie | Clients_v5.1.xlsm | ufClientMF:lstDonnées_Click | 
2025-01-16 15:16:55.93 | Annie | Clients_v5.1.xlsm | ufClientMF:lstDonnées_Click = '0.1289 secondes'
2025-01-16 15:16:56.10 | Annie | Clients_v5.1.xlsm | ufClientMF:lstDonnées_Click | 
2025-01-16 15:16:56.22 | Annie | Clients_v5.1.xlsm | ufClientMF:lstDonnées_Click = '0.1562 secondes'
2025-01-16 15:16:56.33 | Annie | Clients_v5.1.xlsm | ufClientMF:lstDonnées_Click | 
2025-01-16 15:16:56.43 | Annie | Clients_v5.1.xlsm | ufClientMF:lstDonnées_Click = '0.1328 secondes'
2025-01-16 15:16:56.59 | Annie | Clients_v5.1.xlsm | ufClientMF:lstDonnées_Click | 
2025-01-16 15:16:56.71 | Annie | Clients_v5.1.xlsm | ufClientMF:lstDonnées_Click = '0.1406 secondes'
2025-01-16 15:16:56.83 | Annie | Clients_v5.1.xlsm | ufClientMF:lstDonnées_Click | 
2025-01-16 15:16:56.98 | Annie | Clients_v5.1.xlsm | ufClientMF:lstDonnées_Click = '0.1914 secondes'
2025-01-16 15:16:57.17 | Annie | Clients_v5.1.xlsm | ufClientMF:lstDonnées_Click | 
2025-01-16 15:16:57.28 | Annie | Clients_v5.1.xlsm | ufClientMF:lstDonnées_Click = '0.1523 secondes'
2025-01-16 15:16:57.41 | Annie | Clients_v5.1.xlsm | ufClientMF:lstDonnées_Click | 
2025-01-16 15:16:57.50 | Annie | Clients_v5.1.xlsm | ufClientMF:lstDonnées_Click = '0.1211 secondes'
2025-01-16 15:16:57.68 | Annie | Clients_v5.1.xlsm | ufClientMF:lstDonnées_Click | 
2025-01-16 15:16:57.78 | Annie | Clients_v5.1.xlsm | ufClientMF:lstDonnées_Click = '0.1250 secondes'
2025-01-16 15:16:57.88 | Annie | Clients_v5.1.xlsm | ufClientMF:lstDonnées_Click | 
2025-01-16 15:16:57.99 | Annie | Clients_v5.1.xlsm | ufClientMF:lstDonnées_Click = '0.1367 secondes'
2025-01-16 15:16:58.16 | Annie | Clients_v5.1.xlsm | ufClientMF:lstDonnées_Click | 
2025-01-16 15:16:58.26 | Annie | Clients_v5.1.xlsm | ufClientMF:lstDonnées_Click = '0.1250 secondes'
2025-01-16 15:16:58.37 | Annie | Clients_v5.1.xlsm | ufClientMF:lstDonnées_Click | 
2025-01-16 15:16:58.46 | Annie | Clients_v5.1.xlsm | ufClientMF:lstDonnées_Click = '0.1250 secondes'
2025-01-16 15:16:58.63 | Annie | Clients_v5.1.xlsm | ufClientMF:lstDonnées_Click | 
2025-01-16 15:16:58.73 | Annie | Clients_v5.1.xlsm | ufClientMF:lstDonnées_Click = '0.1250 secondes'
2025-01-16 15:16:58.84 | Annie | Clients_v5.1.xlsm | ufClientMF:lstDonnées_Click | 
2025-01-16 15:16:58.95 | Annie | Clients_v5.1.xlsm | ufClientMF:lstDonnées_Click = '0.1289 secondes'
2025-01-16 15:16:59.12 | Annie | Clients_v5.1.xlsm | ufClientMF:lstDonnées_Click | 
2025-01-16 15:16:59.25 | Annie | Clients_v5.1.xlsm | ufClientMF:lstDonnées_Click = '0.1602 secondes'
2025-01-16 15:16:59.38 | Annie | Clients_v5.1.xlsm | ufClientMF:lstDonnées_Click | 
2025-01-16 15:16:59.51 | Annie | Clients_v5.1.xlsm | ufClientMF:lstDonnées_Click = '0.1875 secondes'
2025-01-16 15:16:59.67 | Annie | Clients_v5.1.xlsm | ufClientMF:lstDonnées_Click | 
2025-01-16 15:16:59.79 | Annie | Clients_v5.1.xlsm | ufClientMF:lstDonnées_Click = '0.1602 secondes'
2025-01-16 15:16:59.91 | Annie | Clients_v5.1.xlsm | ufClientMF:lstDonnées_Click | 
2025-01-16 15:17:00.02 | Annie | Clients_v5.1.xlsm | ufClientMF:lstDonnées_Click = '0.1367 secondes'
2025-01-16 15:17:00.19 | Annie | Clients_v5.1.xlsm | ufClientMF:lstDonnées_Click | 
2025-01-16 15:17:00.29 | Annie | Clients_v5.1.xlsm | ufClientMF:lstDonnées_Click = '0.1328 secondes'
2025-01-16 15:17:00.40 | Annie | Clients_v5.1.xlsm | ufClientMF:lstDonnées_Click | 
2025-01-16 15:17:00.51 | Annie | Clients_v5.1.xlsm | ufClientMF:lstDonnées_Click = '0.1367 secondes'
2025-01-16 15:17:00.69 | Annie | Clients_v5.1.xlsm | ufClientMF:lstDonnées_Click | 
2025-01-16 15:17:00.79 | Annie | Clients_v5.1.xlsm | ufClientMF:lstDonnées_Click = '0.1406 secondes'
2025-01-16 15:17:00.92 | Annie | Clients_v5.1.xlsm | ufClientMF:lstDonnées_Click | 
2025-01-16 15:17:01.02 | Annie | Clients_v5.1.xlsm | ufClientMF:lstDonnées_Click = '0.1328 secondes'
2025-01-16 15:17:01.19 | Annie | Clients_v5.1.xlsm | ufClientMF:lstDonnées_Click | 
2025-01-16 15:17:01.29 | Annie | Clients_v5.1.xlsm | ufClientMF:lstDonnées_Click = '0.1289 secondes'
2025-01-16 15:17:01.40 | Annie | Clients_v5.1.xlsm | ufClientMF:lstDonnées_Click | 
2025-01-16 15:17:01.51 | Annie | Clients_v5.1.xlsm | ufClientMF:lstDonnées_Click = '0.1406 secondes'
2025-01-16 15:17:01.72 | Annie | Clients_v5.1.xlsm | ufClientMF:lstDonnées_Click | 
2025-01-16 15:17:01.86 | Annie | Clients_v5.1.xlsm | ufClientMF:lstDonnées_Click = '0.1836 secondes'
2025-01-16 15:17:02.05 | Annie | Clients_v5.1.xlsm | ufClientMF:lstDonnées_Click | 
2025-01-16 15:17:02.18 | Annie | Clients_v5.1.xlsm | ufClientMF:lstDonnées_Click = '0.1680 secondes'
2025-01-16 15:17:02.50 | Annie | Clients_v5.1.xlsm | ufClientMF:lstDonnées_Click | 
2025-01-16 15:17:02.62 | Annie | Clients_v5.1.xlsm | ufClientMF:lstDonnées_Click = '0.1523 secondes'
2025-01-16 15:17:02.74 | Annie | Clients_v5.1.xlsm | ufClientMF:lstDonnées_Click | 
2025-01-16 15:17:02.88 | Annie | Clients_v5.1.xlsm | ufClientMF:lstDonnées_Click = '0.1680 secondes'
2025-01-16 15:17:03.04 | Annie | Clients_v5.1.xlsm | ufClientMF:lstDonnées_Click | 
2025-01-16 15:17:03.14 | Annie | Clients_v5.1.xlsm | ufClientMF:lstDonnées_Click = '0.1406 secondes'
2025-01-16 15:17:03.27 | Annie | Clients_v5.1.xlsm | ufClientMF:lstDonnées_Click | 
2025-01-16 15:17:03.36 | Annie | Clients_v5.1.xlsm | ufClientMF:lstDonnées_Click = '0.1211 secondes'
2025-01-16 15:17:03.53 | Annie | Clients_v5.1.xlsm | ufClientMF:lstDonnées_Click | 
2025-01-16 15:17:03.65 | Annie | Clients_v5.1.xlsm | ufClientMF:lstDonnées_Click = '0.1523 secondes'
2025-01-16 15:17:03.77 | Annie | Clients_v5.1.xlsm | ufClientMF:lstDonnées_Click | 
2025-01-16 15:17:03.91 | Annie | Clients_v5.1.xlsm | ufClientMF:lstDonnées_Click = '0.1914 secondes'
2025-01-16 15:17:04.10 | Annie | Clients_v5.1.xlsm | ufClientMF:lstDonnées_Click | 
2025-01-16 15:17:04.23 | Annie | Clients_v5.1.xlsm | ufClientMF:lstDonnées_Click = '0.1641 secondes'
2025-01-16 15:17:04.36 | Annie | Clients_v5.1.xlsm | modMain:CM_Update_Locally_GCF_BD_Entrée = '9.1992 secondes'
2025-01-16 15:17:04.52 | Annie | Clients_v5.1.xlsm | modMain:CM_Reset_UserForm | 
2025-01-16 15:17:04.61 | Annie | Clients_v5.1.xlsm | modMain:CM_Add_SearchColumn | 
2025-01-16 15:17:04.71 | Annie | Clients_v5.1.xlsm | ufClientMF:cmbSearchColumn_Change | 
2025-01-16 15:17:04.82 | Annie | Clients_v5.1.xlsm | ufClientMF:cmbSearchColumn_Change = '0.1328 secondes'
2025-01-16 15:17:04.91 | Annie | Clients_v5.1.xlsm | ufClientMF:cmbSearchColumn_Change | 
2025-01-16 15:17:05.02 | Annie | Clients_v5.1.xlsm | ufClientMF:cmbSearchColumn_Change = '0.1406 secondes'
2025-01-16 15:17:05.12 | Annie | Clients_v5.1.xlsm | modMain:CM_Add_SearchColumn = '0.5430 secondes'
2025-01-16 15:17:05.31 | Annie | Clients_v5.1.xlsm | ufClientMF:lstDonnées_Click | 
2025-01-16 15:17:05.42 | Annie | Clients_v5.1.xlsm | ufClientMF:lstDonnées_Click = '0.1406 secondes'
2025-01-16 15:17:05.52 | Annie | Clients_v5.1.xlsm | modMain:CM_Reset_UserForm = '1.0391 secondes'
2025-01-16 15:17:05.64 | Annie | Clients_v5.1.xlsm | ufClientMF:cmdSave_Click = '16.7305 secondes'
2025-01-16 15:17:10.22 | Annie | Clients_v5.1.xlsm | ***** Fin de session - Workbook_BeforeClose ***** | 
2025-01-16 15:23:58.79 | Annie | Clients_v5.1.xlsm | modMain:CM_Client_List_Import_All | 
2025-01-16 15:23:59.48 | Annie | Clients_v5.1.xlsm | modMain:CM_Apply_Worksheet_Format | 
2025-01-16 15:23:59.68 | Annie | Clients_v5.1.xlsm | modMain:CM_Apply_Worksheet_Format = '0.2383 secondes'
2025-01-16 15:23:59.84 | Annie | Clients_v5.1.xlsm | modMain:CM_Client_List_Import_All = '1.0859 secondes'
2025-01-16 15:23:59.96 | Annie | Clients_v5.1.xlsm | ufClientMF:UserForm_Initialize | 
2025-01-16 15:24:00.05 | Annie | Clients_v5.1.xlsm | modMain:CM_Reset_UserForm | 
2025-01-16 15:24:00.16 | Annie | Clients_v5.1.xlsm | modMain:CM_Add_SearchColumn | 
2025-01-16 15:24:00.25 | Annie | Clients_v5.1.xlsm | ufClientMF:cmbSearchColumn_Change | 
2025-01-16 15:24:00.36 | Annie | Clients_v5.1.xlsm | ufClientMF:cmbSearchColumn_Change = '0.1367 secondes'
2025-01-16 15:24:00.46 | Annie | Clients_v5.1.xlsm | modMain:CM_Add_SearchColumn = '0.3320 secondes'
2025-01-16 15:24:00.63 | Annie | Clients_v5.1.xlsm | modMain:CM_Reset_UserForm = '0.6133 secondes'
2025-01-16 15:24:00.74 | Annie | Clients_v5.1.xlsm | ufClientMF:UserForm_Initialize = '0.8125 secondes'
2025-01-16 15:24:05.57 | Annie | Clients_v5.1.xlsm | ufClientMF:cmbSearchColumn_Change | 
2025-01-16 15:24:05.68 | Annie | Clients_v5.1.xlsm | ufClientMF:cmbSearchColumn_Change = '0.1406 secondes'
2025-01-16 15:24:09.96 | Annie | Clients_v5.1.xlsm | ufClientMF:cmdSearch_Click | 
2025-01-16 15:24:10.05 | Annie | Clients_v5.1.xlsm | modMain:CM_Build_Données_Recherche | 
2025-01-16 15:24:10.26 | Annie | Clients_v5.1.xlsm | modMain:CM_Build_Données_Recherche = '0.2461 secondes'
2025-01-16 15:24:10.37 | Annie | Clients_v5.1.xlsm | ufClientMF:cmdSearch_Click = '0.4414 secondes'
2025-01-16 15:27:38.81 | Annie | Clients_v5.1.xlsm | ufClientMF:cmdSearch_Click | 
2025-01-16 15:27:38.93 | Annie | Clients_v5.1.xlsm | modMain:CM_Build_Données_Recherche | 
2025-01-16 15:27:39.15 | Annie | Clients_v5.1.xlsm | modMain:CM_Build_Données_Recherche = '0.2422 secondes'
2025-01-16 15:27:39.24 | Annie | Clients_v5.1.xlsm | ufClientMF:cmdSearch_Click = '0.4570 secondes'
2025-01-16 15:27:44.41 | Annie | Clients_v5.1.xlsm | ufClientMF:txtNomClient_Exit | 
2025-01-16 15:27:44.52 | Annie | Clients_v5.1.xlsm | ufClientMF:txtNomClient_Exit = '0.1445 secondes'
