2024-12-12 08:28:44.57 | vgervais | APP_v5.G.5.xlsb | ufSaisieHeures:UserForm_Activate
2024-12-12 08:28:44.64 | vgervais | APP_v5.G.5.xlsb | modImport:Client_List_Import_All
2024-12-12 08:28:44.99 | vgervais | APP_v5.G.5.xlsb | modImport:Client_List_Import_All = 0,3555 sec.

2024-12-12 08:28:45.02 | vgervais | APP_v5.G.5.xlsb | modImport:TEC_Import_All
2024-12-12 08:28:45.52 | vgervais | APP_v5.G.5.xlsb | modImport:TEC_Import_All = 0,5098 sec.

2024-12-12 08:28:45.56 | vgervais | APP_v5.G.5.xlsb | ufSaisieHeures:UserForm_Activate = 0,9941 sec.

2024-12-12 08:28:47.03 | vgervais | APP_v5.G.5.xlsb | ufSaisieHeures:cmbProfessionnel_AfterUpdate
2024-12-12 08:28:47.06 | vgervais | APP_v5.G.5.xlsb | ufSaisieHeures:cmbProfessionnel_AfterUpdate = 0,0332 sec.

2024-12-12 08:28:51.18 | vgervais | APP_v5.G.5.xlsb | ufSaisieHeures:txtClient_AfterUpdate[au]
2024-12-12 08:28:51.21 | vgervais | APP_v5.G.5.xlsb | modFunctions:Fn_GetID_From_Client_Name - au
2024-12-12 08:28:51.23 | vgervais | APP_v5.G.5.xlsb | modFunctions:Fn_GetID_From_Client_Name - 498 = 0,0293 sec.

2024-12-12 08:28:51.26 | vgervais | APP_v5.G.5.xlsb | ufSaisieHeures:txtClient_AfterUpdate = 0,0859 sec.

2024-12-12 08:28:52.26 | vgervais | APP_v5.G.5.xlsb | ufSaisieHeures:lstboxNomClient_DblClick
2024-12-12 08:28:52.32 | vgervais | APP_v5.G.5.xlsb | modFunctions:Fn_GetID_From_Client_Name - z_Administratif_Autres non chargeables
2024-12-12 08:28:52.36 | vgervais | APP_v5.G.5.xlsb | modFunctions:Fn_GetID_From_Client_Name - 5 = 0,0352 sec.

2024-12-12 08:28:52.38 | vgervais | APP_v5.G.5.xlsb | ufSaisieHeures:lstboxNomClient_DblClick = 0,1250 sec.

2024-12-12 08:28:52.41 | vgervais | APP_v5.G.5.xlsb | ufSaisieHeures:txtClient_AfterUpdate[z_Administratif_Autres non chargeables]
2024-12-12 08:28:52.45 | vgervais | APP_v5.G.5.xlsb | modFunctions:Fn_GetID_From_Client_Name - z_Administratif_Autres non chargeables
2024-12-12 08:28:52.48 | vgervais | APP_v5.G.5.xlsb | modFunctions:Fn_GetID_From_Client_Name - 5 = 0,0352 sec.

2024-12-12 08:28:52.51 | vgervais | APP_v5.G.5.xlsb | ufSaisieHeures:txtClient_AfterUpdate = 0,1035 sec.

2024-12-12 08:29:10.58 | vgervais | APP_v5.G.5.xlsb | ufSaisieHeures:txtActivite_AfterUpdate[Suivis-Planning-Lecture mise à jour fiscal]
2024-12-12 08:29:10.62 | vgervais | APP_v5.G.5.xlsb | ufSaisieHeures:txtActivite_AfterUpdate = 0,0469 sec.

2024-12-12 08:29:12.63 | vgervais | APP_v5.G.5.xlsb | ufSaisieHeures:txtHeures_AfterUpdate[.7]
2024-12-12 08:29:12.67 | vgervais | APP_v5.G.5.xlsb | ufSaisieHeures:txtHeures_AfterUpdate = 0,0430 sec.

2024-12-12 08:29:12.70 | vgervais | APP_v5.G.5.xlsb | ufSaisieHeures:txtHeures_Exit[0,70]
2024-12-12 08:29:12.73 | vgervais | APP_v5.G.5.xlsb | ufSaisieHeures:txtHeures_Exit = 0,0332 sec.

2024-12-12 08:29:14.26 | vgervais | APP_v5.G.5.xlsb | ufSaisieHeures:chbFacturable_AfterUpdate
2024-12-12 08:29:14.30 | vgervais | APP_v5.G.5.xlsb | ufSaisieHeures:chbFacturable_AfterUpdate = 0,0391 sec.

2024-12-12 08:29:15.37 | vgervais | APP_v5.G.5.xlsb | ufSaisieHeures:cmdAdd_Click
2024-12-12 08:29:15.40 | vgervais | APP_v5.G.5.xlsb | modTEC_Saisie:TEC_Ajoute_Ligne
2024-12-12 08:29:17.02 | vgervais | APP_v5.G.5.xlsb | modTEC_Saisie:TEC_Ajoute_Ligne = 1,6191 sec.

2024-12-12 08:29:17.05 | vgervais | APP_v5.G.5.xlsb | ufSaisieHeures:cmdAdd_Click = 1,6895 sec.

2024-12-12 08:29:17.86 | vgervais | APP_v5.G.5.xlsb | ufSaisieHeures:txtDate_BeforeUpdate
2024-12-12 08:29:17.89 | vgervais | APP_v5.G.5.xlsb | modFunctions:Fn_Complete_Date(12-12-2024, 600, 15)
2024-12-12 08:29:17.92 | vgervais | APP_v5.G.5.xlsb | modFunctions:Fn_Complete_Date = 0,0352 sec.

2024-12-12 08:29:17.95 | vgervais | APP_v5.G.5.xlsb | ufSaisieHeures:txtDate_BeforeUpdate = 0,0996 sec.

2024-12-12 08:29:17.98 | vgervais | APP_v5.G.5.xlsb | ufSaisieHeures:txtDate_AfterUpdate
2024-12-12 08:29:18.03 | vgervais | APP_v5.G.5.xlsb | modTEC_Saisie:TEC_Get_All_TEC_AF - 2/12-12-2024
2024-12-12 08:29:18.10 | vgervais | APP_v5.G.5.xlsb | modTEC_Saisie:TEC_Get_All_TEC_AF = 0,0762 sec.

2024-12-12 08:29:18.13 | vgervais | APP_v5.G.5.xlsb | modTEC_Saisie:TEC_Refresh_ListBox_And_Add_Hours - 2/12-12-2024
2024-12-12 08:29:18.21 | vgervais | APP_v5.G.5.xlsb | modTEC_Saisie:TEC_Refresh_ListBox_And_Add_Hours - 2/12-12-2024 = 0,0859 sec.

2024-12-12 08:29:18.25 | vgervais | APP_v5.G.5.xlsb | ufSaisieHeures:txtDate_AfterUpdate = 0,2676 sec.

2024-12-12 08:29:21.43 | vgervais | APP_v5.G.5.xlsb | ufSaisieHeures:chbFacturable_AfterUpdate
2024-12-12 08:29:21.47 | vgervais | APP_v5.G.5.xlsb | ufSaisieHeures:chbFacturable_AfterUpdate = 0,0449 sec.

2024-12-12 08:29:22.12 | vgervais | APP_v5.G.5.xlsb | ufSaisieHeures:chbFacturable_AfterUpdate
2024-12-12 08:29:22.16 | vgervais | APP_v5.G.5.xlsb | ufSaisieHeures:chbFacturable_AfterUpdate = 0,0391 sec.

2024-12-12 08:29:23.29 | vgervais | APP_v5.G.5.xlsb | ufSaisieHeures:cmdAdd_Click
2024-12-12 08:29:23.33 | vgervais | APP_v5.G.5.xlsb | modTEC_Saisie:TEC_Ajoute_Ligne
2024-12-12 08:29:23.36 | vgervais | APP_v5.G.5.xlsb | modTEC_Saisie:TEC_Record_Add_Or_Update_To_DB(0)
2024-12-12 08:29:23.84 | vgervais | APP_v5.G.5.xlsb | modTEC_Saisie:TEC_Record_Add_Or_Update_To_DB - 0 = 0,4844 sec.

2024-12-12 08:29:23.87 | vgervais | APP_v5.G.5.xlsb | modTEC_Saisie:TEC_Record_Add_Or_Update_Locally(0)
2024-12-12 08:29:23.93 | vgervais | APP_v5.G.5.xlsb | modTEC_Saisie:TEC_Record_Add_Or_Update_Locally - 0 = 0,0605 sec.

2024-12-12 08:29:23.96 | vgervais | APP_v5.G.5.xlsb | modTEC_Saisie:TEC_Get_All_TEC_AF - 2/2024-12-12
2024-12-12 08:29:24.03 | vgervais | APP_v5.G.5.xlsb | modTEC_Saisie:TEC_Get_All_TEC_AF = 0,0723 sec.

2024-12-12 08:29:24.06 | vgervais | APP_v5.G.5.xlsb | modTEC_Saisie:TEC_Refresh_ListBox_And_Add_Hours - 2/2024-12-12
2024-12-12 08:29:24.15 | vgervais | APP_v5.G.5.xlsb | modTEC_Saisie:TEC_Refresh_ListBox_And_Add_Hours - 2/2024-12-12 = 0,0977 sec.

2024-12-12 08:29:24.19 | vgervais | APP_v5.G.5.xlsb | modTEC_Saisie:TEC_Ajoute_Ligne = 0,8652 sec.

2024-12-12 08:29:24.22 | vgervais | APP_v5.G.5.xlsb | ufSaisieHeures:cmdAdd_Click = 0,9316 sec.

2024-12-12 11:32:39.61 | Annie | APP_v5.G.5.xlsb | ***** Début d'une nouvelle session (ThisWorkbook:Workbook_Open) *****
2024-12-12 11:32:39.70 | Annie | APP_v5.G.5.xlsb | ThisWorkbook:Create_User_Active_File
2024-12-12 11:32:39.87 | Annie | APP_v5.G.5.xlsb | ThisWorkbook:Create_User_Active_File = 0.1953 sec.

2024-12-12 11:32:42.07 | Annie | APP_v5.G.5.xlsb | modAppli:Write_Info_On_Main_Menu
2024-12-12 11:32:42.35 | Annie | APP_v5.G.5.xlsb | modAppli:Write_Info_On_Main_Menu = 0.3008 sec.

2024-12-12 11:32:42.59 | Annie | APP_v5.G.5.xlsb | ThisWorkbook:Workbook_Open = 6.6016 sec.

2024-12-12 11:32:53.52 | Annie | APP_v5.G.5.xlsb | ufSaisieHeures:UserForm_Activate
2024-12-12 11:32:53.62 | Annie | APP_v5.G.5.xlsb | modImport:Client_List_Import_All
2024-12-12 11:32:54.58 | Annie | APP_v5.G.5.xlsb | modImport:Client_List_Import_All = 0.9805 sec.

2024-12-12 11:32:54.68 | Annie | APP_v5.G.5.xlsb | modImport:TEC_Import_All
2024-12-12 11:32:56.00 | Annie | APP_v5.G.5.xlsb | modImport:TEC_Import_All = 1.3438 sec.

2024-12-12 11:32:56.11 | Annie | APP_v5.G.5.xlsb | ufSaisieHeures:UserForm_Activate = 2.6055 sec.

2024-12-12 11:33:00.74 | Annie | APP_v5.G.5.xlsb | modTEC_Saisie:TEC_TdB_Update_All
2024-12-12 11:33:00.84 | Annie | APP_v5.G.5.xlsb | modTEC_Saisie:TEC_Update_TDB_From_TEC_Local
2024-12-12 11:33:01.25 | Annie | APP_v5.G.5.xlsb | modTEC_Saisie:TEC_Update_TDB_From_TEC_Local = 0.4297 sec.

2024-12-12 11:33:01.34 | Annie | APP_v5.G.5.xlsb | modTEC_Saisie:TEC_TdB_Refresh_All_Pivot_Tables
2024-12-12 11:33:01.64 | Annie | APP_v5.G.5.xlsb | modTEC_Saisie:TEC_TdB_Refresh_All_Pivot_Tables = 0.3203 sec.

2024-12-12 11:33:01.73 | Annie | APP_v5.G.5.xlsb | modTEC_Saisie:TEC_TdB_Update_All = 1.0117 sec.

2024-12-12 11:33:01.83 | Annie | APP_v5.G.5.xlsb | modStatsHeures:Stats_Heures_AF
2024-12-12 11:33:02.03 | Annie | APP_v5.G.5.xlsb | modStatsHeures:Stats_Heures_AF = 0.2148 sec.

2024-12-12 11:33:02.12 | Annie | APP_v5.G.5.xlsb | modAppli:UpdatePivotTables
2024-12-12 11:33:02.27 | Annie | APP_v5.G.5.xlsb | modAppli:UpdatePivotTables = 0.1758 sec.

2024-12-12 11:33:02.47 | Annie | APP_v5.G.5.xlsb | ufStatsHeures:UserForm_Initialize
2024-12-12 11:33:02.56 | Annie | APP_v5.G.5.xlsb | ufStatsHeures:ChargerListBoxAvec52DernieresSemaines
2024-12-12 11:33:02.66 | Annie | APP_v5.G.5.xlsb | ufStatsHeures:lbxDatesSemaines_Click()
2024-12-12 11:33:02.76 | Annie | APP_v5.G.5.xlsb | ufStatsHeures:lbxDatesSemaines_Click_or_DblClick()
2024-12-12 11:33:02.86 | Annie | APP_v5.G.5.xlsb | wshTEC_TDB_Data:Worksheet_Change($U$7)
2024-12-12 11:33:02.95 | Annie | APP_v5.G.5.xlsb | modTEC_Saisie:TEC_TdB_Update_All
2024-12-12 11:33:03.04 | Annie | APP_v5.G.5.xlsb | modTEC_Saisie:TEC_Update_TDB_From_TEC_Local
2024-12-12 11:33:03.45 | Annie | APP_v5.G.5.xlsb | modTEC_Saisie:TEC_Update_TDB_From_TEC_Local = 0.4336 sec.

2024-12-12 11:33:03.54 | Annie | APP_v5.G.5.xlsb | modTEC_Saisie:TEC_TdB_Refresh_All_Pivot_Tables
2024-12-12 11:33:03.78 | Annie | APP_v5.G.5.xlsb | modTEC_Saisie:TEC_TdB_Refresh_All_Pivot_Tables = 0.2617 sec.

2024-12-12 11:33:03.88 | Annie | APP_v5.G.5.xlsb | modTEC_Saisie:TEC_TdB_Update_All = 0.9375 sec.

2024-12-12 11:33:03.95 | Annie | APP_v5.G.5.xlsb | modStatsHeures:Stats_Heures_AF
2024-12-12 11:33:04.23 | Annie | APP_v5.G.5.xlsb | modStatsHeures:Stats_Heures_AF = 0.2969 sec.

2024-12-12 11:33:04.31 | Annie | APP_v5.G.5.xlsb | modAppli:UpdatePivotTables
2024-12-12 11:33:04.44 | Annie | APP_v5.G.5.xlsb | modAppli:UpdatePivotTables = 0.1406 sec.

2024-12-12 11:33:04.52 | Annie | APP_v5.G.5.xlsb | wshTEC_TDB_Data:Worksheet_Change = 1.6797 sec.

2024-12-12 11:33:04.64 | Annie | APP_v5.G.5.xlsb | ufStatsHeures:AddColonnesSemaine
2024-12-12 11:33:04.73 | Annie | APP_v5.G.5.xlsb | ufStatsHeures:AddColonnesSemaine = 0.1094 sec.

2024-12-12 11:33:04.83 | Annie | APP_v5.G.5.xlsb | ufStatsHeures:lbxDatesSemaines_Click_or_DblClick = 2.0898 sec.

2024-12-12 11:33:04.93 | Annie | APP_v5.G.5.xlsb | ufStatsHeures:lbxDatesSemaines_Click = 2.2891 sec.

2024-12-12 11:33:05.03 | Annie | APP_v5.G.5.xlsb | ufStatsHeures:ChargerListBoxAvec52DernieresSemaines = 2.4844 sec.

2024-12-12 11:33:05.12 | Annie | APP_v5.G.5.xlsb | ufStatsHeures:AddColonnesSemaine
2024-12-12 11:33:05.21 | Annie | APP_v5.G.5.xlsb | ufStatsHeures:AddColonnesSemaine = 0.1133 sec.

2024-12-12 11:33:05.30 | Annie | APP_v5.G.5.xlsb | ufStatsHeures:AddColonnesMois
2024-12-12 11:33:05.39 | Annie | APP_v5.G.5.xlsb | ufStatsHeures:AddColonnesMois = 0.1055 sec.

2024-12-12 11:33:05.50 | Annie | APP_v5.G.5.xlsb | ufStatsHeures:AddColonnesTrimestre
2024-12-12 11:33:05.58 | Annie | APP_v5.G.5.xlsb | ufStatsHeures:AddColonnesTrimestre = 0.1016 sec.

2024-12-12 11:33:05.67 | Annie | APP_v5.G.5.xlsb | ufStatsHeures:AddColonnesAnneeFinanciere
2024-12-12 11:33:05.76 | Annie | APP_v5.G.5.xlsb | ufStatsHeures:AddColonnesAnneeFinanciere = 0.1055 sec.

2024-12-12 11:33:05.85 | Annie | APP_v5.G.5.xlsb | ufStatsHeures:UserForm_Initialize = 3.3945 sec.

2024-12-12 11:34:24.37 | Annie | APP_v5.G.5.xlsb | ufSaisieHeures:cmbProfessionnel_AfterUpdate
2024-12-12 11:34:27.99 | Annie | APP_v5.G.5.xlsb | ufSaisieHeures:cmbProfessionnel_AfterUpdate = 3.6445 sec.

2024-12-12 11:34:28.10 | Annie | APP_v5.G.5.xlsb | ufSaisieHeures:UserForm_Terminate
2024-12-12 11:34:28.21 | Annie | APP_v5.G.5.xlsb | ufSaisieHeures:UserForm_Terminate = 0.1328 sec.

2024-12-12 11:34:28.34 | Annie | APP_v5.G.5.xlsb | modAppli:Hide_All_Worksheets_Except_Menu
2024-12-12 11:34:28.44 | Annie | APP_v5.G.5.xlsb | modAppli:Hide_All_Worksheets_Except_Menu = 0.1172 sec.

2024-12-12 11:34:31.61 | Annie | APP_v5.G.5.xlsb | modAppli:Hide_All_Worksheets_Except_Menu
2024-12-12 11:34:31.72 | Annie | APP_v5.G.5.xlsb | modAppli:Hide_All_Worksheets_Except_Menu = 0.1445 sec.

2024-12-12 11:34:31.83 | Annie | APP_v5.G.5.xlsb | modMenu:Delete_User_Active_File
2024-12-12 11:34:32.04 | Annie | APP_v5.G.5.xlsb | modMenu:Delete_User_Active_File = 0.2266 sec.

2024-12-12 11:34:32.17 | Annie | APP_v5.G.5.xlsb | ***** Session terminée NORMALEMENT (modMenu:Exit_After_Saving) *****

