2025-01-20 13:41:36.39 | User | Clients_v5.2.xlsm | ***** Début de session - Workbook_Open ***** | 
2025-01-20 13:41:36.46 | User | Clients_v5.2.xlsm | modMain:CM_Client_List_Import_All | 
2025-01-20 13:41:36.99 | User | Clients_v5.2.xlsm | modMain:CM_Apply_Worksheet_Format | 
2025-01-20 13:41:37.12 | User | Clients_v5.2.xlsm | modMain:CM_Apply_Worksheet_Format = '0,1406 secondes'
2025-01-20 13:41:37.23 | User | Clients_v5.2.xlsm | modMain:CM_Client_List_Import_All = '0,7773 secondes'
2025-01-20 13:41:37.38 | User | Clients_v5.2.xlsm | ufClientMF:UserForm_Initialize | 
2025-01-20 13:41:37.43 | User | Clients_v5.2.xlsm | modMain:CM_Reset_UserForm | 
2025-01-20 13:41:37.48 | User | Clients_v5.2.xlsm | modMain:CM_Add_SearchColumn | 
2025-01-20 13:41:37.53 | User | Clients_v5.2.xlsm | ufClientMF:cmbSearchColumn_Change | 
2025-01-20 13:41:37.57 | User | Clients_v5.2.xlsm | ufClientMF:cmbSearchColumn_Change = '0,0547 secondes'
2025-01-20 13:41:37.62 | User | Clients_v5.2.xlsm | modMain:CM_Add_SearchColumn = '0,1406 secondes'
2025-01-20 13:41:37.70 | User | Clients_v5.2.xlsm | modMain:CM_Reset_UserForm = '0,2734 secondes'
2025-01-20 13:41:37.74 | User | Clients_v5.2.xlsm | ufClientMF:UserForm_Initialize = '0,3672 secondes'
2025-01-20 13:42:10.87 | User | Clients_v5.2.xlsm | ufClientMF:cmdSearch_Click | 
2025-01-20 13:42:10.93 | User | Clients_v5.2.xlsm | modMain:CM_Build_Données_Recherche | 
2025-01-20 13:42:12.77 | User | Clients_v5.2.xlsm | modMain:CM_Build_Données_Recherche = '1,8438 secondes'
2025-01-20 13:42:12.82 | User | Clients_v5.2.xlsm | ufClientMF:cmdSearch_Click = '1,9570 secondes'
2025-01-20 13:42:15.48 | User | Clients_v5.2.xlsm | ufClientMF:cmbSearchColumn_Change | 
2025-01-20 13:42:15.53 | User | Clients_v5.2.xlsm | ufClientMF:cmbSearchColumn_Change = '0,0547 secondes'
2025-01-20 13:42:18.78 | User | Clients_v5.2.xlsm | ufClientMF:cmdSearch_Click | 
2025-01-20 13:42:18.84 | User | Clients_v5.2.xlsm | modMain:CM_Build_Données_Recherche | 
2025-01-20 13:42:19.02 | User | Clients_v5.2.xlsm | modMain:CM_Build_Données_Recherche = '0,1836 secondes'
2025-01-20 13:42:19.08 | User | Clients_v5.2.xlsm | ufClientMF:cmdSearch_Click = '0,3086 secondes'
2025-01-20 13:43:04.84 | User | Clients_v5.2.xlsm | ***** Fin de session - Workbook_BeforeClose ***** | 
2025-01-21 08:14:20.47 | User | Clients_v5.2.xlsm | ***** Début de session - Workbook_Open ***** | 
2025-01-21 08:14:20.55 | User | Clients_v5.2.xlsm | modMain:CM_Client_List_Import_All | 
2025-01-21 08:14:21.15 | User | Clients_v5.2.xlsm | modMain:CM_Apply_Worksheet_Format | 
2025-01-21 08:14:21.33 | User | Clients_v5.2.xlsm | modMain:CM_Apply_Worksheet_Format = '0,1855 secondes'
2025-01-21 08:14:21.47 | User | Clients_v5.2.xlsm | modMain:CM_Client_List_Import_All = '0,9336 secondes'
2025-01-21 08:14:21.62 | User | Clients_v5.2.xlsm | ufClientMF:UserForm_Initialize | 
2025-01-21 08:14:21.67 | User | Clients_v5.2.xlsm | modMain:CM_Reset_UserForm | 
2025-01-21 08:14:21.75 | User | Clients_v5.2.xlsm | modMain:CM_Add_SearchColumn | 
2025-01-21 08:14:21.81 | User | Clients_v5.2.xlsm | ufClientMF:cmbSearchColumn_Change | 
2025-01-21 08:14:21.86 | User | Clients_v5.2.xlsm | ufClientMF:cmbSearchColumn_Change = '0,0527 secondes'
2025-01-21 08:14:21.90 | User | Clients_v5.2.xlsm | modMain:CM_Add_SearchColumn = '0,1523 secondes'
2025-01-21 08:14:21.98 | User | Clients_v5.2.xlsm | modMain:CM_Reset_UserForm = '0,3203 secondes'
2025-01-21 08:14:22.03 | User | Clients_v5.2.xlsm | ufClientMF:UserForm_Initialize = '0,4180 secondes'
2025-01-21 08:14:42.43 | User | Clients_v5.2.xlsm | ufClientMF:cmdSearch_Click | 
2025-01-21 08:14:42.49 | User | Clients_v5.2.xlsm | modMain:CM_Build_Données_Recherche | 
2025-01-21 08:14:44.39 | User | Clients_v5.2.xlsm | modMain:CM_Build_Données_Recherche = '1,9023 secondes'
2025-01-21 08:14:44.45 | User | Clients_v5.2.xlsm | ufClientMF:cmdSearch_Click = '2,0273 secondes'
2025-01-21 08:14:46.73 | User | Clients_v5.2.xlsm | ufClientMF:cmbSearchColumn_Change | 
2025-01-21 08:14:46.78 | User | Clients_v5.2.xlsm | ufClientMF:cmbSearchColumn_Change = '0,0566 secondes'
2025-01-21 08:14:50.11 | User | Clients_v5.2.xlsm | ufClientMF:cmdSearch_Click | 
2025-01-21 08:14:50.17 | User | Clients_v5.2.xlsm | modMain:CM_Build_Données_Recherche | 
2025-01-21 08:14:52.13 | User | Clients_v5.2.xlsm | modMain:CM_Build_Données_Recherche = '1,9707 secondes'
2025-01-21 08:14:52.19 | User | Clients_v5.2.xlsm | ufClientMF:cmdSearch_Click = '2,0918 secondes'
2025-01-21 08:14:54.60 | User | Clients_v5.2.xlsm | ufClientMF:cmbSearchColumn_Change | 
2025-01-21 08:14:54.65 | User | Clients_v5.2.xlsm | ufClientMF:cmbSearchColumn_Change = '0,0566 secondes'
2025-01-21 08:14:57.98 | User | Clients_v5.2.xlsm | ufClientMF:cmdSearch_Click | 
2025-01-21 08:14:58.03 | User | Clients_v5.2.xlsm | modMain:CM_Build_Données_Recherche | 
2025-01-21 08:14:59.83 | User | Clients_v5.2.xlsm | modMain:CM_Build_Données_Recherche = '1,8164 secondes'
2025-01-21 08:14:59.89 | User | Clients_v5.2.xlsm | ufClientMF:cmdSearch_Click = '1,9238 secondes'
2025-01-21 08:15:19.23 | User | Clients_v5.2.xlsm | ufClientMF:lstDonnées_Click | 
2025-01-21 08:15:19.29 | User | Clients_v5.2.xlsm | ufClientMF:lstDonnées_Click = '0,0645 secondes'
2025-01-21 08:15:24.55 | User | Clients_v5.2.xlsm | ufClientMF:cmdSearch_Click | 
2025-01-21 08:15:24.60 | User | Clients_v5.2.xlsm | modMain:CM_Build_Données_Recherche | 
2025-01-21 08:15:24.64 | User | Clients_v5.2.xlsm | ufClientMF:lstDonnées_Click | 
2025-01-21 08:15:24.69 | User | Clients_v5.2.xlsm | ufClientMF:lstDonnées_Click = '0,0508 secondes'
2025-01-21 08:15:24.75 | User | Clients_v5.2.xlsm | ufClientMF:lstDonnées_Click | 
2025-01-21 08:15:24.80 | User | Clients_v5.2.xlsm | ufClientMF:lstDonnées_Click = '0,0566 secondes'
2025-01-21 08:15:26.54 | User | Clients_v5.2.xlsm | ufClientMF:lstDonnées_Click | 
2025-01-21 08:15:26.60 | User | Clients_v5.2.xlsm | ufClientMF:lstDonnées_Click = '0,0625 secondes'
2025-01-21 08:15:26.67 | User | Clients_v5.2.xlsm | ufClientMF:lstDonnées_Click | 
2025-01-21 08:15:26.71 | User | Clients_v5.2.xlsm | ufClientMF:lstDonnées_Click = '0,0566 secondes'
2025-01-21 08:15:26.77 | User | Clients_v5.2.xlsm | modMain:CM_Build_Données_Recherche = '2,1797 secondes'
2025-01-21 08:15:26.81 | User | Clients_v5.2.xlsm | ufClientMF:cmdSearch_Click = '2,2695 secondes'
2025-01-21 08:15:30.49 | User | Clients_v5.2.xlsm | ufClientMF:cmbSearchColumn_Change | 
2025-01-21 08:15:30.55 | User | Clients_v5.2.xlsm | ufClientMF:cmbSearchColumn_Change = '0,0703 secondes'
2025-01-21 08:15:33.87 | User | Clients_v5.2.xlsm | ufClientMF:cmdSearch_Click | 
2025-01-21 08:15:33.92 | User | Clients_v5.2.xlsm | modMain:CM_Build_Données_Recherche | 
2025-01-21 08:15:33.97 | User | Clients_v5.2.xlsm | ufClientMF:lstDonnées_Click | 
2025-01-21 08:15:34.02 | User | Clients_v5.2.xlsm | ufClientMF:lstDonnées_Click = '0,0586 secondes'
2025-01-21 08:15:34.08 | User | Clients_v5.2.xlsm | ufClientMF:lstDonnées_Click | 
2025-01-21 08:15:34.13 | User | Clients_v5.2.xlsm | ufClientMF:lstDonnées_Click = '0,0566 secondes'
2025-01-21 08:15:35.71 | User | Clients_v5.2.xlsm | ufClientMF:lstDonnées_Click | 
2025-01-21 08:15:35.77 | User | Clients_v5.2.xlsm | ufClientMF:lstDonnées_Click = '0,0684 secondes'
2025-01-21 08:15:35.84 | User | Clients_v5.2.xlsm | ufClientMF:lstDonnées_Click | 
2025-01-21 08:15:35.89 | User | Clients_v5.2.xlsm | ufClientMF:lstDonnées_Click = '0,0586 secondes'
2025-01-21 08:15:36.00 | User | Clients_v5.2.xlsm | modMain:CM_Build_Données_Recherche = '2,0859 secondes'
2025-01-21 08:15:36.04 | User | Clients_v5.2.xlsm | ufClientMF:cmdSearch_Click = '2,1816 secondes'
2025-01-21 08:15:38.46 | User | Clients_v5.2.xlsm | ufClientMF:cmbSearchColumn_Change | 
2025-01-21 08:15:38.51 | User | Clients_v5.2.xlsm | ufClientMF:cmbSearchColumn_Change = '0,0547 secondes'
2025-01-21 08:15:42.03 | User | Clients_v5.2.xlsm | ufClientMF:cmdSearch_Click | 
2025-01-21 08:15:42.09 | User | Clients_v5.2.xlsm | modMain:CM_Build_Données_Recherche | 
2025-01-21 08:15:42.14 | User | Clients_v5.2.xlsm | ufClientMF:lstDonnées_Click | 
2025-01-21 08:15:42.19 | User | Clients_v5.2.xlsm | ufClientMF:lstDonnées_Click = '0,0586 secondes'
2025-01-21 08:15:42.27 | User | Clients_v5.2.xlsm | ufClientMF:lstDonnées_Click | 
2025-01-21 08:15:42.32 | User | Clients_v5.2.xlsm | ufClientMF:lstDonnées_Click = '0,0547 secondes'
2025-01-21 08:15:43.75 | User | Clients_v5.2.xlsm | ufClientMF:lstDonnées_Click | 
2025-01-21 08:15:43.81 | User | Clients_v5.2.xlsm | ufClientMF:lstDonnées_Click = '0,0723 secondes'
2025-01-21 08:15:43.91 | User | Clients_v5.2.xlsm | ufClientMF:lstDonnées_Click | 
2025-01-21 08:15:43.99 | User | Clients_v5.2.xlsm | ufClientMF:lstDonnées_Click = '0,0879 secondes'
2025-01-21 08:15:44.07 | User | Clients_v5.2.xlsm | modMain:CM_Build_Données_Recherche = '1,9844 secondes'
2025-01-21 08:15:44.11 | User | Clients_v5.2.xlsm | ufClientMF:cmdSearch_Click = '2,0898 secondes'
2025-01-21 08:15:48.19 | User | Clients_v5.2.xlsm | ***** Fin de session - Workbook_BeforeClose ***** | 
2025-01-21 09:15:32.55 | User | Clients_v5.2.xlsm | ***** Début de session - Workbook_Open ***** | 
2025-01-21 09:15:32.62 | User | Clients_v5.2.xlsm | modMain:CM_Client_List_Import_All | 
2025-01-21 09:15:33.03 | User | Clients_v5.2.xlsm | modMain:CM_Apply_Worksheet_Format | 
2025-01-21 09:15:33.15 | User | Clients_v5.2.xlsm | modMain:CM_Apply_Worksheet_Format = '0,1211 secondes'
2025-01-21 09:15:33.25 | User | Clients_v5.2.xlsm | modMain:CM_Client_List_Import_All = '0,6367 secondes'
2025-01-21 09:15:33.39 | User | Clients_v5.2.xlsm | ufClientMF:UserForm_Initialize | 
2025-01-21 09:15:33.43 | User | Clients_v5.2.xlsm | modMain:CM_Reset_UserForm | 
2025-01-21 09:15:33.48 | User | Clients_v5.2.xlsm | modMain:CM_Add_SearchColumn | 
2025-01-21 09:15:33.53 | User | Clients_v5.2.xlsm | ufClientMF:cmbSearchColumn_Change | 
2025-01-21 09:15:33.59 | User | Clients_v5.2.xlsm | ufClientMF:cmbSearchColumn_Change = '0,0625 secondes'
2025-01-21 09:15:33.64 | User | Clients_v5.2.xlsm | modMain:CM_Add_SearchColumn = '0,1641 secondes'
2025-01-21 09:15:33.71 | User | Clients_v5.2.xlsm | modMain:CM_Reset_UserForm = '0,2852 secondes'
2025-01-21 09:15:33.76 | User | Clients_v5.2.xlsm | ufClientMF:UserForm_Initialize = '0,3750 secondes'
2025-01-21 09:15:39.21 | User | Clients_v5.2.xlsm | ***** Fin de session - Workbook_BeforeClose ***** | 
