2025-02-26 17:43:22.50 | Robert M. Vigneault | Clients_v5.3.xlsm | ***** Début de session - Workbook_Open ***** | 
2025-02-26 17:43:22.50 | Robert M. Vigneault | Clients_v5.3.xlsm | modMain:CM_Client_List_Import_All | 
2025-02-26 17:43:22.68 | Robert M. Vigneault | Clients_v5.3.xlsm | modMain:CM_Apply_Worksheet_Format | 
2025-02-26 17:43:22.78 | Robert M. Vigneault | Clients_v5.3.xlsm | modMain:CM_Apply_Worksheet_Format = '0,0977 secondes'
2025-02-26 17:43:22.84 | Robert M. Vigneault | Clients_v5.3.xlsm | modMain:CM_Client_List_Import_All = '0,3359 secondes'
2025-02-26 17:43:22.90 | Robert M. Vigneault | Clients_v5.3.xlsm | ufClientMF:UserForm_Initialize | 
2025-02-26 17:43:22.90 | Robert M. Vigneault | Clients_v5.3.xlsm | modMain:CM_Reset_UserForm | 
2025-02-26 17:43:22.90 | Robert M. Vigneault | Clients_v5.3.xlsm | modMain:CM_Add_SearchColumn | 
2025-02-26 17:43:22.91 | Robert M. Vigneault | Clients_v5.3.xlsm | ufClientMF:cmbSearchColumn_Change | 
2025-02-26 17:43:22.91 | Robert M. Vigneault | Clients_v5.3.xlsm | ufClientMF:cmbSearchColumn_Change = '0,0000 secondes'
2025-02-26 17:43:22.91 | Robert M. Vigneault | Clients_v5.3.xlsm | modMain:CM_Add_SearchColumn = '0,0039 secondes'
2025-02-26 17:43:22.95 | Robert M. Vigneault | Clients_v5.3.xlsm | modMain:CM_Reset_UserForm = '0,0469 secondes'
2025-02-26 17:43:22.95 | Robert M. Vigneault | Clients_v5.3.xlsm | ufClientMF:UserForm_Initialize = '0,0508 secondes'
2025-02-26 18:02:24.46 | Robert M. Vigneault | Clients_v5.4.xlsm | modMain:CM_Client_List_Import_All | 
2025-02-26 18:02:24.57 | Robert M. Vigneault | Clients_v5.4.xlsm | modMain:CM_Apply_Worksheet_Format | 
2025-02-26 18:02:24.62 | Robert M. Vigneault | Clients_v5.4.xlsm | modMain:CM_Apply_Worksheet_Format = '0,0469 secondes'
2025-02-26 18:02:24.70 | Robert M. Vigneault | Clients_v5.4.xlsm | modMain:CM_Client_List_Import_All = '0,2422 secondes'
2025-02-26 18:02:24.74 | Robert M. Vigneault | Clients_v5.4.xlsm | ufClientMF:UserForm_Initialize | 
2025-02-26 18:02:24.74 | Robert M. Vigneault | Clients_v5.4.xlsm | modMain:CM_Reset_UserForm | 
2025-02-26 18:02:24.75 | Robert M. Vigneault | Clients_v5.4.xlsm | modMain:CM_Add_SearchColumn | 
2025-02-26 18:02:24.75 | Robert M. Vigneault | Clients_v5.4.xlsm | ufClientMF:cmbSearchColumn_Change | 
2025-02-26 18:02:24.75 | Robert M. Vigneault | Clients_v5.4.xlsm | ufClientMF:cmbSearchColumn_Change = '0,0078 secondes'
2025-02-26 18:02:24.75 | Robert M. Vigneault | Clients_v5.4.xlsm | modMain:CM_Add_SearchColumn = '0,0078 secondes'
2025-02-26 18:02:24.77 | Robert M. Vigneault | Clients_v5.4.xlsm | modMain:CM_Reset_UserForm = '0,0352 secondes'
2025-02-26 18:02:24.77 | Robert M. Vigneault | Clients_v5.4.xlsm | ufClientMF:UserForm_Initialize = '0,0352 secondes'
2025-02-26 18:02:29.94 | Robert M. Vigneault | Clients_v5.4.xlsm | ufClientMF:cmdSearch_Click | 
2025-02-26 18:02:29.95 | Robert M. Vigneault | Clients_v5.4.xlsm | modMain:CM_Build_Données_Recherche | 
2025-02-26 18:02:30.01 | Robert M. Vigneault | Clients_v5.4.xlsm | modMain:CM_Build_Données_Recherche = '0,0625 secondes'
2025-02-26 18:02:30.01 | Robert M. Vigneault | Clients_v5.4.xlsm | ufClientMF:cmdSearch_Click = '0,0820 secondes'
2025-02-26 18:02:32.32 | Robert M. Vigneault | Clients_v5.4.xlsm | ufClientMF:lstDonnées_Click | 
2025-02-26 18:02:32.33 | Robert M. Vigneault | Clients_v5.4.xlsm | ufClientMF:lstDonnées_Click = '0,0039 secondes'
2025-02-26 18:02:32.57 | Robert M. Vigneault | Clients_v5.4.xlsm | ufClientMF:lstDonnées_DblClick | 
2025-02-26 18:02:32.57 | Robert M. Vigneault | Clients_v5.4.xlsm | ufClientMF:cmdEdit_Click | 
2025-02-26 18:02:32.57 | Robert M. Vigneault | Clients_v5.4.xlsm | modMain:Fn_Selected_List | 
2025-02-26 18:02:32.58 | Robert M. Vigneault | Clients_v5.4.xlsm | modMain:Fn_Selected_List = '0,0078 secondes'
2025-02-26 18:02:32.58 | Robert M. Vigneault | Clients_v5.4.xlsm | modMain:Fn_Selected_List | 
2025-02-26 18:02:32.59 | Robert M. Vigneault | Clients_v5.4.xlsm | modMain:Fn_Selected_List = '0,0039 secondes'
2025-02-26 18:02:32.59 | Robert M. Vigneault | Clients_v5.4.xlsm | ufClientMF:cmdEdit_Click = '0,0156 secondes'
2025-02-26 18:02:32.59 | Robert M. Vigneault | Clients_v5.4.xlsm | ufClientMF:lstDonnées_DblClick = '0,0195 secondes'
2025-02-26 18:02:35.41 | Robert M. Vigneault | Clients_v5.4.xlsm | ufClientMF:txtNomClient_Exit | 
2025-02-26 18:02:35.41 | Robert M. Vigneault | Clients_v5.4.xlsm | ufClientMF:txtNomClient_Exit = '0,0039 secondes'
2025-02-26 18:03:10.30 | Robert M. Vigneault | Clients_v5.4.xlsm | modMain:CM_Client_List_Import_All | 
2025-02-26 18:03:10.37 | Robert M. Vigneault | Clients_v5.4.xlsm | modMain:CM_Apply_Worksheet_Format | 
2025-02-26 18:03:10.44 | Robert M. Vigneault | Clients_v5.4.xlsm | modMain:CM_Apply_Worksheet_Format = '0,0664 secondes'
2025-02-26 18:03:10.50 | Robert M. Vigneault | Clients_v5.4.xlsm | modMain:CM_Client_List_Import_All = '0,2070 secondes'
2025-02-26 18:03:10.52 | Robert M. Vigneault | Clients_v5.4.xlsm | ufClientMF:UserForm_Initialize | 
2025-02-26 18:03:10.52 | Robert M. Vigneault | Clients_v5.4.xlsm | modMain:CM_Reset_UserForm | 
2025-02-26 18:03:10.52 | Robert M. Vigneault | Clients_v5.4.xlsm | modMain:CM_Add_SearchColumn | 
2025-02-26 18:03:10.52 | Robert M. Vigneault | Clients_v5.4.xlsm | ufClientMF:cmbSearchColumn_Change | 
2025-02-26 18:03:10.52 | Robert M. Vigneault | Clients_v5.4.xlsm | ufClientMF:cmbSearchColumn_Change = '0,0000 secondes'
2025-02-26 18:03:10.52 | Robert M. Vigneault | Clients_v5.4.xlsm | modMain:CM_Add_SearchColumn = '0,0000 secondes'
2025-02-26 18:03:10.56 | Robert M. Vigneault | Clients_v5.4.xlsm | modMain:CM_Reset_UserForm = '0,0391 secondes'
2025-02-26 18:03:10.56 | Robert M. Vigneault | Clients_v5.4.xlsm | ufClientMF:UserForm_Initialize = '0,0391 secondes'
2025-02-26 18:03:15.37 | Robert M. Vigneault | Clients_v5.4.xlsm | ufClientMF:cmdSearch_Click | 
2025-02-26 18:03:15.37 | Robert M. Vigneault | Clients_v5.4.xlsm | modMain:CM_Build_Données_Recherche | 
2025-02-26 18:03:15.43 | Robert M. Vigneault | Clients_v5.4.xlsm | modMain:CM_Build_Données_Recherche = '0,0625 secondes'
2025-02-26 18:03:15.43 | Robert M. Vigneault | Clients_v5.4.xlsm | ufClientMF:cmdSearch_Click = '0,0625 secondes'
2025-02-26 18:03:16.80 | Robert M. Vigneault | Clients_v5.4.xlsm | ufClientMF:lstDonnées_Click | 
2025-02-26 18:03:16.80 | Robert M. Vigneault | Clients_v5.4.xlsm | ufClientMF:lstDonnées_Click = '0,0039 secondes'
2025-02-26 18:03:17.02 | Robert M. Vigneault | Clients_v5.4.xlsm | ufClientMF:lstDonnées_DblClick | 
2025-02-26 18:03:17.03 | Robert M. Vigneault | Clients_v5.4.xlsm | ufClientMF:cmdEdit_Click | 
2025-02-26 18:03:17.03 | Robert M. Vigneault | Clients_v5.4.xlsm | modMain:Fn_Selected_List | 
2025-02-26 18:03:17.04 | Robert M. Vigneault | Clients_v5.4.xlsm | modMain:Fn_Selected_List = '0,0078 secondes'
2025-02-26 18:03:17.04 | Robert M. Vigneault | Clients_v5.4.xlsm | modMain:Fn_Selected_List | 
2025-02-26 18:03:17.04 | Robert M. Vigneault | Clients_v5.4.xlsm | modMain:Fn_Selected_List = '0,0078 secondes'
2025-02-26 18:03:17.04 | Robert M. Vigneault | Clients_v5.4.xlsm | ufClientMF:cmdEdit_Click = '0,0156 secondes'
2025-02-26 18:03:17.04 | Robert M. Vigneault | Clients_v5.4.xlsm | ufClientMF:lstDonnées_DblClick = '0,0195 secondes'
2025-02-26 18:03:18.48 | Robert M. Vigneault | Clients_v5.4.xlsm | ufClientMF:txtNomClient_Exit | 
2025-02-26 18:03:18.48 | Robert M. Vigneault | Clients_v5.4.xlsm | ufClientMF:txtNomClient_Exit = '0,0000 secondes'
2025-02-26 18:13:57.55 | Robert M. Vigneault | Clients_v5.4.xlsm | modMain:CM_Client_List_Import_All | 
2025-02-26 18:13:57.63 | Robert M. Vigneault | Clients_v5.4.xlsm | modMain:CM_Apply_Worksheet_Format | 
2025-02-26 18:13:57.68 | Robert M. Vigneault | Clients_v5.4.xlsm | modMain:CM_Apply_Worksheet_Format = '0,0547 secondes'
2025-02-26 18:13:57.77 | Robert M. Vigneault | Clients_v5.4.xlsm | modMain:CM_Client_List_Import_All = '0,2109 secondes'
2025-02-26 18:13:57.80 | Robert M. Vigneault | Clients_v5.4.xlsm | ufClientMF:UserForm_Initialize | 
2025-02-26 18:13:57.80 | Robert M. Vigneault | Clients_v5.4.xlsm | modMain:CM_Reset_UserForm | 
2025-02-26 18:13:57.80 | Robert M. Vigneault | Clients_v5.4.xlsm | modMain:CM_Add_SearchColumn | 
2025-02-26 18:13:57.81 | Robert M. Vigneault | Clients_v5.4.xlsm | ufClientMF:cmbSearchColumn_Change | 
2025-02-26 18:13:57.81 | Robert M. Vigneault | Clients_v5.4.xlsm | ufClientMF:cmbSearchColumn_Change = '0,0000 secondes'
2025-02-26 18:13:57.81 | Robert M. Vigneault | Clients_v5.4.xlsm | modMain:CM_Add_SearchColumn = '0,0156 secondes'
2025-02-26 18:13:57.88 | Robert M. Vigneault | Clients_v5.4.xlsm | modMain:CM_Reset_UserForm = '0,0781 secondes'
2025-02-26 18:13:57.88 | Robert M. Vigneault | Clients_v5.4.xlsm | ufClientMF:UserForm_Initialize = '0,0781 secondes'
2025-02-26 18:14:03.22 | Robert M. Vigneault | Clients_v5.4.xlsm | ufClientMF:cmdSearch_Click | 
2025-02-26 18:14:03.23 | Robert M. Vigneault | Clients_v5.4.xlsm | modMain:CM_Build_Données_Recherche | 
2025-02-26 18:14:03.30 | Robert M. Vigneault | Clients_v5.4.xlsm | modMain:CM_Build_Données_Recherche = '0,0781 secondes'
2025-02-26 18:14:03.30 | Robert M. Vigneault | Clients_v5.4.xlsm | ufClientMF:cmdSearch_Click = '0,0859 secondes'
2025-02-26 18:14:04.02 | Robert M. Vigneault | Clients_v5.4.xlsm | ufClientMF:lstDonnées_Click | 
2025-02-26 18:14:04.03 | Robert M. Vigneault | Clients_v5.4.xlsm | ufClientMF:lstDonnées_Click = '0,0156 secondes'
2025-02-26 18:14:04.27 | Robert M. Vigneault | Clients_v5.4.xlsm | ufClientMF:lstDonnées_DblClick | 
2025-02-26 18:14:04.30 | Robert M. Vigneault | Clients_v5.4.xlsm | ufClientMF:cmdEdit_Click | 
2025-02-26 18:14:04.31 | Robert M. Vigneault | Clients_v5.4.xlsm | modMain:Fn_Selected_List | 
2025-02-26 18:14:04.31 | Robert M. Vigneault | Clients_v5.4.xlsm | modMain:Fn_Selected_List = '0,0000 secondes'
2025-02-26 18:14:04.32 | Robert M. Vigneault | Clients_v5.4.xlsm | modMain:Fn_Selected_List | 
2025-02-26 18:14:04.32 | Robert M. Vigneault | Clients_v5.4.xlsm | modMain:Fn_Selected_List = '0,0000 secondes'
2025-02-26 18:14:04.33 | Robert M. Vigneault | Clients_v5.4.xlsm | ufClientMF:cmdEdit_Click = '0,0312 secondes'
2025-02-26 18:14:04.33 | Robert M. Vigneault | Clients_v5.4.xlsm | ufClientMF:lstDonnées_DblClick = '0,0547 secondes'
2025-02-26 18:14:05.52 | Robert M. Vigneault | Clients_v5.4.xlsm | ufClientMF:txtNomClient_Exit | 
2025-02-26 18:14:05.52 | Robert M. Vigneault | Clients_v5.4.xlsm | ufClientMF:txtNomClient_Exit = '0,0000 secondes'
2025-02-26 18:14:07.82 | Robert M. Vigneault | Clients_v5.4.xlsm | ufClientMF:MAJ_Fichier_Client | 
2025-02-26 18:14:07.83 | Robert M. Vigneault | Clients_v5.4.xlsm | modMain:Fn_ValidateEntries | 
2025-02-26 18:14:07.83 | Robert M. Vigneault | Clients_v5.4.xlsm | modMain:Fn_ValidateEntries = '0,0000 secondes'
2025-02-26 18:14:07.83 | Robert M. Vigneault | Clients_v5.4.xlsm | ufClientMF:Fix_Some_Fields | 
2025-02-26 18:14:07.83 | Robert M. Vigneault | Clients_v5.4.xlsm | ufClientMF:Fix_Some_Fields = '0,0000 secondes'
2025-02-26 18:14:09.16 | Robert M. Vigneault | Clients_v5.4.xlsm | modMain:Fn_Is_Client_Code_Already_Used | 
2025-02-26 18:14:09.17 | Robert M. Vigneault | Clients_v5.4.xlsm | modMain:Fn_Is_Client_Code_Already_Used | checkPoint | VRAI
2025-02-26 18:14:09.17 | Robert M. Vigneault | Clients_v5.4.xlsm | modMain:Fn_Is_Client_Code_Already_Used = '0,0156 secondes'
2025-02-26 18:14:14.70 | Robert M. Vigneault | Clients_v5.4.xlsm | modMain:Update_External_GCF_BD_Entree | UPDATE
2025-02-26 18:15:45.76 | Robert M. Vigneault | Clients_v5.4.xlsm | modMain:Update_External_GCF_BD_Entree | checkPoint | UPDATE '193r' was here
2025-02-26 18:15:59.77 | Robert M. Vigneault | Clients_v5.4.xlsm | modMain:Update_External_GCF_BD_Entree | checkPoint | DDM (10.2.38.54)
2025-02-26 18:16:28.24 | Robert M. Vigneault | Clients_v5.4.xlsm | modMain:Update_External_GCF_BD_Entree = '134,5312 secondes'
2025-02-26 18:16:28.24 | Robert M. Vigneault | Clients_v5.4.xlsm | modMain:CM_Update_Locally_GCF_BD_Entrée | 
2025-02-26 18:16:28.29 | Robert M. Vigneault | Clients_v5.4.xlsm | modMain:CM_Update_Locally_GCF_BD_Entrée = '0,0469 secondes'
2025-02-26 18:16:28.30 | Robert M. Vigneault | Clients_v5.4.xlsm | modMain:CM_Reset_UserForm | 
2025-02-26 18:16:28.30 | Robert M. Vigneault | Clients_v5.4.xlsm | modMain:CM_Build_Données_Recherche | 
2025-02-26 18:16:28.32 | Robert M. Vigneault | Clients_v5.4.xlsm | ufClientMF:lstDonnées_Click | 
2025-02-26 18:16:28.32 | Robert M. Vigneault | Clients_v5.4.xlsm | ufClientMF:lstDonnées_Click = '0,0000 secondes'
2025-02-26 18:16:28.39 | Robert M. Vigneault | Clients_v5.4.xlsm | modMain:CM_Build_Données_Recherche = '0,0859 secondes'
2025-02-26 18:16:28.39 | Robert M. Vigneault | Clients_v5.4.xlsm | modMain:CM_Reset_UserForm = '0,0938 secondes'
2025-02-26 18:16:28.39 | Robert M. Vigneault | Clients_v5.4.xlsm | ufClientMF:lstDonnées_Click | 
2025-02-26 18:16:28.44 | Robert M. Vigneault | Clients_v5.4.xlsm | ufClientMF:lstDonnées_Click = '0,0469 secondes'
2025-02-26 18:16:28.44 | Robert M. Vigneault | Clients_v5.4.xlsm | ufClientMF:MAJ_Fichier_Client = '140,6172 secondes'
2025-02-26 18:16:31.18 | Robert M. Vigneault | Clients_v5.4.xlsm | ufClientMF:cmdSearch_Click | 
2025-02-26 18:16:31.18 | Robert M. Vigneault | Clients_v5.4.xlsm | modMain:CM_Build_Données_Recherche | 
2025-02-26 18:16:31.19 | Robert M. Vigneault | Clients_v5.4.xlsm | ufClientMF:lstDonnées_Click | 
2025-02-26 18:16:31.19 | Robert M. Vigneault | Clients_v5.4.xlsm | ufClientMF:lstDonnées_Click = '0,0000 secondes'
2025-02-26 18:16:31.23 | Robert M. Vigneault | Clients_v5.4.xlsm | modMain:CM_Build_Données_Recherche = '0,0547 secondes'
2025-02-26 18:16:31.23 | Robert M. Vigneault | Clients_v5.4.xlsm | ufClientMF:cmdSearch_Click = '0,0703 secondes'
2025-02-26 18:16:32.39 | Robert M. Vigneault | Clients_v5.4.xlsm | ufClientMF:lstDonnées_Click | 
2025-02-26 18:16:32.40 | Robert M. Vigneault | Clients_v5.4.xlsm | ufClientMF:lstDonnées_Click = '0,0078 secondes'
2025-02-26 18:16:32.62 | Robert M. Vigneault | Clients_v5.4.xlsm | ufClientMF:lstDonnées_DblClick | 
2025-02-26 18:16:32.65 | Robert M. Vigneault | Clients_v5.4.xlsm | ufClientMF:cmdEdit_Click | 
2025-02-26 18:16:32.65 | Robert M. Vigneault | Clients_v5.4.xlsm | modMain:Fn_Selected_List | 
2025-02-26 18:16:32.66 | Robert M. Vigneault | Clients_v5.4.xlsm | modMain:Fn_Selected_List = '0,0156 secondes'
2025-02-26 18:16:32.66 | Robert M. Vigneault | Clients_v5.4.xlsm | modMain:Fn_Selected_List | 
2025-02-26 18:16:32.67 | Robert M. Vigneault | Clients_v5.4.xlsm | modMain:Fn_Selected_List = '0,0078 secondes'
2025-02-26 18:16:32.69 | Robert M. Vigneault | Clients_v5.4.xlsm | ufClientMF:cmdEdit_Click = '0,0391 secondes'
2025-02-26 18:16:32.69 | Robert M. Vigneault | Clients_v5.4.xlsm | ufClientMF:lstDonnées_DblClick = '0,0703 secondes'
2025-02-26 18:16:34.81 | Robert M. Vigneault | Clients_v5.4.xlsm | ufClientMF:txtNomClient_Exit | 
2025-02-26 18:16:34.81 | Robert M. Vigneault | Clients_v5.4.xlsm | ufClientMF:txtNomClient_Exit = '0,0000 secondes'
2025-02-26 18:16:37.95 | Robert M. Vigneault | Clients_v5.4.xlsm | ufClientMF:MAJ_Fichier_Client | 
2025-02-26 18:16:37.95 | Robert M. Vigneault | Clients_v5.4.xlsm | modMain:Fn_ValidateEntries | 
2025-02-26 18:16:37.96 | Robert M. Vigneault | Clients_v5.4.xlsm | modMain:Fn_ValidateEntries = '0,0078 secondes'
2025-02-26 18:16:37.96 | Robert M. Vigneault | Clients_v5.4.xlsm | ufClientMF:Fix_Some_Fields | 
2025-02-26 18:16:37.97 | Robert M. Vigneault | Clients_v5.4.xlsm | ufClientMF:Fix_Some_Fields = '0,0078 secondes'
2025-02-26 18:16:39.41 | Robert M. Vigneault | Clients_v5.4.xlsm | modMain:Fn_Is_Client_Code_Already_Used | 
2025-02-26 18:16:39.42 | Robert M. Vigneault | Clients_v5.4.xlsm | modMain:Fn_Is_Client_Code_Already_Used | checkPoint | VRAI
2025-02-26 18:16:39.42 | Robert M. Vigneault | Clients_v5.4.xlsm | modMain:Fn_Is_Client_Code_Already_Used = '0,0156 secondes'
2025-02-26 18:16:45.55 | Robert M. Vigneault | Clients_v5.4.xlsm | modMain:Update_External_GCF_BD_Entree | UPDATE
2025-02-26 18:16:45.61 | Robert M. Vigneault | Clients_v5.4.xlsm | modMain:Update_External_GCF_BD_Entree | checkPoint | UPDATE '193r' was here
2025-02-26 18:16:46.02 | Robert M. Vigneault | Clients_v5.4.xlsm | modMain:Update_External_GCF_BD_Entree | checkPoint | DDM (10.2.39.43)
2025-02-26 18:16:54.56 | Robert M. Vigneault | Clients_v5.4.xlsm | modMain:Update_External_GCF_BD_Entree = '9,0156 secondes'
2025-02-26 18:16:54.56 | Robert M. Vigneault | Clients_v5.4.xlsm | modMain:CM_Update_Locally_GCF_BD_Entrée | 
2025-02-26 18:16:54.61 | Robert M. Vigneault | Clients_v5.4.xlsm | modMain:CM_Update_Locally_GCF_BD_Entrée = '0,0469 secondes'
2025-02-26 18:16:54.63 | Robert M. Vigneault | Clients_v5.4.xlsm | modMain:CM_Reset_UserForm | 
2025-02-26 18:16:54.63 | Robert M. Vigneault | Clients_v5.4.xlsm | modMain:CM_Build_Données_Recherche | 
2025-02-26 18:16:54.65 | Robert M. Vigneault | Clients_v5.4.xlsm | ufClientMF:lstDonnées_Click | 
2025-02-26 18:16:54.66 | Robert M. Vigneault | Clients_v5.4.xlsm | ufClientMF:lstDonnées_Click = '0,0078 secondes'
2025-02-26 18:16:54.74 | Robert M. Vigneault | Clients_v5.4.xlsm | modMain:CM_Build_Données_Recherche = '0,1094 secondes'
2025-02-26 18:16:54.74 | Robert M. Vigneault | Clients_v5.4.xlsm | modMain:CM_Reset_UserForm = '0,1172 secondes'
2025-02-26 18:16:54.76 | Robert M. Vigneault | Clients_v5.4.xlsm | ufClientMF:lstDonnées_Click | 
2025-02-26 18:16:54.79 | Robert M. Vigneault | Clients_v5.4.xlsm | ufClientMF:lstDonnées_Click = '0,0312 secondes'
2025-02-26 18:16:54.79 | Robert M. Vigneault | Clients_v5.4.xlsm | ufClientMF:MAJ_Fichier_Client = '16,8359 secondes'
2025-02-26 18:16:57.52 | Robert M. Vigneault | Clients_v5.4.xlsm | ufClientMF:cmdSearch_Click | 
2025-02-26 18:16:57.53 | Robert M. Vigneault | Clients_v5.4.xlsm | modMain:CM_Build_Données_Recherche | 
2025-02-26 18:16:57.54 | Robert M. Vigneault | Clients_v5.4.xlsm | ufClientMF:lstDonnées_Click | 
2025-02-26 18:16:57.54 | Robert M. Vigneault | Clients_v5.4.xlsm | ufClientMF:lstDonnées_Click = '0,0000 secondes'
2025-02-26 18:16:57.59 | Robert M. Vigneault | Clients_v5.4.xlsm | modMain:CM_Build_Données_Recherche = '0,0625 secondes'
2025-02-26 18:16:57.60 | Robert M. Vigneault | Clients_v5.4.xlsm | ufClientMF:cmdSearch_Click = '0,0781 secondes'
2025-02-26 18:16:58.45 | Robert M. Vigneault | Clients_v5.4.xlsm | ufClientMF:lstDonnées_Click | 
2025-02-26 18:16:58.46 | Robert M. Vigneault | Clients_v5.4.xlsm | ufClientMF:lstDonnées_Click = '0,0234 secondes'
2025-02-26 18:16:58.66 | Robert M. Vigneault | Clients_v5.4.xlsm | ufClientMF:lstDonnées_DblClick | 
2025-02-26 18:16:58.70 | Robert M. Vigneault | Clients_v5.4.xlsm | ufClientMF:cmdEdit_Click | 
2025-02-26 18:16:58.70 | Robert M. Vigneault | Clients_v5.4.xlsm | modMain:Fn_Selected_List | 
2025-02-26 18:16:58.71 | Robert M. Vigneault | Clients_v5.4.xlsm | modMain:Fn_Selected_List = '0,0078 secondes'
2025-02-26 18:16:58.71 | Robert M. Vigneault | Clients_v5.4.xlsm | modMain:Fn_Selected_List | 
2025-02-26 18:16:58.72 | Robert M. Vigneault | Clients_v5.4.xlsm | modMain:Fn_Selected_List = '0,0078 secondes'
2025-02-26 18:16:58.72 | Robert M. Vigneault | Clients_v5.4.xlsm | ufClientMF:cmdEdit_Click = '0,0234 secondes'
2025-02-26 18:16:58.72 | Robert M. Vigneault | Clients_v5.4.xlsm | ufClientMF:lstDonnées_DblClick = '0,0547 secondes'
2025-02-26 18:17:00.29 | Robert M. Vigneault | Clients_v5.4.xlsm | ufClientMF:txtNomClient_Exit | 
2025-02-26 18:17:00.30 | Robert M. Vigneault | Clients_v5.4.xlsm | ufClientMF:txtNomClient_Exit = '0,0078 secondes'
2025-02-26 18:17:04.97 | Robert M. Vigneault | Clients_v5.4.xlsm | ufClientMF:MAJ_Fichier_Client | 
2025-02-26 18:17:04.98 | Robert M. Vigneault | Clients_v5.4.xlsm | modMain:Fn_ValidateEntries | 
2025-02-26 18:17:04.98 | Robert M. Vigneault | Clients_v5.4.xlsm | modMain:Fn_ValidateEntries = '0,0078 secondes'
2025-02-26 18:17:04.99 | Robert M. Vigneault | Clients_v5.4.xlsm | ufClientMF:Fix_Some_Fields | 
2025-02-26 18:17:04.99 | Robert M. Vigneault | Clients_v5.4.xlsm | ufClientMF:Fix_Some_Fields = '0,0000 secondes'
2025-02-26 18:17:06.23 | Robert M. Vigneault | Clients_v5.4.xlsm | modMain:Fn_Is_Client_Code_Already_Used | 
2025-02-26 18:17:06.23 | Robert M. Vigneault | Clients_v5.4.xlsm | modMain:Fn_Is_Client_Code_Already_Used | checkPoint | VRAI
2025-02-26 18:17:06.23 | Robert M. Vigneault | Clients_v5.4.xlsm | modMain:Fn_Is_Client_Code_Already_Used = '0,0078 secondes'
2025-02-26 18:17:06.24 | Robert M. Vigneault | Clients_v5.4.xlsm | modMain:Update_External_GCF_BD_Entree | UPDATE
2025-02-26 18:17:06.32 | Robert M. Vigneault | Clients_v5.4.xlsm | modMain:Update_External_GCF_BD_Entree | checkPoint | UPDATE '193r' was here
2025-02-26 18:17:07.01 | Robert M. Vigneault | Clients_v5.4.xlsm | modMain:Update_External_GCF_BD_Entree | checkPoint | DDM (10.2.40.4)
2025-02-26 18:17:17.30 | Robert M. Vigneault | Clients_v5.4.xlsm | modMain:Update_External_GCF_BD_Entree = '11,0547 secondes'
2025-02-26 18:17:17.30 | Robert M. Vigneault | Clients_v5.4.xlsm | modMain:CM_Update_Locally_GCF_BD_Entrée | 
2025-02-26 18:17:17.36 | Robert M. Vigneault | Clients_v5.4.xlsm | modMain:CM_Update_Locally_GCF_BD_Entrée = '0,0625 secondes'
2025-02-26 18:17:17.37 | Robert M. Vigneault | Clients_v5.4.xlsm | modMain:CM_Reset_UserForm | 
2025-02-26 18:17:17.38 | Robert M. Vigneault | Clients_v5.4.xlsm | modMain:CM_Build_Données_Recherche | 
2025-02-26 18:17:17.38 | Robert M. Vigneault | Clients_v5.4.xlsm | ufClientMF:lstDonnées_Click | 
2025-02-26 18:17:17.39 | Robert M. Vigneault | Clients_v5.4.xlsm | ufClientMF:lstDonnées_Click = '0,0078 secondes'
2025-02-26 18:17:17.52 | Robert M. Vigneault | Clients_v5.4.xlsm | modMain:CM_Build_Données_Recherche = '0,1406 secondes'
2025-02-26 18:17:17.52 | Robert M. Vigneault | Clients_v5.4.xlsm | modMain:CM_Reset_UserForm = '0,1562 secondes'
2025-02-26 18:17:17.53 | Robert M. Vigneault | Clients_v5.4.xlsm | ufClientMF:lstDonnées_Click | 
2025-02-26 18:17:17.57 | Robert M. Vigneault | Clients_v5.4.xlsm | ufClientMF:lstDonnées_Click = '0,0391 secondes'
2025-02-26 18:17:17.58 | Robert M. Vigneault | Clients_v5.4.xlsm | ufClientMF:MAJ_Fichier_Client = '12,6094 secondes'
2025-02-26 18:18:13.37 | Robert M. Vigneault | Clients_v5.4.xlsm | ufClientMF:cmdSearch_Click | 
2025-02-26 18:18:13.37 | Robert M. Vigneault | Clients_v5.4.xlsm | modMain:CM_Build_Données_Recherche | 
2025-02-26 18:18:13.38 | Robert M. Vigneault | Clients_v5.4.xlsm | ufClientMF:lstDonnées_Click | 
2025-02-26 18:18:13.38 | Robert M. Vigneault | Clients_v5.4.xlsm | ufClientMF:lstDonnées_Click = '0,0000 secondes'
2025-02-26 18:18:13.44 | Robert M. Vigneault | Clients_v5.4.xlsm | modMain:CM_Build_Données_Recherche = '0,0703 secondes'
2025-02-26 18:18:13.45 | Robert M. Vigneault | Clients_v5.4.xlsm | ufClientMF:cmdSearch_Click = '0,0859 secondes'
2025-02-26 18:18:14.66 | Robert M. Vigneault | Clients_v5.4.xlsm | ufClientMF:lstDonnées_Click | 
2025-02-26 18:18:14.68 | Robert M. Vigneault | Clients_v5.4.xlsm | ufClientMF:lstDonnées_Click = '0,0234 secondes'
2025-02-26 18:18:14.84 | Robert M. Vigneault | Clients_v5.4.xlsm | ufClientMF:lstDonnées_DblClick | 
2025-02-26 18:18:14.87 | Robert M. Vigneault | Clients_v5.4.xlsm | ufClientMF:cmdEdit_Click | 
2025-02-26 18:18:14.87 | Robert M. Vigneault | Clients_v5.4.xlsm | modMain:Fn_Selected_List | 
2025-02-26 18:18:14.88 | Robert M. Vigneault | Clients_v5.4.xlsm | modMain:Fn_Selected_List = '0,0156 secondes'
2025-02-26 18:18:14.88 | Robert M. Vigneault | Clients_v5.4.xlsm | modMain:Fn_Selected_List | 
2025-02-26 18:18:14.89 | Robert M. Vigneault | Clients_v5.4.xlsm | modMain:Fn_Selected_List = '0,0078 secondes'
2025-02-26 18:18:14.89 | Robert M. Vigneault | Clients_v5.4.xlsm | ufClientMF:cmdEdit_Click = '0,0234 secondes'
2025-02-26 18:18:14.89 | Robert M. Vigneault | Clients_v5.4.xlsm | ufClientMF:lstDonnées_DblClick = '0,0547 secondes'
2025-02-26 18:18:16.72 | Robert M. Vigneault | Clients_v5.4.xlsm | ufClientMF:txtNomClient_Exit | 
2025-02-26 18:18:16.72 | Robert M. Vigneault | Clients_v5.4.xlsm | ufClientMF:txtNomClient_Exit = '0,0000 secondes'
2025-02-26 18:18:21.41 | Robert M. Vigneault | Clients_v5.4.xlsm | ufClientMF:MAJ_Fichier_Client | 
2025-02-26 18:18:21.41 | Robert M. Vigneault | Clients_v5.4.xlsm | modMain:Fn_ValidateEntries | 
2025-02-26 18:18:21.43 | Robert M. Vigneault | Clients_v5.4.xlsm | modMain:Fn_ValidateEntries = '0,0156 secondes'
2025-02-26 18:18:21.43 | Robert M. Vigneault | Clients_v5.4.xlsm | ufClientMF:Fix_Some_Fields | 
2025-02-26 18:18:21.44 | Robert M. Vigneault | Clients_v5.4.xlsm | ufClientMF:Fix_Some_Fields = '0,0078 secondes'
2025-02-26 18:18:22.80 | Robert M. Vigneault | Clients_v5.4.xlsm | modMain:Fn_Is_Client_Code_Already_Used | 
2025-02-26 18:18:22.81 | Robert M. Vigneault | Clients_v5.4.xlsm | modMain:Fn_Is_Client_Code_Already_Used | checkPoint | VRAI
2025-02-26 18:18:22.81 | Robert M. Vigneault | Clients_v5.4.xlsm | modMain:Fn_Is_Client_Code_Already_Used = '0,0078 secondes'
2025-02-26 18:18:22.81 | Robert M. Vigneault | Clients_v5.4.xlsm | modMain:Update_External_GCF_BD_Entree | UPDATE
2025-02-26 18:18:22.88 | Robert M. Vigneault | Clients_v5.4.xlsm | modMain:Update_External_GCF_BD_Entree | checkPoint | UPDATE '193r' was here
2025-02-26 22:19:34.88 | Robert M. Vigneault | Clients_v5.4.xlsm | modMain:CM_Client_List_Import_All | 
2025-02-26 22:19:34.98 | Robert M. Vigneault | Clients_v5.4.xlsm | modMain:CM_Apply_Worksheet_Format | 
2025-02-26 22:19:35.03 | Robert M. Vigneault | Clients_v5.4.xlsm | modMain:CM_Apply_Worksheet_Format = '0,0547 secondes'
2025-02-26 22:19:35.12 | Robert M. Vigneault | Clients_v5.4.xlsm | modMain:CM_Client_List_Import_All = '0,2500 secondes'
2025-02-26 22:19:35.16 | Robert M. Vigneault | Clients_v5.4.xlsm | ufClientMF:UserForm_Initialize | 
2025-02-26 22:19:35.16 | Robert M. Vigneault | Clients_v5.4.xlsm | modMain:CM_Reset_UserForm | 
2025-02-26 22:19:35.16 | Robert M. Vigneault | Clients_v5.4.xlsm | modMain:CM_Add_SearchColumn | 
2025-02-26 22:19:35.16 | Robert M. Vigneault | Clients_v5.4.xlsm | ufClientMF:cmbSearchColumn_Change | 
2025-02-26 22:19:35.17 | Robert M. Vigneault | Clients_v5.4.xlsm | ufClientMF:cmbSearchColumn_Change = '0,0078 secondes'
2025-02-26 22:19:35.17 | Robert M. Vigneault | Clients_v5.4.xlsm | modMain:CM_Add_SearchColumn = '0,0078 secondes'
2025-02-26 22:19:35.20 | Robert M. Vigneault | Clients_v5.4.xlsm | modMain:CM_Reset_UserForm = '0,0391 secondes'
2025-02-26 22:19:35.20 | Robert M. Vigneault | Clients_v5.4.xlsm | ufClientMF:UserForm_Initialize = '0,0391 secondes'
2025-02-26 22:19:40.42 | Robert M. Vigneault | Clients_v5.4.xlsm | ufClientMF:cmdSearch_Click | 
2025-02-26 22:19:40.42 | Robert M. Vigneault | Clients_v5.4.xlsm | modMain:CM_Build_Données_Recherche | 
2025-02-26 22:19:40.50 | Robert M. Vigneault | Clients_v5.4.xlsm | modMain:CM_Build_Données_Recherche = '0,0781 secondes'
2025-02-26 22:19:40.50 | Robert M. Vigneault | Clients_v5.4.xlsm | ufClientMF:cmdSearch_Click = '0,0859 secondes'
2025-02-26 22:19:41.50 | Robert M. Vigneault | Clients_v5.4.xlsm | ufClientMF:lstDonnées_Click | 
2025-02-26 22:19:41.51 | Robert M. Vigneault | Clients_v5.4.xlsm | ufClientMF:lstDonnées_Click = '0,0078 secondes'
2025-02-26 22:19:41.66 | Robert M. Vigneault | Clients_v5.4.xlsm | ufClientMF:lstDonnées_DblClick | 
2025-02-26 22:19:41.66 | Robert M. Vigneault | Clients_v5.4.xlsm | ufClientMF:cmdEdit_Click | 
2025-02-26 22:19:41.67 | Robert M. Vigneault | Clients_v5.4.xlsm | modMain:Fn_Selected_List | 
2025-02-26 22:19:41.68 | Robert M. Vigneault | Clients_v5.4.xlsm | modMain:Fn_Selected_List = '0,0078 secondes'
2025-02-26 22:19:41.69 | Robert M. Vigneault | Clients_v5.4.xlsm | modMain:Fn_Selected_List | 
2025-02-26 22:19:41.69 | Robert M. Vigneault | Clients_v5.4.xlsm | modMain:Fn_Selected_List = '0,0000 secondes'
2025-02-26 22:19:41.70 | Robert M. Vigneault | Clients_v5.4.xlsm | ufClientMF:cmdEdit_Click = '0,0312 secondes'
2025-02-26 22:19:41.70 | Robert M. Vigneault | Clients_v5.4.xlsm | ufClientMF:lstDonnées_DblClick = '0,0312 secondes'
2025-02-26 22:19:43.16 | Robert M. Vigneault | Clients_v5.4.xlsm | ufClientMF:txtNomClient_Exit | 
2025-02-26 22:19:43.16 | Robert M. Vigneault | Clients_v5.4.xlsm | ufClientMF:txtNomClient_Exit = '0,0078 secondes'
2025-02-26 22:19:48.40 | Robert M. Vigneault | Clients_v5.4.xlsm | ufClientMF:MAJ_Fichier_Client | 
2025-02-26 22:19:48.41 | Robert M. Vigneault | Clients_v5.4.xlsm | modMain:Fn_ValidateEntries | 
2025-02-26 22:19:48.41 | Robert M. Vigneault | Clients_v5.4.xlsm | modMain:Fn_ValidateEntries = '0,0000 secondes'
2025-02-26 22:19:48.41 | Robert M. Vigneault | Clients_v5.4.xlsm | ufClientMF:Fix_Some_Fields | 
2025-02-26 22:19:48.42 | Robert M. Vigneault | Clients_v5.4.xlsm | ufClientMF:Fix_Some_Fields = '0,0156 secondes'
2025-02-26 22:19:49.72 | Robert M. Vigneault | Clients_v5.4.xlsm | modMain:Fn_Is_Client_Code_Already_Used | 
2025-02-26 22:19:49.73 | Robert M. Vigneault | Clients_v5.4.xlsm | modMain:Fn_Is_Client_Code_Already_Used | checkPoint | VRAI
2025-02-26 22:19:49.74 | Robert M. Vigneault | Clients_v5.4.xlsm | modMain:Fn_Is_Client_Code_Already_Used = '0,0234 secondes'
2025-02-26 22:19:49.75 | Robert M. Vigneault | Clients_v5.4.xlsm | modMain:Update_External_GCF_BD_Entree | UPDATE
2025-02-26 22:19:49.84 | Robert M. Vigneault | Clients_v5.4.xlsm | modMain:Update_External_GCF_BD_Entree | checkPoint | UPDATE '193r' was here
2025-02-26 22:20:21.29 | Robert M. Vigneault | Clients_v5.4.xlsm | modMain:Update_External_GCF_BD_Entree | checkPoint | DDM (0.0.0.7)
2025-02-26 22:20:21.31 | Robert M. Vigneault | Clients_v5.4.xlsm | modMain:Update_External_GCF_BD_Entree = '31,5625 secondes'
2025-02-26 22:20:21.31 | Robert M. Vigneault | Clients_v5.4.xlsm | modMain:CM_Update_Locally_GCF_BD_Entrée | 
2025-02-26 22:20:21.32 | Robert M. Vigneault | Clients_v5.4.xlsm | modMain:CM_Update_Locally_GCF_BD_Entrée = '0,0078 secondes'
2025-02-26 22:20:21.33 | Robert M. Vigneault | Clients_v5.4.xlsm | modMain:CM_Reset_UserForm | 
2025-02-26 22:20:21.34 | Robert M. Vigneault | Clients_v5.4.xlsm | modMain:CM_Build_Données_Recherche | 
2025-02-26 22:20:21.34 | Robert M. Vigneault | Clients_v5.4.xlsm | ufClientMF:lstDonnées_Click | 
2025-02-26 22:20:21.34 | Robert M. Vigneault | Clients_v5.4.xlsm | ufClientMF:lstDonnées_Click = '0,0000 secondes'
2025-02-26 22:20:21.40 | Robert M. Vigneault | Clients_v5.4.xlsm | modMain:CM_Build_Données_Recherche = '0,0625 secondes'
2025-02-26 22:20:21.40 | Robert M. Vigneault | Clients_v5.4.xlsm | modMain:CM_Reset_UserForm = '0,0703 secondes'
2025-02-26 22:20:21.42 | Robert M. Vigneault | Clients_v5.4.xlsm | ufClientMF:lstDonnées_Click | 
2025-02-26 22:20:21.42 | Robert M. Vigneault | Clients_v5.4.xlsm | ufClientMF:lstDonnées_Click = '0,0000 secondes'
2025-02-26 22:20:21.42 | Robert M. Vigneault | Clients_v5.4.xlsm | ufClientMF:MAJ_Fichier_Client = '33,0234 secondes'
2025-02-26 22:20:25.39 | Robert M. Vigneault | Clients_v5.4.xlsm | ufClientMF:cmdSearch_Click | 
2025-02-26 22:20:25.40 | Robert M. Vigneault | Clients_v5.4.xlsm | modMain:CM_Build_Données_Recherche | 
2025-02-26 22:20:25.41 | Robert M. Vigneault | Clients_v5.4.xlsm | ufClientMF:lstDonnées_Click | 
2025-02-26 22:20:25.41 | Robert M. Vigneault | Clients_v5.4.xlsm | ufClientMF:lstDonnées_Click = '0,0078 secondes'
2025-02-26 22:20:25.46 | Robert M. Vigneault | Clients_v5.4.xlsm | modMain:CM_Build_Données_Recherche = '0,0625 secondes'
2025-02-26 22:20:25.48 | Robert M. Vigneault | Clients_v5.4.xlsm | ufClientMF:cmdSearch_Click = '0,0859 secondes'
2025-02-26 22:20:26.30 | Robert M. Vigneault | Clients_v5.4.xlsm | ufClientMF:lstDonnées_Click | 
2025-02-26 22:20:26.30 | Robert M. Vigneault | Clients_v5.4.xlsm | ufClientMF:lstDonnées_Click = '0,0000 secondes'
2025-02-26 22:20:26.55 | Robert M. Vigneault | Clients_v5.4.xlsm | ufClientMF:lstDonnées_DblClick | 
2025-02-26 22:20:26.55 | Robert M. Vigneault | Clients_v5.4.xlsm | ufClientMF:cmdEdit_Click | 
2025-02-26 22:20:26.55 | Robert M. Vigneault | Clients_v5.4.xlsm | modMain:Fn_Selected_List | 
2025-02-26 22:20:26.56 | Robert M. Vigneault | Clients_v5.4.xlsm | modMain:Fn_Selected_List = '0,0078 secondes'
2025-02-26 22:20:26.56 | Robert M. Vigneault | Clients_v5.4.xlsm | modMain:Fn_Selected_List | 
2025-02-26 22:20:26.57 | Robert M. Vigneault | Clients_v5.4.xlsm | modMain:Fn_Selected_List = '0,0078 secondes'
2025-02-26 22:20:26.57 | Robert M. Vigneault | Clients_v5.4.xlsm | ufClientMF:cmdEdit_Click = '0,0156 secondes'
2025-02-26 22:20:26.58 | Robert M. Vigneault | Clients_v5.4.xlsm | ufClientMF:lstDonnées_DblClick = '0,0312 secondes'
2025-02-26 22:20:27.78 | Robert M. Vigneault | Clients_v5.4.xlsm | ufClientMF:txtNomClient_Exit | 
2025-02-26 22:20:27.78 | Robert M. Vigneault | Clients_v5.4.xlsm | ufClientMF:txtNomClient_Exit = '0,0000 secondes'
2025-02-26 22:20:30.27 | Robert M. Vigneault | Clients_v5.4.xlsm | ufClientMF:MAJ_Fichier_Client | 
2025-02-26 22:20:30.28 | Robert M. Vigneault | Clients_v5.4.xlsm | modMain:Fn_ValidateEntries | 
2025-02-26 22:20:30.28 | Robert M. Vigneault | Clients_v5.4.xlsm | modMain:Fn_ValidateEntries = '0,0000 secondes'
2025-02-26 22:20:30.29 | Robert M. Vigneault | Clients_v5.4.xlsm | ufClientMF:Fix_Some_Fields | 
2025-02-26 22:20:30.30 | Robert M. Vigneault | Clients_v5.4.xlsm | ufClientMF:Fix_Some_Fields = '0,0078 secondes'
2025-02-26 22:20:31.50 | Robert M. Vigneault | Clients_v5.4.xlsm | modMain:Fn_Is_Client_Code_Already_Used | 
2025-02-26 22:20:31.51 | Robert M. Vigneault | Clients_v5.4.xlsm | modMain:Fn_Is_Client_Code_Already_Used | checkPoint | VRAI
2025-02-26 22:20:31.52 | Robert M. Vigneault | Clients_v5.4.xlsm | modMain:Fn_Is_Client_Code_Already_Used = '0,0156 secondes'
2025-02-26 22:20:31.52 | Robert M. Vigneault | Clients_v5.4.xlsm | modMain:Update_External_GCF_BD_Entree | UPDATE
2025-02-26 22:20:31.61 | Robert M. Vigneault | Clients_v5.4.xlsm | modMain:Update_External_GCF_BD_Entree | checkPoint | UPDATE '193r' was here
2025-02-26 22:20:32.95 | Robert M. Vigneault | Clients_v5.4.xlsm | modMain:Update_External_GCF_BD_Entree | checkPoint | DDM (0.0.0.0)
2025-02-26 22:20:32.96 | Robert M. Vigneault | Clients_v5.4.xlsm | modMain:Update_External_GCF_BD_Entree = '1,4453 secondes'
2025-02-26 22:20:32.97 | Robert M. Vigneault | Clients_v5.4.xlsm | modMain:CM_Update_Locally_GCF_BD_Entrée | 
2025-02-26 22:20:32.98 | Robert M. Vigneault | Clients_v5.4.xlsm | modMain:CM_Update_Locally_GCF_BD_Entrée = '0,0078 secondes'
2025-02-26 22:20:32.98 | Robert M. Vigneault | Clients_v5.4.xlsm | modMain:CM_Reset_UserForm | 
2025-02-26 22:20:32.98 | Robert M. Vigneault | Clients_v5.4.xlsm | modMain:CM_Build_Données_Recherche | 
2025-02-26 22:20:32.99 | Robert M. Vigneault | Clients_v5.4.xlsm | ufClientMF:lstDonnées_Click | 
2025-02-26 22:20:32.00 | Robert M. Vigneault | Clients_v5.4.xlsm | ufClientMF:lstDonnées_Click = '0,0078 secondes'
2025-02-26 22:20:33.06 | Robert M. Vigneault | Clients_v5.4.xlsm | modMain:CM_Build_Données_Recherche = '0,0781 secondes'
2025-02-26 22:20:33.06 | Robert M. Vigneault | Clients_v5.4.xlsm | modMain:CM_Reset_UserForm = '0,0859 secondes'
2025-02-26 22:20:33.07 | Robert M. Vigneault | Clients_v5.4.xlsm | ufClientMF:lstDonnées_Click | 
2025-02-26 22:20:33.08 | Robert M. Vigneault | Clients_v5.4.xlsm | ufClientMF:lstDonnées_Click = '0,0078 secondes'
2025-02-26 22:20:33.09 | Robert M. Vigneault | Clients_v5.4.xlsm | ufClientMF:MAJ_Fichier_Client = '2,8203 secondes'
2025-02-26 22:20:40.37 | Robert M. Vigneault | Clients_v5.4.xlsm | ***** Fin de session - Workbook_BeforeClose ***** | 
2025-02-27 10:04:11.20 | Robert M. Vigneault | Clients_v5.4.xlsm | ***** Début de session - Workbook_Open ***** | 
2025-02-27 10:04:11.21 | Robert M. Vigneault | Clients_v5.4.xlsm | modMain:CM_Client_List_Import_All | 
2025-02-27 10:04:11.39 | Robert M. Vigneault | Clients_v5.4.xlsm | modMain:CM_Apply_Worksheet_Format | 
2025-02-27 10:04:11.51 | Robert M. Vigneault | Clients_v5.4.xlsm | modMain:CM_Apply_Worksheet_Format = '0,1172 secondes'
2025-02-27 10:04:11.58 | Robert M. Vigneault | Clients_v5.4.xlsm | modMain:CM_Client_List_Import_All = '0,3750 secondes'
2025-02-27 10:04:11.60 | Robert M. Vigneault | Clients_v5.4.xlsm | ufClientMF:UserForm_Initialize | 
2025-02-27 10:04:11.60 | Robert M. Vigneault | Clients_v5.4.xlsm | modMain:CM_Reset_UserForm | 
2025-02-27 10:04:11.62 | Robert M. Vigneault | Clients_v5.4.xlsm | modMain:CM_Add_SearchColumn | 
2025-02-27 10:04:11.62 | Robert M. Vigneault | Clients_v5.4.xlsm | ufClientMF:cmbSearchColumn_Change | 
2025-02-27 10:04:11.62 | Robert M. Vigneault | Clients_v5.4.xlsm | ufClientMF:cmbSearchColumn_Change = '0,0000 secondes'
2025-02-27 10:04:11.62 | Robert M. Vigneault | Clients_v5.4.xlsm | modMain:CM_Add_SearchColumn = '0,0000 secondes'
2025-02-27 10:04:11.66 | Robert M. Vigneault | Clients_v5.4.xlsm | modMain:CM_Reset_UserForm = '0,0586 secondes'
2025-02-27 10:04:11.66 | Robert M. Vigneault | Clients_v5.4.xlsm | ufClientMF:UserForm_Initialize = '0,0586 secondes'
2025-02-27 10:04:21.73 | Robert M. Vigneault | Clients_v5.4.xlsm | ufClientMF:txtNomClient_Exit | 
2025-02-27 10:04:21.73 | Robert M. Vigneault | Clients_v5.4.xlsm | ufClientMF:txtNomClient_Exit = '0,0000 secondes'
2025-02-27 10:04:21.84 | Robert M. Vigneault | Clients_v5.4.xlsm | ufClientMF:cmdAddClient_Click | 
2025-02-27 10:04:21.84 | Robert M. Vigneault | Clients_v5.4.xlsm | modMain:CM_Reset_UserForm | 
2025-02-27 10:04:21.84 | Robert M. Vigneault | Clients_v5.4.xlsm | modMain:CM_Add_SearchColumn | 
2025-02-27 10:04:21.86 | Robert M. Vigneault | Clients_v5.4.xlsm | ufClientMF:cmbSearchColumn_Change | 
2025-02-27 10:04:21.86 | Robert M. Vigneault | Clients_v5.4.xlsm | ufClientMF:cmbSearchColumn_Change = '0,0000 secondes'
2025-02-27 10:04:21.86 | Robert M. Vigneault | Clients_v5.4.xlsm | ufClientMF:cmbSearchColumn_Change | 
2025-02-27 10:04:21.86 | Robert M. Vigneault | Clients_v5.4.xlsm | ufClientMF:cmbSearchColumn_Change = '0,0000 secondes'
2025-02-27 10:04:21.86 | Robert M. Vigneault | Clients_v5.4.xlsm | modMain:CM_Add_SearchColumn = '0,0117 secondes'
2025-02-27 10:04:21.88 | Robert M. Vigneault | Clients_v5.4.xlsm | modMain:CM_Reset_UserForm = '0,0352 secondes'
2025-02-27 10:04:24.38 | Robert M. Vigneault | Clients_v5.4.xlsm | ufClientMF:cmdAddClient_Click = '2,5391 secondes'
2025-02-27 10:04:27.84 | Robert M. Vigneault | Clients_v5.4.xlsm | ufClientMF:txtCodeClient_Exit | 
2025-02-27 10:04:27.84 | Robert M. Vigneault | Clients_v5.4.xlsm | modMain:Fn_Is_Client_Code_Already_Used | 
2025-02-27 10:04:27.86 | Robert M. Vigneault | Clients_v5.4.xlsm | modMain:Fn_Is_Client_Code_Already_Used | checkPoint | FAUX
2025-02-27 10:04:27.86 | Robert M. Vigneault | Clients_v5.4.xlsm | modMain:Fn_Is_Client_Code_Already_Used = '0,0156 secondes'
2025-02-27 10:04:27.86 | Robert M. Vigneault | Clients_v5.4.xlsm | ufClientMF:txtCodeClient_Exit = '0,0156 secondes'
2025-02-27 10:04:33.65 | Robert M. Vigneault | Clients_v5.4.xlsm | ufClientMF:txtNomClient_Exit | 
2025-02-27 10:04:33.66 | Robert M. Vigneault | Clients_v5.4.xlsm | ufClientMF:txtNomClient_Exit = '0,0117 secondes'
2025-02-27 10:05:20.67 | Robert M. Vigneault | Clients_v5.4.xlsm | modMain:Fn_Fix_Txt_Fin_Annee | 
2025-02-27 10:05:20.68 | Robert M. Vigneault | Clients_v5.4.xlsm | modMain:Fn_Fix_Txt_Fin_Annee = '0,0039 secondes'
2025-02-27 10:05:38.16 | Robert M. Vigneault | Clients_v5.4.xlsm | ufClientMF:MAJ_Fichier_Client | 
2025-02-27 10:05:38.16 | Robert M. Vigneault | Clients_v5.4.xlsm | modMain:Fn_ValidateEntries | 
2025-02-27 10:05:38.20 | Robert M. Vigneault | Clients_v5.4.xlsm | modMain:Fn_ValidateEntries = '0,0352 secondes'
2025-02-27 10:05:38.20 | Robert M. Vigneault | Clients_v5.4.xlsm | ufClientMF:Fix_Some_Fields | 
2025-02-27 10:05:38.20 | Robert M. Vigneault | Clients_v5.4.xlsm | ufClientMF:Fix_Some_Fields = '0,0039 secondes'
2025-02-27 10:05:40.49 | Robert M. Vigneault | Clients_v5.4.xlsm | modMain:Fn_Is_Client_Code_Already_Used | 
2025-02-27 10:05:40.49 | Robert M. Vigneault | Clients_v5.4.xlsm | modMain:Fn_Is_Client_Code_Already_Used | checkPoint | FAUX
2025-02-27 10:05:40.49 | Robert M. Vigneault | Clients_v5.4.xlsm | modMain:Fn_Is_Client_Code_Already_Used = '0,0039 secondes'
2025-02-27 10:05:40.50 | Robert M. Vigneault | Clients_v5.4.xlsm | modMain:Update_External_GCF_BD_Entree | NEW_RECORD
2025-02-27 10:06:23.16 | Robert M. Vigneault | Clients_v5.4.xlsm | modMain:Update_External_GCF_BD_Entree | checkPoint | NEW_RECORD '1822' was here
2025-02-27 10:06:24.04 | Robert M. Vigneault | Clients_v5.4.xlsm | modMain:Update_External_GCF_BD_Entree | checkPoint | DDM (0.0.0.1)
2025-02-27 10:06:24.04 | Robert M. Vigneault | Clients_v5.4.xlsm | modMain:Update_External_GCF_BD_Entree = '43,5469 secondes'
2025-02-27 10:06:24.06 | Robert M. Vigneault | Clients_v5.4.xlsm | modMain:CM_Update_Locally_GCF_BD_Entrée | 
2025-02-27 10:06:24.06 | Robert M. Vigneault | Clients_v5.4.xlsm | modMain:CM_Update_Locally_GCF_BD_Entrée = '0,0000 secondes'
2025-02-27 10:06:24.06 | Robert M. Vigneault | Clients_v5.4.xlsm | modMain:CM_Reset_UserForm | 
2025-02-27 10:06:24.07 | Robert M. Vigneault | Clients_v5.4.xlsm | modMain:CM_Add_SearchColumn | 
2025-02-27 10:06:24.07 | Robert M. Vigneault | Clients_v5.4.xlsm | ufClientMF:cmbSearchColumn_Change | 
2025-02-27 10:06:24.07 | Robert M. Vigneault | Clients_v5.4.xlsm | ufClientMF:cmbSearchColumn_Change = '0,0000 secondes'
2025-02-27 10:06:24.07 | Robert M. Vigneault | Clients_v5.4.xlsm | ufClientMF:cmbSearchColumn_Change | 
2025-02-27 10:06:24.09 | Robert M. Vigneault | Clients_v5.4.xlsm | ufClientMF:cmbSearchColumn_Change = '0,0117 secondes'
2025-02-27 10:06:24.09 | Robert M. Vigneault | Clients_v5.4.xlsm | modMain:CM_Add_SearchColumn = '0,0117 secondes'
2025-02-27 10:06:24.12 | Robert M. Vigneault | Clients_v5.4.xlsm | modMain:CM_Reset_UserForm = '0,0586 secondes'
2025-02-27 10:06:24.12 | Robert M. Vigneault | Clients_v5.4.xlsm | ufClientMF:lstDonnées_Click | 
2025-02-27 10:06:24.12 | Robert M. Vigneault | Clients_v5.4.xlsm | ufClientMF:lstDonnées_Click = '0,0000 secondes'
2025-02-27 10:06:24.12 | Robert M. Vigneault | Clients_v5.4.xlsm | ufClientMF:MAJ_Fichier_Client = '45,9570 secondes'
2025-02-27 10:08:28.46 | Robert M. Vigneault | Clients_v5.4.xlsm | modMain:CM_Client_List_Import_All | 
2025-02-27 10:08:28.56 | Robert M. Vigneault | Clients_v5.4.xlsm | modMain:CM_Apply_Worksheet_Format | 
2025-02-27 10:08:28.62 | Robert M. Vigneault | Clients_v5.4.xlsm | modMain:CM_Apply_Worksheet_Format = '0,0586 secondes'
2025-02-27 10:08:28.66 | Robert M. Vigneault | Clients_v5.4.xlsm | modMain:CM_Client_List_Import_All = '0,1992 secondes'
2025-02-27 10:08:28.70 | Robert M. Vigneault | Clients_v5.4.xlsm | ufClientMF:UserForm_Initialize | 
2025-02-27 10:08:28.70 | Robert M. Vigneault | Clients_v5.4.xlsm | modMain:CM_Reset_UserForm | 
2025-02-27 10:08:28.71 | Robert M. Vigneault | Clients_v5.4.xlsm | modMain:CM_Add_SearchColumn | 
2025-02-27 10:08:28.71 | Robert M. Vigneault | Clients_v5.4.xlsm | ufClientMF:cmbSearchColumn_Change | 
2025-02-27 10:08:28.71 | Robert M. Vigneault | Clients_v5.4.xlsm | ufClientMF:cmbSearchColumn_Change = '0,0000 secondes'
2025-02-27 10:08:28.72 | Robert M. Vigneault | Clients_v5.4.xlsm | modMain:CM_Add_SearchColumn = '0,0117 secondes'
2025-02-27 10:08:28.74 | Robert M. Vigneault | Clients_v5.4.xlsm | modMain:CM_Reset_UserForm = '0,0391 secondes'
2025-02-27 10:08:28.74 | Robert M. Vigneault | Clients_v5.4.xlsm | ufClientMF:UserForm_Initialize = '0,0430 secondes'
2025-02-27 10:08:42.71 | Robert M. Vigneault | Clients_v5.4.xlsm | ufClientMF:cmdSearch_Click | 
2025-02-27 10:08:42.71 | Robert M. Vigneault | Clients_v5.4.xlsm | modMain:CM_Build_Données_Recherche | 
2025-02-27 10:08:42.80 | Robert M. Vigneault | Clients_v5.4.xlsm | modMain:CM_Build_Données_Recherche = '0,1016 secondes'
2025-02-27 10:08:42.81 | Robert M. Vigneault | Clients_v5.4.xlsm | ufClientMF:cmdSearch_Click = '0,1016 secondes'
2025-02-27 10:08:45.55 | Robert M. Vigneault | Clients_v5.4.xlsm | ufClientMF:lstDonnées_Click | 
2025-02-27 10:08:45.55 | Robert M. Vigneault | Clients_v5.4.xlsm | ufClientMF:lstDonnées_Click = '0,0000 secondes'
2025-02-27 10:08:45.82 | Robert M. Vigneault | Clients_v5.4.xlsm | ufClientMF:lstDonnées_DblClick | 
2025-02-27 10:08:45.83 | Robert M. Vigneault | Clients_v5.4.xlsm | ufClientMF:cmdEdit_Click | 
2025-02-27 10:08:45.83 | Robert M. Vigneault | Clients_v5.4.xlsm | modMain:Fn_Selected_List | 
2025-02-27 10:08:45.83 | Robert M. Vigneault | Clients_v5.4.xlsm | modMain:Fn_Selected_List = '0,0000 secondes'
2025-02-27 10:08:45.84 | Robert M. Vigneault | Clients_v5.4.xlsm | modMain:Fn_Selected_List | 
2025-02-27 10:08:45.84 | Robert M. Vigneault | Clients_v5.4.xlsm | modMain:Fn_Selected_List = '0,0000 secondes'
2025-02-27 10:08:45.84 | Robert M. Vigneault | Clients_v5.4.xlsm | ufClientMF:cmdEdit_Click = '0,0156 secondes'
2025-02-27 10:08:45.84 | Robert M. Vigneault | Clients_v5.4.xlsm | ufClientMF:lstDonnées_DblClick = '0,0195 secondes'
2025-02-27 10:08:53.80 | Robert M. Vigneault | Clients_v5.4.xlsm | ufClientMF:txtNomClient_Exit | 
2025-02-27 10:08:53.80 | Robert M. Vigneault | Clients_v5.4.xlsm | ufClientMF:txtNomClient_Exit = '0,0039 secondes'
2025-02-27 10:08:59.89 | Robert M. Vigneault | Clients_v5.4.xlsm | ufClientMF:MAJ_Fichier_Client | 
2025-02-27 10:08:59.89 | Robert M. Vigneault | Clients_v5.4.xlsm | modMain:Fn_ValidateEntries | 
2025-02-27 10:08:59.90 | Robert M. Vigneault | Clients_v5.4.xlsm | modMain:Fn_ValidateEntries = '0,0078 secondes'
2025-02-27 10:08:59.90 | Robert M. Vigneault | Clients_v5.4.xlsm | ufClientMF:Fix_Some_Fields | 
2025-02-27 10:08:59.90 | Robert M. Vigneault | Clients_v5.4.xlsm | ufClientMF:Fix_Some_Fields = '0,0039 secondes'
2025-02-27 10:09:01.44 | Robert M. Vigneault | Clients_v5.4.xlsm | modMain:Fn_Is_Client_Code_Already_Used | 
2025-02-27 10:09:01.45 | Robert M. Vigneault | Clients_v5.4.xlsm | modMain:Fn_Is_Client_Code_Already_Used | checkPoint | VRAI
2025-02-27 10:09:01.46 | Robert M. Vigneault | Clients_v5.4.xlsm | modMain:Fn_Is_Client_Code_Already_Used = '0,0195 secondes'
2025-02-27 10:09:01.46 | Robert M. Vigneault | Clients_v5.4.xlsm | modMain:Update_External_GCF_BD_Entree | UPDATE
2025-02-27 10:09:01.58 | Robert M. Vigneault | Clients_v5.4.xlsm | modMain:Update_External_GCF_BD_Entree | checkPoint | UPDATE '1822' was here
2025-02-27 10:09:02.00 | Robert M. Vigneault | Clients_v5.4.xlsm | modMain:Update_External_GCF_BD_Entree | checkPoint | DDM (0.0.0.1)
2025-02-27 10:09:02.01 | Robert M. Vigneault | Clients_v5.4.xlsm | modMain:Update_External_GCF_BD_Entree = '0,5508 secondes'
2025-02-27 10:09:02.01 | Robert M. Vigneault | Clients_v5.4.xlsm | modMain:CM_Update_Locally_GCF_BD_Entrée | 
2025-02-27 10:09:02.01 | Robert M. Vigneault | Clients_v5.4.xlsm | modMain:CM_Update_Locally_GCF_BD_Entrée = '0,0000 secondes'
2025-02-27 10:09:02.02 | Robert M. Vigneault | Clients_v5.4.xlsm | modMain:CM_Reset_UserForm | 
2025-02-27 10:09:02.03 | Robert M. Vigneault | Clients_v5.4.xlsm | modMain:CM_Build_Données_Recherche | 
2025-02-27 10:09:02.04 | Robert M. Vigneault | Clients_v5.4.xlsm | ufClientMF:lstDonnées_Click | 
2025-02-27 10:09:02.04 | Robert M. Vigneault | Clients_v5.4.xlsm | ufClientMF:lstDonnées_Click = '0,0078 secondes'
2025-02-27 10:09:02.13 | Robert M. Vigneault | Clients_v5.4.xlsm | modMain:CM_Build_Données_Recherche = '0,0938 secondes'
2025-02-27 10:09:02.13 | Robert M. Vigneault | Clients_v5.4.xlsm | modMain:CM_Reset_UserForm = '0,1094 secondes'
2025-02-27 10:09:02.14 | Robert M. Vigneault | Clients_v5.4.xlsm | ufClientMF:lstDonnées_Click | 
2025-02-27 10:09:02.14 | Robert M. Vigneault | Clients_v5.4.xlsm | ufClientMF:lstDonnées_Click = '0,0000 secondes'
2025-02-27 10:09:02.14 | Robert M. Vigneault | Clients_v5.4.xlsm | ufClientMF:MAJ_Fichier_Client = '2,2539 secondes'
2025-02-27 10:09:44.70 | Robert M. Vigneault | Clients_v5.4.xlsm | modMain:CM_Client_List_Import_All | 
2025-02-27 10:09:44.76 | Robert M. Vigneault | Clients_v5.4.xlsm | modMain:CM_Apply_Worksheet_Format | 
2025-02-27 10:09:44.83 | Robert M. Vigneault | Clients_v5.4.xlsm | modMain:CM_Apply_Worksheet_Format = '0,0664 secondes'
2025-02-27 10:09:44.89 | Robert M. Vigneault | Clients_v5.4.xlsm | modMain:CM_Client_List_Import_All = '0,1953 secondes'
2025-02-27 10:09:44.91 | Robert M. Vigneault | Clients_v5.4.xlsm | ufClientMF:UserForm_Initialize | 
2025-02-27 10:09:44.93 | Robert M. Vigneault | Clients_v5.4.xlsm | modMain:CM_Reset_UserForm | 
2025-02-27 10:09:44.93 | Robert M. Vigneault | Clients_v5.4.xlsm | modMain:CM_Add_SearchColumn | 
2025-02-27 10:09:44.93 | Robert M. Vigneault | Clients_v5.4.xlsm | ufClientMF:cmbSearchColumn_Change | 
2025-02-27 10:09:44.93 | Robert M. Vigneault | Clients_v5.4.xlsm | ufClientMF:cmbSearchColumn_Change = '0,0000 secondes'
2025-02-27 10:09:44.93 | Robert M. Vigneault | Clients_v5.4.xlsm | modMain:CM_Add_SearchColumn = '0,0000 secondes'
2025-02-27 10:09:44.96 | Robert M. Vigneault | Clients_v5.4.xlsm | modMain:CM_Reset_UserForm = '0,0312 secondes'
2025-02-27 10:09:44.96 | Robert M. Vigneault | Clients_v5.4.xlsm | ufClientMF:UserForm_Initialize = '0,0469 secondes'
2025-02-27 10:09:52.01 | Robert M. Vigneault | Clients_v5.4.xlsm | ufClientMF:txtNomClient_Exit | 
2025-02-27 10:09:52.02 | Robert M. Vigneault | Clients_v5.4.xlsm | ufClientMF:txtNomClient_Exit = '0,0039 secondes'
2025-02-27 10:09:52.10 | Robert M. Vigneault | Clients_v5.4.xlsm | ufClientMF:cmdAddClient_Click | 
2025-02-27 10:09:52.10 | Robert M. Vigneault | Clients_v5.4.xlsm | modMain:CM_Reset_UserForm | 
2025-02-27 10:09:52.10 | Robert M. Vigneault | Clients_v5.4.xlsm | modMain:CM_Add_SearchColumn | 
2025-02-27 10:09:52.11 | Robert M. Vigneault | Clients_v5.4.xlsm | ufClientMF:cmbSearchColumn_Change | 
2025-02-27 10:09:52.11 | Robert M. Vigneault | Clients_v5.4.xlsm | ufClientMF:cmbSearchColumn_Change = '0,0000 secondes'
2025-02-27 10:09:52.11 | Robert M. Vigneault | Clients_v5.4.xlsm | ufClientMF:cmbSearchColumn_Change | 
2025-02-27 10:09:52.11 | Robert M. Vigneault | Clients_v5.4.xlsm | ufClientMF:cmbSearchColumn_Change = '0,0000 secondes'
2025-02-27 10:09:52.11 | Robert M. Vigneault | Clients_v5.4.xlsm | modMain:CM_Add_SearchColumn = '0,0156 secondes'
2025-02-27 10:09:52.14 | Robert M. Vigneault | Clients_v5.4.xlsm | modMain:CM_Reset_UserForm = '0,0430 secondes'
2025-02-27 10:09:53.72 | Robert M. Vigneault | Clients_v5.4.xlsm | ufClientMF:cmdAddClient_Click = '1,6250 secondes'
2025-02-27 10:09:56.96 | Robert M. Vigneault | Clients_v5.4.xlsm | ufClientMF:txtCodeClient_Exit | 
2025-02-27 10:09:56.97 | Robert M. Vigneault | Clients_v5.4.xlsm | modMain:Fn_Is_Client_Code_Already_Used | 
2025-02-27 10:09:56.97 | Robert M. Vigneault | Clients_v5.4.xlsm | modMain:Fn_Is_Client_Code_Already_Used | checkPoint | FAUX
2025-02-27 10:09:56.97 | Robert M. Vigneault | Clients_v5.4.xlsm | modMain:Fn_Is_Client_Code_Already_Used = '0,0000 secondes'
2025-02-27 10:09:56.97 | Robert M. Vigneault | Clients_v5.4.xlsm | ufClientMF:txtCodeClient_Exit = '0,0039 secondes'
2025-02-27 10:09:59.28 | Robert M. Vigneault | Clients_v5.4.xlsm | ufClientMF:txtNomClient_Exit | 
2025-02-27 10:09:59.29 | Robert M. Vigneault | Clients_v5.4.xlsm | ufClientMF:txtNomClient_Exit = '0,0078 secondes'
2025-02-27 10:10:24.84 | Robert M. Vigneault | Clients_v5.4.xlsm | ufClientMF:txtNomClient_Exit | 
2025-02-27 10:10:24.85 | Robert M. Vigneault | Clients_v5.4.xlsm | ufClientMF:txtNomClient_Exit = '0,0156 secondes'
2025-02-27 10:10:47.43 | Robert M. Vigneault | Clients_v5.4.xlsm | modMain:Fn_Fix_Txt_Fin_Annee | 
2025-02-27 10:10:47.44 | Robert M. Vigneault | Clients_v5.4.xlsm | modMain:Fn_Fix_Txt_Fin_Annee = '0,0156 secondes'
2025-02-27 10:10:57.29 | Robert M. Vigneault | Clients_v5.4.xlsm | ufClientMF:MAJ_Fichier_Client | 
2025-02-27 10:10:57.29 | Robert M. Vigneault | Clients_v5.4.xlsm | modMain:Fn_ValidateEntries | 
2025-02-27 10:10:58.56 | Robert M. Vigneault | Clients_v5.4.xlsm | modMain:Fn_ValidateEntries = '1,2734 secondes'
2025-02-27 10:10:58.56 | Robert M. Vigneault | Clients_v5.4.xlsm | ufClientMF:Fix_Some_Fields | 
2025-02-27 10:10:58.57 | Robert M. Vigneault | Clients_v5.4.xlsm | ufClientMF:Fix_Some_Fields = '0,0117 secondes'
2025-02-27 10:11:02.91 | Robert M. Vigneault | Clients_v5.4.xlsm | modMain:Fn_Is_Client_Code_Already_Used | 
2025-02-27 10:11:02.91 | Robert M. Vigneault | Clients_v5.4.xlsm | modMain:Fn_Is_Client_Code_Already_Used | checkPoint | FAUX
2025-02-27 10:11:02.91 | Robert M. Vigneault | Clients_v5.4.xlsm | modMain:Fn_Is_Client_Code_Already_Used = '0,0078 secondes'
2025-02-27 10:11:02.91 | Robert M. Vigneault | Clients_v5.4.xlsm | modMain:Update_External_GCF_BD_Entree | NEW_RECORD
2025-02-27 10:11:03.01 | Robert M. Vigneault | Clients_v5.4.xlsm | modMain:Update_External_GCF_BD_Entree | checkPoint | NEW_RECORD '1823' was here
2025-02-27 10:11:04.00 | Robert M. Vigneault | Clients_v5.4.xlsm | modMain:Update_External_GCF_BD_Entree | checkPoint | DDM (0.0.0.0)
2025-02-27 10:11:04.01 | Robert M. Vigneault | Clients_v5.4.xlsm | modMain:Update_External_GCF_BD_Entree = '1,0938 secondes'
2025-02-27 10:11:04.01 | Robert M. Vigneault | Clients_v5.4.xlsm | modMain:CM_Update_Locally_GCF_BD_Entrée | 
2025-02-27 10:11:04.03 | Robert M. Vigneault | Clients_v5.4.xlsm | modMain:CM_Update_Locally_GCF_BD_Entrée = '0,0195 secondes'
2025-02-27 10:11:04.03 | Robert M. Vigneault | Clients_v5.4.xlsm | modMain:CM_Reset_UserForm | 
2025-02-27 10:11:04.03 | Robert M. Vigneault | Clients_v5.4.xlsm | modMain:CM_Add_SearchColumn | 
2025-02-27 10:11:04.03 | Robert M. Vigneault | Clients_v5.4.xlsm | ufClientMF:cmbSearchColumn_Change | 
2025-02-27 10:11:04.04 | Robert M. Vigneault | Clients_v5.4.xlsm | ufClientMF:cmbSearchColumn_Change = '0,0156 secondes'
2025-02-27 10:11:04.04 | Robert M. Vigneault | Clients_v5.4.xlsm | ufClientMF:cmbSearchColumn_Change | 
2025-02-27 10:11:04.04 | Robert M. Vigneault | Clients_v5.4.xlsm | ufClientMF:cmbSearchColumn_Change = '0,0000 secondes'
2025-02-27 10:11:04.04 | Robert M. Vigneault | Clients_v5.4.xlsm | modMain:CM_Add_SearchColumn = '0,0156 secondes'
2025-02-27 10:11:04.07 | Robert M. Vigneault | Clients_v5.4.xlsm | modMain:CM_Reset_UserForm = '0,0469 secondes'
2025-02-27 10:11:04.09 | Robert M. Vigneault | Clients_v5.4.xlsm | ufClientMF:lstDonnées_Click | 
2025-02-27 10:11:04.09 | Robert M. Vigneault | Clients_v5.4.xlsm | ufClientMF:lstDonnées_Click = '0,0000 secondes'
2025-02-27 10:11:04.09 | Robert M. Vigneault | Clients_v5.4.xlsm | ufClientMF:MAJ_Fichier_Client = '6,8008 secondes'
2025-02-27 10:11:10.26 | Robert M. Vigneault | Clients_v5.4.xlsm | ufClientMF:lstDonnées_Click | 
2025-02-27 10:11:10.27 | Robert M. Vigneault | Clients_v5.4.xlsm | ufClientMF:lstDonnées_Click = '0,0039 secondes'
2025-02-27 10:11:10.54 | Robert M. Vigneault | Clients_v5.4.xlsm | ufClientMF:lstDonnées_DblClick | 
2025-02-27 10:11:10.55 | Robert M. Vigneault | Clients_v5.4.xlsm | ufClientMF:cmdEdit_Click | 
2025-02-27 10:11:10.55 | Robert M. Vigneault | Clients_v5.4.xlsm | modMain:Fn_Selected_List | 
2025-02-27 10:11:10.55 | Robert M. Vigneault | Clients_v5.4.xlsm | modMain:Fn_Selected_List = '0,0000 secondes'
2025-02-27 10:11:10.55 | Robert M. Vigneault | Clients_v5.4.xlsm | modMain:Fn_Selected_List | 
2025-02-27 10:11:10.55 | Robert M. Vigneault | Clients_v5.4.xlsm | modMain:Fn_Selected_List = '0,0000 secondes'
2025-02-27 10:11:10.56 | Robert M. Vigneault | Clients_v5.4.xlsm | ufClientMF:cmdEdit_Click = '0,0156 secondes'
2025-02-27 10:11:10.56 | Robert M. Vigneault | Clients_v5.4.xlsm | ufClientMF:lstDonnées_DblClick = '0,0234 secondes'
2025-02-27 10:11:12.83 | Robert M. Vigneault | Clients_v5.4.xlsm | ufClientMF:txtCodeClient_Exit | 
2025-02-27 10:11:12.84 | Robert M. Vigneault | Clients_v5.4.xlsm | modMain:Fn_Is_Client_Code_Already_Used | 
2025-02-27 10:11:12.84 | Robert M. Vigneault | Clients_v5.4.xlsm | modMain:Fn_Is_Client_Code_Already_Used | checkPoint | VRAI
2025-02-27 10:11:12.84 | Robert M. Vigneault | Clients_v5.4.xlsm | modMain:Fn_Is_Client_Code_Already_Used = '0,0078 secondes'
2025-02-27 10:11:12.84 | Robert M. Vigneault | Clients_v5.4.xlsm | ufClientMF:txtCodeClient_Exit = '0,0117 secondes'
2025-02-27 10:11:12.95 | Robert M. Vigneault | Clients_v5.4.xlsm | ufClientMF:MAJ_Fichier_Client | 
2025-02-27 10:11:12.96 | Robert M. Vigneault | Clients_v5.4.xlsm | modMain:Fn_ValidateEntries | 
2025-02-27 10:11:16.00 | Robert M. Vigneault | Clients_v5.4.xlsm | modMain:Fn_ValidateEntries = '4,0430 secondes'
2025-02-27 10:11:17.00 | Robert M. Vigneault | Clients_v5.4.xlsm | ufClientMF:Fix_Some_Fields | 
2025-02-27 10:11:17.01 | Robert M. Vigneault | Clients_v5.4.xlsm | ufClientMF:Fix_Some_Fields = '0,0039 secondes'
2025-02-27 10:11:18.38 | Robert M. Vigneault | Clients_v5.4.xlsm | modMain:Fn_Is_Client_Code_Already_Used | 
2025-02-27 10:11:18.39 | Robert M. Vigneault | Clients_v5.4.xlsm | modMain:Fn_Is_Client_Code_Already_Used | checkPoint | VRAI
2025-02-27 10:11:18.39 | Robert M. Vigneault | Clients_v5.4.xlsm | modMain:Fn_Is_Client_Code_Already_Used = '0,0156 secondes'
2025-02-27 10:11:18.40 | Robert M. Vigneault | Clients_v5.4.xlsm | modMain:Update_External_GCF_BD_Entree | UPDATE
2025-02-27 10:11:18.47 | Robert M. Vigneault | Clients_v5.4.xlsm | modMain:Update_External_GCF_BD_Entree | checkPoint | UPDATE '1823' was here
2025-02-27 10:11:19.01 | Robert M. Vigneault | Clients_v5.4.xlsm | modMain:Update_External_GCF_BD_Entree | checkPoint | DDM (0.0.0.1)
2025-02-27 10:11:19.02 | Robert M. Vigneault | Clients_v5.4.xlsm | modMain:Update_External_GCF_BD_Entree = '0,6133 secondes'
2025-02-27 10:11:19.02 | Robert M. Vigneault | Clients_v5.4.xlsm | modMain:CM_Update_Locally_GCF_BD_Entrée | 
2025-02-27 10:11:19.03 | Robert M. Vigneault | Clients_v5.4.xlsm | ufClientMF:lstDonnées_Click | 
2025-02-27 10:11:19.03 | Robert M. Vigneault | Clients_v5.4.xlsm | ufClientMF:lstDonnées_Click = '0,0000 secondes'
2025-02-27 10:11:19.08 | Robert M. Vigneault | Clients_v5.4.xlsm | ufClientMF:lstDonnées_Click | 
2025-02-27 10:11:19.08 | Robert M. Vigneault | Clients_v5.4.xlsm | ufClientMF:lstDonnées_Click = '0,0000 secondes'
2025-02-27 10:11:19.09 | Robert M. Vigneault | Clients_v5.4.xlsm | ufClientMF:lstDonnées_Click | 
2025-02-27 10:11:19.09 | Robert M. Vigneault | Clients_v5.4.xlsm | ufClientMF:lstDonnées_Click = '0,0000 secondes'
2025-02-27 10:11:19.13 | Robert M. Vigneault | Clients_v5.4.xlsm | ufClientMF:lstDonnées_Click | 
2025-02-27 10:11:19.13 | Robert M. Vigneault | Clients_v5.4.xlsm | ufClientMF:lstDonnées_Click = '0,0078 secondes'
2025-02-27 10:11:19.14 | Robert M. Vigneault | Clients_v5.4.xlsm | ufClientMF:lstDonnées_Click | 
2025-02-27 10:11:19.14 | Robert M. Vigneault | Clients_v5.4.xlsm | ufClientMF:lstDonnées_Click = '0,0000 secondes'
2025-02-27 10:11:19.18 | Robert M. Vigneault | Clients_v5.4.xlsm | ufClientMF:lstDonnées_Click | 
2025-02-27 10:11:19.19 | Robert M. Vigneault | Clients_v5.4.xlsm | ufClientMF:lstDonnées_Click = '0,0117 secondes'
2025-02-27 10:11:19.19 | Robert M. Vigneault | Clients_v5.4.xlsm | ufClientMF:lstDonnées_Click | 
2025-02-27 10:11:19.19 | Robert M. Vigneault | Clients_v5.4.xlsm | ufClientMF:lstDonnées_Click = '0,0078 secondes'
2025-02-27 10:11:19.23 | Robert M. Vigneault | Clients_v5.4.xlsm | ufClientMF:lstDonnées_Click | 
2025-02-27 10:11:19.23 | Robert M. Vigneault | Clients_v5.4.xlsm | ufClientMF:lstDonnées_Click = '0,0078 secondes'
2025-02-27 10:11:19.23 | Robert M. Vigneault | Clients_v5.4.xlsm | ufClientMF:lstDonnées_Click | 
2025-02-27 10:11:19.23 | Robert M. Vigneault | Clients_v5.4.xlsm | ufClientMF:lstDonnées_Click = '0,0000 secondes'
2025-02-27 10:11:19.28 | Robert M. Vigneault | Clients_v5.4.xlsm | ufClientMF:lstDonnées_Click | 
2025-02-27 10:11:19.29 | Robert M. Vigneault | Clients_v5.4.xlsm | ufClientMF:lstDonnées_Click = '0,0078 secondes'
2025-02-27 10:11:19.29 | Robert M. Vigneault | Clients_v5.4.xlsm | ufClientMF:lstDonnées_Click | 
2025-02-27 10:11:19.30 | Robert M. Vigneault | Clients_v5.4.xlsm | ufClientMF:lstDonnées_Click = '0,0156 secondes'
2025-02-27 10:11:19.34 | Robert M. Vigneault | Clients_v5.4.xlsm | ufClientMF:lstDonnées_Click | 
2025-02-27 10:11:19.34 | Robert M. Vigneault | Clients_v5.4.xlsm | ufClientMF:lstDonnées_Click = '0,0000 secondes'
2025-02-27 10:11:19.35 | Robert M. Vigneault | Clients_v5.4.xlsm | ufClientMF:lstDonnées_Click | 
2025-02-27 10:11:19.35 | Robert M. Vigneault | Clients_v5.4.xlsm | ufClientMF:lstDonnées_Click = '0,0000 secondes'
2025-02-27 10:11:19.39 | Robert M. Vigneault | Clients_v5.4.xlsm | ufClientMF:lstDonnées_Click | 
2025-02-27 10:11:19.39 | Robert M. Vigneault | Clients_v5.4.xlsm | ufClientMF:lstDonnées_Click = '0,0078 secondes'
2025-02-27 10:11:19.40 | Robert M. Vigneault | Clients_v5.4.xlsm | ufClientMF:lstDonnées_Click | 
2025-02-27 10:11:19.41 | Robert M. Vigneault | Clients_v5.4.xlsm | ufClientMF:lstDonnées_Click = '0,0078 secondes'
2025-02-27 10:11:19.45 | Robert M. Vigneault | Clients_v5.4.xlsm | ufClientMF:lstDonnées_Click | 
2025-02-27 10:11:19.45 | Robert M. Vigneault | Clients_v5.4.xlsm | ufClientMF:lstDonnées_Click = '0,0000 secondes'
2025-02-27 10:11:19.45 | Robert M. Vigneault | Clients_v5.4.xlsm | ufClientMF:lstDonnées_Click | 
2025-02-27 10:11:19.46 | Robert M. Vigneault | Clients_v5.4.xlsm | ufClientMF:lstDonnées_Click = '0,0117 secondes'
2025-02-27 10:11:19.50 | Robert M. Vigneault | Clients_v5.4.xlsm | ufClientMF:lstDonnées_Click | 
2025-02-27 10:11:19.50 | Robert M. Vigneault | Clients_v5.4.xlsm | ufClientMF:lstDonnées_Click = '0,0000 secondes'
2025-02-27 10:11:19.51 | Robert M. Vigneault | Clients_v5.4.xlsm | ufClientMF:lstDonnées_Click | 
2025-02-27 10:11:19.51 | Robert M. Vigneault | Clients_v5.4.xlsm | ufClientMF:lstDonnées_Click = '0,0000 secondes'
2025-02-27 10:11:19.55 | Robert M. Vigneault | Clients_v5.4.xlsm | ufClientMF:lstDonnées_Click | 
2025-02-27 10:11:19.55 | Robert M. Vigneault | Clients_v5.4.xlsm | ufClientMF:lstDonnées_Click = '0,0078 secondes'
2025-02-27 10:11:19.55 | Robert M. Vigneault | Clients_v5.4.xlsm | ufClientMF:lstDonnées_Click | 
2025-02-27 10:11:19.57 | Robert M. Vigneault | Clients_v5.4.xlsm | ufClientMF:lstDonnées_Click = '0,0117 secondes'
2025-02-27 10:11:19.61 | Robert M. Vigneault | Clients_v5.4.xlsm | ufClientMF:lstDonnées_Click | 
2025-02-27 10:11:19.61 | Robert M. Vigneault | Clients_v5.4.xlsm | ufClientMF:lstDonnées_Click = '0,0000 secondes'
2025-02-27 10:11:19.62 | Robert M. Vigneault | Clients_v5.4.xlsm | ufClientMF:lstDonnées_Click | 
2025-02-27 10:11:19.62 | Robert M. Vigneault | Clients_v5.4.xlsm | ufClientMF:lstDonnées_Click = '0,0000 secondes'
2025-02-27 10:11:19.66 | Robert M. Vigneault | Clients_v5.4.xlsm | ufClientMF:lstDonnées_Click | 
2025-02-27 10:11:19.66 | Robert M. Vigneault | Clients_v5.4.xlsm | ufClientMF:lstDonnées_Click = '0,0000 secondes'
2025-02-27 10:11:19.66 | Robert M. Vigneault | Clients_v5.4.xlsm | ufClientMF:lstDonnées_Click | 
2025-02-27 10:11:19.66 | Robert M. Vigneault | Clients_v5.4.xlsm | ufClientMF:lstDonnées_Click = '0,0000 secondes'
2025-02-27 10:11:19.71 | Robert M. Vigneault | Clients_v5.4.xlsm | ufClientMF:lstDonnées_Click | 
2025-02-27 10:11:19.71 | Robert M. Vigneault | Clients_v5.4.xlsm | ufClientMF:lstDonnées_Click = '0,0000 secondes'
2025-02-27 10:11:19.72 | Robert M. Vigneault | Clients_v5.4.xlsm | ufClientMF:lstDonnées_Click | 
2025-02-27 10:11:19.73 | Robert M. Vigneault | Clients_v5.4.xlsm | ufClientMF:lstDonnées_Click = '0,0039 secondes'
2025-02-27 10:11:19.76 | Robert M. Vigneault | Clients_v5.4.xlsm | ufClientMF:lstDonnées_Click | 
2025-02-27 10:11:19.78 | Robert M. Vigneault | Clients_v5.4.xlsm | ufClientMF:lstDonnées_Click = '0,0156 secondes'
2025-02-27 10:11:19.78 | Robert M. Vigneault | Clients_v5.4.xlsm | ufClientMF:lstDonnées_Click | 
2025-02-27 10:11:19.78 | Robert M. Vigneault | Clients_v5.4.xlsm | ufClientMF:lstDonnées_Click = '0,0000 secondes'
2025-02-27 10:11:19.82 | Robert M. Vigneault | Clients_v5.4.xlsm | ufClientMF:lstDonnées_Click | 
2025-02-27 10:11:19.82 | Robert M. Vigneault | Clients_v5.4.xlsm | ufClientMF:lstDonnées_Click = '0,0000 secondes'
2025-02-27 10:11:19.83 | Robert M. Vigneault | Clients_v5.4.xlsm | ufClientMF:lstDonnées_Click | 
2025-02-27 10:11:19.83 | Robert M. Vigneault | Clients_v5.4.xlsm | ufClientMF:lstDonnées_Click = '0,0000 secondes'
2025-02-27 10:11:19.88 | Robert M. Vigneault | Clients_v5.4.xlsm | ufClientMF:lstDonnées_Click | 
2025-02-27 10:11:19.88 | Robert M. Vigneault | Clients_v5.4.xlsm | ufClientMF:lstDonnées_Click = '0,0000 secondes'
2025-02-27 10:11:19.88 | Robert M. Vigneault | Clients_v5.4.xlsm | ufClientMF:lstDonnées_Click | 
2025-02-27 10:11:19.89 | Robert M. Vigneault | Clients_v5.4.xlsm | ufClientMF:lstDonnées_Click = '0,0156 secondes'
2025-02-27 10:11:19.92 | Robert M. Vigneault | Clients_v5.4.xlsm | ufClientMF:lstDonnées_Click | 
2025-02-27 10:11:19.93 | Robert M. Vigneault | Clients_v5.4.xlsm | ufClientMF:lstDonnées_Click = '0,0117 secondes'
2025-02-27 10:11:19.93 | Robert M. Vigneault | Clients_v5.4.xlsm | ufClientMF:lstDonnées_Click | 
2025-02-27 10:11:19.93 | Robert M. Vigneault | Clients_v5.4.xlsm | ufClientMF:lstDonnées_Click = '0,0000 secondes'
2025-02-27 10:11:19.97 | Robert M. Vigneault | Clients_v5.4.xlsm | ufClientMF:lstDonnées_Click | 
2025-02-27 10:11:19.97 | Robert M. Vigneault | Clients_v5.4.xlsm | ufClientMF:lstDonnées_Click = '0,0000 secondes'
2025-02-27 10:11:20.01 | Robert M. Vigneault | Clients_v5.4.xlsm | modMain:CM_Update_Locally_GCF_BD_Entrée = '0,9883 secondes'
2025-02-27 10:11:20.01 | Robert M. Vigneault | Clients_v5.4.xlsm | modMain:CM_Reset_UserForm | 
2025-02-27 10:11:20.02 | Robert M. Vigneault | Clients_v5.4.xlsm | modMain:CM_Add_SearchColumn | 
2025-02-27 10:11:20.02 | Robert M. Vigneault | Clients_v5.4.xlsm | ufClientMF:cmbSearchColumn_Change | 
2025-02-27 10:11:20.02 | Robert M. Vigneault | Clients_v5.4.xlsm | ufClientMF:cmbSearchColumn_Change = '0,0039 secondes'
2025-02-27 10:11:20.02 | Robert M. Vigneault | Clients_v5.4.xlsm | ufClientMF:cmbSearchColumn_Change | 
2025-02-27 10:11:20.03 | Robert M. Vigneault | Clients_v5.4.xlsm | ufClientMF:cmbSearchColumn_Change = '0,0078 secondes'
2025-02-27 10:11:20.03 | Robert M. Vigneault | Clients_v5.4.xlsm | modMain:CM_Add_SearchColumn = '0,0117 secondes'
2025-02-27 10:11:20.08 | Robert M. Vigneault | Clients_v5.4.xlsm | ufClientMF:lstDonnées_Click | 
2025-02-27 10:11:20.08 | Robert M. Vigneault | Clients_v5.4.xlsm | ufClientMF:lstDonnées_Click = '0,0000 secondes'
2025-02-27 10:11:20.09 | Robert M. Vigneault | Clients_v5.4.xlsm | modMain:CM_Reset_UserForm = '0,0859 secondes'
2025-02-27 10:11:20.10 | Robert M. Vigneault | Clients_v5.4.xlsm | ufClientMF:MAJ_Fichier_Client = '7,1484 secondes'
2025-02-27 10:11:38.60 | Robert M. Vigneault | Clients_v5.4.xlsm | ***** Fin de session - Workbook_BeforeClose ***** | 
2025-02-27 10:11:53.59 | Robert M. Vigneault | Clients_v5.4.xlsm | ***** Début de session - Workbook_Open ***** | 
2025-02-27 10:11:53.59 | Robert M. Vigneault | Clients_v5.4.xlsm | modMain:CM_Client_List_Import_All | 
2025-02-27 10:11:53.70 | Robert M. Vigneault | Clients_v5.4.xlsm | modMain:CM_Apply_Worksheet_Format | 
2025-02-27 10:11:53.79 | Robert M. Vigneault | Clients_v5.4.xlsm | modMain:CM_Apply_Worksheet_Format = '0,0859 secondes'
2025-02-27 10:11:53.85 | Robert M. Vigneault | Clients_v5.4.xlsm | modMain:CM_Client_List_Import_All = '0,2656 secondes'
2025-02-27 10:11:53.89 | Robert M. Vigneault | Clients_v5.4.xlsm | ufClientMF:UserForm_Initialize | 
2025-02-27 10:11:53.89 | Robert M. Vigneault | Clients_v5.4.xlsm | modMain:CM_Reset_UserForm | 
2025-02-27 10:11:53.89 | Robert M. Vigneault | Clients_v5.4.xlsm | modMain:CM_Add_SearchColumn | 
2025-02-27 10:11:53.89 | Robert M. Vigneault | Clients_v5.4.xlsm | ufClientMF:cmbSearchColumn_Change | 
2025-02-27 10:11:53.89 | Robert M. Vigneault | Clients_v5.4.xlsm | ufClientMF:cmbSearchColumn_Change = '0,0000 secondes'
2025-02-27 10:11:53.89 | Robert M. Vigneault | Clients_v5.4.xlsm | modMain:CM_Add_SearchColumn = '0,0078 secondes'
2025-02-27 10:11:53.93 | Robert M. Vigneault | Clients_v5.4.xlsm | modMain:CM_Reset_UserForm = '0,0430 secondes'
2025-02-27 10:11:53.93 | Robert M. Vigneault | Clients_v5.4.xlsm | ufClientMF:UserForm_Initialize = '0,0430 secondes'
2025-02-27 10:14:05.62 | Robert M. Vigneault | Clients_v5.4.xlsm | ***** Fin de session - Workbook_BeforeClose ***** | 
2025-02-27 10:15:42.12 | Robert M. Vigneault | Clients_v5.4.xlsm | ***** Début de session - Workbook_Open ***** | 
2025-02-27 10:15:42.12 | Robert M. Vigneault | Clients_v5.4.xlsm | modMain:CM_Client_List_Import_All | 
2025-02-27 10:15:42.27 | Robert M. Vigneault | Clients_v5.4.xlsm | modMain:CM_Apply_Worksheet_Format | 
2025-02-27 10:15:42.38 | Robert M. Vigneault | Clients_v5.4.xlsm | modMain:CM_Apply_Worksheet_Format = '0,1094 secondes'
2025-02-27 10:15:42.46 | Robert M. Vigneault | Clients_v5.4.xlsm | modMain:CM_Client_List_Import_All = '0,3438 secondes'
2025-02-27 10:15:42.50 | Robert M. Vigneault | Clients_v5.4.xlsm | ufClientMF:UserForm_Initialize | 
2025-02-27 10:15:42.50 | Robert M. Vigneault | Clients_v5.4.xlsm | modMain:CM_Reset_UserForm | 
2025-02-27 10:15:42.50 | Robert M. Vigneault | Clients_v5.4.xlsm | modMain:CM_Add_SearchColumn | 
2025-02-27 10:15:42.50 | Robert M. Vigneault | Clients_v5.4.xlsm | ufClientMF:cmbSearchColumn_Change | 
2025-02-27 10:15:42.50 | Robert M. Vigneault | Clients_v5.4.xlsm | ufClientMF:cmbSearchColumn_Change = '0,0000 secondes'
2025-02-27 10:15:42.50 | Robert M. Vigneault | Clients_v5.4.xlsm | modMain:CM_Add_SearchColumn = '0,0000 secondes'
2025-02-27 10:15:42.54 | Robert M. Vigneault | Clients_v5.4.xlsm | modMain:CM_Reset_UserForm = '0,0391 secondes'
2025-02-27 10:15:42.54 | Robert M. Vigneault | Clients_v5.4.xlsm | ufClientMF:UserForm_Initialize = '0,0391 secondes'
2025-02-27 10:17:14.42 | Robert M. Vigneault | Clients_v5.4.xlsm | ***** Fin de session - Workbook_BeforeClose ***** | 
