2025-02-21 17:31:45.14 | Robert M. Vigneault | APP_v6.A.2.xlsb | ADD    4271 | GC | 21/02/2025 | 193r | 9299-2585 Québec Inc. [Informat] [Robert M. Vigneault] | Test | 10,00 | VRAI | 
2025-02-21 17:32:28.02 | Robert M. Vigneault | APP_v6.A.2.xlsb | DELETE-4271 | GC | 21/02/2025 | 193r | 9299-2585 Québec Inc. [Informat] [Robert M. Vigneault] | Test | 10,00 | VRAI | 
2025-03-04 07:15:55.26 | Robert M. Vigneault | APP_v6.B.0.xlsb | UPDATE 4568 | GC | 03/03/2025 | 193r | 9299-2585 Québec Inc. [Informat] [Robert M. Vigneault] | tel avec Lora sur écritures comptables + revoir écriture comptable de rachat avec chiffres à jour | 1,00 | VRAI | 
2025-03-04 07:16:43.50 | Robert M. Vigneault | APP_v6.B.0.xlsb | UPDATE 4568 | GC | 03/03/2025 | 1669 | Ventilabec Inc. [Lora Stoycheva] | tel avec Lora sur écritures comptables + revoir écriture comptable de rachat avec chiffres à jour | 1,00 | VRAI | 
2025-03-04 07:18:24.17 | Robert M. Vigneault | APP_v6.B.0.xlsb | UPDATE 4568 | GC | 03/03/2025 | 193r | 9299-2585 Québec Inc. [Informat] [Robert M. Vigneault] | tel avec Lora sur écritures comptables + revoir écriture comptable de rachat avec chiffres à jour | 1,00 | VRAI | 
2025-03-04 07:18:46.66 | Robert M. Vigneault | APP_v6.B.0.xlsb | UPDATE 4568 | GC | 03/03/2025 | 1669 | Ventilabec Inc. [Lora Stoycheva] | tel avec Lora sur écritures comptables + revoir écriture comptable de rachat avec chiffres à jour | 1,00 | VRAI | 
2025-03-04 07:19:10.18 | Robert M. Vigneault | APP_v6.B.0.xlsb | UPDATE 4568 | GC | 03/03/2025 | 193r | 9299-2585 Québec Inc. [Informat] [Robert M. Vigneault] | tel avec Lora sur écritures comptables + revoir écriture comptable de rachat avec chiffres à jour | 1,00 | VRAI | 
2025-03-04 07:19:38.72 | Robert M. Vigneault | APP_v6.B.0.xlsb | UPDATE 4568 | GC | 03/03/2025 | 1669 | Ventilabec Inc. [Lora Stoycheva] | tel avec Lora sur écritures comptables + revoir écriture comptable de rachat avec chiffres à jour | 1,00 | VRAI | 
2025-03-04 07:20:11.51 | Robert M. Vigneault | APP_v6.B.0.xlsb | UPDATE 4568 | GC | 03/03/2025 | 193r | 9299-2585 Québec Inc. [Informat] [Robert M. Vigneault] | tel avec Lora sur écritures comptables + revoir écriture comptable de rachat avec chiffres à jour | 1,00 | VRAI | 
2025-03-04 07:25:40.15 | Robert M. Vigneault | APP_v6.B.0.xlsb | UPDATE 4568 | GC | 03/03/2025 | 1669 | Ventilabec Inc. [Lora Stoycheva] | tel avec Lora sur écritures comptables + revoir écriture comptable de rachat avec chiffres à jour | 1,00 | VRAI | 
2025-03-04 07:27:32.74 | Robert M. Vigneault | APP_v6.B.0.xlsb | UPDATE 4568 | GC | 03/03/2025 | 193r | 9299-2585 Québec Inc. [Informat] [Robert M. Vigneault] | tel avec Lora sur écritures comptables + revoir écriture comptable de rachat avec chiffres à jour | 1,00 | VRAI | 
2025-03-04 07:48:54.20 | Robert M. Vigneault | APP_v6.B.0.xlsb | UPDATE 4568 | GC | 03/03/2025 | 1669 | Ventilabec Inc. [Lora Stoycheva] | tel avec Lora sur écritures comptables + revoir écriture comptable de rachat avec chiffres à jour | 1,00 | VRAI | 
2025-03-04 07:52:31.37 | Robert M. Vigneault | APP_v6.B.0.xlsb | UPDATE 4568 | GC | 03/03/2025 | 193r | 9299-2585 Québec Inc. [Informat] [Robert M. Vigneault] | tel avec Lora sur écritures comptables + revoir écriture comptable de rachat avec chiffres à jour | 1,00 | VRAI | 
2025-03-04 07:58:25.02 | Robert M. Vigneault | APP_v6.B.0.xlsb | UPDATE 4568 | GC | 03/03/2025 | 1669 | Ventilabec Inc. [Lora Stoycheva] | tel avec Lora sur écritures comptables + revoir écriture comptable de rachat avec chiffres à jour | 1,00 | VRAI | 
2025-03-04 08:02:45.88 | Robert M. Vigneault | APP_v6.B.0.xlsb | UPDATE 4568 | GC | 03/03/2025 | 193r | 9299-2585 Québec Inc. [Informat] [Robert M. Vigneault] | tel avec Lora sur écritures comptables + revoir écriture comptable de rachat avec chiffres à jour | 1,00 | VRAI | 
2025-03-04 08:02:58.88 | Robert M. Vigneault | APP_v6.B.0.xlsb | UPDATE 4568 | GC | 03/03/2025 | 1669 | Ventilabec Inc. [Lora Stoycheva] | tel avec Lora sur écritures comptables + revoir écriture comptable de rachat avec chiffres à jour | 1,00 | VRAI | 
2025-03-04 08:03:09.96 | Robert M. Vigneault | APP_v6.B.0.xlsb | UPDATE 4568 | GC | 03/03/2025 | 193r | 9299-2585 Québec Inc. [Informat] [Robert M. Vigneault] | tel avec Lora sur écritures comptables + revoir écriture comptable de rachat avec chiffres à jour | 1,00 | VRAI | 
2025-03-04 08:03:20.14 | Robert M. Vigneault | APP_v6.B.0.xlsb | UPDATE 4568 | GC | 03/03/2025 | 1669 | Ventilabec Inc. [Lora Stoycheva] | tel avec Lora sur écritures comptables + revoir écriture comptable de rachat avec chiffres à jour | 1,00 | VRAI | 
2025-03-07 05:31:36.98 | Robert M. Vigneault | APP_v6.B.3.xlsb | ADD    4671 | GC | 06/03/2025 | 193r | 9299-2585 Québec Inc. [Informat] [Robert M. Vigneault] | Test | 0,10 | VRAI | 
2025-03-07 05:31:54.31 | Robert M. Vigneault | APP_v6.B.3.xlsb | UPDATE 4671 | GC | 06/03/2025 | 1669 | Ventilabec Inc. [Lora Stoycheva] | Test | 0,20 | VRAI | 
2025-03-07 05:33:09.27 | Robert M. Vigneault | APP_v6.B.3.xlsb | UPDATE 4671 | GC | 06/03/2025 | 193r | 9299-2585 Québec Inc. [Informat] [Robert M. Vigneault] | Test | 0,10 | VRAI | 
2025-03-07 05:34:02.61 | Robert M. Vigneault | APP_v6.B.3.xlsb | DELETE-4671 | GC | 06/03/2025 | 193r | 9299-2585 Québec Inc. [Informat] [Robert M. Vigneault] | Test | 0,10 | VRAI | 
2025-03-09 12:17:06.99 | Robert M. Vigneault | APP_v6.B.3.xlsb | ADD    4689 | ML | 07/03/2025 | 193r | 9299-2585 Québec Inc. [Informat] [Robert M. Vigneault] | Test | 0,10 | VRAI | 
2025-03-09 12:31:51.29 | Robert M. Vigneault | APP_v6.B.3.xlsb | ADD    4690 | ML | 07/03/2025 | 193r | 9299-2585 Québec Inc. [Informat] [Robert M. Vigneault] | Test | 0,10 | VRAI | 
2025-03-09 12:32:03.06 | Robert M. Vigneault | APP_v6.B.3.xlsb | DELETE-4689 | ML | 07/03/2025 | 193r | 9299-2585 Québec Inc. [Informat] [Robert M. Vigneault] | Test | 0,10 | VRAI | 
2025-03-09 12:32:13.90 | Robert M. Vigneault | APP_v6.B.3.xlsb | DELETE-4690 | ML | 07/03/2025 | 193r | 9299-2585 Québec Inc. [Informat] [Robert M. Vigneault] | Test | 0,10 | VRAI | 
2025-03-09 12:33:02.86 | Robert M. Vigneault | APP_v6.B.3.xlsb | ADD    4691 | ML | 08/03/2025 | 193r | 9299-2585 Québec Inc. [Informat] [Robert M. Vigneault] | Test | 0,10 | VRAI | 
2025-03-09 12:34:23.07 | Robert M. Vigneault | APP_v6.B.3.xlsb | UPDATE 4691 | ML | 08/03/2025 | 193l | 9299-2593 Québec Inc. [anciennement Informat] [Luc Grenier] | Test | 0,10 | VRAI | 
2025-03-09 12:36:10.34 | Robert M. Vigneault | APP_v6.B.3.xlsb | UPDATE 4691 | ML | 08/03/2025 | 193l | 9299-2593 Québec Inc. [anciennement Informat] [Luc Grenier] | Test | 0,25 | VRAI | 
2025-03-09 12:36:28.22 | Robert M. Vigneault | APP_v6.B.3.xlsb | UPDATE 4691 | ML | 08/03/2025 | 193l | 9299-2593 Québec Inc. [anciennement Informat] [Luc Grenier] | Test | 0,20 | VRAI | 
2025-03-09 12:40:27.71 | Robert M. Vigneault | APP_v6.B.3.xlsb | DELETE-4691 | ML | 08/03/2025 | 193l | 9299-2593 Québec Inc. [anciennement Informat] [Luc Grenier] | Test | 0,20 | VRAI | 
2025-03-14 11:11:46.71 | Robert M. Vigneault | APP_v6.C.1.xlsb | ADD    4835 | OB | 14/03/2025 | 193r | 9299-2585 Québec Inc. [Informat] [Robert M. Vigneault] | Test | 0,10 | VRAI | Commentaire / Note
2025-03-14 11:11:57.38 | Robert M. Vigneault | APP_v6.C.1.xlsb | UPDATE 4835 | OB | 14/03/2025 | 193r | 9299-2585 Québec Inc. [Informat] [Robert M. Vigneault] | Test | 0,20 | VRAI | Commentaire / Note
2025-03-14 11:12:21.16 | Robert M. Vigneault | APP_v6.C.1.xlsb | UPDATE 4835 | OB | 14/03/2025 | 1516 | Les Industries Canplex Ltée [Marco Stocchero] | Test | 0,20 | VRAI | Commentaire / Note
2025-03-14 11:14:38.92 | Robert M. Vigneault | APP_v6.C.1.xlsb | DELETE-4835 | OB | 14/03/2025 | 1516 | Les Industries Canplex Ltée [Marco Stocchero] | Test | 0,20 | VRAI | Commentaire / Note
2025-03-25 13:00:39.75 | Robert M. Vigneault | APP_v6.C.3.xlsb | UPDATE 5057 | AR | 21/03/2025 | 1112 | Vignoble Kobloth et fils Inc. [Roxane Gauthier] | Correction des factures à payer (annulation de factures), rapport des taxes à payer pour le trimestre de décembre 2024 à février 2025 | 0,60 | VRAI | 
2025-03-25 13:00:48.54 | Robert M. Vigneault | APP_v6.C.3.xlsb | UPDATE 5057 | AR | 21/03/2025 | 1112 | Vignoble Kobloth et fils Inc. [Roxane Gauthier] | Correction des factures à payer (annulation de factures), rapport des taxes à payer pour le trimestre de décembre 2024 à février 2025 | 0,50 | VRAI | 
2025-03-25 13:01:11.70 | Robert M. Vigneault | APP_v6.C.3.xlsb | ADD    5067 | GC | 25/03/2025 | 193r | 9299-2585 Québec Inc. [Informat] [Robert M. Vigneault] | Test | 0,10 | VRAI | 
2025-03-25 13:01:24.59 | Robert M. Vigneault | APP_v6.C.3.xlsb | UPDATE 5067 | GC | 25/03/2025 | 193r | 9299-2585 Québec Inc. [Informat] [Robert M. Vigneault] | Testa | 0,20 | VRAI | 
2025-03-25 13:01:34.79 | Robert M. Vigneault | APP_v6.C.3.xlsb | UPDATE 5067 | GC | 25/03/2025 | 193r | 9299-2585 Québec Inc. [Informat] [Robert M. Vigneault] | Test | 0,10 | VRAI | 
2025-03-25 13:11:08.36 | Robert M. Vigneault | APP_v6.C.3.xlsb | UPDATE 5067 | GC | 25/03/2025 | 193r | 9299-2585 Québec Inc. [Informat] [Robert M. Vigneault] | Testa | 0,10 | VRAI | 
2025-03-25 13:18:20.63 | Robert M. Vigneault | APP_v6.C.3.xlsb | UPDATE 5067 | GC | 25/03/2025 | 193r | 9299-2585 Québec Inc. [Informat] [Robert M. Vigneault] | Testa | 0,10 | VRAI | 
2025-03-25 13:18:32.75 | Robert M. Vigneault | APP_v6.C.3.xlsb | UPDATE 5067 | GC | 25/03/2025 | 193r | 9299-2585 Québec Inc. [Informat] [Robert M. Vigneault] | Testa | 0,20 | VRAI | 
2025-03-25 13:18:54.77 | Robert M. Vigneault | APP_v6.C.3.xlsb | UPDATE 5067 | GC | 25/03/2025 | 193r | 9299-2585 Québec Inc. [Informat] [Robert M. Vigneault] | Testa | 0,20 | VRAI | a
2025-03-25 13:19:10.92 | Robert M. Vigneault | APP_v6.C.3.xlsb | UPDATE 5067 | GC | 25/03/2025 | 193r | 9299-2585 Québec Inc. [Informat] [Robert M. Vigneault] | Test | 0,10 | VRAI | 
2025-03-25 13:19:57.13 | Robert M. Vigneault | APP_v6.C.3.xlsb | ADD    5068 | GC | 25/03/2025 | 193l | 9299-2593 Québec Inc. [anciennement Informat] [Luc Grenier] | Test | 0,10 | VRAI | 
2025-03-25 13:22:28.62 | Robert M. Vigneault | APP_v6.C.3.xlsb | ADD    5068 | GC | 25/03/2025 | 193l | 9299-2593 Québec Inc. [anciennement Informat] [Luc Grenier] | Test | 0,10 | VRAI | 
2025-03-25 13:22:38.96 | Robert M. Vigneault | APP_v6.C.3.xlsb | UPDATE 5068 | GC | 25/03/2025 | 193l | 9299-2593 Québec Inc. [anciennement Informat] [Luc Grenier] | Test | 0,20 | VRAI | 
2025-03-25 13:22:45.72 | Robert M. Vigneault | APP_v6.C.3.xlsb | DELETE-5067 | GC | 25/03/2025 | 193r | 9299-2585 Québec Inc. [Informat] [Robert M. Vigneault] | Test | 0,10 | VRAI | 
2025-03-25 13:22:54.47 | Robert M. Vigneault | APP_v6.C.3.xlsb | DELETE-5068 | GC | 25/03/2025 | 193l | 9299-2593 Québec Inc. [anciennement Informat] [Luc Grenier] | Test | 0,20 | VRAI | 
