2024-11-20 17:59:05.91 | vgervais | APP_v5.D.1.xlsb | ufSaisieHeures:lsbHresJour_dblClick - An entry from the list was double clicked |  | 31
2024-11-20 17:59:05.95 | vgervais | APP_v5.D.1.xlsb | modFunctions:Fn_Find_Row_Number_TEC_ID |  | 31
2024-11-20 17:59:05.99 | vgervais | APP_v5.D.1.xlsb | modFunctions:Fn_Find_Row_Number_TEC_ID - Row # = 2528 |  | 31
2024-11-20 17:59:06.02 | vgervais | APP_v5.D.1.xlsb | modFunctions:Fn_Find_Row_Number_TEC_ID | 0,0703 sec. | 31

2024-11-20 17:59:07.76 | vgervais | APP_v5.D.1.xlsb | ufSaisieHeures:txtClient_AfterUpdate - z_Administratif_Autres non chargeables |  | 31
2024-11-20 17:59:07.79 | vgervais | APP_v5.D.1.xlsb | modFunctions:Fn_GetID_From_Client_Name - z_Administratif_Autres non chargeables |  | 31
2024-11-20 17:59:07.82 | vgervais | APP_v5.D.1.xlsb | modFunctions:Fn_GetID_From_Client_Name - 5 | 0,0312 sec. | 31

2024-11-20 17:59:07.84 | vgervais | APP_v5.D.1.xlsb |    ufSaisieHeures:txtClient_AfterUpdate - 5 |  | 31
2024-11-20 17:59:07.88 | vgervais | APP_v5.D.1.xlsb | ufSaisieHeures:txtClient_AfterUpdate | 0,1250 sec. | 31

2024-11-20 17:59:13.95 | vgervais | APP_v5.D.1.xlsb | ufSaisieHeures:txtActivite_AfterUpdate |  | 31
2024-11-20 17:59:13.99 | vgervais | APP_v5.D.1.xlsb | ufSaisieHeures:txtActivite_AfterUpdate | 0,0391 sec. | 31

2024-11-20 17:59:15.92 | vgervais | APP_v5.D.1.xlsb | ufSaisieHeures:txtHeures_AfterUpdate |  | 31
2024-11-20 17:59:15.96 | vgervais | APP_v5.D.1.xlsb | ufSaisieHeures:txtHeures_AfterUpdate | 0,0508 sec. | 31

2024-11-20 17:59:15.00 | vgervais | APP_v5.D.1.xlsb | ufSaisieHeures:txtHeures_Exit |  | 31
2024-11-20 17:59:16.03 | vgervais | APP_v5.D.1.xlsb | ufSaisieHeures:txtHeures_AfterUpdate | 0,0352 sec. | 31

2024-11-20 17:59:16.70 | vgervais | APP_v5.D.1.xlsb | ufSaisieHeures:cmdUpdate_Click |  | 31
2024-11-20 17:59:16.73 | vgervais | APP_v5.D.1.xlsb | modTEC_Saisie:TEC_Modifie_Ligne |  | 31
2024-11-20 17:59:16.76 | vgervais | APP_v5.D.1.xlsb | modFunctions:Fn_GetID_From_Client_Name - z_Administratif_Autres non chargeables |  | 31
2024-11-20 17:59:16.79 | vgervais | APP_v5.D.1.xlsb | modFunctions:Fn_GetID_From_Client_Name - 5 | 0,0352 sec. | 31

2024-11-20 17:59:16.82 | vgervais | APP_v5.D.1.xlsb | modTEC_Saisie:TEC_Record_Add_Or_Update_To_DB - TECID = '2529' |  | 31
2024-11-20 17:59:17.08 | vgervais | APP_v5.D.1.xlsb |       modTEC_SaisieTEC_Record_Add_Or_Update_To_DB - Update an existing record - Create a new RecordSet 0 |  | 31
2024-11-20 17:59:17.33 | vgervais | APP_v5.D.1.xlsb | modTEC_Saisie:TEC_Record_Add_Or_Update_To_DB | 0,5117 sec. | 31

2024-11-20 17:59:17.37 | vgervais | APP_v5.D.1.xlsb | modTEC_Saisie:TEC_Record_Add_Or_Update_Locally |  | 31
2024-11-20 17:59:17.39 | vgervais | APP_v5.D.1.xlsb | modTEC_Saisie:TEC_Record_Add_Or_Update_Locally - SoftDeleteStart - 2529 |  | 31
2024-11-20 17:59:17.43 | vgervais | APP_v5.D.1.xlsb | modFunctions:Fn_Find_Row_Number_TEC_ID |  | 31
2024-11-20 17:59:17.46 | vgervais | APP_v5.D.1.xlsb | modFunctions:Fn_Find_Row_Number_TEC_ID - Row # = 2528 |  | 31
2024-11-20 17:59:17.49 | vgervais | APP_v5.D.1.xlsb | modFunctions:Fn_Find_Row_Number_TEC_ID | 0,0703 sec. | 31

2024-11-20 17:59:17.54 | vgervais | APP_v5.D.1.xlsb | modTEC_Saisie:TEC_Record_Add_Or_Update_Locally | 0,1719 sec. | 31

2024-11-20 17:59:17.57 | vgervais | APP_v5.D.1.xlsb | modTEC_Saisie:TEC_Get_All_TEC_AF - 2/20-11-2024 |  | 31
2024-11-20 17:59:17.65 | vgervais | APP_v5.D.1.xlsb | modTEC_Saisie:TEC_Get_All_TEC_AF | 0,0820 sec. | 31

2024-11-20 17:59:17.68 | vgervais | APP_v5.D.1.xlsb | modTEC_Saisie:TEC_Refresh_ListBox_And_Add_Hours |  | 31
2024-11-20 17:59:17.71 | vgervais | APP_v5.D.1.xlsb | modTEC_Saisie:TEC_TdB_Update_All |  | 31
2024-11-20 17:59:17.75 | vgervais | APP_v5.D.1.xlsb | modTEC_Saisie:TEC_TdB_Push_TEC_Local_To_DB_Data |  | 31
2024-11-20 17:59:17.96 | vgervais | APP_v5.D.1.xlsb | modTEC_Saisie:TEC_TdB_Push_TEC_Local_To_DB_Data | 0,2227 sec. | 31

2024-11-20 17:59:17.00 | vgervais | APP_v5.D.1.xlsb | modTEC_Saisie:TEC_TdB_Refresh_All_Pivot_Tables |  | 31
2024-11-20 17:59:18.15 | vgervais | APP_v5.D.1.xlsb | modTEC_Saisie:TEC_TdB_Refresh_All_Pivot_Tables | 0,1562 sec. | 31

2024-11-20 17:59:18.19 | vgervais | APP_v5.D.1.xlsb | modTEC_Saisie:TEC_TdB_Update_All | 0,4805 sec. | 31

2024-11-20 17:59:18.23 | vgervais | APP_v5.D.1.xlsb | modStatsHeures:StatsHeures_AdvancedFilters |  | 31
2024-11-20 17:59:18.43 | vgervais | APP_v5.D.1.xlsb | modStatsHeures:StatsHeures_AdvancedFilters | 0,2109 sec. | 31

2024-11-20 17:59:18.53 | vgervais | APP_v5.D.1.xlsb | modTEC_Saisie:TEC_Refresh_ListBox_And_Add_Hours | 0,8516 sec. | 31

2024-11-20 17:59:18.56 | vgervais | APP_v5.D.1.xlsb | modTEC_Saisie:TEC_Modifie_Ligne | 1,8359 sec. | 31

2024-11-20 17:59:18.59 | vgervais | APP_v5.D.1.xlsb | ufSaisieHeures:cmdUpdate_Click | 1,8984 sec. | 31

2024-11-21 08:28:13.70 | vgervais | APP_v5.D.1.xlsb | ufSaisieHeures:txtClient_AfterUpdate - lapier |  | 31
2024-11-21 08:28:13.75 | vgervais | APP_v5.D.1.xlsb | modFunctions:Fn_GetID_From_Client_Name - lapier |  | 31
2024-11-21 08:28:14.73 | vgervais | APP_v5.D.1.xlsb | modFunctions:Fn_GetID_From_Client_Name - Not Found | 0,9824 sec. | 31

2024-11-21 08:28:14.77 | vgervais | APP_v5.D.1.xlsb |    ufSaisieHeures:txtClient_AfterUpdate -  |  | 31
2024-11-21 08:28:14.80 | vgervais | APP_v5.D.1.xlsb | ufSaisieHeures:txtClient_AfterUpdate | 1,1074 sec. | 31

2024-11-21 08:28:16.81 | vgervais | APP_v5.D.1.xlsb | ufSaisieHeures:lstboxNomClient_DblClick |  | 31
2024-11-21 08:28:16.87 | vgervais | APP_v5.D.1.xlsb | modFunctions:Fn_GetID_From_Client_Name - Mylène Lapierre CPA Inc. |  | 31
2024-11-21 08:28:16.90 | vgervais | APP_v5.D.1.xlsb | modFunctions:Fn_GetID_From_Client_Name - 1798 | 0,0352 sec. | 31

2024-11-21 08:28:16.94 | vgervais | APP_v5.D.1.xlsb | ufSaisieHeures:lstboxNomClient_DblClick | 0,1289 sec. | 31

2024-11-21 08:28:16.97 | vgervais | APP_v5.D.1.xlsb | ufSaisieHeures:txtClient_AfterUpdate - Mylène Lapierre CPA Inc. |  | 31
2024-11-21 08:28:17.00 | vgervais | APP_v5.D.1.xlsb | modFunctions:Fn_GetID_From_Client_Name - Mylène Lapierre CPA Inc. |  | 31
2024-11-21 08:28:17.03 | vgervais | APP_v5.D.1.xlsb | modFunctions:Fn_GetID_From_Client_Name - 1798 | 0,0332 sec. | 31

2024-11-21 08:28:17.06 | vgervais | APP_v5.D.1.xlsb |    ufSaisieHeures:txtClient_AfterUpdate - 1798 |  | 31
2024-11-21 08:28:17.09 | vgervais | APP_v5.D.1.xlsb | ufSaisieHeures:txtClient_AfterUpdate | 0,1270 sec. | 31

2024-11-21 08:28:38.24 | vgervais | APP_v5.D.1.xlsb | ufSaisieHeures:txtActivite_AfterUpdate |  | 31
2024-11-21 08:28:38.28 | vgervais | APP_v5.D.1.xlsb | ufSaisieHeures:txtActivite_AfterUpdate | 0,0488 sec. | 31

2024-11-21 08:28:40.15 | vgervais | APP_v5.D.1.xlsb | ufSaisieHeures:txtHeures_AfterUpdate |  | 31
2024-11-21 08:28:40.19 | vgervais | APP_v5.D.1.xlsb | ufSaisieHeures:txtHeures_AfterUpdate | 0,0430 sec. | 31

2024-11-21 08:28:40.22 | vgervais | APP_v5.D.1.xlsb | ufSaisieHeures:txtHeures_Exit |  | 31
2024-11-21 08:28:40.26 | vgervais | APP_v5.D.1.xlsb | ufSaisieHeures:txtHeures_AfterUpdate | 0,0352 sec. | 31

2024-11-21 08:28:41.72 | vgervais | APP_v5.D.1.xlsb | ufSaisieHeures:cmdAdd_Click |  | 31
2024-11-21 08:28:41.76 | vgervais | APP_v5.D.1.xlsb | modTEC_Saisie:TEC_Ajoute_Ligne |  | 31
2024-11-21 08:28:41.79 | vgervais | APP_v5.D.1.xlsb | modTEC_Saisie:TEC_Record_Add_Or_Update_To_DB - TECID = '0' |  | 31
2024-11-21 08:28:41.98 | vgervais | APP_v5.D.1.xlsb |      modTEC_Saisie:TEC_Record_Add_Or_Update_To_DB - AddingNewRecord - TECID = 0 |  | 31
2024-11-21 08:28:42.10 | vgervais | APP_v5.D.1.xlsb |      modTEC_Saisie:TEC_Record_Add_Or_Update_To_DB - Le nouvel enregistrement, TECID a été assigné à 2532 |  | 31
2024-11-21 08:28:42.14 | vgervais | APP_v5.D.1.xlsb |      modTEC_Saisie:TEC_Record_Add_Or_Update_To_DB - Création du RecordSet |  | 31
2024-11-21 08:28:42.17 | vgervais | APP_v5.D.1.xlsb |      modTEC_Saisie:TEC_Record_Add_Or_Update_To_DB - Le RecordSet a été ajouté pour le TECID = 2532 |  | 31
2024-11-21 08:28:42.43 | vgervais | APP_v5.D.1.xlsb | modTEC_Saisie:TEC_Record_Add_Or_Update_To_DB | 0,6465 sec. | 31

2024-11-21 08:28:42.46 | vgervais | APP_v5.D.1.xlsb | modTEC_Saisie:TEC_Record_Add_Or_Update_Locally |  | 31
2024-11-21 08:28:42.54 | vgervais | APP_v5.D.1.xlsb | modTEC_Saisie:TEC_Record_Add_Or_Update_Locally | 0,0801 sec. | 31

2024-11-21 08:28:42.58 | vgervais | APP_v5.D.1.xlsb | modTEC_Saisie:TEC_Get_All_TEC_AF - 2/2024-11-20 |  | 31
2024-11-21 08:28:42.66 | vgervais | APP_v5.D.1.xlsb | modTEC_Saisie:TEC_Get_All_TEC_AF | 0,0820 sec. | 31

2024-11-21 08:28:42.69 | vgervais | APP_v5.D.1.xlsb | modTEC_Saisie:TEC_Refresh_ListBox_And_Add_Hours |  | 31
2024-11-21 08:28:42.72 | vgervais | APP_v5.D.1.xlsb | modTEC_Saisie:TEC_TdB_Update_All |  | 31
2024-11-21 08:28:42.75 | vgervais | APP_v5.D.1.xlsb | modTEC_Saisie:TEC_TdB_Push_TEC_Local_To_DB_Data |  | 31
2024-11-21 08:28:42.99 | vgervais | APP_v5.D.1.xlsb | modTEC_Saisie:TEC_TdB_Push_TEC_Local_To_DB_Data | 0,2422 sec. | 31

2024-11-21 08:28:43.03 | vgervais | APP_v5.D.1.xlsb | modTEC_Saisie:TEC_TdB_Refresh_All_Pivot_Tables |  | 31
2024-11-21 08:28:43.17 | vgervais | APP_v5.D.1.xlsb | modTEC_Saisie:TEC_TdB_Refresh_All_Pivot_Tables | 0,1504 sec. | 31

2024-11-21 08:28:43.20 | vgervais | APP_v5.D.1.xlsb | modTEC_Saisie:TEC_TdB_Update_All | 0,4961 sec. | 31

2024-11-21 08:28:43.24 | vgervais | APP_v5.D.1.xlsb | modStatsHeures:StatsHeures_AdvancedFilters |  | 31
2024-11-21 08:28:43.43 | vgervais | APP_v5.D.1.xlsb | modStatsHeures:StatsHeures_AdvancedFilters | 0,1895 sec. | 31

2024-11-21 08:28:43.52 | vgervais | APP_v5.D.1.xlsb | modTEC_Saisie:TEC_Refresh_ListBox_And_Add_Hours | 0,8340 sec. | 31

2024-11-21 08:28:43.55 | vgervais | APP_v5.D.1.xlsb | modTEC_Saisie:TEC_TdB_Update_All |  | 31
2024-11-21 08:28:43.59 | vgervais | APP_v5.D.1.xlsb | modTEC_Saisie:TEC_TdB_Push_TEC_Local_To_DB_Data |  | 31
2024-11-21 08:28:43.80 | vgervais | APP_v5.D.1.xlsb | modTEC_Saisie:TEC_TdB_Push_TEC_Local_To_DB_Data | 0,2207 sec. | 31

2024-11-21 08:28:43.84 | vgervais | APP_v5.D.1.xlsb | modTEC_Saisie:TEC_TdB_Refresh_All_Pivot_Tables |  | 31
2024-11-21 08:28:43.98 | vgervais | APP_v5.D.1.xlsb | modTEC_Saisie:TEC_TdB_Refresh_All_Pivot_Tables | 0,1426 sec. | 31

2024-11-21 08:28:44.01 | vgervais | APP_v5.D.1.xlsb | modTEC_Saisie:TEC_TdB_Update_All | 0,4590 sec. | 31

2024-11-21 08:28:44.04 | vgervais | APP_v5.D.1.xlsb | modTEC_Saisie:TEC_Ajoute_Ligne | 2,2852 sec. | 31

2024-11-21 08:28:44.07 | vgervais | APP_v5.D.1.xlsb | ufSaisieHeures:cmdAdd_Click | 2,3594 sec. | 31

2024-11-21 08:36:00.89 | vgervais | APP_v5.D.1.xlsb | ufSaisieHeures:txtClient_AfterUpdate - telt |  | 31
2024-11-21 08:36:00.93 | vgervais | APP_v5.D.1.xlsb | modFunctions:Fn_GetID_From_Client_Name - telt |  | 31
2024-11-21 08:36:02.63 | vgervais | APP_v5.D.1.xlsb | modFunctions:Fn_GetID_From_Client_Name - Not Found | 1,6973 sec. | 31

2024-11-21 08:36:02.66 | vgervais | APP_v5.D.1.xlsb |    ufSaisieHeures:txtClient_AfterUpdate -  |  | 31
2024-11-21 08:36:02.70 | vgervais | APP_v5.D.1.xlsb | ufSaisieHeures:txtClient_AfterUpdate | 1,8066 sec. | 31

2024-11-21 08:36:09.13 | vgervais | APP_v5.D.1.xlsb | ufSaisieHeures:txtClient_AfterUpdate - desga |  | 31
2024-11-21 08:36:09.16 | vgervais | APP_v5.D.1.xlsb | modFunctions:Fn_GetID_From_Client_Name - desga |  | 31
2024-11-21 08:36:10.31 | vgervais | APP_v5.D.1.xlsb | modFunctions:Fn_GetID_From_Client_Name - Not Found | 1,1582 sec. | 31

2024-11-21 08:36:10.35 | vgervais | APP_v5.D.1.xlsb |    ufSaisieHeures:txtClient_AfterUpdate -  |  | 31
2024-11-21 08:36:10.38 | vgervais | APP_v5.D.1.xlsb | ufSaisieHeures:txtClient_AfterUpdate | 1,2598 sec. | 31

2024-11-21 08:36:11.67 | vgervais | APP_v5.D.1.xlsb | ufSaisieHeures:lstboxNomClient_DblClick |  | 31
2024-11-21 08:36:11.74 | vgervais | APP_v5.D.1.xlsb | modFunctions:Fn_GetID_From_Client_Name - 9513-1926 Québec Inc. [Francis Desgagnés] |  | 31
2024-11-21 08:36:11.77 | vgervais | APP_v5.D.1.xlsb | modFunctions:Fn_GetID_From_Client_Name - 1775 | 0,0391 sec. | 31

2024-11-21 08:36:11.80 | vgervais | APP_v5.D.1.xlsb | ufSaisieHeures:lstboxNomClient_DblClick | 0,1367 sec. | 31

2024-11-21 08:36:11.84 | vgervais | APP_v5.D.1.xlsb | ufSaisieHeures:txtClient_AfterUpdate - 9513-1926 Québec Inc. [Francis Desgagnés] |  | 31
2024-11-21 08:36:11.88 | vgervais | APP_v5.D.1.xlsb | modFunctions:Fn_GetID_From_Client_Name - 9513-1926 Québec Inc. [Francis Desgagnés] |  | 31
2024-11-21 08:36:11.91 | vgervais | APP_v5.D.1.xlsb | modFunctions:Fn_GetID_From_Client_Name - 1775 | 0,0332 sec. | 31

2024-11-21 08:36:11.94 | vgervais | APP_v5.D.1.xlsb |    ufSaisieHeures:txtClient_AfterUpdate - 1775 |  | 31
2024-11-21 08:36:11.97 | vgervais | APP_v5.D.1.xlsb | ufSaisieHeures:txtClient_AfterUpdate | 0,1387 sec. | 31

2024-11-21 08:39:16.27 | vgervais | APP_v5.D.1.xlsb | ufSaisieHeures:txtActivite_AfterUpdate |  | 31
2024-11-21 08:39:16.31 | vgervais | APP_v5.D.1.xlsb | ufSaisieHeures:txtActivite_AfterUpdate | 0,0469 sec. | 31

2024-11-21 08:39:17.70 | vgervais | APP_v5.D.1.xlsb | ufSaisieHeures:txtHeures_AfterUpdate |  | 31
2024-11-21 08:39:17.74 | vgervais | APP_v5.D.1.xlsb | ufSaisieHeures:txtHeures_AfterUpdate | 0,0449 sec. | 31

2024-11-21 08:39:17.77 | vgervais | APP_v5.D.1.xlsb | ufSaisieHeures:txtHeures_Exit |  | 31
2024-11-21 08:39:17.80 | vgervais | APP_v5.D.1.xlsb | ufSaisieHeures:txtHeures_AfterUpdate | 0,0352 sec. | 31

2024-11-21 08:39:18.55 | vgervais | APP_v5.D.1.xlsb | ufSaisieHeures:cmdAdd_Click |  | 31
2024-11-21 08:39:18.59 | vgervais | APP_v5.D.1.xlsb | modTEC_Saisie:TEC_Ajoute_Ligne |  | 31
2024-11-21 08:39:18.62 | vgervais | APP_v5.D.1.xlsb | modTEC_Saisie:TEC_Record_Add_Or_Update_To_DB - TECID = '0' |  | 31
2024-11-21 08:39:18.81 | vgervais | APP_v5.D.1.xlsb |      modTEC_Saisie:TEC_Record_Add_Or_Update_To_DB - AddingNewRecord - TECID = 0 |  | 31
2024-11-21 08:39:18.93 | vgervais | APP_v5.D.1.xlsb |      modTEC_Saisie:TEC_Record_Add_Or_Update_To_DB - Le nouvel enregistrement, TECID a été assigné à 2533 |  | 31
2024-11-21 08:39:18.96 | vgervais | APP_v5.D.1.xlsb |      modTEC_Saisie:TEC_Record_Add_Or_Update_To_DB - Création du RecordSet |  | 31
2024-11-21 08:39:18.99 | vgervais | APP_v5.D.1.xlsb |      modTEC_Saisie:TEC_Record_Add_Or_Update_To_DB - Le RecordSet a été ajouté pour le TECID = 2533 |  | 31
2024-11-21 08:39:19.24 | vgervais | APP_v5.D.1.xlsb | modTEC_Saisie:TEC_Record_Add_Or_Update_To_DB | 0,6191 sec. | 31

2024-11-21 08:39:19.27 | vgervais | APP_v5.D.1.xlsb | modTEC_Saisie:TEC_Record_Add_Or_Update_Locally |  | 31
2024-11-21 08:39:19.33 | vgervais | APP_v5.D.1.xlsb | modTEC_Saisie:TEC_Record_Add_Or_Update_Locally | 0,0664 sec. | 31

2024-11-21 08:39:19.36 | vgervais | APP_v5.D.1.xlsb | modTEC_Saisie:TEC_Get_All_TEC_AF - 2/2024-11-20 |  | 31
2024-11-21 08:39:19.45 | vgervais | APP_v5.D.1.xlsb | modTEC_Saisie:TEC_Get_All_TEC_AF | 0,0859 sec. | 31

2024-11-21 08:39:19.48 | vgervais | APP_v5.D.1.xlsb | modTEC_Saisie:TEC_Refresh_ListBox_And_Add_Hours |  | 31
2024-11-21 08:39:19.51 | vgervais | APP_v5.D.1.xlsb | modTEC_Saisie:TEC_TdB_Update_All |  | 31
2024-11-21 08:39:19.54 | vgervais | APP_v5.D.1.xlsb | modTEC_Saisie:TEC_TdB_Push_TEC_Local_To_DB_Data |  | 31
2024-11-21 08:39:19.78 | vgervais | APP_v5.D.1.xlsb | modTEC_Saisie:TEC_TdB_Push_TEC_Local_To_DB_Data | 0,2422 sec. | 31

2024-11-21 08:39:19.82 | vgervais | APP_v5.D.1.xlsb | modTEC_Saisie:TEC_TdB_Refresh_All_Pivot_Tables |  | 31
2024-11-21 08:39:19.97 | vgervais | APP_v5.D.1.xlsb | modTEC_Saisie:TEC_TdB_Refresh_All_Pivot_Tables | 0,1562 sec. | 31

2024-11-21 08:39:20.01 | vgervais | APP_v5.D.1.xlsb | modTEC_Saisie:TEC_TdB_Update_All | 0,4961 sec. | 31

2024-11-21 08:39:20.04 | vgervais | APP_v5.D.1.xlsb | modStatsHeures:StatsHeures_AdvancedFilters |  | 31
2024-11-21 08:39:20.22 | vgervais | APP_v5.D.1.xlsb | modStatsHeures:StatsHeures_AdvancedFilters | 0,1875 sec. | 31

2024-11-21 08:39:20.31 | vgervais | APP_v5.D.1.xlsb | modTEC_Saisie:TEC_Refresh_ListBox_And_Add_Hours | 0,8340 sec. | 31

2024-11-21 08:39:20.34 | vgervais | APP_v5.D.1.xlsb | modTEC_Saisie:TEC_TdB_Update_All |  | 31
2024-11-21 08:39:20.37 | vgervais | APP_v5.D.1.xlsb | modTEC_Saisie:TEC_TdB_Push_TEC_Local_To_DB_Data |  | 31
2024-11-21 08:39:20.57 | vgervais | APP_v5.D.1.xlsb | modTEC_Saisie:TEC_TdB_Push_TEC_Local_To_DB_Data | 0,2031 sec. | 31

2024-11-21 08:39:20.61 | vgervais | APP_v5.D.1.xlsb | modTEC_Saisie:TEC_TdB_Refresh_All_Pivot_Tables |  | 31
2024-11-21 08:39:20.76 | vgervais | APP_v5.D.1.xlsb | modTEC_Saisie:TEC_TdB_Refresh_All_Pivot_Tables | 0,1523 sec. | 31

2024-11-21 08:39:20.79 | vgervais | APP_v5.D.1.xlsb | modTEC_Saisie:TEC_TdB_Update_All | 0,4531 sec. | 31

2024-11-21 08:39:20.82 | vgervais | APP_v5.D.1.xlsb | modTEC_Saisie:TEC_Ajoute_Ligne | 2,2402 sec. | 31

2024-11-21 08:39:20.85 | vgervais | APP_v5.D.1.xlsb | ufSaisieHeures:cmdAdd_Click | 2,3047 sec. | 31

2024-11-21 08:39:40.86 | vgervais | APP_v5.D.1.xlsb | ufSaisieHeures:txtClient_AfterUpdate - lant |  | 31
2024-11-21 08:39:40.90 | vgervais | APP_v5.D.1.xlsb | modFunctions:Fn_GetID_From_Client_Name - lant |  | 31
2024-11-21 08:39:42.05 | vgervais | APP_v5.D.1.xlsb | modFunctions:Fn_GetID_From_Client_Name - Not Found | 1,1504 sec. | 31

2024-11-21 08:39:42.08 | vgervais | APP_v5.D.1.xlsb |    ufSaisieHeures:txtClient_AfterUpdate -  |  | 31
2024-11-21 08:39:42.11 | vgervais | APP_v5.D.1.xlsb | ufSaisieHeures:txtClient_AfterUpdate | 1,2539 sec. | 31

2024-11-21 08:39:43.32 | vgervais | APP_v5.D.1.xlsb | ufSaisieHeures:lstboxNomClient_DblClick |  | 31
2024-11-21 08:39:43.38 | vgervais | APP_v5.D.1.xlsb | modFunctions:Fn_GetID_From_Client_Name - Les entreprises Lanthier et Papineau Inc. [Alain Lanthier] |  | 31
2024-11-21 08:39:43.41 | vgervais | APP_v5.D.1.xlsb | modFunctions:Fn_GetID_From_Client_Name - 1675 | 0,0371 sec. | 31

2024-11-21 08:39:43.45 | vgervais | APP_v5.D.1.xlsb | ufSaisieHeures:lstboxNomClient_DblClick | 0,1309 sec. | 31

2024-11-21 08:39:43.48 | vgervais | APP_v5.D.1.xlsb | ufSaisieHeures:txtClient_AfterUpdate - Les entreprises Lanthier et Papineau Inc. [Alain Lanthier] |  | 31
2024-11-21 08:39:43.52 | vgervais | APP_v5.D.1.xlsb | modFunctions:Fn_GetID_From_Client_Name - Les entreprises Lanthier et Papineau Inc. [Alain Lanthier] |  | 31
2024-11-21 08:39:43.55 | vgervais | APP_v5.D.1.xlsb | modFunctions:Fn_GetID_From_Client_Name - 1675 | 0,0352 sec. | 31

2024-11-21 08:39:43.58 | vgervais | APP_v5.D.1.xlsb |    ufSaisieHeures:txtClient_AfterUpdate - 1675 |  | 31
2024-11-21 08:39:43.61 | vgervais | APP_v5.D.1.xlsb | ufSaisieHeures:txtClient_AfterUpdate | 0,1328 sec. | 31

2024-11-21 08:39:55.31 | vgervais | APP_v5.D.1.xlsb | ufSaisieHeures:txtActivite_AfterUpdate |  | 31
2024-11-21 08:39:55.36 | vgervais | APP_v5.D.1.xlsb | ufSaisieHeures:txtActivite_AfterUpdate | 0,0469 sec. | 31

2024-11-21 08:39:56.99 | vgervais | APP_v5.D.1.xlsb | ufSaisieHeures:txtHeures_AfterUpdate |  | 31
2024-11-21 08:39:57.03 | vgervais | APP_v5.D.1.xlsb | ufSaisieHeures:txtHeures_AfterUpdate | 0,0410 sec. | 31

2024-11-21 08:39:57.06 | vgervais | APP_v5.D.1.xlsb | ufSaisieHeures:txtHeures_Exit |  | 31
2024-11-21 08:39:57.10 | vgervais | APP_v5.D.1.xlsb | ufSaisieHeures:txtHeures_AfterUpdate | 0,0352 sec. | 31

2024-11-21 08:40:05.69 | vgervais | APP_v5.D.1.xlsb | ufSaisieHeures:cmdAdd_Click |  | 31
2024-11-21 08:40:05.72 | vgervais | APP_v5.D.1.xlsb | modTEC_Saisie:TEC_Ajoute_Ligne |  | 31
2024-11-21 08:40:05.76 | vgervais | APP_v5.D.1.xlsb | modTEC_Saisie:TEC_Record_Add_Or_Update_To_DB - TECID = '0' |  | 31
2024-11-21 08:40:05.93 | vgervais | APP_v5.D.1.xlsb |      modTEC_Saisie:TEC_Record_Add_Or_Update_To_DB - AddingNewRecord - TECID = 0 |  | 31
2024-11-21 08:40:06.04 | vgervais | APP_v5.D.1.xlsb |      modTEC_Saisie:TEC_Record_Add_Or_Update_To_DB - Le nouvel enregistrement, TECID a été assigné à 2534 |  | 31
2024-11-21 08:40:06.07 | vgervais | APP_v5.D.1.xlsb |      modTEC_Saisie:TEC_Record_Add_Or_Update_To_DB - Création du RecordSet |  | 31
2024-11-21 08:40:06.11 | vgervais | APP_v5.D.1.xlsb |      modTEC_Saisie:TEC_Record_Add_Or_Update_To_DB - Le RecordSet a été ajouté pour le TECID = 2534 |  | 31
2024-11-21 08:40:06.35 | vgervais | APP_v5.D.1.xlsb | modTEC_Saisie:TEC_Record_Add_Or_Update_To_DB | 0,5977 sec. | 31

2024-11-21 08:40:06.38 | vgervais | APP_v5.D.1.xlsb | modTEC_Saisie:TEC_Record_Add_Or_Update_Locally |  | 31
2024-11-21 08:40:06.45 | vgervais | APP_v5.D.1.xlsb | modTEC_Saisie:TEC_Record_Add_Or_Update_Locally | 0,0762 sec. | 31

2024-11-21 08:40:06.49 | vgervais | APP_v5.D.1.xlsb | modTEC_Saisie:TEC_Get_All_TEC_AF - 2/2024-11-20 |  | 31
2024-11-21 08:40:06.57 | vgervais | APP_v5.D.1.xlsb | modTEC_Saisie:TEC_Get_All_TEC_AF | 0,0840 sec. | 31

2024-11-21 08:40:06.60 | vgervais | APP_v5.D.1.xlsb | modTEC_Saisie:TEC_Refresh_ListBox_And_Add_Hours |  | 31
2024-11-21 08:40:06.63 | vgervais | APP_v5.D.1.xlsb | modTEC_Saisie:TEC_TdB_Update_All |  | 31
2024-11-21 08:40:06.67 | vgervais | APP_v5.D.1.xlsb | modTEC_Saisie:TEC_TdB_Push_TEC_Local_To_DB_Data |  | 31
2024-11-21 08:40:06.90 | vgervais | APP_v5.D.1.xlsb | modTEC_Saisie:TEC_TdB_Push_TEC_Local_To_DB_Data | 0,2383 sec. | 31

2024-11-21 08:40:06.94 | vgervais | APP_v5.D.1.xlsb | modTEC_Saisie:TEC_TdB_Refresh_All_Pivot_Tables |  | 31
2024-11-21 08:40:07.09 | vgervais | APP_v5.D.1.xlsb | modTEC_Saisie:TEC_TdB_Refresh_All_Pivot_Tables | 0,1523 sec. | 31

2024-11-21 08:40:07.12 | vgervais | APP_v5.D.1.xlsb | modTEC_Saisie:TEC_TdB_Update_All | 0,4883 sec. | 31

2024-11-21 08:40:07.15 | vgervais | APP_v5.D.1.xlsb | modStatsHeures:StatsHeures_AdvancedFilters |  | 31
2024-11-21 08:40:07.34 | vgervais | APP_v5.D.1.xlsb | modStatsHeures:StatsHeures_AdvancedFilters | 0,1895 sec. | 31

2024-11-21 08:40:07.43 | vgervais | APP_v5.D.1.xlsb | modTEC_Saisie:TEC_Refresh_ListBox_And_Add_Hours | 0,8281 sec. | 31

2024-11-21 08:40:07.46 | vgervais | APP_v5.D.1.xlsb | modTEC_Saisie:TEC_TdB_Update_All |  | 31
2024-11-21 08:40:07.48 | vgervais | APP_v5.D.1.xlsb | modTEC_Saisie:TEC_TdB_Push_TEC_Local_To_DB_Data |  | 31
2024-11-21 08:40:07.70 | vgervais | APP_v5.D.1.xlsb | modTEC_Saisie:TEC_TdB_Push_TEC_Local_To_DB_Data | 0,2227 sec. | 31

2024-11-21 08:40:07.73 | vgervais | APP_v5.D.1.xlsb | modTEC_Saisie:TEC_TdB_Refresh_All_Pivot_Tables |  | 31
2024-11-21 08:40:07.88 | vgervais | APP_v5.D.1.xlsb | modTEC_Saisie:TEC_TdB_Refresh_All_Pivot_Tables | 0,1445 sec. | 31

2024-11-21 08:40:07.91 | vgervais | APP_v5.D.1.xlsb | modTEC_Saisie:TEC_TdB_Update_All | 0,4551 sec. | 31

2024-11-21 08:40:07.94 | vgervais | APP_v5.D.1.xlsb | modTEC_Saisie:TEC_Ajoute_Ligne | 2,2129 sec. | 31

2024-11-21 08:40:07.96 | vgervais | APP_v5.D.1.xlsb | ufSaisieHeures:cmdAdd_Click | 2,2812 sec. | 31

2024-11-21 08:40:11.59 | vgervais | APP_v5.D.1.xlsb | ufSaisieHeures:lsbHresJour_dblClick - An entry from the list was double clicked |  | 31
2024-11-21 08:40:11.63 | vgervais | APP_v5.D.1.xlsb | modFunctions:Fn_Find_Row_Number_TEC_ID |  | 31
2024-11-21 08:40:11.66 | vgervais | APP_v5.D.1.xlsb | modFunctions:Fn_Find_Row_Number_TEC_ID - Row # = 2531 |  | 31
2024-11-21 08:40:11.69 | vgervais | APP_v5.D.1.xlsb | modFunctions:Fn_Find_Row_Number_TEC_ID | 0,0664 sec. | 31

2024-11-21 08:40:12.81 | vgervais | APP_v5.D.1.xlsb | ufSaisieHeures:txtClient_AfterUpdate - Les entreprises Lanthier et Papineau Inc. [Alain Lanthier] |  | 31
2024-11-21 08:40:12.85 | vgervais | APP_v5.D.1.xlsb | modFunctions:Fn_GetID_From_Client_Name - Les entreprises Lanthier et Papineau Inc. [Alain Lanthier] |  | 31
2024-11-21 08:40:12.88 | vgervais | APP_v5.D.1.xlsb | modFunctions:Fn_GetID_From_Client_Name - 1675 | 0,0352 sec. | 31

2024-11-21 08:40:12.91 | vgervais | APP_v5.D.1.xlsb |    ufSaisieHeures:txtClient_AfterUpdate - 1675 |  | 31
2024-11-21 08:40:12.94 | vgervais | APP_v5.D.1.xlsb | ufSaisieHeures:txtClient_AfterUpdate | 0,1289 sec. | 31

2024-11-21 08:40:20.28 | vgervais | APP_v5.D.1.xlsb | ufSaisieHeures:txtActivite_AfterUpdate |  | 31
2024-11-21 08:40:20.32 | vgervais | APP_v5.D.1.xlsb | ufSaisieHeures:txtActivite_AfterUpdate | 0,0469 sec. | 31

2024-11-21 08:40:21.79 | vgervais | APP_v5.D.1.xlsb | ufSaisieHeures:cmdUpdate_Click |  | 31
2024-11-21 08:40:21.83 | vgervais | APP_v5.D.1.xlsb | modTEC_Saisie:TEC_Modifie_Ligne |  | 31
2024-11-21 08:40:21.86 | vgervais | APP_v5.D.1.xlsb | modFunctions:Fn_GetID_From_Client_Name - Les entreprises Lanthier et Papineau Inc. [Alain Lanthier] |  | 31
2024-11-21 08:40:21.90 | vgervais | APP_v5.D.1.xlsb | modFunctions:Fn_GetID_From_Client_Name - 1675 | 0,0410 sec. | 31

2024-11-21 08:40:21.93 | vgervais | APP_v5.D.1.xlsb | modTEC_Saisie:TEC_Record_Add_Or_Update_To_DB - TECID = '2534' |  | 31
2024-11-21 08:40:22.18 | vgervais | APP_v5.D.1.xlsb |       modTEC_SaisieTEC_Record_Add_Or_Update_To_DB - Update an existing record - Create a new RecordSet 0 |  | 31
2024-11-21 08:40:22.42 | vgervais | APP_v5.D.1.xlsb | modTEC_Saisie:TEC_Record_Add_Or_Update_To_DB | 0,4922 sec. | 31

2024-11-21 08:40:22.45 | vgervais | APP_v5.D.1.xlsb | modTEC_Saisie:TEC_Record_Add_Or_Update_Locally |  | 31
2024-11-21 08:40:22.49 | vgervais | APP_v5.D.1.xlsb | modTEC_Saisie:TEC_Record_Add_Or_Update_Locally - SoftDeleteStart - 2534 |  | 31
2024-11-21 08:40:22.52 | vgervais | APP_v5.D.1.xlsb | modFunctions:Fn_Find_Row_Number_TEC_ID |  | 31
2024-11-21 08:40:22.56 | vgervais | APP_v5.D.1.xlsb | modFunctions:Fn_Find_Row_Number_TEC_ID - Row # = 2531 |  | 31
2024-11-21 08:40:22.60 | vgervais | APP_v5.D.1.xlsb | modFunctions:Fn_Find_Row_Number_TEC_ID | 0,0742 sec. | 31

2024-11-21 08:40:22.64 | vgervais | APP_v5.D.1.xlsb | modTEC_Saisie:TEC_Record_Add_Or_Update_Locally | 0,1914 sec. | 31

2024-11-21 08:40:22.68 | vgervais | APP_v5.D.1.xlsb | modTEC_Saisie:TEC_Get_All_TEC_AF - 2/20-11-2024 |  | 31
2024-11-21 08:40:22.75 | vgervais | APP_v5.D.1.xlsb | modTEC_Saisie:TEC_Get_All_TEC_AF | 0,0762 sec. | 31

2024-11-21 08:40:22.78 | vgervais | APP_v5.D.1.xlsb | modTEC_Saisie:TEC_Refresh_ListBox_And_Add_Hours |  | 31
2024-11-21 08:40:22.82 | vgervais | APP_v5.D.1.xlsb | modTEC_Saisie:TEC_TdB_Update_All |  | 31
2024-11-21 08:40:22.85 | vgervais | APP_v5.D.1.xlsb | modTEC_Saisie:TEC_TdB_Push_TEC_Local_To_DB_Data |  | 31
2024-11-21 08:40:23.06 | vgervais | APP_v5.D.1.xlsb | modTEC_Saisie:TEC_TdB_Push_TEC_Local_To_DB_Data | 0,2207 sec. | 31

2024-11-21 08:40:23.10 | vgervais | APP_v5.D.1.xlsb | modTEC_Saisie:TEC_TdB_Refresh_All_Pivot_Tables |  | 31
2024-11-21 08:40:23.24 | vgervais | APP_v5.D.1.xlsb | modTEC_Saisie:TEC_TdB_Refresh_All_Pivot_Tables | 0,1484 sec. | 31

2024-11-21 08:40:23.28 | vgervais | APP_v5.D.1.xlsb | modTEC_Saisie:TEC_TdB_Update_All | 0,4668 sec. | 31

2024-11-21 08:40:23.31 | vgervais | APP_v5.D.1.xlsb | modStatsHeures:StatsHeures_AdvancedFilters |  | 31
2024-11-21 08:40:23.50 | vgervais | APP_v5.D.1.xlsb | modStatsHeures:StatsHeures_AdvancedFilters | 0,1855 sec. | 31

2024-11-21 08:40:23.59 | vgervais | APP_v5.D.1.xlsb | modTEC_Saisie:TEC_Refresh_ListBox_And_Add_Hours | 0,8066 sec. | 31

2024-11-21 08:40:23.62 | vgervais | APP_v5.D.1.xlsb | modTEC_Saisie:TEC_Modifie_Ligne | 1,7930 sec. | 31

2024-11-21 08:40:23.65 | vgervais | APP_v5.D.1.xlsb | ufSaisieHeures:cmdUpdate_Click | 1,8613 sec. | 31

2024-11-21 08:40:33.79 | vgervais | APP_v5.D.1.xlsb | ufSaisieHeures:txtClient_AfterUpdate - 9307 |  | 31
2024-11-21 08:40:33.83 | vgervais | APP_v5.D.1.xlsb | modFunctions:Fn_GetID_From_Client_Name - 9307 |  | 31
2024-11-21 08:40:35.18 | vgervais | APP_v5.D.1.xlsb | modFunctions:Fn_GetID_From_Client_Name - Not Found | 1,3613 sec. | 31

2024-11-21 08:40:35.23 | vgervais | APP_v5.D.1.xlsb |    ufSaisieHeures:txtClient_AfterUpdate -  |  | 31
2024-11-21 08:40:35.26 | vgervais | APP_v5.D.1.xlsb | ufSaisieHeures:txtClient_AfterUpdate | 1,4785 sec. | 31

2024-11-21 08:40:36.60 | vgervais | APP_v5.D.1.xlsb | ufSaisieHeures:lstboxNomClient_DblClick |  | 31
2024-11-21 08:40:36.67 | vgervais | APP_v5.D.1.xlsb | modFunctions:Fn_GetID_From_Client_Name - 9307-2411 Québec Inc. [Capitaine Vap] |  | 31
2024-11-21 08:40:36.70 | vgervais | APP_v5.D.1.xlsb | modFunctions:Fn_GetID_From_Client_Name - 1388 | 0,0371 sec. | 31

2024-11-21 08:40:36.73 | vgervais | APP_v5.D.1.xlsb | ufSaisieHeures:lstboxNomClient_DblClick | 0,1348 sec. | 31

2024-11-21 08:40:36.77 | vgervais | APP_v5.D.1.xlsb | ufSaisieHeures:txtClient_AfterUpdate - 9307-2411 Québec Inc. [Capitaine Vap] |  | 31
2024-11-21 08:40:36.80 | vgervais | APP_v5.D.1.xlsb | modFunctions:Fn_GetID_From_Client_Name - 9307-2411 Québec Inc. [Capitaine Vap] |  | 31
2024-11-21 08:40:36.84 | vgervais | APP_v5.D.1.xlsb | modFunctions:Fn_GetID_From_Client_Name - 1388 | 0,0469 sec. | 31

2024-11-21 08:40:36.88 | vgervais | APP_v5.D.1.xlsb |    ufSaisieHeures:txtClient_AfterUpdate - 1388 |  | 31
2024-11-21 08:40:36.91 | vgervais | APP_v5.D.1.xlsb | ufSaisieHeures:txtClient_AfterUpdate | 0,1426 sec. | 31

2024-11-21 08:40:58.87 | vgervais | APP_v5.D.1.xlsb | ufSaisieHeures:txtActivite_AfterUpdate |  | 31
2024-11-21 08:40:58.92 | vgervais | APP_v5.D.1.xlsb | ufSaisieHeures:txtActivite_AfterUpdate | 0,0488 sec. | 31

2024-11-21 08:41:03.05 | vgervais | APP_v5.D.1.xlsb | ufSaisieHeures:txtHeures_AfterUpdate |  | 31
2024-11-21 08:41:03.09 | vgervais | APP_v5.D.1.xlsb | ufSaisieHeures:txtHeures_AfterUpdate | 0,0430 sec. | 31

2024-11-21 08:41:03.12 | vgervais | APP_v5.D.1.xlsb | ufSaisieHeures:txtHeures_Exit |  | 31
2024-11-21 08:41:03.16 | vgervais | APP_v5.D.1.xlsb | ufSaisieHeures:txtHeures_AfterUpdate | 0,0371 sec. | 31

2024-11-21 08:41:06.92 | vgervais | APP_v5.D.1.xlsb | ufSaisieHeures:txtHeures_AfterUpdate |  | 31
2024-11-21 08:41:06.95 | vgervais | APP_v5.D.1.xlsb | ufSaisieHeures:txtHeures_AfterUpdate | 0,0371 sec. | 31

2024-11-21 08:41:06.99 | vgervais | APP_v5.D.1.xlsb | ufSaisieHeures:txtHeures_Exit |  | 31
2024-11-21 08:41:13.20 | vgervais | APP_v5.D.1.xlsb | ufSaisieHeures:txtHeures_AfterUpdate |  | 31
2024-11-21 08:41:13.25 | vgervais | APP_v5.D.1.xlsb | ufSaisieHeures:txtHeures_AfterUpdate | 0,0508 sec. | 31

2024-11-21 08:41:13.28 | vgervais | APP_v5.D.1.xlsb | ufSaisieHeures:txtHeures_Exit |  | 31
2024-11-21 08:41:13.31 | vgervais | APP_v5.D.1.xlsb | ufSaisieHeures:txtHeures_AfterUpdate | 0,0371 sec. | 31

2024-11-21 08:41:14.12 | vgervais | APP_v5.D.1.xlsb | ufSaisieHeures:cmdAdd_Click |  | 31
2024-11-21 08:41:14.16 | vgervais | APP_v5.D.1.xlsb | modTEC_Saisie:TEC_Ajoute_Ligne |  | 31
2024-11-21 08:41:14.19 | vgervais | APP_v5.D.1.xlsb | modTEC_Saisie:TEC_Record_Add_Or_Update_To_DB - TECID = '0' |  | 31
2024-11-21 08:41:14.38 | vgervais | APP_v5.D.1.xlsb |      modTEC_Saisie:TEC_Record_Add_Or_Update_To_DB - AddingNewRecord - TECID = 0 |  | 31
2024-11-21 08:41:14.49 | vgervais | APP_v5.D.1.xlsb |      modTEC_Saisie:TEC_Record_Add_Or_Update_To_DB - Le nouvel enregistrement, TECID a été assigné à 2535 |  | 31
2024-11-21 08:41:14.52 | vgervais | APP_v5.D.1.xlsb |      modTEC_Saisie:TEC_Record_Add_Or_Update_To_DB - Création du RecordSet |  | 31
2024-11-21 08:41:14.57 | vgervais | APP_v5.D.1.xlsb |      modTEC_Saisie:TEC_Record_Add_Or_Update_To_DB - Le RecordSet a été ajouté pour le TECID = 2535 |  | 31
2024-11-21 08:41:14.80 | vgervais | APP_v5.D.1.xlsb | modTEC_Saisie:TEC_Record_Add_Or_Update_To_DB | 0,6172 sec. | 31

2024-11-21 08:41:14.84 | vgervais | APP_v5.D.1.xlsb | modTEC_Saisie:TEC_Record_Add_Or_Update_Locally |  | 31
2024-11-21 08:41:14.90 | vgervais | APP_v5.D.1.xlsb | modTEC_Saisie:TEC_Record_Add_Or_Update_Locally | 0,0645 sec. | 31

2024-11-21 08:41:14.93 | vgervais | APP_v5.D.1.xlsb | modTEC_Saisie:TEC_Get_All_TEC_AF - 2/2024-11-20 |  | 31
2024-11-21 08:41:15.00 | vgervais | APP_v5.D.1.xlsb | modTEC_Saisie:TEC_Get_All_TEC_AF | 0,0742 sec. | 31

2024-11-21 08:41:15.03 | vgervais | APP_v5.D.1.xlsb | modTEC_Saisie:TEC_Refresh_ListBox_And_Add_Hours |  | 31
2024-11-21 08:41:15.06 | vgervais | APP_v5.D.1.xlsb | modTEC_Saisie:TEC_TdB_Update_All |  | 31
2024-11-21 08:41:15.10 | vgervais | APP_v5.D.1.xlsb | modTEC_Saisie:TEC_TdB_Push_TEC_Local_To_DB_Data |  | 31
2024-11-21 08:41:15.34 | vgervais | APP_v5.D.1.xlsb | modTEC_Saisie:TEC_TdB_Push_TEC_Local_To_DB_Data | 0,2422 sec. | 31

2024-11-21 08:41:15.37 | vgervais | APP_v5.D.1.xlsb | modTEC_Saisie:TEC_TdB_Refresh_All_Pivot_Tables |  | 31
2024-11-21 08:41:15.52 | vgervais | APP_v5.D.1.xlsb | modTEC_Saisie:TEC_TdB_Refresh_All_Pivot_Tables | 0,1562 sec. | 31

2024-11-21 08:41:15.55 | vgervais | APP_v5.D.1.xlsb | modTEC_Saisie:TEC_TdB_Update_All | 0,4941 sec. | 31

2024-11-21 08:41:15.59 | vgervais | APP_v5.D.1.xlsb | modStatsHeures:StatsHeures_AdvancedFilters |  | 31
2024-11-21 08:41:15.77 | vgervais | APP_v5.D.1.xlsb | modStatsHeures:StatsHeures_AdvancedFilters | 0,1953 sec. | 31

2024-11-21 08:41:15.87 | vgervais | APP_v5.D.1.xlsb | modTEC_Saisie:TEC_Refresh_ListBox_And_Add_Hours | 0,8379 sec. | 31

2024-11-21 08:41:15.90 | vgervais | APP_v5.D.1.xlsb | modTEC_Saisie:TEC_TdB_Update_All |  | 31
2024-11-21 08:41:15.93 | vgervais | APP_v5.D.1.xlsb | modTEC_Saisie:TEC_TdB_Push_TEC_Local_To_DB_Data |  | 31
2024-11-21 08:41:16.15 | vgervais | APP_v5.D.1.xlsb | modTEC_Saisie:TEC_TdB_Push_TEC_Local_To_DB_Data | 0,2227 sec. | 31

2024-11-21 08:41:16.18 | vgervais | APP_v5.D.1.xlsb | modTEC_Saisie:TEC_TdB_Refresh_All_Pivot_Tables |  | 31
2024-11-21 08:41:16.32 | vgervais | APP_v5.D.1.xlsb | modTEC_Saisie:TEC_TdB_Refresh_All_Pivot_Tables | 0,1445 sec. | 31

2024-11-21 08:41:16.36 | vgervais | APP_v5.D.1.xlsb | modTEC_Saisie:TEC_TdB_Update_All | 0,4609 sec. | 31

2024-11-21 08:41:16.38 | vgervais | APP_v5.D.1.xlsb | modTEC_Saisie:TEC_Ajoute_Ligne | 2,2324 sec. | 31

2024-11-21 08:41:16.42 | vgervais | APP_v5.D.1.xlsb | ufSaisieHeures:cmdAdd_Click | 2,2988 sec. | 31

2024-11-21 08:44:02.86 | vgervais | APP_v5.D.1.xlsb | ufSaisieHeures:txtClient_AfterUpdate - techva |  | 31
2024-11-21 08:44:02.90 | vgervais | APP_v5.D.1.xlsb | modFunctions:Fn_GetID_From_Client_Name - techva |  | 31
2024-11-21 08:44:04.55 | vgervais | APP_v5.D.1.xlsb | modFunctions:Fn_GetID_From_Client_Name - Not Found | 1,6602 sec. | 31

2024-11-21 08:44:04.59 | vgervais | APP_v5.D.1.xlsb |    ufSaisieHeures:txtClient_AfterUpdate -  |  | 31
2024-11-21 08:44:04.62 | vgervais | APP_v5.D.1.xlsb | ufSaisieHeures:txtClient_AfterUpdate | 1,7676 sec. | 31

2024-11-21 08:44:07.27 | vgervais | APP_v5.D.1.xlsb | ufSaisieHeures:lstboxNomClient_DblClick |  | 31
2024-11-21 08:44:07.33 | vgervais | APP_v5.D.1.xlsb | modFunctions:Fn_GetID_From_Client_Name - Groupe Coalitech Inc. [Techvac Équipement] |  | 31
2024-11-21 08:44:07.36 | vgervais | APP_v5.D.1.xlsb | modFunctions:Fn_GetID_From_Client_Name - 1739 | 0,0410 sec. | 31

2024-11-21 08:44:07.40 | vgervais | APP_v5.D.1.xlsb | ufSaisieHeures:lstboxNomClient_DblClick | 0,1348 sec. | 31

2024-11-21 08:44:07.43 | vgervais | APP_v5.D.1.xlsb | ufSaisieHeures:txtClient_AfterUpdate - Groupe Coalitech Inc. [Techvac Équipement] |  | 31
2024-11-21 08:44:07.47 | vgervais | APP_v5.D.1.xlsb | modFunctions:Fn_GetID_From_Client_Name - Groupe Coalitech Inc. [Techvac Équipement] |  | 31
2024-11-21 08:44:07.50 | vgervais | APP_v5.D.1.xlsb | modFunctions:Fn_GetID_From_Client_Name - 1739 | 0,0332 sec. | 31

2024-11-21 08:44:07.53 | vgervais | APP_v5.D.1.xlsb |    ufSaisieHeures:txtClient_AfterUpdate - 1739 |  | 31
2024-11-21 08:44:07.57 | vgervais | APP_v5.D.1.xlsb | ufSaisieHeures:txtClient_AfterUpdate | 0,1367 sec. | 31

2024-11-21 08:44:12.32 | vgervais | APP_v5.D.1.xlsb | ufSaisieHeures:txtHeures_AfterUpdate |  | 31
2024-11-21 08:44:12.36 | vgervais | APP_v5.D.1.xlsb | ufSaisieHeures:txtHeures_AfterUpdate | 0,0449 sec. | 31

2024-11-21 08:44:12.40 | vgervais | APP_v5.D.1.xlsb | ufSaisieHeures:txtHeures_Exit |  | 31
2024-11-21 08:44:12.43 | vgervais | APP_v5.D.1.xlsb | ufSaisieHeures:txtHeures_AfterUpdate | 0,0352 sec. | 31

2024-11-21 08:45:44.07 | vgervais | APP_v5.D.1.xlsb | ufSaisieHeures:txtActivite_AfterUpdate |  | 31
2024-11-21 08:45:44.11 | vgervais | APP_v5.D.1.xlsb | ufSaisieHeures:txtActivite_AfterUpdate | 0,0488 sec. | 31

2024-11-21 08:45:45.48 | vgervais | APP_v5.D.1.xlsb | ufSaisieHeures:chbFacturable_AfterUpdate |  | 31
2024-11-21 08:45:45.51 | vgervais | APP_v5.D.1.xlsb | ufSaisieHeures:chbFacturable_AfterUpdate | 0,0352 sec. | 31

2024-11-21 08:45:46.15 | vgervais | APP_v5.D.1.xlsb | ufSaisieHeures:chbFacturable_AfterUpdate |  | 31
2024-11-21 08:45:46.19 | vgervais | APP_v5.D.1.xlsb | ufSaisieHeures:chbFacturable_AfterUpdate | 0,0430 sec. | 31

2024-11-21 08:45:47.08 | vgervais | APP_v5.D.1.xlsb | ufSaisieHeures:cmdAdd_Click |  | 31
2024-11-21 08:45:47.12 | vgervais | APP_v5.D.1.xlsb | modTEC_Saisie:TEC_Ajoute_Ligne |  | 31
2024-11-21 08:45:47.16 | vgervais | APP_v5.D.1.xlsb | modTEC_Saisie:TEC_Record_Add_Or_Update_To_DB - TECID = '0' |  | 31
2024-11-21 08:45:47.34 | vgervais | APP_v5.D.1.xlsb |      modTEC_Saisie:TEC_Record_Add_Or_Update_To_DB - AddingNewRecord - TECID = 0 |  | 31
2024-11-21 08:45:47.45 | vgervais | APP_v5.D.1.xlsb |      modTEC_Saisie:TEC_Record_Add_Or_Update_To_DB - Le nouvel enregistrement, TECID a été assigné à 2536 |  | 31
2024-11-21 08:45:47.48 | vgervais | APP_v5.D.1.xlsb |      modTEC_Saisie:TEC_Record_Add_Or_Update_To_DB - Création du RecordSet |  | 31
2024-11-21 08:45:47.51 | vgervais | APP_v5.D.1.xlsb |      modTEC_Saisie:TEC_Record_Add_Or_Update_To_DB - Le RecordSet a été ajouté pour le TECID = 2536 |  | 31
2024-11-21 08:45:47.75 | vgervais | APP_v5.D.1.xlsb | modTEC_Saisie:TEC_Record_Add_Or_Update_To_DB | 0,5918 sec. | 31

2024-11-21 08:45:47.78 | vgervais | APP_v5.D.1.xlsb | modTEC_Saisie:TEC_Record_Add_Or_Update_Locally |  | 31
2024-11-21 08:45:47.84 | vgervais | APP_v5.D.1.xlsb | modTEC_Saisie:TEC_Record_Add_Or_Update_Locally | 0,0664 sec. | 31

2024-11-21 08:45:47.88 | vgervais | APP_v5.D.1.xlsb | modTEC_Saisie:TEC_Get_All_TEC_AF - 2/2024-11-20 |  | 31
2024-11-21 08:45:47.95 | vgervais | APP_v5.D.1.xlsb | modTEC_Saisie:TEC_Get_All_TEC_AF | 0,0781 sec. | 31

2024-11-21 08:45:47.98 | vgervais | APP_v5.D.1.xlsb | modTEC_Saisie:TEC_Refresh_ListBox_And_Add_Hours |  | 31
2024-11-21 08:45:48.02 | vgervais | APP_v5.D.1.xlsb | modTEC_Saisie:TEC_TdB_Update_All |  | 31
2024-11-21 08:45:48.04 | vgervais | APP_v5.D.1.xlsb | modTEC_Saisie:TEC_TdB_Push_TEC_Local_To_DB_Data |  | 31
2024-11-21 08:45:48.29 | vgervais | APP_v5.D.1.xlsb | modTEC_Saisie:TEC_TdB_Push_TEC_Local_To_DB_Data | 0,2480 sec. | 31

2024-11-21 08:45:48.32 | vgervais | APP_v5.D.1.xlsb | modTEC_Saisie:TEC_TdB_Refresh_All_Pivot_Tables |  | 31
2024-11-21 08:45:48.46 | vgervais | APP_v5.D.1.xlsb | modTEC_Saisie:TEC_TdB_Refresh_All_Pivot_Tables | 0,1465 sec. | 31

2024-11-21 08:45:48.50 | vgervais | APP_v5.D.1.xlsb | modTEC_Saisie:TEC_TdB_Update_All | 0,4824 sec. | 31

2024-11-21 08:45:48.53 | vgervais | APP_v5.D.1.xlsb | modStatsHeures:StatsHeures_AdvancedFilters |  | 31
2024-11-21 08:45:48.72 | vgervais | APP_v5.D.1.xlsb | modStatsHeures:StatsHeures_AdvancedFilters | 0,1914 sec. | 31

2024-11-21 08:45:48.81 | vgervais | APP_v5.D.1.xlsb | modTEC_Saisie:TEC_Refresh_ListBox_And_Add_Hours | 0,8320 sec. | 31

2024-11-21 08:45:48.84 | vgervais | APP_v5.D.1.xlsb | modTEC_Saisie:TEC_TdB_Update_All |  | 31
2024-11-21 08:45:48.88 | vgervais | APP_v5.D.1.xlsb | modTEC_Saisie:TEC_TdB_Push_TEC_Local_To_DB_Data |  | 31
2024-11-21 08:45:49.10 | vgervais | APP_v5.D.1.xlsb | modTEC_Saisie:TEC_TdB_Push_TEC_Local_To_DB_Data | 0,2266 sec. | 31

2024-11-21 08:45:49.13 | vgervais | APP_v5.D.1.xlsb | modTEC_Saisie:TEC_TdB_Refresh_All_Pivot_Tables |  | 31
2024-11-21 08:45:49.27 | vgervais | APP_v5.D.1.xlsb | modTEC_Saisie:TEC_TdB_Refresh_All_Pivot_Tables | 0,1465 sec. | 31

2024-11-21 08:45:49.30 | vgervais | APP_v5.D.1.xlsb | modTEC_Saisie:TEC_TdB_Update_All | 0,4629 sec. | 31

2024-11-21 08:45:49.34 | vgervais | APP_v5.D.1.xlsb | modTEC_Saisie:TEC_Ajoute_Ligne | 2,2285 sec. | 31

2024-11-21 08:45:49.37 | vgervais | APP_v5.D.1.xlsb | ufSaisieHeures:cmdAdd_Click | 2,2910 sec. | 31

2024-11-21 08:47:19.34 | vgervais | APP_v5.D.1.xlsb | ufSaisieHeures:txtDate_BeforeUpdate |  | 31
2024-11-21 08:47:19.38 | vgervais | APP_v5.D.1.xlsb | modFunctions:Fn_Complete_Date @00608   y = 2024   m = 11   d = 21 parsedDate='2024-11-21' |  | 31
2024-11-21 08:47:19.41 | vgervais | APP_v5.D.1.xlsb | ufSaisieHeures:txtDate_BeforeUpdate | 0,0762 sec. | 31

2024-11-21 08:47:19.44 | vgervais | APP_v5.D.1.xlsb | ufSaisieHeures:txtDate_AfterUpdate - 2024-11-21 |  | 31
2024-11-21 08:47:19.47 | vgervais | APP_v5.D.1.xlsb | modTEC_Saisie:TEC_Get_All_TEC_AF - 2/2024-11-21 |  | 31
2024-11-21 08:47:19.54 | vgervais | APP_v5.D.1.xlsb | modTEC_Saisie:TEC_Get_All_TEC_AF | 0,0762 sec. | 31

2024-11-21 08:47:19.58 | vgervais | APP_v5.D.1.xlsb | modTEC_Saisie:TEC_Refresh_ListBox_And_Add_Hours |  | 31
2024-11-21 08:47:19.62 | vgervais | APP_v5.D.1.xlsb | modTEC_Saisie:TEC_TdB_Update_All |  | 31
2024-11-21 08:47:19.65 | vgervais | APP_v5.D.1.xlsb | modTEC_Saisie:TEC_TdB_Push_TEC_Local_To_DB_Data |  | 31
2024-11-21 08:47:19.88 | vgervais | APP_v5.D.1.xlsb | modTEC_Saisie:TEC_TdB_Push_TEC_Local_To_DB_Data | 0,2246 sec. | 31

2024-11-21 08:47:19.91 | vgervais | APP_v5.D.1.xlsb | modTEC_Saisie:TEC_TdB_Refresh_All_Pivot_Tables |  | 31
2024-11-21 08:47:20.06 | vgervais | APP_v5.D.1.xlsb | modTEC_Saisie:TEC_TdB_Refresh_All_Pivot_Tables | 0,1602 sec. | 31

2024-11-21 08:47:20.09 | vgervais | APP_v5.D.1.xlsb | modTEC_Saisie:TEC_TdB_Update_All | 0,4746 sec. | 31

2024-11-21 08:47:20.12 | vgervais | APP_v5.D.1.xlsb | modStatsHeures:StatsHeures_AdvancedFilters |  | 31
2024-11-21 08:47:20.31 | vgervais | APP_v5.D.1.xlsb | modStatsHeures:StatsHeures_AdvancedFilters | 0,1973 sec. | 31

2024-11-21 08:47:20.42 | vgervais | APP_v5.D.1.xlsb | modTEC_Saisie:TEC_Refresh_ListBox_And_Add_Hours | 0,8438 sec. | 31

2024-11-21 08:47:20.45 | vgervais | APP_v5.D.1.xlsb | ufSaisieHeures:txtDate_AfterUpdate | 1,0117 sec. | 31

2024-11-21 12:01:35.89 | Annie | APP_v5.D.1.xlsb | ***** Début d'une nouvelle session (Workbook_Open) ***** |  | 31
2024-11-21 12:01:36.05 | Annie | APP_v5.D.1.xlsb | ThisWorkbook:Create_User_Active_File |  | 31
2024-11-21 12:01:36.26 | Annie | APP_v5.D.1.xlsb | ThisWorkbook:Create_User_Active_File | 0.2188 sec. | 31

2024-11-21 12:01:36.43 | Annie | APP_v5.D.1.xlsb | ThisWorkbook:BackupMasterFile |  | 31
2024-11-21 12:01:38.69 | Annie | APP_v5.D.1.xlsb |    ThisWorkbook:BackupMasterFile - La variable masterWorkbook est initialisée |  | 31
2024-11-21 12:01:39.41 | Annie | APP_v5.D.1.xlsb |    ThisWorkbook:BackupMasterFile - La copie est réussie |  | 31
2024-11-21 12:01:39.87 | Annie | APP_v5.D.1.xlsb |    ThisWorkbook:BackupMasterFile - Le fichier masterWorkbook est fermé |  | 31
2024-11-21 12:01:40.08 | Annie | APP_v5.D.1.xlsb | ThisWorkbook:BackupMasterFile | 3.6641 sec. | 31

2024-11-21 12:01:40.24 | Annie | APP_v5.D.1.xlsb | modMenu:Hide_Dev_Shapes_Based_On_Username |  | 31
2024-11-21 12:01:40.38 | Annie | APP_v5.D.1.xlsb | modMenu:Hide_Dev_Shapes_Based_On_Username | 0.1523 sec. | 31

2024-11-21 12:01:40.68 | Annie | APP_v5.D.1.xlsb | modAppli:Write_Info_On_Main_Menu |  | 31
2024-11-21 12:01:40.99 | Annie | APP_v5.D.1.xlsb | modAppli:Write_Info_On_Main_Menu | 0.3242 sec. | 31

2024-11-21 12:01:41.14 | Annie | APP_v5.D.1.xlsb | modAppli:Hide_All_Worksheets_Except_Menu |  | 31
2024-11-21 12:01:41.33 | Annie | APP_v5.D.1.xlsb | modAppli:Hide_All_Worksheets_Except_Menu | 0.2070 sec. | 31

2024-11-21 12:01:41.63 | Annie | APP_v5.D.1.xlsb | ThisWorkbook:Workbook_Open | 5.7539 sec. | 31

2024-11-21 12:01:46.47 | Annie | APP_v5.D.1.xlsb | ufSaisieHeures:UserForm_Activate |  | 31
2024-11-21 12:01:46.55 | Annie | APP_v5.D.1.xlsb | modImport:Client_List_Import_All |  | 31
2024-11-21 12:01:47.80 | Annie | APP_v5.D.1.xlsb |      modImport:Client_List_Import_All - Le .CopyFromRecordSet est complétée |  | 31
2024-11-21 12:01:47.96 | Annie | APP_v5.D.1.xlsb |      modImport:Client_List_Import_All - La mise en forme a été appliquée |  | 31
2024-11-21 12:01:48.21 | Annie | APP_v5.D.1.xlsb | modImport:Client_List_Import_All | 1.6719 sec. | 31

2024-11-21 12:01:48.32 | Annie | APP_v5.D.1.xlsb | modImport:TEC_Import_All |  | 31
2024-11-21 12:01:50.50 | Annie | APP_v5.D.1.xlsb |      modImport:TEC_Import_All - Le .CopyFromRecordSet est complétée |  | 31
2024-11-21 12:01:50.89 | Annie | APP_v5.D.1.xlsb |      modImport:TEC_Import_All - La mise en forme a été appliquée |  | 31
2024-11-21 12:01:51.13 | Annie | APP_v5.D.1.xlsb | modImport:TEC_Import_All | 2.8281 sec. | 31

2024-11-21 12:01:51.30 | Annie | APP_v5.D.1.xlsb | ufSaisieHeures:UserForm_Activate | 4.8633 sec. | 31

2024-11-21 12:01:54.41 | Annie | APP_v5.D.1.xlsb | ufSaisieHeures:cmbProfessionnel_AfterUpdate |  | 31
2024-11-21 12:01:54.59 | Annie | APP_v5.D.1.xlsb | ufSaisieHeures:cmbProfessionnel_AfterUpdate | 0.1953 sec. | 31

2024-11-21 12:02:02.19 | Annie | APP_v5.D.1.xlsb | ufSaisieHeures:txtDate_BeforeUpdate |  | 31
2024-11-21 12:02:02.28 | Annie | APP_v5.D.1.xlsb | modFunctions:Fn_Complete_Date @00608   y = 2024   m = 11   d = 21 parsedDate='2024-11-21' |  | 31
2024-11-21 12:02:02.43 | Annie | APP_v5.D.1.xlsb | ufSaisieHeures:txtDate_BeforeUpdate | 0.2539 sec. | 31

2024-11-21 12:02:02.59 | Annie | APP_v5.D.1.xlsb | ufSaisieHeures:txtDate_AfterUpdate - 2024-11-21 |  | 31
2024-11-21 12:02:02.67 | Annie | APP_v5.D.1.xlsb | modTEC_Saisie:TEC_Get_All_TEC_AF - 3/2024-11-21 |  | 31
2024-11-21 12:02:02.88 | Annie | APP_v5.D.1.xlsb | modTEC_Saisie:TEC_Get_All_TEC_AF | 0.2227 sec. | 31

2024-11-21 12:02:03.02 | Annie | APP_v5.D.1.xlsb | modTEC_Saisie:TEC_Refresh_ListBox_And_Add_Hours |  | 31
2024-11-21 12:02:03.11 | Annie | APP_v5.D.1.xlsb | modTEC_Saisie:TEC_TdB_Update_All |  | 31
2024-11-21 12:02:03.20 | Annie | APP_v5.D.1.xlsb | modTEC_Saisie:TEC_TdB_Push_TEC_Local_To_DB_Data |  | 31
2024-11-21 12:02:03.58 | Annie | APP_v5.D.1.xlsb | modTEC_Saisie:TEC_TdB_Push_TEC_Local_To_DB_Data | 0.3984 sec. | 31

2024-11-21 12:02:03.66 | Annie | APP_v5.D.1.xlsb | modTEC_Saisie:TEC_TdB_Refresh_All_Pivot_Tables |  | 31
2024-11-21 12:02:03.95 | Annie | APP_v5.D.1.xlsb | modTEC_Saisie:TEC_TdB_Refresh_All_Pivot_Tables | 0.3047 sec. | 31

2024-11-21 12:02:04.09 | Annie | APP_v5.D.1.xlsb | modTEC_Saisie:TEC_TdB_Update_All | 0.9883 sec. | 31

2024-11-21 12:02:04.22 | Annie | APP_v5.D.1.xlsb | modStatsHeures:StatsHeures_AdvancedFilters |  | 31
2024-11-21 12:02:04.52 | Annie | APP_v5.D.1.xlsb | modStatsHeures:StatsHeures_AdvancedFilters | 0.3086 sec. | 31

2024-11-21 12:02:04.91 | Annie | APP_v5.D.1.xlsb | modTEC_Saisie:TEC_Refresh_ListBox_And_Add_Hours | 1.9062 sec. | 31

2024-11-21 12:02:05.06 | Annie | APP_v5.D.1.xlsb | ufSaisieHeures:txtDate_AfterUpdate | 2.4805 sec. | 31

2024-11-21 12:02:10.49 | Annie | APP_v5.D.1.xlsb | ufSaisieHeures:txtClient_AfterUpdate - Vignoble Kobloth et fils Inc. [Roxane Gauthier] |  | 31
2024-11-21 12:02:10.64 | Annie | APP_v5.D.1.xlsb | modFunctions:Fn_GetID_From_Client_Name - Vignoble Kobloth et fils Inc. [Roxane Gauthier] |  | 31
2024-11-21 12:02:10.79 | Annie | APP_v5.D.1.xlsb | modFunctions:Fn_GetID_From_Client_Name - 1112 | 0.1562 sec. | 31

2024-11-21 12:02:10.93 | Annie | APP_v5.D.1.xlsb |    ufSaisieHeures:txtClient_AfterUpdate - 1112 |  | 31
2024-11-21 12:02:11.08 | Annie | APP_v5.D.1.xlsb | ufSaisieHeures:txtClient_AfterUpdate | 0.6016 sec. | 31

2024-11-21 12:02:19.55 | Annie | APP_v5.D.1.xlsb | ufSaisieHeures:txtActivite_AfterUpdate |  | 31
2024-11-21 12:02:19.68 | Annie | APP_v5.D.1.xlsb | ufSaisieHeures:txtActivite_AfterUpdate | 0.1484 sec. | 31

2024-11-21 12:02:21.66 | Annie | APP_v5.D.1.xlsb | ufSaisieHeures:txtHeures_AfterUpdate |  | 31
2024-11-21 12:02:21.81 | Annie | APP_v5.D.1.xlsb | ufSaisieHeures:txtHeures_AfterUpdate | 0.1641 sec. | 31

2024-11-21 12:02:21.96 | Annie | APP_v5.D.1.xlsb | ufSaisieHeures:txtHeures_Exit |  | 31
2024-11-21 12:02:22.11 | Annie | APP_v5.D.1.xlsb | ufSaisieHeures:txtHeures_AfterUpdate | 0.1562 sec. | 31

2024-11-21 12:02:22.64 | Annie | APP_v5.D.1.xlsb | ufSaisieHeures:cmdAdd_Click |  | 31
2024-11-21 12:02:22.79 | Annie | APP_v5.D.1.xlsb | modTEC_Saisie:TEC_Ajoute_Ligne |  | 31
2024-11-21 12:02:22.93 | Annie | APP_v5.D.1.xlsb | modTEC_Saisie:TEC_Record_Add_Or_Update_To_DB - TECID = '0' |  | 31
2024-11-21 12:02:24.52 | Annie | APP_v5.D.1.xlsb |      modTEC_Saisie:TEC_Record_Add_Or_Update_To_DB - AddingNewRecord - TECID = 0 |  | 31
2024-11-21 12:02:25.42 | Annie | APP_v5.D.1.xlsb |      modTEC_Saisie:TEC_Record_Add_Or_Update_To_DB - Le nouvel enregistrement, TECID a été assigné à 2537 |  | 31
2024-11-21 12:02:25.57 | Annie | APP_v5.D.1.xlsb |      modTEC_Saisie:TEC_Record_Add_Or_Update_To_DB - Création du RecordSet |  | 31
2024-11-21 12:02:25.74 | Annie | APP_v5.D.1.xlsb |      modTEC_Saisie:TEC_Record_Add_Or_Update_To_DB - Le RecordSet a été ajouté pour le TECID = 2537 |  | 31
2024-11-21 12:02:27.23 | Annie | APP_v5.D.1.xlsb | modTEC_Saisie:TEC_Record_Add_Or_Update_To_DB | 4.3164 sec. | 31

2024-11-21 12:02:27.31 | Annie | APP_v5.D.1.xlsb | modTEC_Saisie:TEC_Record_Add_Or_Update_Locally |  | 31
2024-11-21 12:02:27.47 | Annie | APP_v5.D.1.xlsb | modTEC_Saisie:TEC_Record_Add_Or_Update_Locally | 0.1797 sec. | 31

2024-11-21 12:02:27.56 | Annie | APP_v5.D.1.xlsb | modTEC_Saisie:TEC_Get_All_TEC_AF - 3/2024-11-21 |  | 31
2024-11-21 12:02:27.73 | Annie | APP_v5.D.1.xlsb | modTEC_Saisie:TEC_Get_All_TEC_AF | 0.1914 sec. | 31

2024-11-21 12:02:27.82 | Annie | APP_v5.D.1.xlsb | modTEC_Saisie:TEC_Refresh_ListBox_And_Add_Hours |  | 31
2024-11-21 12:02:27.94 | Annie | APP_v5.D.1.xlsb | modTEC_Saisie:TEC_TdB_Update_All |  | 31
2024-11-21 12:02:28.02 | Annie | APP_v5.D.1.xlsb | modTEC_Saisie:TEC_TdB_Push_TEC_Local_To_DB_Data |  | 31
2024-11-21 12:02:28.39 | Annie | APP_v5.D.1.xlsb | modTEC_Saisie:TEC_TdB_Push_TEC_Local_To_DB_Data | 0.3984 sec. | 31

2024-11-21 12:02:28.48 | Annie | APP_v5.D.1.xlsb | modTEC_Saisie:TEC_TdB_Refresh_All_Pivot_Tables |  | 31
2024-11-21 12:02:28.75 | Annie | APP_v5.D.1.xlsb | modTEC_Saisie:TEC_TdB_Refresh_All_Pivot_Tables | 0.2969 sec. | 31

2024-11-21 12:02:28.87 | Annie | APP_v5.D.1.xlsb | modTEC_Saisie:TEC_TdB_Update_All | 1.0078 sec. | 31

2024-11-21 12:02:29.04 | Annie | APP_v5.D.1.xlsb | modStatsHeures:StatsHeures_AdvancedFilters |  | 31
2024-11-21 12:02:29.41 | Annie | APP_v5.D.1.xlsb | modStatsHeures:StatsHeures_AdvancedFilters | 0.3867 sec. | 31

2024-11-21 12:02:29.72 | Annie | APP_v5.D.1.xlsb | modTEC_Saisie:TEC_Refresh_ListBox_And_Add_Hours | 1.9180 sec. | 31

2024-11-21 12:02:29.88 | Annie | APP_v5.D.1.xlsb | modTEC_Saisie:TEC_TdB_Update_All |  | 31
2024-11-21 12:02:30.00 | Annie | APP_v5.D.1.xlsb | modTEC_Saisie:TEC_TdB_Push_TEC_Local_To_DB_Data |  | 31
2024-11-21 12:02:30.51 | Annie | APP_v5.D.1.xlsb | modTEC_Saisie:TEC_TdB_Push_TEC_Local_To_DB_Data | 0.5391 sec. | 31

2024-11-21 12:02:30.71 | Annie | APP_v5.D.1.xlsb | modTEC_Saisie:TEC_TdB_Refresh_All_Pivot_Tables |  | 31
2024-11-21 12:02:31.07 | Annie | APP_v5.D.1.xlsb | modTEC_Saisie:TEC_TdB_Refresh_All_Pivot_Tables | 0.3906 sec. | 31

2024-11-21 12:02:31.26 | Annie | APP_v5.D.1.xlsb | modTEC_Saisie:TEC_TdB_Update_All | 1.3945 sec. | 31

2024-11-21 12:02:31.44 | Annie | APP_v5.D.1.xlsb | modTEC_Saisie:TEC_Ajoute_Ligne | 8.6797 sec. | 31

2024-11-21 12:02:31.61 | Annie | APP_v5.D.1.xlsb | ufSaisieHeures:cmdAdd_Click | 8.9922 sec. | 31

2024-11-21 12:03:34.11 | Annie | APP_v5.D.1.xlsb | ufSaisieHeures:txtDate_BeforeUpdate |  | 31
2024-11-21 12:03:34.26 | Annie | APP_v5.D.1.xlsb | modFunctions:Fn_Complete_Date @00608   y = 2024   m = 11   d = 18 parsedDate='2024-11-18' |  | 31
2024-11-21 12:03:34.41 | Annie | APP_v5.D.1.xlsb | ufSaisieHeures:txtDate_BeforeUpdate | 0.3203 sec. | 31

2024-11-21 12:03:34.57 | Annie | APP_v5.D.1.xlsb | ufSaisieHeures:txtDate_AfterUpdate - 2024-11-18 |  | 31
2024-11-21 12:03:34.71 | Annie | APP_v5.D.1.xlsb | modTEC_Saisie:TEC_Get_All_TEC_AF - 3/2024-11-18 |  | 31
2024-11-21 12:03:34.96 | Annie | APP_v5.D.1.xlsb | modTEC_Saisie:TEC_Get_All_TEC_AF | 0.2695 sec. | 31

2024-11-21 12:03:35.12 | Annie | APP_v5.D.1.xlsb | modTEC_Saisie:TEC_Refresh_ListBox_And_Add_Hours |  | 31
2024-11-21 12:03:35.27 | Annie | APP_v5.D.1.xlsb | modTEC_Saisie:TEC_TdB_Update_All |  | 31
2024-11-21 12:03:35.41 | Annie | APP_v5.D.1.xlsb | modTEC_Saisie:TEC_TdB_Push_TEC_Local_To_DB_Data |  | 31
2024-11-21 12:03:35.86 | Annie | APP_v5.D.1.xlsb | modTEC_Saisie:TEC_TdB_Push_TEC_Local_To_DB_Data | 0.4531 sec. | 31

2024-11-21 12:03:36.01 | Annie | APP_v5.D.1.xlsb | modTEC_Saisie:TEC_TdB_Refresh_All_Pivot_Tables |  | 31
2024-11-21 12:03:36.33 | Annie | APP_v5.D.1.xlsb | modTEC_Saisie:TEC_TdB_Refresh_All_Pivot_Tables | 0.3359 sec. | 31

2024-11-21 12:03:36.48 | Annie | APP_v5.D.1.xlsb | modTEC_Saisie:TEC_TdB_Update_All | 1.2227 sec. | 31

2024-11-21 12:03:36.62 | Annie | APP_v5.D.1.xlsb | modStatsHeures:StatsHeures_AdvancedFilters |  | 31
2024-11-21 12:03:36.98 | Annie | APP_v5.D.1.xlsb | modStatsHeures:StatsHeures_AdvancedFilters | 0.3750 sec. | 31

2024-11-21 12:03:37.23 | Annie | APP_v5.D.1.xlsb | modTEC_Saisie:TEC_Refresh_ListBox_And_Add_Hours | 2.1289 sec. | 31

2024-11-21 12:03:37.31 | Annie | APP_v5.D.1.xlsb | ufSaisieHeures:txtDate_AfterUpdate | 2.7461 sec. | 31

2024-11-21 12:03:40.11 | Annie | APP_v5.D.1.xlsb | ufSaisieHeures:txtDate_BeforeUpdate |  | 31
2024-11-21 12:03:40.21 | Annie | APP_v5.D.1.xlsb | modFunctions:Fn_Complete_Date @00608   y = 2024   m = 11   d = 19 parsedDate='2024-11-19' |  | 31
2024-11-21 12:03:40.28 | Annie | APP_v5.D.1.xlsb | ufSaisieHeures:txtDate_BeforeUpdate | 0.1875 sec. | 31

2024-11-21 12:03:40.36 | Annie | APP_v5.D.1.xlsb | ufSaisieHeures:txtDate_AfterUpdate - 2024-11-19 |  | 31
2024-11-21 12:03:40.44 | Annie | APP_v5.D.1.xlsb | modTEC_Saisie:TEC_Get_All_TEC_AF - 3/2024-11-19 |  | 31
2024-11-21 12:03:40.62 | Annie | APP_v5.D.1.xlsb | modTEC_Saisie:TEC_Get_All_TEC_AF | 0.1992 sec. | 31

2024-11-21 12:03:40.71 | Annie | APP_v5.D.1.xlsb | modTEC_Saisie:TEC_Refresh_ListBox_And_Add_Hours |  | 31
2024-11-21 12:03:40.85 | Annie | APP_v5.D.1.xlsb | modTEC_Saisie:TEC_TdB_Update_All |  | 31
2024-11-21 12:03:40.93 | Annie | APP_v5.D.1.xlsb | modTEC_Saisie:TEC_TdB_Push_TEC_Local_To_DB_Data |  | 31
2024-11-21 12:03:41.36 | Annie | APP_v5.D.1.xlsb | modTEC_Saisie:TEC_TdB_Push_TEC_Local_To_DB_Data | 0.4492 sec. | 31

2024-11-21 12:03:41.53 | Annie | APP_v5.D.1.xlsb | modTEC_Saisie:TEC_TdB_Refresh_All_Pivot_Tables |  | 31
2024-11-21 12:03:41.87 | Annie | APP_v5.D.1.xlsb | modTEC_Saisie:TEC_TdB_Refresh_All_Pivot_Tables | 0.3594 sec. | 31

2024-11-21 12:03:42.05 | Annie | APP_v5.D.1.xlsb | modTEC_Saisie:TEC_TdB_Update_All | 1.2109 sec. | 31

2024-11-21 12:03:42.20 | Annie | APP_v5.D.1.xlsb | modStatsHeures:StatsHeures_AdvancedFilters |  | 31
2024-11-21 12:03:42.59 | Annie | APP_v5.D.1.xlsb | modStatsHeures:StatsHeures_AdvancedFilters | 0.4062 sec. | 31

2024-11-21 12:03:42.94 | Annie | APP_v5.D.1.xlsb | modTEC_Saisie:TEC_Refresh_ListBox_And_Add_Hours | 2.2383 sec. | 31

2024-11-21 12:03:43.11 | Annie | APP_v5.D.1.xlsb | ufSaisieHeures:txtDate_AfterUpdate | 2.7617 sec. | 31

2024-11-21 12:03:54.53 | Annie | APP_v5.D.1.xlsb | ufSaisieHeures:txtDate_BeforeUpdate |  | 31
2024-11-21 12:03:54.68 | Annie | APP_v5.D.1.xlsb | modFunctions:Fn_Complete_Date @00608   y = 2024   m = 11   d = 20 parsedDate='2024-11-20' |  | 31
2024-11-21 12:03:54.85 | Annie | APP_v5.D.1.xlsb | ufSaisieHeures:txtDate_BeforeUpdate | 0.3398 sec. | 31

2024-11-21 12:03:54.00 | Annie | APP_v5.D.1.xlsb | ufSaisieHeures:txtDate_AfterUpdate - 2024-11-20 |  | 31
2024-11-21 12:03:55.10 | Annie | APP_v5.D.1.xlsb | modTEC_Saisie:TEC_Get_All_TEC_AF - 3/2024-11-20 |  | 31
2024-11-21 12:03:55.35 | Annie | APP_v5.D.1.xlsb | modTEC_Saisie:TEC_Get_All_TEC_AF | 0.2656 sec. | 31

2024-11-21 12:03:55.45 | Annie | APP_v5.D.1.xlsb | modTEC_Saisie:TEC_Refresh_ListBox_And_Add_Hours |  | 31
2024-11-21 12:03:55.55 | Annie | APP_v5.D.1.xlsb | modTEC_Saisie:TEC_TdB_Update_All |  | 31
2024-11-21 12:03:55.77 | Annie | APP_v5.D.1.xlsb | modTEC_Saisie:TEC_TdB_Push_TEC_Local_To_DB_Data |  | 31
2024-11-21 12:03:56.20 | Annie | APP_v5.D.1.xlsb | modTEC_Saisie:TEC_TdB_Push_TEC_Local_To_DB_Data | 0.4375 sec. | 31

2024-11-21 12:03:56.30 | Annie | APP_v5.D.1.xlsb | modTEC_Saisie:TEC_TdB_Refresh_All_Pivot_Tables |  | 31
2024-11-21 12:03:56.61 | Annie | APP_v5.D.1.xlsb | modTEC_Saisie:TEC_TdB_Refresh_All_Pivot_Tables | 0.3281 sec. | 31

2024-11-21 12:03:56.77 | Annie | APP_v5.D.1.xlsb | modTEC_Saisie:TEC_TdB_Update_All | 1.2344 sec. | 31

2024-11-21 12:03:56.87 | Annie | APP_v5.D.1.xlsb | modStatsHeures:StatsHeures_AdvancedFilters |  | 31
2024-11-21 12:03:57.15 | Annie | APP_v5.D.1.xlsb | modStatsHeures:StatsHeures_AdvancedFilters | 0.2930 sec. | 31

2024-11-21 12:03:57.55 | Annie | APP_v5.D.1.xlsb | modTEC_Saisie:TEC_Refresh_ListBox_And_Add_Hours | 2.1211 sec. | 31

2024-11-21 12:03:57.72 | Annie | APP_v5.D.1.xlsb | ufSaisieHeures:txtDate_AfterUpdate | 2.7461 sec. | 31

2024-11-21 12:04:06.80 | Annie | APP_v5.D.1.xlsb | ufSaisieHeures:txtDate_BeforeUpdate |  | 31
2024-11-21 12:04:06.89 | Annie | APP_v5.D.1.xlsb | modFunctions:Fn_Complete_Date @00608   y = 2024   m = 11   d = 21 parsedDate='2024-11-21' |  | 31
2024-11-21 12:04:06.97 | Annie | APP_v5.D.1.xlsb | ufSaisieHeures:txtDate_BeforeUpdate | 0.1758 sec. | 31

2024-11-21 12:04:07.05 | Annie | APP_v5.D.1.xlsb | ufSaisieHeures:txtDate_AfterUpdate - 2024-11-21 |  | 31
2024-11-21 12:04:07.13 | Annie | APP_v5.D.1.xlsb | modTEC_Saisie:TEC_Get_All_TEC_AF - 3/2024-11-21 |  | 31
2024-11-21 12:04:07.32 | Annie | APP_v5.D.1.xlsb | modTEC_Saisie:TEC_Get_All_TEC_AF | 0.2188 sec. | 31

2024-11-21 12:04:07.41 | Annie | APP_v5.D.1.xlsb | modTEC_Saisie:TEC_Refresh_ListBox_And_Add_Hours |  | 31
2024-11-21 12:04:07.50 | Annie | APP_v5.D.1.xlsb | modTEC_Saisie:TEC_TdB_Update_All |  | 31
2024-11-21 12:04:07.58 | Annie | APP_v5.D.1.xlsb | modTEC_Saisie:TEC_TdB_Push_TEC_Local_To_DB_Data |  | 31
2024-11-21 12:04:07.95 | Annie | APP_v5.D.1.xlsb | modTEC_Saisie:TEC_TdB_Push_TEC_Local_To_DB_Data | 0.3867 sec. | 31

2024-11-21 12:04:08.03 | Annie | APP_v5.D.1.xlsb | modTEC_Saisie:TEC_TdB_Refresh_All_Pivot_Tables |  | 31
2024-11-21 12:04:08.42 | Annie | APP_v5.D.1.xlsb | modTEC_Saisie:TEC_TdB_Refresh_All_Pivot_Tables | 0.3984 sec. | 31

2024-11-21 12:04:08.50 | Annie | APP_v5.D.1.xlsb | modTEC_Saisie:TEC_TdB_Update_All | 1.0195 sec. | 31

2024-11-21 12:04:08.63 | Annie | APP_v5.D.1.xlsb | modStatsHeures:StatsHeures_AdvancedFilters |  | 31
2024-11-21 12:04:08.95 | Annie | APP_v5.D.1.xlsb | modStatsHeures:StatsHeures_AdvancedFilters | 0.3359 sec. | 31

2024-11-21 12:04:09.27 | Annie | APP_v5.D.1.xlsb | modTEC_Saisie:TEC_Refresh_ListBox_And_Add_Hours | 1.8750 sec. | 31

2024-11-21 12:04:09.41 | Annie | APP_v5.D.1.xlsb | ufSaisieHeures:txtDate_AfterUpdate | 2.3711 sec. | 31

2024-11-21 12:04:11.85 | Annie | APP_v5.D.1.xlsb | ufSaisieHeures:UserForm_Terminate |  | 31
2024-11-21 12:04:12.03 | Annie | APP_v5.D.1.xlsb | modAppli:Hide_All_Worksheets_Except_Menu |  | 31
2024-11-21 12:04:12.31 | Annie | APP_v5.D.1.xlsb | modAppli:Hide_All_Worksheets_Except_Menu | 0.3125 sec. | 31

2024-11-21 12:04:12.43 | Annie | APP_v5.D.1.xlsb | ufSaisieHeures:UserForm_Terminate | 0.5898 sec. | 31

2024-11-21 12:04:16.40 | Annie | APP_v5.D.1.xlsb | modAppli:Hide_All_Worksheets_Except_Menu |  | 31
2024-11-21 12:04:16.58 | Annie | APP_v5.D.1.xlsb | modAppli:Hide_All_Worksheets_Except_Menu | 0.2188 sec. | 31

2024-11-21 12:04:16.88 | Annie | APP_v5.D.1.xlsb | modMenu:Delete_User_Active_File |  | 31
2024-11-21 12:04:17.20 | Annie | APP_v5.D.1.xlsb | modMenu:Delete_User_Active_File | 0.3984 sec. | 31

2024-11-21 12:04:17.43 | Annie | APP_v5.D.1.xlsb | ***** Session terminée NORMALEMENT avec la procédure 'modMenu:Exit_After_Saving' ***** |  | 31

2024-11-21 17:03:33.99 | Annie | APP_v5.D.1.xlsb | ***** Début d'une nouvelle session (Workbook_Open) ***** |  | 31
2024-11-21 17:03:34.14 | Annie | APP_v5.D.1.xlsb | ThisWorkbook:Create_User_Active_File |  | 31
2024-11-21 17:03:34.44 | Annie | APP_v5.D.1.xlsb | ThisWorkbook:Create_User_Active_File | 0.3125 sec. | 31

2024-11-21 17:03:34.62 | Annie | APP_v5.D.1.xlsb | ThisWorkbook:BackupMasterFile |  | 31
2024-11-21 17:03:36.89 | Annie | APP_v5.D.1.xlsb |    ThisWorkbook:BackupMasterFile - La variable masterWorkbook est initialisée |  | 31
2024-11-21 17:03:37.62 | Annie | APP_v5.D.1.xlsb |    ThisWorkbook:BackupMasterFile - La copie est réussie |  | 31
2024-11-21 17:03:38.09 | Annie | APP_v5.D.1.xlsb |    ThisWorkbook:BackupMasterFile - Le fichier masterWorkbook est fermé |  | 31
2024-11-21 17:03:38.33 | Annie | APP_v5.D.1.xlsb | ThisWorkbook:BackupMasterFile | 3.7227 sec. | 31

2024-11-21 17:03:38.47 | Annie | APP_v5.D.1.xlsb | modMenu:Hide_Dev_Shapes_Based_On_Username |  | 31
2024-11-21 17:03:38.64 | Annie | APP_v5.D.1.xlsb | modMenu:Hide_Dev_Shapes_Based_On_Username | 0.1797 sec. | 31

2024-11-21 17:03:38.88 | Annie | APP_v5.D.1.xlsb | modAppli:Write_Info_On_Main_Menu |  | 31
2024-11-21 17:03:39.24 | Annie | APP_v5.D.1.xlsb | modAppli:Write_Info_On_Main_Menu | 0.3867 sec. | 31

2024-11-21 17:03:39.43 | Annie | APP_v5.D.1.xlsb | modAppli:Hide_All_Worksheets_Except_Menu |  | 31
2024-11-21 17:03:39.55 | Annie | APP_v5.D.1.xlsb | modAppli:Hide_All_Worksheets_Except_Menu | 0.1445 sec. | 31

2024-11-21 17:03:39.86 | Annie | APP_v5.D.1.xlsb | ThisWorkbook:Workbook_Open | 5.8828 sec. | 31

2024-11-21 17:03:44.72 | Annie | APP_v5.D.1.xlsb | ufSaisieHeures:UserForm_Activate |  | 31
2024-11-21 17:03:44.84 | Annie | APP_v5.D.1.xlsb | modImport:Client_List_Import_All |  | 31
2024-11-21 17:03:45.95 | Annie | APP_v5.D.1.xlsb |      modImport:Client_List_Import_All - Le .CopyFromRecordSet est complétée |  | 31
2024-11-21 17:03:46.10 | Annie | APP_v5.D.1.xlsb |      modImport:Client_List_Import_All - La mise en forme a été appliquée |  | 31
2024-11-21 17:03:46.32 | Annie | APP_v5.D.1.xlsb | modImport:Client_List_Import_All | 1.5078 sec. | 31

2024-11-21 17:03:46.41 | Annie | APP_v5.D.1.xlsb | modImport:TEC_Import_All |  | 31
2024-11-21 17:03:48.73 | Annie | APP_v5.D.1.xlsb |      modImport:TEC_Import_All - Le .CopyFromRecordSet est complétée |  | 31
2024-11-21 17:03:49.07 | Annie | APP_v5.D.1.xlsb |      modImport:TEC_Import_All - La mise en forme a été appliquée |  | 31
2024-11-21 17:03:49.33 | Annie | APP_v5.D.1.xlsb | modImport:TEC_Import_All | 2.9297 sec. | 31

2024-11-21 17:03:49.56 | Annie | APP_v5.D.1.xlsb | ufSaisieHeures:UserForm_Activate | 4.8750 sec. | 31

2024-11-21 17:03:55.19 | Annie | APP_v5.D.1.xlsb | ufSaisieHeures:cmbProfessionnel_AfterUpdate |  | 31
2024-11-21 17:03:55.35 | Annie | APP_v5.D.1.xlsb | ufSaisieHeures:cmbProfessionnel_AfterUpdate | 0.1758 sec. | 31

2024-11-21 17:04:00.57 | Annie | APP_v5.D.1.xlsb | ufSaisieHeures:txtDate_BeforeUpdate |  | 31
2024-11-21 17:04:00.75 | Annie | APP_v5.D.1.xlsb | modFunctions:Fn_Complete_Date @00616   y = 2024   m = 11   d = 2024 est une Date INVALIDE - 'yyyy-MM-dd' |  | 31
2024-11-21 17:04:07.05 | Annie | APP_v5.D.1.xlsb | ufSaisieHeures:txtDate_BeforeUpdate |  | 31
2024-11-21 17:04:07.23 | Annie | APP_v5.D.1.xlsb | modFunctions:Fn_Complete_Date @00608   y = 2024   m = 11   d = 21 parsedDate='2024-11-21' |  | 31
2024-11-21 17:04:07.42 | Annie | APP_v5.D.1.xlsb | ufSaisieHeures:txtDate_BeforeUpdate | 0.3906 sec. | 31

2024-11-21 17:04:07.61 | Annie | APP_v5.D.1.xlsb | ufSaisieHeures:txtDate_AfterUpdate - 2024-11-21 |  | 31
2024-11-21 17:04:07.79 | Annie | APP_v5.D.1.xlsb | modTEC_Saisie:TEC_Get_All_TEC_AF - 3/2024-11-21 |  | 31
2024-11-21 17:04:08.02 | Annie | APP_v5.D.1.xlsb | modTEC_Saisie:TEC_Get_All_TEC_AF | 0.2461 sec. | 31

2024-11-21 17:04:08.18 | Annie | APP_v5.D.1.xlsb | modTEC_Saisie:TEC_Refresh_ListBox_And_Add_Hours |  | 31
2024-11-21 17:04:08.33 | Annie | APP_v5.D.1.xlsb | modTEC_Saisie:TEC_TdB_Update_All |  | 31
2024-11-21 17:04:08.49 | Annie | APP_v5.D.1.xlsb | modTEC_Saisie:TEC_TdB_Push_TEC_Local_To_DB_Data |  | 31
2024-11-21 17:04:08.94 | Annie | APP_v5.D.1.xlsb | modTEC_Saisie:TEC_TdB_Push_TEC_Local_To_DB_Data | 0.4648 sec. | 31

2024-11-21 17:04:09.07 | Annie | APP_v5.D.1.xlsb | modTEC_Saisie:TEC_TdB_Refresh_All_Pivot_Tables |  | 31
2024-11-21 17:04:09.37 | Annie | APP_v5.D.1.xlsb | modTEC_Saisie:TEC_TdB_Refresh_All_Pivot_Tables | 0.3164 sec. | 31

2024-11-21 17:04:09.48 | Annie | APP_v5.D.1.xlsb | modTEC_Saisie:TEC_TdB_Update_All | 1.1680 sec. | 31

2024-11-21 17:04:09.64 | Annie | APP_v5.D.1.xlsb | modStatsHeures:StatsHeures_AdvancedFilters |  | 31
2024-11-21 17:04:09.90 | Annie | APP_v5.D.1.xlsb | modStatsHeures:StatsHeures_AdvancedFilters | 0.2773 sec. | 31

2024-11-21 17:04:10.17 | Annie | APP_v5.D.1.xlsb | modTEC_Saisie:TEC_Refresh_ListBox_And_Add_Hours | 2.0156 sec. | 31

2024-11-21 17:04:10.29 | Annie | APP_v5.D.1.xlsb | ufSaisieHeures:txtDate_AfterUpdate | 2.7383 sec. | 31

2024-11-21 17:04:15.80 | Annie | APP_v5.D.1.xlsb | ufSaisieHeures:txtClient_AfterUpdate - Vignoble Kobloth et fils Inc. [Roxane Gauthier] |  | 31
2024-11-21 17:04:15.97 | Annie | APP_v5.D.1.xlsb | modFunctions:Fn_GetID_From_Client_Name - Vignoble Kobloth et fils Inc. [Roxane Gauthier] |  | 31
2024-11-21 17:04:16.14 | Annie | APP_v5.D.1.xlsb | modFunctions:Fn_GetID_From_Client_Name - 1112 | 0.1797 sec. | 31

2024-11-21 17:04:16.22 | Annie | APP_v5.D.1.xlsb |    ufSaisieHeures:txtClient_AfterUpdate - 1112 |  | 31
2024-11-21 17:04:16.30 | Annie | APP_v5.D.1.xlsb | ufSaisieHeures:txtClient_AfterUpdate | 0.5156 sec. | 31

2024-11-21 17:04:24.50 | Annie | APP_v5.D.1.xlsb | ufSaisieHeures:txtActivite_AfterUpdate |  | 31
2024-11-21 17:04:24.59 | Annie | APP_v5.D.1.xlsb | ufSaisieHeures:txtActivite_AfterUpdate | 0.1055 sec. | 31

2024-11-21 17:04:26.52 | Annie | APP_v5.D.1.xlsb | ufSaisieHeures:txtHeures_AfterUpdate |  | 31
2024-11-21 17:04:26.63 | Annie | APP_v5.D.1.xlsb | ufSaisieHeures:txtHeures_AfterUpdate | 0.1289 sec. | 31

2024-11-21 17:04:26.73 | Annie | APP_v5.D.1.xlsb | ufSaisieHeures:txtHeures_Exit |  | 31
2024-11-21 17:04:26.83 | Annie | APP_v5.D.1.xlsb | ufSaisieHeures:txtHeures_AfterUpdate | 0.1094 sec. | 31

2024-11-21 17:04:27.65 | Annie | APP_v5.D.1.xlsb | ufSaisieHeures:cmdAdd_Click |  | 31
2024-11-21 17:04:27.73 | Annie | APP_v5.D.1.xlsb | modTEC_Saisie:TEC_Ajoute_Ligne |  | 31
2024-11-21 17:04:27.89 | Annie | APP_v5.D.1.xlsb | modTEC_Saisie:TEC_Record_Add_Or_Update_To_DB - TECID = '0' |  | 31
2024-11-21 17:04:29.69 | Annie | APP_v5.D.1.xlsb |      modTEC_Saisie:TEC_Record_Add_Or_Update_To_DB - AddingNewRecord - TECID = 0 |  | 31
2024-11-21 17:04:30.51 | Annie | APP_v5.D.1.xlsb |      modTEC_Saisie:TEC_Record_Add_Or_Update_To_DB - Le nouvel enregistrement, TECID a été assigné à 2538 |  | 31
2024-11-21 17:04:30.67 | Annie | APP_v5.D.1.xlsb |      modTEC_Saisie:TEC_Record_Add_Or_Update_To_DB - Création du RecordSet |  | 31
2024-11-21 17:04:30.82 | Annie | APP_v5.D.1.xlsb |      modTEC_Saisie:TEC_Record_Add_Or_Update_To_DB - Le RecordSet a été ajouté pour le TECID = 2538 |  | 31
2024-11-21 17:04:32.32 | Annie | APP_v5.D.1.xlsb | modTEC_Saisie:TEC_Record_Add_Or_Update_To_DB | 4.4492 sec. | 31

2024-11-21 17:04:32.48 | Annie | APP_v5.D.1.xlsb | modTEC_Saisie:TEC_Record_Add_Or_Update_Locally |  | 31
2024-11-21 17:04:32.70 | Annie | APP_v5.D.1.xlsb | modTEC_Saisie:TEC_Record_Add_Or_Update_Locally | 0.2305 sec. | 31

2024-11-21 17:04:32.86 | Annie | APP_v5.D.1.xlsb | modTEC_Saisie:TEC_Get_All_TEC_AF - 3/2024-11-21 |  | 31
2024-11-21 17:04:33.07 | Annie | APP_v5.D.1.xlsb | modTEC_Saisie:TEC_Get_All_TEC_AF | 0.2188 sec. | 31

2024-11-21 17:04:33.21 | Annie | APP_v5.D.1.xlsb | modTEC_Saisie:TEC_Refresh_ListBox_And_Add_Hours |  | 31
2024-11-21 17:04:33.38 | Annie | APP_v5.D.1.xlsb | modTEC_Saisie:TEC_TdB_Update_All |  | 31
2024-11-21 17:04:33.56 | Annie | APP_v5.D.1.xlsb | modTEC_Saisie:TEC_TdB_Push_TEC_Local_To_DB_Data |  | 31
2024-11-21 17:04:34.03 | Annie | APP_v5.D.1.xlsb | modTEC_Saisie:TEC_TdB_Push_TEC_Local_To_DB_Data | 0.4805 sec. | 31

2024-11-21 17:04:34.19 | Annie | APP_v5.D.1.xlsb | modTEC_Saisie:TEC_TdB_Refresh_All_Pivot_Tables |  | 31
2024-11-21 17:04:34.52 | Annie | APP_v5.D.1.xlsb | modTEC_Saisie:TEC_TdB_Refresh_All_Pivot_Tables | 0.3594 sec. | 31

2024-11-21 17:04:34.65 | Annie | APP_v5.D.1.xlsb | modTEC_Saisie:TEC_TdB_Update_All | 1.2812 sec. | 31

2024-11-21 17:04:34.86 | Annie | APP_v5.D.1.xlsb | modStatsHeures:StatsHeures_AdvancedFilters |  | 31
2024-11-21 17:04:35.14 | Annie | APP_v5.D.1.xlsb | modStatsHeures:StatsHeures_AdvancedFilters | 0.3047 sec. | 31

2024-11-21 17:04:35.51 | Annie | APP_v5.D.1.xlsb | modTEC_Saisie:TEC_Refresh_ListBox_And_Add_Hours | 2.3164 sec. | 31

2024-11-21 17:04:35.69 | Annie | APP_v5.D.1.xlsb | modTEC_Saisie:TEC_TdB_Update_All |  | 31
2024-11-21 17:04:35.89 | Annie | APP_v5.D.1.xlsb | modTEC_Saisie:TEC_TdB_Push_TEC_Local_To_DB_Data |  | 31
2024-11-21 17:04:36.33 | Annie | APP_v5.D.1.xlsb | modTEC_Saisie:TEC_TdB_Push_TEC_Local_To_DB_Data | 0.4688 sec. | 31

2024-11-21 17:04:36.51 | Annie | APP_v5.D.1.xlsb | modTEC_Saisie:TEC_TdB_Refresh_All_Pivot_Tables |  | 31
2024-11-21 17:04:36.82 | Annie | APP_v5.D.1.xlsb | modTEC_Saisie:TEC_TdB_Refresh_All_Pivot_Tables | 0.3320 sec. | 31

2024-11-21 17:04:37.03 | Annie | APP_v5.D.1.xlsb | modTEC_Saisie:TEC_TdB_Update_All | 1.3555 sec. | 31

2024-11-21 17:04:37.12 | Annie | APP_v5.D.1.xlsb | modTEC_Saisie:TEC_Ajoute_Ligne | 9.4023 sec. | 31

2024-11-21 17:04:37.20 | Annie | APP_v5.D.1.xlsb | ufSaisieHeures:cmdAdd_Click | 9.5703 sec. | 31

2024-11-21 17:04:42.64 | Annie | APP_v5.D.1.xlsb | ufSaisieHeures:txtClient_AfterUpdate - Peinture Ex Aequo Inc. [Gabriel Léger] |  | 31
2024-11-21 17:04:42.73 | Annie | APP_v5.D.1.xlsb | modFunctions:Fn_GetID_From_Client_Name - Peinture Ex Aequo Inc. [Gabriel Léger] |  | 31
2024-11-21 17:04:42.81 | Annie | APP_v5.D.1.xlsb | modFunctions:Fn_GetID_From_Client_Name - 2000 | 0.0977 sec. | 31

2024-11-21 17:04:42.89 | Annie | APP_v5.D.1.xlsb |    ufSaisieHeures:txtClient_AfterUpdate - 2000 |  | 31
2024-11-21 17:04:42.00 | Annie | APP_v5.D.1.xlsb | ufSaisieHeures:txtClient_AfterUpdate | 0.3711 sec. | 31

2024-11-21 17:04:58.62 | Annie | APP_v5.D.1.xlsb | ufSaisieHeures:txtActivite_AfterUpdate |  | 31
2024-11-21 17:04:58.71 | Annie | APP_v5.D.1.xlsb | ufSaisieHeures:txtActivite_AfterUpdate | 0.1016 sec. | 31

2024-11-21 17:05:01.73 | Annie | APP_v5.D.1.xlsb | ufSaisieHeures:txtHeures_AfterUpdate |  | 31
2024-11-21 17:05:01.89 | Annie | APP_v5.D.1.xlsb | ufSaisieHeures:txtHeures_AfterUpdate | 0.1797 sec. | 31

2024-11-21 17:05:02.05 | Annie | APP_v5.D.1.xlsb | ufSaisieHeures:txtHeures_Exit |  | 31
2024-11-21 17:05:02.22 | Annie | APP_v5.D.1.xlsb | ufSaisieHeures:txtHeures_AfterUpdate | 0.1836 sec. | 31

2024-11-21 17:05:03.05 | Annie | APP_v5.D.1.xlsb | ufSaisieHeures:cmdAdd_Click |  | 31
2024-11-21 17:05:03.21 | Annie | APP_v5.D.1.xlsb | modTEC_Saisie:TEC_Ajoute_Ligne |  | 31
2024-11-21 17:05:03.39 | Annie | APP_v5.D.1.xlsb | modTEC_Saisie:TEC_Record_Add_Or_Update_To_DB - TECID = '0' |  | 31
2024-11-21 17:05:05.02 | Annie | APP_v5.D.1.xlsb |      modTEC_Saisie:TEC_Record_Add_Or_Update_To_DB - AddingNewRecord - TECID = 0 |  | 31
2024-11-21 17:05:05.73 | Annie | APP_v5.D.1.xlsb |      modTEC_Saisie:TEC_Record_Add_Or_Update_To_DB - Le nouvel enregistrement, TECID a été assigné à 2539 |  | 31
2024-11-21 17:05:05.90 | Annie | APP_v5.D.1.xlsb |      modTEC_Saisie:TEC_Record_Add_Or_Update_To_DB - Création du RecordSet |  | 31
2024-11-21 17:05:06.01 | Annie | APP_v5.D.1.xlsb |      modTEC_Saisie:TEC_Record_Add_Or_Update_To_DB - Le RecordSet a été ajouté pour le TECID = 2539 |  | 31
2024-11-21 17:05:07.38 | Annie | APP_v5.D.1.xlsb | modTEC_Saisie:TEC_Record_Add_Or_Update_To_DB | 4.0039 sec. | 31

2024-11-21 17:05:07.53 | Annie | APP_v5.D.1.xlsb | modTEC_Saisie:TEC_Record_Add_Or_Update_Locally |  | 31
2024-11-21 17:05:07.77 | Annie | APP_v5.D.1.xlsb | modTEC_Saisie:TEC_Record_Add_Or_Update_Locally | 0.2539 sec. | 31

2024-11-21 17:05:07.95 | Annie | APP_v5.D.1.xlsb | modTEC_Saisie:TEC_Get_All_TEC_AF - 3/2024-11-21 |  | 31
2024-11-21 17:05:08.23 | Annie | APP_v5.D.1.xlsb | modTEC_Saisie:TEC_Get_All_TEC_AF | 0.2969 sec. | 31

2024-11-21 17:05:08.38 | Annie | APP_v5.D.1.xlsb | modTEC_Saisie:TEC_Refresh_ListBox_And_Add_Hours |  | 31
2024-11-21 17:05:08.53 | Annie | APP_v5.D.1.xlsb | modTEC_Saisie:TEC_TdB_Update_All |  | 31
2024-11-21 17:05:08.68 | Annie | APP_v5.D.1.xlsb | modTEC_Saisie:TEC_TdB_Push_TEC_Local_To_DB_Data |  | 31
2024-11-21 17:05:09.11 | Annie | APP_v5.D.1.xlsb | modTEC_Saisie:TEC_TdB_Push_TEC_Local_To_DB_Data | 0.4492 sec. | 31

2024-11-21 17:05:09.25 | Annie | APP_v5.D.1.xlsb | modTEC_Saisie:TEC_TdB_Refresh_All_Pivot_Tables |  | 31
2024-11-21 17:05:09.59 | Annie | APP_v5.D.1.xlsb | modTEC_Saisie:TEC_TdB_Refresh_All_Pivot_Tables | 0.3555 sec. | 31

2024-11-21 17:05:09.73 | Annie | APP_v5.D.1.xlsb | modTEC_Saisie:TEC_TdB_Update_All | 1.2148 sec. | 31

2024-11-21 17:05:09.88 | Annie | APP_v5.D.1.xlsb | modStatsHeures:StatsHeures_AdvancedFilters |  | 31
2024-11-21 17:05:10.18 | Annie | APP_v5.D.1.xlsb | modStatsHeures:StatsHeures_AdvancedFilters | 0.3086 sec. | 31

2024-11-21 17:05:10.55 | Annie | APP_v5.D.1.xlsb | modTEC_Saisie:TEC_Refresh_ListBox_And_Add_Hours | 2.1836 sec. | 31

2024-11-21 17:05:10.77 | Annie | APP_v5.D.1.xlsb | modTEC_Saisie:TEC_TdB_Update_All |  | 31
2024-11-21 17:05:10.85 | Annie | APP_v5.D.1.xlsb | modTEC_Saisie:TEC_TdB_Push_TEC_Local_To_DB_Data |  | 31
2024-11-21 17:05:11.22 | Annie | APP_v5.D.1.xlsb | modTEC_Saisie:TEC_TdB_Push_TEC_Local_To_DB_Data | 0.3828 sec. | 31

2024-11-21 17:05:11.30 | Annie | APP_v5.D.1.xlsb | modTEC_Saisie:TEC_TdB_Refresh_All_Pivot_Tables |  | 31
2024-11-21 17:05:11.57 | Annie | APP_v5.D.1.xlsb | modTEC_Saisie:TEC_TdB_Refresh_All_Pivot_Tables | 0.2852 sec. | 31

2024-11-21 17:05:11.65 | Annie | APP_v5.D.1.xlsb | modTEC_Saisie:TEC_TdB_Update_All | 0.8984 sec. | 31

2024-11-21 17:05:11.73 | Annie | APP_v5.D.1.xlsb | modTEC_Saisie:TEC_Ajoute_Ligne | 8.5352 sec. | 31

2024-11-21 17:05:11.81 | Annie | APP_v5.D.1.xlsb | ufSaisieHeures:cmdAdd_Click | 8.7891 sec. | 31

2024-11-21 17:05:13.70 | Annie | APP_v5.D.1.xlsb | ufSaisieHeures:UserForm_Terminate |  | 31
2024-11-21 17:05:13.79 | Annie | APP_v5.D.1.xlsb | ufSaisieHeures:UserForm_Terminate | 0.1133 sec. | 31

2024-11-21 17:05:15.51 | Annie | APP_v5.D.1.xlsb | modAppli:Hide_All_Worksheets_Except_Menu |  | 31
2024-11-21 17:05:15.65 | Annie | APP_v5.D.1.xlsb | modAppli:Hide_All_Worksheets_Except_Menu | 0.1602 sec. | 31

2024-11-21 17:05:17.91 | Annie | APP_v5.D.1.xlsb | modAppli:Hide_All_Worksheets_Except_Menu |  | 31
2024-11-21 17:05:18.06 | Annie | APP_v5.D.1.xlsb | modAppli:Hide_All_Worksheets_Except_Menu | 0.1641 sec. | 31

2024-11-21 17:05:18.23 | Annie | APP_v5.D.1.xlsb | modMenu:Delete_User_Active_File |  | 31
2024-11-21 17:05:18.53 | Annie | APP_v5.D.1.xlsb | modMenu:Delete_User_Active_File | 0.3086 sec. | 31

2024-11-21 17:05:18.74 | Annie | APP_v5.D.1.xlsb | ***** Session terminée NORMALEMENT avec la procédure 'modMenu:Exit_After_Saving' ***** |  | 31

