2025-02-02 14:43:57.85 | GuillaumeCharron | Clients_v5.2.xlsm | modMain:CM_Client_List_Import_All | 
2025-02-02 14:43:58.12 | GuillaumeCharron | Clients_v5.2.xlsm | modMain:CM_Apply_Worksheet_Format | 
2025-02-02 14:43:58.20 | GuillaumeCharron | Clients_v5.2.xlsm | modMain:CM_Apply_Worksheet_Format = '0,0820 secondes'
2025-02-02 14:43:58.29 | GuillaumeCharron | Clients_v5.2.xlsm | modMain:CM_Client_List_Import_All = '0,4453 secondes'
2025-02-02 14:43:58.32 | GuillaumeCharron | Clients_v5.2.xlsm | ufClientMF:UserForm_Initialize | 
2025-02-02 14:43:58.34 | GuillaumeCharron | Clients_v5.2.xlsm | modMain:CM_Reset_UserForm | 
2025-02-02 14:43:58.36 | GuillaumeCharron | Clients_v5.2.xlsm | modMain:CM_Add_SearchColumn | 
2025-02-02 14:43:58.38 | GuillaumeCharron | Clients_v5.2.xlsm | ufClientMF:cmbSearchColumn_Change | 
2025-02-02 14:43:58.40 | GuillaumeCharron | Clients_v5.2.xlsm | ufClientMF:cmbSearchColumn_Change = '0,0234 secondes'
2025-02-02 14:43:58.43 | GuillaumeCharron | Clients_v5.2.xlsm | modMain:CM_Add_SearchColumn = '0,0625 secondes'
2025-02-02 14:43:58.46 | GuillaumeCharron | Clients_v5.2.xlsm | modMain:CM_Reset_UserForm = '0,1250 secondes'
2025-02-02 14:43:58.48 | GuillaumeCharron | Clients_v5.2.xlsm | ufClientMF:UserForm_Initialize = '0,1680 secondes'
2025-02-02 14:44:02.29 | GuillaumeCharron | Clients_v5.2.xlsm | ufClientMF:cmbSearchColumn_Change | 
2025-02-02 14:44:02.31 | GuillaumeCharron | Clients_v5.2.xlsm | ufClientMF:cmbSearchColumn_Change = '0,0273 secondes'
2025-02-02 14:44:05.66 | GuillaumeCharron | Clients_v5.2.xlsm | ufClientMF:cmdSearch_Click | 
2025-02-02 14:44:05.68 | GuillaumeCharron | Clients_v5.2.xlsm | modMain:CM_Build_Données_Recherche | 
2025-02-02 14:44:05.90 | GuillaumeCharron | Clients_v5.2.xlsm | modMain:CM_Build_Données_Recherche = '0,2227 secondes'
2025-02-02 14:44:05.93 | GuillaumeCharron | Clients_v5.2.xlsm | ufClientMF:cmdSearch_Click = '0,2695 secondes'
2025-02-02 14:44:10.89 | GuillaumeCharron | Clients_v5.2.xlsm | ufClientMF:lstDonnées_Click | 
2025-02-02 14:44:10.91 | GuillaumeCharron | Clients_v5.2.xlsm | ufClientMF:lstDonnées_Click = '0,0352 secondes'
2025-02-02 14:44:11.51 | GuillaumeCharron | Clients_v5.2.xlsm | ufClientMF:lstDonnées_Click | 
2025-02-02 14:44:11.54 | GuillaumeCharron | Clients_v5.2.xlsm | ufClientMF:lstDonnées_Click = '0,0312 secondes'
2025-02-02 14:44:12.05 | GuillaumeCharron | Clients_v5.2.xlsm | ufClientMF:lstDonnées_Click | 
2025-02-02 14:44:12.08 | GuillaumeCharron | Clients_v5.2.xlsm | ufClientMF:lstDonnées_Click = '0,0391 secondes'
2025-02-02 14:44:13.21 | GuillaumeCharron | Clients_v5.2.xlsm | ufClientMF:lstDonnées_Click | 
2025-02-02 14:44:13.23 | GuillaumeCharron | Clients_v5.2.xlsm | ufClientMF:lstDonnées_Click = '0,0273 secondes'
2025-02-02 14:44:14.29 | GuillaumeCharron | Clients_v5.2.xlsm | ufClientMF:lstDonnées_Click | 
2025-02-02 14:44:14.32 | GuillaumeCharron | Clients_v5.2.xlsm | ufClientMF:lstDonnées_Click = '0,0273 secondes'
2025-02-02 14:44:14.84 | GuillaumeCharron | Clients_v5.2.xlsm | ufClientMF:lstDonnées_Click | 
2025-02-02 14:44:14.87 | GuillaumeCharron | Clients_v5.2.xlsm | ufClientMF:lstDonnées_Click = '0,0273 secondes'
2025-02-02 14:44:15.41 | GuillaumeCharron | Clients_v5.2.xlsm | ufClientMF:lstDonnées_Click | 
2025-02-02 14:44:15.44 | GuillaumeCharron | Clients_v5.2.xlsm | ufClientMF:lstDonnées_Click = '0,0352 secondes'
2025-02-02 14:44:15.94 | GuillaumeCharron | Clients_v5.2.xlsm | ufClientMF:lstDonnées_Click | 
2025-02-02 14:44:15.97 | GuillaumeCharron | Clients_v5.2.xlsm | ufClientMF:lstDonnées_Click = '0,0312 secondes'
2025-02-02 14:44:16.59 | GuillaumeCharron | Clients_v5.2.xlsm | ufClientMF:lstDonnées_Click | 
2025-02-02 14:44:16.61 | GuillaumeCharron | Clients_v5.2.xlsm | ufClientMF:lstDonnées_Click = '0,0273 secondes'
