2025-01-07 16:29:30.23 | User | APP_v5.J.xlsb | ***** Début d'une nouvelle session (modAppli:CodeEssentielDepart) *****
2025-01-07 16:29:30.31 | User | APP_v5.J.xlsb | OK - Validation d'accès serveur terminée = '0,0117 secondes'

2025-01-07 16:29:30.36 | User | APP_v5.J.xlsb | ThisWorkbook:Create_User_Active_File
2025-01-07 16:29:30.45 | User | APP_v5.J.xlsb | ThisWorkbook:Create_User_Active_File = '0,0898 secondes'

2025-01-07 16:29:30.49 | User | APP_v5.J.xlsb | ThisWorkbook:Setup_UserDateFormat
2025-01-07 16:29:30.55 | User | APP_v5.J.xlsb | ThisWorkbook:Setup_UserDateFormat = '0,0664 secondes'

2025-01-07 16:29:30.61 | User | APP_v5.J.xlsb | ThisWorkbook:BackupMasterFile
2025-01-07 16:29:31.03 | User | APP_v5.J.xlsb | ThisWorkbook:BackupMasterFile = '0,4336 secondes'

2025-01-07 16:29:31.09 | User | APP_v5.J.xlsb | modAppli:WriteInfoOnMainMenu
2025-01-07 16:29:31.14 | User | APP_v5.J.xlsb | modAppli:WriteInfoOnMainMenu = '0,0664 secondes'

2025-01-07 16:29:31.20 | User | APP_v5.J.xlsb | modMenu:HideDevShapesBasedOnUsername
2025-01-07 16:29:31.25 | User | APP_v5.J.xlsb | modMenu:HideDevShapesBasedOnUsername = '0,0586 secondes'

2025-01-07 16:29:31.34 | User | APP_v5.J.xlsb | modAppli:CodeEssentielDepart = '1,1094 secondes'

2025-01-07 16:29:32.93 | User | APP_v5.J.xlsb | modMenu:menuTEC_Click
2025-01-07 16:29:33.04 | User | APP_v5.J.xlsb | modMenu:menuTEC_Click = '0,1211 secondes'

2025-01-07 16:29:34.57 | User | APP_v5.J.xlsb | modMENU_TEC:SaisieHeures_Click
2025-01-07 16:29:34.81 | User | APP_v5.J.xlsb | modMENU_TEC:SaisieHeures_Click = '0,2500 secondes'

2025-01-07 16:29:34.90 | User | APP_v5.J.xlsb | ufSaisieHeures:UserForm_Activate
2025-01-07 16:29:34.95 | User | APP_v5.J.xlsb | modImport:Client_List_Import_All
2025-01-07 16:29:35.42 | User | APP_v5.J.xlsb | modImport:ResizeTable
2025-01-07 16:29:35.47 | User | APP_v5.J.xlsb | modImport:ResizeTable = '0,0547 secondes'

2025-01-07 16:29:35.51 | User | APP_v5.J.xlsb | modImport:ApplyFormatting
2025-01-07 16:29:35.56 | User | APP_v5.J.xlsb | modImport:ApplyFormatting = '0,0586 secondes'

2025-01-07 16:29:35.66 | User | APP_v5.J.xlsb | modImport:Client_List_Import_All = '0,7266 secondes'

2025-01-07 16:29:35.71 | User | APP_v5.J.xlsb | modImport:TEC_Import_All
2025-01-07 16:29:36.30 | User | APP_v5.J.xlsb | modImport:TEC_Import_All = '0,5977 secondes'

2025-01-07 16:29:36.38 | User | APP_v5.J.xlsb | ufSaisieHeures:UserForm_Activate = '1,4922 secondes'

2025-01-07 16:29:39.11 | User | APP_v5.J.xlsb | ufSaisieHeures:cmbProfessionnel_AfterUpdate
2025-01-07 16:29:39.17 | User | APP_v5.J.xlsb | ufSaisieHeures:cmbProfessionnel_AfterUpdate = '0,0703 secondes'

2025-01-07 16:29:41.85 | User | APP_v5.J.xlsb | ufSaisieHeures:txtDate_BeforeUpdate
2025-01-07 16:29:41.92 | User | APP_v5.J.xlsb | modFunctions:Fn_Complete_Date(07-01-2025, 600, 15)
2025-01-07 16:29:44.60 | User | APP_v5.J.xlsb | modFunctions:Fn_Complete_Date = '2,6953 secondes'

2025-01-07 16:31:24.55 | User | APP_v5.J.xlsb | ufSaisieHeures:txtDate_BeforeUpdate
2025-01-07 16:31:24.61 | User | APP_v5.J.xlsb | modFunctions:Fn_Complete_Date(2025-01-06, 600, 15)
2025-01-07 16:31:24.66 | User | APP_v5.J.xlsb | modFunctions:Fn_Complete_Date = '0,0586 secondes'

2025-01-07 16:31:24.71 | User | APP_v5.J.xlsb | ufSaisieHeures:txtDate_BeforeUpdate = '0,1758 secondes'

2025-01-07 16:31:24.76 | User | APP_v5.J.xlsb | ufSaisieHeures:txtDate_AfterUpdate
2025-01-07 16:31:24.83 | User | APP_v5.J.xlsb | modTEC_Saisie:TEC_Get_All_TEC_AF - 4/01-06-2025
2025-01-07 16:31:24.98 | User | APP_v5.J.xlsb | modTEC_Saisie:TEC_Get_All_TEC_AF = '0,1602 secondes'

2025-01-07 16:31:25.04 | User | APP_v5.J.xlsb | modTEC_Saisie:TEC_Refresh_ListBox_And_Add_Hours - 4/01-06-2025
2025-01-07 16:31:25.11 | User | APP_v5.J.xlsb | wshTEC_TDB_Data:Worksheet_Change($U$7)
2025-01-07 16:31:25.16 | User | APP_v5.J.xlsb | modTEC_TDB:ActualiserTEC_TDB
2025-01-07 16:31:25.21 | User | APP_v5.J.xlsb | modTEC_Saisie:TEC_Update_TDB_From_TEC_Local
2025-01-07 16:31:25.36 | User | APP_v5.J.xlsb | modTEC_Saisie:TEC_Update_TDB_From_TEC_Local = '0,1562 secondes'

2025-01-07 16:31:25.43 | User | APP_v5.J.xlsb | modTEC_Saisie:TEC_TdB_Refresh_All_Pivot_Tables
2025-01-07 16:31:25.62 | User | APP_v5.J.xlsb | modTEC_Saisie:TEC_TdB_Refresh_All_Pivot_Tables = '0,2031 secondes'

2025-01-07 16:31:25.67 | User | APP_v5.J.xlsb | modTEC_TDB:ActualiserTEC_TDB = '0,5234 secondes'

2025-01-07 16:31:25.72 | User | APP_v5.J.xlsb | modStatsHeures:Stats_Heures_AF
2025-01-07 16:31:25.89 | User | APP_v5.J.xlsb | modStatsHeures:Stats_Heures_AF = '0,1719 secondes'

2025-01-07 16:31:25.93 | User | APP_v5.J.xlsb | modAppli:UpdatePivotTables
2025-01-07 16:31:26.05 | User | APP_v5.J.xlsb | modAppli:UpdatePivotTables = '0,1250 secondes'

2025-01-07 16:31:26.10 | User | APP_v5.J.xlsb | wshTEC_TDB_Data:Worksheet_Change = '1,0078 secondes'

2025-01-07 16:31:26.29 | User | APP_v5.J.xlsb | modTEC_Saisie:TEC_Refresh_ListBox_And_Add_Hours - 4/01-06-2025 = '1,2578 secondes'

2025-01-07 16:31:26.34 | User | APP_v5.J.xlsb | ufSaisieHeures:txtDate_AfterUpdate = '1,5859 secondes'

2025-01-07 16:31:34.48 | User | APP_v5.J.xlsb | ufSaisieHeures:txtClient_AfterUpdate[Autres]
2025-01-07 16:31:34.55 | User | APP_v5.J.xlsb | modFunctions:Fn_GetID_From_Client_Name - Autres
2025-01-07 16:31:34.61 | User | APP_v5.J.xlsb | modFunctions:Fn_GetID_From_Client_Name - 166 = '0,0781 secondes'

2025-01-07 16:31:34.67 | User | APP_v5.J.xlsb | ufSaisieHeures:txtClient_AfterUpdate = '0,1953 secondes'

2025-01-07 16:31:35.96 | User | APP_v5.J.xlsb | ufSaisieHeures:lstboxNomClient_DblClick
2025-01-07 16:31:36.05 | User | APP_v5.J.xlsb | modFunctions:Fn_GetID_From_Client_Name - z_Administratif_Autres non chargeables
2025-01-07 16:31:36.11 | User | APP_v5.J.xlsb | modFunctions:Fn_GetID_From_Client_Name - 5 = '0,0586 secondes'

2025-01-07 16:31:36.16 | User | APP_v5.J.xlsb | ufSaisieHeures:lstboxNomClient_DblClick = '0,2070 secondes'

2025-01-07 16:31:36.22 | User | APP_v5.J.xlsb | ufSaisieHeures:txtClient_AfterUpdate[z_Administratif_Autres non chargeables]
2025-01-07 16:31:36.28 | User | APP_v5.J.xlsb | modFunctions:Fn_GetID_From_Client_Name - z_Administratif_Autres non chargeables
2025-01-07 16:31:36.34 | User | APP_v5.J.xlsb | modFunctions:Fn_GetID_From_Client_Name - 5 = '0,0703 secondes'

2025-01-07 16:31:36.39 | User | APP_v5.J.xlsb | ufSaisieHeures:txtClient_AfterUpdate = '0,1797 secondes'

2025-01-07 16:31:45.30 | User | APP_v5.J.xlsb | ufSaisieHeures:txtActivite_AfterUpdate[Analyse du pipedrive avec les projets
]
2025-01-07 16:31:45.38 | User | APP_v5.J.xlsb | ufSaisieHeures:txtActivite_AfterUpdate = '0,0977 secondes'

2025-01-07 16:31:47.64 | User | APP_v5.J.xlsb | ufSaisieHeures:txtHeures_AfterUpdate[.75]
2025-01-07 16:31:47.71 | User | APP_v5.J.xlsb | ufSaisieHeures:txtHeures_AfterUpdate = '0,0898 secondes'

2025-01-07 16:31:47.78 | User | APP_v5.J.xlsb | ufSaisieHeures:txtHeures_Exit[0,75]
2025-01-07 16:31:47.83 | User | APP_v5.J.xlsb | ufSaisieHeures:txtHeures_Exit = '0,0586 secondes'

2025-01-07 16:31:49.96 | User | APP_v5.J.xlsb | ufSaisieHeures:chbFacturable_AfterUpdate
2025-01-07 16:31:50.02 | User | APP_v5.J.xlsb | ufSaisieHeures:chbFacturable_AfterUpdate = '0,0625 secondes'

2025-01-07 16:31:53.22 | User | APP_v5.J.xlsb | ufSaisieHeures:cmdAdd_Click
2025-01-07 16:31:53.27 | User | APP_v5.J.xlsb | modTEC_Saisie:TEC_Ajoute_Ligne
2025-01-07 16:31:53.34 | User | APP_v5.J.xlsb | modTEC_Saisie:TEC_Record_Add_Or_Update_To_DB(0)
2025-01-07 16:31:54.30 | User | APP_v5.J.xlsb | modTEC_Saisie:TEC_Record_Add_Or_Update_To_DB - 0 = '0,9727 secondes'

2025-01-07 16:31:54.36 | User | APP_v5.J.xlsb | modTEC_Saisie:TEC_Record_Add_Or_Update_Locally(0)
2025-01-07 16:31:54.48 | User | APP_v5.J.xlsb | modTEC_Saisie:TEC_Record_Add_Or_Update_Locally - 0 = '0,1250 secondes'

2025-01-07 16:31:54.53 | User | APP_v5.J.xlsb | modTEC_Saisie:TEC_Get_All_TEC_AF - 4/2025-01-06
2025-01-07 16:31:54.69 | User | APP_v5.J.xlsb | modTEC_Saisie:TEC_Get_All_TEC_AF = '0,1680 secondes'

2025-01-07 16:31:54.75 | User | APP_v5.J.xlsb | modTEC_Saisie:TEC_Refresh_ListBox_And_Add_Hours - 4/2025-01-06
2025-01-07 16:31:54.83 | User | APP_v5.J.xlsb | wshTEC_TDB_Data:Worksheet_Change($U$7)
2025-01-07 16:31:54.90 | User | APP_v5.J.xlsb | modTEC_TDB:ActualiserTEC_TDB
2025-01-07 16:31:54.96 | User | APP_v5.J.xlsb | modTEC_Saisie:TEC_Update_TDB_From_TEC_Local
2025-01-07 16:31:55.14 | User | APP_v5.J.xlsb | modTEC_Saisie:TEC_Update_TDB_From_TEC_Local = '0,1836 secondes'

2025-01-07 16:31:55.20 | User | APP_v5.J.xlsb | modTEC_Saisie:TEC_TdB_Refresh_All_Pivot_Tables
2025-01-07 16:31:55.39 | User | APP_v5.J.xlsb | modTEC_Saisie:TEC_TdB_Refresh_All_Pivot_Tables = '0,1992 secondes'

2025-01-07 16:31:55.44 | User | APP_v5.J.xlsb | modTEC_TDB:ActualiserTEC_TDB = '0,5508 secondes'

2025-01-07 16:31:55.50 | User | APP_v5.J.xlsb | modStatsHeures:Stats_Heures_AF
2025-01-07 16:31:55.74 | User | APP_v5.J.xlsb | modStatsHeures:Stats_Heures_AF = '0,2539 secondes'

2025-01-07 16:31:55.80 | User | APP_v5.J.xlsb | modAppli:UpdatePivotTables
2025-01-07 16:31:55.91 | User | APP_v5.J.xlsb | modAppli:UpdatePivotTables = '0,1250 secondes'

2025-01-07 16:31:55.96 | User | APP_v5.J.xlsb | wshTEC_TDB_Data:Worksheet_Change = '1,1406 secondes'

2025-01-07 16:31:56.18 | User | APP_v5.J.xlsb | modTEC_Saisie:TEC_Refresh_ListBox_And_Add_Hours - 4/2025-01-06 = '1,4336 secondes'

2025-01-07 16:31:56.24 | User | APP_v5.J.xlsb | modTEC_Saisie:TEC_Ajoute_Ligne = '2,9727 secondes'

2025-01-07 16:31:56.29 | User | APP_v5.J.xlsb | ufSaisieHeures:cmdAdd_Click = '3,0781 secondes'

2025-01-07 16:32:11.72 | User | APP_v5.J.xlsb | ufSaisieHeures:txtClient_AfterUpdate[z_Administratif_Autres non chargeables]
2025-01-07 16:32:11.80 | User | APP_v5.J.xlsb | modFunctions:Fn_GetID_From_Client_Name - z_Administratif_Autres non chargeables
2025-01-07 16:32:11.88 | User | APP_v5.J.xlsb | modFunctions:Fn_GetID_From_Client_Name - 5 = '0,0820 secondes'

2025-01-07 16:32:11.94 | User | APP_v5.J.xlsb | ufSaisieHeures:txtClient_AfterUpdate = '0,2305 secondes'

2025-01-07 16:32:16.86 | User | APP_v5.J.xlsb | ufSaisieHeures:txtActivite_AfterUpdate[Montage du suivi de la production des T4 et T5
]
2025-01-07 16:32:16.92 | User | APP_v5.J.xlsb | ufSaisieHeures:txtActivite_AfterUpdate = '0,0742 secondes'

2025-01-07 16:32:20.28 | User | APP_v5.J.xlsb | ufSaisieHeures:txtHeures_AfterUpdate[.50]
2025-01-07 16:32:20.34 | User | APP_v5.J.xlsb | ufSaisieHeures:txtHeures_AfterUpdate = '0,0703 secondes'

2025-01-07 16:32:20.40 | User | APP_v5.J.xlsb | ufSaisieHeures:txtHeures_Exit[0,50]
2025-01-07 16:32:20.45 | User | APP_v5.J.xlsb | ufSaisieHeures:txtHeures_Exit = '0,0586 secondes'

2025-01-07 16:32:22.39 | User | APP_v5.J.xlsb | ufSaisieHeures:cmdAdd_Click
2025-01-07 16:32:22.46 | User | APP_v5.J.xlsb | modTEC_Saisie:TEC_Ajoute_Ligne
2025-01-07 16:32:22.51 | User | APP_v5.J.xlsb | modTEC_Saisie:TEC_Record_Add_Or_Update_To_DB(0)
2025-01-07 16:32:23.44 | User | APP_v5.J.xlsb | modTEC_Saisie:TEC_Record_Add_Or_Update_To_DB - 0 = '0,9375 secondes'

2025-01-07 16:32:23.50 | User | APP_v5.J.xlsb | modTEC_Saisie:TEC_Record_Add_Or_Update_Locally(0)
2025-01-07 16:32:23.61 | User | APP_v5.J.xlsb | modTEC_Saisie:TEC_Record_Add_Or_Update_Locally - 0 = '0,1211 secondes'

2025-01-07 16:32:23.66 | User | APP_v5.J.xlsb | modTEC_Saisie:TEC_Get_All_TEC_AF - 4/2025-01-06
2025-01-07 16:32:23.82 | User | APP_v5.J.xlsb | modTEC_Saisie:TEC_Get_All_TEC_AF = '0,1680 secondes'

2025-01-07 16:32:23.87 | User | APP_v5.J.xlsb | modTEC_Saisie:TEC_Refresh_ListBox_And_Add_Hours - 4/2025-01-06
2025-01-07 16:32:23.93 | User | APP_v5.J.xlsb | wshTEC_TDB_Data:Worksheet_Change($U$7)
2025-01-07 16:32:23.99 | User | APP_v5.J.xlsb | modTEC_TDB:ActualiserTEC_TDB
2025-01-07 16:32:24.04 | User | APP_v5.J.xlsb | modTEC_Saisie:TEC_Update_TDB_From_TEC_Local
2025-01-07 16:32:24.21 | User | APP_v5.J.xlsb | modTEC_Saisie:TEC_Update_TDB_From_TEC_Local = '0,1758 secondes'

2025-01-07 16:32:24.26 | User | APP_v5.J.xlsb | modTEC_Saisie:TEC_TdB_Refresh_All_Pivot_Tables
2025-01-07 16:32:24.46 | User | APP_v5.J.xlsb | modTEC_Saisie:TEC_TdB_Refresh_All_Pivot_Tables = '0,2031 secondes'

2025-01-07 16:32:24.52 | User | APP_v5.J.xlsb | modTEC_TDB:ActualiserTEC_TDB = '0,5703 secondes'

2025-01-07 16:32:24.60 | User | APP_v5.J.xlsb | modStatsHeures:Stats_Heures_AF
2025-01-07 16:32:24.83 | User | APP_v5.J.xlsb | modStatsHeures:Stats_Heures_AF = '0,2344 secondes'

2025-01-07 16:32:24.88 | User | APP_v5.J.xlsb | modAppli:UpdatePivotTables
2025-01-07 16:32:24.99 | User | APP_v5.J.xlsb | modAppli:UpdatePivotTables = '0,1172 secondes'

2025-01-07 16:32:25.04 | User | APP_v5.J.xlsb | wshTEC_TDB_Data:Worksheet_Change = '1,1133 secondes'

2025-01-07 16:32:25.27 | User | APP_v5.J.xlsb | modTEC_Saisie:TEC_Refresh_ListBox_And_Add_Hours - 4/2025-01-06 = '1,4102 secondes'

2025-01-07 16:32:25.32 | User | APP_v5.J.xlsb | modTEC_Saisie:TEC_Ajoute_Ligne = '2,8711 secondes'

2025-01-07 16:32:25.38 | User | APP_v5.J.xlsb | ufSaisieHeures:cmdAdd_Click = '2,9961 secondes'

2025-01-07 16:32:28.01 | User | APP_v5.J.xlsb | ufSaisieHeures:lsbHresJour_dblClick[1]
2025-01-07 16:32:28.06 | User | APP_v5.J.xlsb | modFunctions:Fn_Find_Row_Number_TEC_ID
2025-01-07 16:32:28.14 | User | APP_v5.J.xlsb | modFunctions:Fn_Find_Row_Number_TEC_ID - Row # = 3275
2025-01-07 16:32:28.18 | User | APP_v5.J.xlsb | modFunctions:Fn_Find_Row_Number_TEC_ID = '0,1289 secondes'

2025-01-07 16:32:28.29 | User | APP_v5.J.xlsb | ufSaisieHeures:lsbHresJour_dblClick[3276] = '0,2930 secondes'

2025-01-07 16:32:30.52 | User | APP_v5.J.xlsb | ufSaisieHeures:txtClient_AfterUpdate[z_Administratif_Autres non chargeables]
2025-01-07 16:32:30.57 | User | APP_v5.J.xlsb | modFunctions:Fn_GetID_From_Client_Name - z_Administratif_Autres non chargeables
2025-01-07 16:32:30.63 | User | APP_v5.J.xlsb | modFunctions:Fn_GetID_From_Client_Name - 5 = '0,0664 secondes'

2025-01-07 16:32:30.68 | User | APP_v5.J.xlsb | ufSaisieHeures:txtClient_AfterUpdate = '0,1719 secondes'

2025-01-07 16:32:30.74 | User | APP_v5.J.xlsb | ufSaisieHeures:chbFacturable_AfterUpdate
2025-01-07 16:32:30.80 | User | APP_v5.J.xlsb | ufSaisieHeures:chbFacturable_AfterUpdate = '0,0703 secondes'

2025-01-07 16:32:32.82 | User | APP_v5.J.xlsb | ufSaisieHeures:cmdUpdate_Click[3276]
2025-01-07 16:32:32.87 | User | APP_v5.J.xlsb | modTEC_Saisie:TEC_Modifie_Ligne
2025-01-07 16:32:32.92 | User | APP_v5.J.xlsb | modFunctions:Fn_GetID_From_Client_Name - z_Administratif_Autres non chargeables
2025-01-07 16:32:32.98 | User | APP_v5.J.xlsb | modFunctions:Fn_GetID_From_Client_Name - 5 = '0,0625 secondes'

2025-01-07 16:32:33.03 | User | APP_v5.J.xlsb | modTEC_Saisie:TEC_Record_Add_Or_Update_To_DB(3276)
2025-01-07 16:32:33.91 | User | APP_v5.J.xlsb | modTEC_Saisie:TEC_Record_Add_Or_Update_To_DB - 3276 = '0,8867 secondes'

2025-01-07 16:32:33.96 | User | APP_v5.J.xlsb | modTEC_Saisie:TEC_Record_Add_Or_Update_Locally(3276)
2025-01-07 16:32:34.02 | User | APP_v5.J.xlsb | modFunctions:Fn_Find_Row_Number_TEC_ID
2025-01-07 16:32:34.09 | User | APP_v5.J.xlsb | modFunctions:Fn_Find_Row_Number_TEC_ID - Row # = 3275
2025-01-07 16:32:34.14 | User | APP_v5.J.xlsb | modFunctions:Fn_Find_Row_Number_TEC_ID = '0,1289 secondes'

2025-01-07 16:32:34.21 | User | APP_v5.J.xlsb | modTEC_Saisie:TEC_Record_Add_Or_Update_Locally - 3276 = '0,2578 secondes'

2025-01-07 16:32:34.27 | User | APP_v5.J.xlsb | modTEC_Saisie:TEC_Get_All_TEC_AF - 4/01-06-2025
2025-01-07 16:32:34.38 | User | APP_v5.J.xlsb | modTEC_Saisie:TEC_Get_All_TEC_AF = '0,1172 secondes'

2025-01-07 16:32:34.43 | User | APP_v5.J.xlsb | modTEC_Saisie:TEC_Refresh_ListBox_And_Add_Hours - 4/01-06-2025
2025-01-07 16:32:34.50 | User | APP_v5.J.xlsb | wshTEC_TDB_Data:Worksheet_Change($U$7)
2025-01-07 16:32:34.56 | User | APP_v5.J.xlsb | modTEC_TDB:ActualiserTEC_TDB
2025-01-07 16:32:34.61 | User | APP_v5.J.xlsb | modTEC_Saisie:TEC_Update_TDB_From_TEC_Local
2025-01-07 16:32:34.74 | User | APP_v5.J.xlsb | modTEC_Saisie:TEC_Update_TDB_From_TEC_Local = '0,1367 secondes'

2025-01-07 16:32:34.80 | User | APP_v5.J.xlsb | modTEC_Saisie:TEC_TdB_Refresh_All_Pivot_Tables
2025-01-07 16:32:34.00 | User | APP_v5.J.xlsb | modTEC_Saisie:TEC_TdB_Refresh_All_Pivot_Tables = '0,2109 secondes'

2025-01-07 16:32:35.07 | User | APP_v5.J.xlsb | modTEC_TDB:ActualiserTEC_TDB = '0,5352 secondes'

2025-01-07 16:32:35.14 | User | APP_v5.J.xlsb | modStatsHeures:Stats_Heures_AF
2025-01-07 16:32:35.36 | User | APP_v5.J.xlsb | modStatsHeures:Stats_Heures_AF = '0,2266 secondes'

2025-01-07 16:32:35.42 | User | APP_v5.J.xlsb | modAppli:UpdatePivotTables
2025-01-07 16:32:35.51 | User | APP_v5.J.xlsb | modAppli:UpdatePivotTables = '0,1016 secondes'

2025-01-07 16:32:35.56 | User | APP_v5.J.xlsb | wshTEC_TDB_Data:Worksheet_Change = '1,0703 secondes'

2025-01-07 16:32:35.82 | User | APP_v5.J.xlsb | modTEC_Saisie:TEC_Refresh_ListBox_And_Add_Hours - 4/01-06-2025 = '1,4023 secondes'

2025-01-07 16:32:35.88 | User | APP_v5.J.xlsb | modTEC_Saisie:TEC_Modifie_Ligne = '3,0195 secondes'

2025-01-07 16:32:35.94 | User | APP_v5.J.xlsb | ufSaisieHeures:cmdUpdate_Click = '3,1289 secondes'

2025-01-07 16:32:55.75 | User | APP_v5.J.xlsb | ufSaisieHeures:txtClient_AfterUpdate[z_Administratif]
2025-01-07 16:32:55.82 | User | APP_v5.J.xlsb | modFunctions:Fn_GetID_From_Client_Name - z_Administratif
2025-01-07 16:32:55.89 | User | APP_v5.J.xlsb | modFunctions:Fn_GetID_From_Client_Name - 5 = '0,0820 secondes'

2025-01-07 16:32:55.94 | User | APP_v5.J.xlsb | ufSaisieHeures:txtClient_AfterUpdate = '0,2031 secondes'

2025-01-07 16:32:56.01 | User | APP_v5.J.xlsb | ufSaisieHeures:lstboxNomClient_DblClick
2025-01-07 16:32:56.12 | User | APP_v5.J.xlsb | modFunctions:Fn_GetID_From_Client_Name - z_Administratif_Autres non chargeables
2025-01-07 16:32:56.17 | User | APP_v5.J.xlsb | modFunctions:Fn_GetID_From_Client_Name - 5 = '0,0625 secondes'

2025-01-07 16:32:56.22 | User | APP_v5.J.xlsb | ufSaisieHeures:lstboxNomClient_DblClick = '0,2227 secondes'

2025-01-07 16:32:56.29 | User | APP_v5.J.xlsb | ufSaisieHeures:txtClient_AfterUpdate[z_Administratif_Autres non chargeables]
2025-01-07 16:32:56.36 | User | APP_v5.J.xlsb | modFunctions:Fn_GetID_From_Client_Name - z_Administratif_Autres non chargeables
2025-01-07 16:32:56.41 | User | APP_v5.J.xlsb | modFunctions:Fn_GetID_From_Client_Name - 5 = '0,0625 secondes'

2025-01-07 16:32:56.47 | User | APP_v5.J.xlsb | ufSaisieHeures:txtClient_AfterUpdate = '0,1836 secondes'

2025-01-07 16:33:12.57 | User | APP_v5.J.xlsb | ufSaisieHeures:txtHeures_AfterUpdate[1]
2025-01-07 16:33:12.66 | User | APP_v5.J.xlsb | ufSaisieHeures:txtHeures_AfterUpdate = '0,0977 secondes'

2025-01-07 16:33:12.71 | User | APP_v5.J.xlsb | ufSaisieHeures:txtHeures_Exit[1,00]
2025-01-07 16:33:12.77 | User | APP_v5.J.xlsb | ufSaisieHeures:txtHeures_Exit = '0,0625 secondes'

2025-01-07 16:33:14.28 | User | APP_v5.J.xlsb | ufSaisieHeures:chbFacturable_AfterUpdate
2025-01-07 16:33:14.34 | User | APP_v5.J.xlsb | ufSaisieHeures:chbFacturable_AfterUpdate = '0,0664 secondes'

2025-01-07 16:33:28.27 | User | APP_v5.J.xlsb | ufSaisieHeures:txtActivite_AfterUpdate[Aide aux clients pour les autorisations (Anne-Marie Ducharme, Marc Lalonde, Louis Freyd)
]
2025-01-07 16:33:28.36 | User | APP_v5.J.xlsb | ufSaisieHeures:txtActivite_AfterUpdate = '0,0977 secondes'

2025-01-07 16:33:32.98 | User | APP_v5.J.xlsb | ufSaisieHeures:txtActivite_AfterUpdate[Aide aux clients pour les autorisations (Anne-Marie Ducharme, Marc Lalonde, Louis Freyd)]
2025-01-07 16:33:33.05 | User | APP_v5.J.xlsb | ufSaisieHeures:txtActivite_AfterUpdate = '0,0742 secondes'

2025-01-07 16:33:33.11 | User | APP_v5.J.xlsb | ufSaisieHeures:chbFacturable_AfterUpdate
2025-01-07 16:33:33.16 | User | APP_v5.J.xlsb | ufSaisieHeures:chbFacturable_AfterUpdate = '0,0586 secondes'

2025-01-07 16:33:34.21 | User | APP_v5.J.xlsb | ufSaisieHeures:chbFacturable_AfterUpdate
2025-01-07 16:33:34.27 | User | APP_v5.J.xlsb | ufSaisieHeures:chbFacturable_AfterUpdate = '0,0625 secondes'

2025-01-07 16:33:35.59 | User | APP_v5.J.xlsb | ufSaisieHeures:cmdAdd_Click
2025-01-07 16:33:35.64 | User | APP_v5.J.xlsb | modTEC_Saisie:TEC_Ajoute_Ligne
2025-01-07 16:33:35.70 | User | APP_v5.J.xlsb | modTEC_Saisie:TEC_Record_Add_Or_Update_To_DB(0)
2025-01-07 16:33:36.64 | User | APP_v5.J.xlsb | modTEC_Saisie:TEC_Record_Add_Or_Update_To_DB - 0 = '0,9609 secondes'

2025-01-07 16:33:36.71 | User | APP_v5.J.xlsb | modTEC_Saisie:TEC_Record_Add_Or_Update_Locally(0)
2025-01-07 16:33:36.83 | User | APP_v5.J.xlsb | modTEC_Saisie:TEC_Record_Add_Or_Update_Locally - 0 = '0,1250 secondes'

2025-01-07 16:33:36.88 | User | APP_v5.J.xlsb | modTEC_Saisie:TEC_Get_All_TEC_AF - 4/2025-01-06
2025-01-07 16:33:37.04 | User | APP_v5.J.xlsb | modTEC_Saisie:TEC_Get_All_TEC_AF = '0,1641 secondes'

2025-01-07 16:33:37.10 | User | APP_v5.J.xlsb | modTEC_Saisie:TEC_Refresh_ListBox_And_Add_Hours - 4/2025-01-06
2025-01-07 16:33:37.18 | User | APP_v5.J.xlsb | wshTEC_TDB_Data:Worksheet_Change($U$7)
2025-01-07 16:33:37.22 | User | APP_v5.J.xlsb | modTEC_TDB:ActualiserTEC_TDB
2025-01-07 16:33:37.28 | User | APP_v5.J.xlsb | modTEC_Saisie:TEC_Update_TDB_From_TEC_Local
2025-01-07 16:33:37.45 | User | APP_v5.J.xlsb | modTEC_Saisie:TEC_Update_TDB_From_TEC_Local = '0,1797 secondes'

2025-01-07 16:33:37.50 | User | APP_v5.J.xlsb | modTEC_Saisie:TEC_TdB_Refresh_All_Pivot_Tables
2025-01-07 16:33:37.68 | User | APP_v5.J.xlsb | modTEC_Saisie:TEC_TdB_Refresh_All_Pivot_Tables = '0,1836 secondes'

2025-01-07 16:33:37.73 | User | APP_v5.J.xlsb | modTEC_TDB:ActualiserTEC_TDB = '0,5117 secondes'

2025-01-07 16:33:37.78 | User | APP_v5.J.xlsb | modStatsHeures:Stats_Heures_AF
2025-01-07 16:33:38.02 | User | APP_v5.J.xlsb | modStatsHeures:Stats_Heures_AF = '0,2500 secondes'

2025-01-07 16:33:38.08 | User | APP_v5.J.xlsb | modAppli:UpdatePivotTables
2025-01-07 16:33:38.21 | User | APP_v5.J.xlsb | modAppli:UpdatePivotTables = '0,1523 secondes'

2025-01-07 16:33:38.27 | User | APP_v5.J.xlsb | wshTEC_TDB_Data:Worksheet_Change = '1,1016 secondes'

2025-01-07 16:33:38.51 | User | APP_v5.J.xlsb | modTEC_Saisie:TEC_Refresh_ListBox_And_Add_Hours - 4/2025-01-06 = '1,4297 secondes'

2025-01-07 16:33:38.57 | User | APP_v5.J.xlsb | modTEC_Saisie:TEC_Ajoute_Ligne = '2,9297 secondes'

2025-01-07 16:33:38.61 | User | APP_v5.J.xlsb | ufSaisieHeures:cmdAdd_Click = '3,0312 secondes'

2025-01-07 16:33:56.30 | User | APP_v5.J.xlsb | ufSaisieHeures:txtClient_AfterUpdate[A]
2025-01-07 16:33:56.38 | User | APP_v5.J.xlsb | modFunctions:Fn_GetID_From_Client_Name - A
2025-01-07 16:33:56.44 | User | APP_v5.J.xlsb | modFunctions:Fn_GetID_From_Client_Name - 1279 = '0,0664 secondes'

2025-01-07 16:33:56.49 | User | APP_v5.J.xlsb | ufSaisieHeures:txtClient_AfterUpdate = '0,1914 secondes'

2025-01-07 16:33:56.55 | User | APP_v5.J.xlsb | ufSaisieHeures:lstboxNomClient_DblClick
2025-01-07 16:33:56.65 | User | APP_v5.J.xlsb | modFunctions:Fn_GetID_From_Client_Name - z_Administratif_Autres non chargeables
2025-01-07 16:33:56.71 | User | APP_v5.J.xlsb | modFunctions:Fn_GetID_From_Client_Name - 5 = '0,0703 secondes'

2025-01-07 16:33:56.77 | User | APP_v5.J.xlsb | ufSaisieHeures:lstboxNomClient_DblClick = '0,2188 secondes'

2025-01-07 16:33:56.82 | User | APP_v5.J.xlsb | ufSaisieHeures:txtClient_AfterUpdate[z_Administratif_Autres non chargeables]
2025-01-07 16:33:56.89 | User | APP_v5.J.xlsb | modFunctions:Fn_GetID_From_Client_Name - z_Administratif_Autres non chargeables
2025-01-07 16:33:56.95 | User | APP_v5.J.xlsb | modFunctions:Fn_GetID_From_Client_Name - 5 = '0,0586 secondes'

2025-01-07 16:33:56.00 | User | APP_v5.J.xlsb | ufSaisieHeures:txtClient_AfterUpdate = '0,1914 secondes'

2025-01-07 16:34:21.63 | User | APP_v5.J.xlsb | ufSaisieHeures:txtActivite_AfterUpdate[Aide aux clients pour les autorisations (Érik Masse, changement d'adresse courriel)
]
2025-01-07 16:34:21.71 | User | APP_v5.J.xlsb | ufSaisieHeures:txtActivite_AfterUpdate = '0,0859 secondes'

2025-01-07 16:34:23.09 | User | APP_v5.J.xlsb | ufSaisieHeures:txtHeures_AfterUpdate[.5]
2025-01-07 16:34:23.17 | User | APP_v5.J.xlsb | ufSaisieHeures:txtHeures_AfterUpdate = '0,0859 secondes'

2025-01-07 16:34:23.22 | User | APP_v5.J.xlsb | ufSaisieHeures:txtHeures_Exit[0,50]
2025-01-07 16:34:23.28 | User | APP_v5.J.xlsb | ufSaisieHeures:txtHeures_Exit = '0,0625 secondes'

2025-01-07 16:34:25.78 | User | APP_v5.J.xlsb | ufSaisieHeures:chbFacturable_AfterUpdate
2025-01-07 16:34:25.85 | User | APP_v5.J.xlsb | ufSaisieHeures:chbFacturable_AfterUpdate = '0,0781 secondes'

2025-01-07 16:34:26.82 | User | APP_v5.J.xlsb | ufSaisieHeures:cmdAdd_Click
2025-01-07 16:34:26.87 | User | APP_v5.J.xlsb | modTEC_Saisie:TEC_Ajoute_Ligne
2025-01-07 16:34:26.93 | User | APP_v5.J.xlsb | modTEC_Saisie:TEC_Record_Add_Or_Update_To_DB(0)
2025-01-07 16:34:27.84 | User | APP_v5.J.xlsb | modTEC_Saisie:TEC_Record_Add_Or_Update_To_DB - 0 = '0,9258 secondes'

2025-01-07 16:34:27.90 | User | APP_v5.J.xlsb | modTEC_Saisie:TEC_Record_Add_Or_Update_Locally(0)
2025-01-07 16:34:28.00 | User | APP_v5.J.xlsb | modTEC_Saisie:TEC_Record_Add_Or_Update_Locally - 0 = '0,1133 secondes'

2025-01-07 16:34:28.05 | User | APP_v5.J.xlsb | modTEC_Saisie:TEC_Get_All_TEC_AF - 4/2025-01-06
2025-01-07 16:34:28.20 | User | APP_v5.J.xlsb | modTEC_Saisie:TEC_Get_All_TEC_AF = '0,1523 secondes'

2025-01-07 16:34:28.25 | User | APP_v5.J.xlsb | modTEC_Saisie:TEC_Refresh_ListBox_And_Add_Hours - 4/2025-01-06
2025-01-07 16:34:28.31 | User | APP_v5.J.xlsb | wshTEC_TDB_Data:Worksheet_Change($U$7)
2025-01-07 16:34:28.37 | User | APP_v5.J.xlsb | modTEC_TDB:ActualiserTEC_TDB
2025-01-07 16:34:28.42 | User | APP_v5.J.xlsb | modTEC_Saisie:TEC_Update_TDB_From_TEC_Local
2025-01-07 16:34:28.58 | User | APP_v5.J.xlsb | modTEC_Saisie:TEC_Update_TDB_From_TEC_Local = '0,1680 secondes'

2025-01-07 16:34:28.64 | User | APP_v5.J.xlsb | modTEC_Saisie:TEC_TdB_Refresh_All_Pivot_Tables
2025-01-07 16:34:28.88 | User | APP_v5.J.xlsb | modTEC_Saisie:TEC_TdB_Refresh_All_Pivot_Tables = '0,2500 secondes'

2025-01-07 16:34:28.96 | User | APP_v5.J.xlsb | modTEC_TDB:ActualiserTEC_TDB = '0,6055 secondes'

2025-01-07 16:34:29.02 | User | APP_v5.J.xlsb | modStatsHeures:Stats_Heures_AF
2025-01-07 16:34:29.26 | User | APP_v5.J.xlsb | modStatsHeures:Stats_Heures_AF = '0,2500 secondes'

2025-01-07 16:34:29.31 | User | APP_v5.J.xlsb | modAppli:UpdatePivotTables
2025-01-07 16:34:29.40 | User | APP_v5.J.xlsb | modAppli:UpdatePivotTables = '0,1016 secondes'

2025-01-07 16:34:29.45 | User | APP_v5.J.xlsb | wshTEC_TDB_Data:Worksheet_Change = '1,1484 secondes'

2025-01-07 16:34:29.68 | User | APP_v5.J.xlsb | modTEC_Saisie:TEC_Refresh_ListBox_And_Add_Hours - 4/2025-01-06 = '1,4609 secondes'

2025-01-07 16:34:29.75 | User | APP_v5.J.xlsb | modTEC_Saisie:TEC_Ajoute_Ligne = '2,8906 secondes'

2025-01-07 16:34:29.80 | User | APP_v5.J.xlsb | ufSaisieHeures:cmdAdd_Click = '2,9961 secondes'

2025-01-07 16:34:48.80 | User | APP_v5.J.xlsb | ufSaisieHeures:txtClient_AfterUpdate[Mobilier de bureau Mobilium Inc. [Robert Guindon]]
2025-01-07 16:34:48.88 | User | APP_v5.J.xlsb | modFunctions:Fn_GetID_From_Client_Name - Mobilier de bureau Mobilium Inc. [Robert Guindon]
2025-01-07 16:34:48.94 | User | APP_v5.J.xlsb | modFunctions:Fn_GetID_From_Client_Name - 1491 = '0,0742 secondes'

2025-01-07 16:34:49.02 | User | APP_v5.J.xlsb | ufSaisieHeures:txtClient_AfterUpdate = '0,2266 secondes'

2025-01-07 16:34:52.88 | User | APP_v5.J.xlsb | ufSaisieHeures:txtActivite_AfterUpdate[Obtention du numéro de fiducie au fédéral
]
2025-01-07 16:34:52.97 | User | APP_v5.J.xlsb | ufSaisieHeures:txtActivite_AfterUpdate = '0,1016 secondes'

2025-01-07 16:34:54.70 | User | APP_v5.J.xlsb | ufSaisieHeures:txtHeures_AfterUpdate[.75]
2025-01-07 16:34:54.78 | User | APP_v5.J.xlsb | ufSaisieHeures:txtHeures_AfterUpdate = '0,0859 secondes'

2025-01-07 16:34:54.84 | User | APP_v5.J.xlsb | ufSaisieHeures:txtHeures_Exit[0,75]
2025-01-07 16:34:54.89 | User | APP_v5.J.xlsb | ufSaisieHeures:txtHeures_Exit = '0,0625 secondes'

2025-01-07 16:34:58.29 | User | APP_v5.J.xlsb | ufSaisieHeures:cmdAdd_Click
2025-01-07 16:34:58.35 | User | APP_v5.J.xlsb | modTEC_Saisie:TEC_Ajoute_Ligne
2025-01-07 16:34:58.40 | User | APP_v5.J.xlsb | modTEC_Saisie:TEC_Record_Add_Or_Update_To_DB(0)
2025-01-07 16:34:59.22 | User | APP_v5.J.xlsb | modTEC_Saisie:TEC_Record_Add_Or_Update_To_DB - 0 = '0,8281 secondes'

2025-01-07 16:34:59.29 | User | APP_v5.J.xlsb | modTEC_Saisie:TEC_Record_Add_Or_Update_Locally(0)
2025-01-07 16:34:59.41 | User | APP_v5.J.xlsb | modTEC_Saisie:TEC_Record_Add_Or_Update_Locally - 0 = '0,1328 secondes'

2025-01-07 16:34:59.46 | User | APP_v5.J.xlsb | modTEC_Saisie:TEC_Get_All_TEC_AF - 4/2025-01-06
2025-01-07 16:34:59.61 | User | APP_v5.J.xlsb | modTEC_Saisie:TEC_Get_All_TEC_AF = '0,1484 secondes'

2025-01-07 16:34:59.66 | User | APP_v5.J.xlsb | modTEC_Saisie:TEC_Refresh_ListBox_And_Add_Hours - 4/2025-01-06
2025-01-07 16:34:59.73 | User | APP_v5.J.xlsb | wshTEC_TDB_Data:Worksheet_Change($U$7)
2025-01-07 16:34:59.78 | User | APP_v5.J.xlsb | modTEC_TDB:ActualiserTEC_TDB
2025-01-07 16:34:59.82 | User | APP_v5.J.xlsb | modTEC_Saisie:TEC_Update_TDB_From_TEC_Local
2025-01-07 16:34:59.98 | User | APP_v5.J.xlsb | modTEC_Saisie:TEC_Update_TDB_From_TEC_Local = '0,1641 secondes'

2025-01-07 16:35:00.04 | User | APP_v5.J.xlsb | modTEC_Saisie:TEC_TdB_Refresh_All_Pivot_Tables
2025-01-07 16:35:00.21 | User | APP_v5.J.xlsb | modTEC_Saisie:TEC_TdB_Refresh_All_Pivot_Tables = '0,1797 secondes'

2025-01-07 16:35:00.26 | User | APP_v5.J.xlsb | modTEC_TDB:ActualiserTEC_TDB = '0,4883 secondes'

2025-01-07 16:35:00.31 | User | APP_v5.J.xlsb | modStatsHeures:Stats_Heures_AF
2025-01-07 16:35:00.54 | User | APP_v5.J.xlsb | modStatsHeures:Stats_Heures_AF = '0,2383 secondes'

2025-01-07 16:35:00.60 | User | APP_v5.J.xlsb | modAppli:UpdatePivotTables
2025-01-07 16:35:00.71 | User | APP_v5.J.xlsb | modAppli:UpdatePivotTables = '0,1211 secondes'

2025-01-07 16:35:00.79 | User | APP_v5.J.xlsb | wshTEC_TDB_Data:Worksheet_Change = '1,0742 secondes'

2025-01-07 16:35:01.12 | User | APP_v5.J.xlsb | modTEC_Saisie:TEC_Refresh_ListBox_And_Add_Hours - 4/2025-01-06 = '1,4648 secondes'

2025-01-07 16:35:01.17 | User | APP_v5.J.xlsb | modTEC_Saisie:TEC_Ajoute_Ligne = '2,8320 secondes'

2025-01-07 16:35:01.23 | User | APP_v5.J.xlsb | ufSaisieHeures:cmdAdd_Click = '2,9414 secondes'

2025-01-07 16:35:18.25 | User | APP_v5.J.xlsb | ufSaisieHeures:txtClient_AfterUpdate[A]
2025-01-07 16:35:18.33 | User | APP_v5.J.xlsb | modFunctions:Fn_GetID_From_Client_Name - A
2025-01-07 16:35:18.39 | User | APP_v5.J.xlsb | modFunctions:Fn_GetID_From_Client_Name - 1279 = '0,0742 secondes'

2025-01-07 16:35:18.45 | User | APP_v5.J.xlsb | ufSaisieHeures:txtClient_AfterUpdate = '0,2031 secondes'

2025-01-07 16:35:20.92 | User | APP_v5.J.xlsb | ufSaisieHeures:lstboxNomClient_DblClick
2025-01-07 16:35:21.02 | User | APP_v5.J.xlsb | modFunctions:Fn_GetID_From_Client_Name - z_Administratif_Autres non chargeables
2025-01-07 16:35:21.07 | User | APP_v5.J.xlsb | modFunctions:Fn_GetID_From_Client_Name - 5 = '0,0586 secondes'

2025-01-07 16:35:21.12 | User | APP_v5.J.xlsb | ufSaisieHeures:lstboxNomClient_DblClick = '0,2031 secondes'

2025-01-07 16:35:21.19 | User | APP_v5.J.xlsb | ufSaisieHeures:txtClient_AfterUpdate[z_Administratif_Autres non chargeables]
2025-01-07 16:35:21.24 | User | APP_v5.J.xlsb | modFunctions:Fn_GetID_From_Client_Name - z_Administratif_Autres non chargeables
2025-01-07 16:35:21.30 | User | APP_v5.J.xlsb | modFunctions:Fn_GetID_From_Client_Name - 5 = '0,0664 secondes'

2025-01-07 16:35:21.36 | User | APP_v5.J.xlsb | ufSaisieHeures:txtClient_AfterUpdate = '0,1758 secondes'

2025-01-07 16:35:30.61 | User | APP_v5.J.xlsb | ufSaisieHeures:txtActivite_AfterUpdate[Production du formulaire pour l'autorisation fédéral par papier et courriel d'information pour Marc Lalonde
]
2025-01-07 16:35:30.68 | User | APP_v5.J.xlsb | ufSaisieHeures:txtActivite_AfterUpdate = '0,0781 secondes'

2025-01-07 16:35:32.12 | User | APP_v5.J.xlsb | ufSaisieHeures:txtHeures_AfterUpdate[1]
2025-01-07 16:35:32.20 | User | APP_v5.J.xlsb | ufSaisieHeures:txtHeures_AfterUpdate = '0,0859 secondes'

2025-01-07 16:35:32.26 | User | APP_v5.J.xlsb | ufSaisieHeures:txtHeures_Exit[1,00]
2025-01-07 16:35:32.31 | User | APP_v5.J.xlsb | ufSaisieHeures:txtHeures_Exit = '0,0547 secondes'

2025-01-07 16:35:35.00 | User | APP_v5.J.xlsb | ufSaisieHeures:chbFacturable_AfterUpdate
2025-01-07 16:35:35.05 | User | APP_v5.J.xlsb | ufSaisieHeures:chbFacturable_AfterUpdate = '0,0586 secondes'

2025-01-07 16:35:37.42 | User | APP_v5.J.xlsb | ufSaisieHeures:cmdAdd_Click
2025-01-07 16:35:37.48 | User | APP_v5.J.xlsb | modTEC_Saisie:TEC_Ajoute_Ligne
2025-01-07 16:35:37.53 | User | APP_v5.J.xlsb | modTEC_Saisie:TEC_Record_Add_Or_Update_To_DB(0)
2025-01-07 16:35:38.42 | User | APP_v5.J.xlsb | modTEC_Saisie:TEC_Record_Add_Or_Update_To_DB - 0 = '0,8984 secondes'

2025-01-07 16:35:38.48 | User | APP_v5.J.xlsb | modTEC_Saisie:TEC_Record_Add_Or_Update_Locally(0)
2025-01-07 16:35:38.61 | User | APP_v5.J.xlsb | modTEC_Saisie:TEC_Record_Add_Or_Update_Locally - 0 = '0,1367 secondes'

2025-01-07 16:35:38.66 | User | APP_v5.J.xlsb | modTEC_Saisie:TEC_Get_All_TEC_AF - 4/2025-01-06
2025-01-07 16:35:38.81 | User | APP_v5.J.xlsb | modTEC_Saisie:TEC_Get_All_TEC_AF = '0,1641 secondes'

2025-01-07 16:35:38.86 | User | APP_v5.J.xlsb | modTEC_Saisie:TEC_Refresh_ListBox_And_Add_Hours - 4/2025-01-06
2025-01-07 16:35:38.92 | User | APP_v5.J.xlsb | wshTEC_TDB_Data:Worksheet_Change($U$7)
2025-01-07 16:35:38.98 | User | APP_v5.J.xlsb | modTEC_TDB:ActualiserTEC_TDB
2025-01-07 16:35:39.02 | User | APP_v5.J.xlsb | modTEC_Saisie:TEC_Update_TDB_From_TEC_Local
2025-01-07 16:35:39.17 | User | APP_v5.J.xlsb | modTEC_Saisie:TEC_Update_TDB_From_TEC_Local = '0,1562 secondes'

2025-01-07 16:35:39.23 | User | APP_v5.J.xlsb | modTEC_Saisie:TEC_TdB_Refresh_All_Pivot_Tables
2025-01-07 16:35:39.42 | User | APP_v5.J.xlsb | modTEC_Saisie:TEC_TdB_Refresh_All_Pivot_Tables = '0,1992 secondes'

2025-01-07 16:35:39.47 | User | APP_v5.J.xlsb | modTEC_TDB:ActualiserTEC_TDB = '0,5000 secondes'

2025-01-07 16:35:39.52 | User | APP_v5.J.xlsb | modStatsHeures:Stats_Heures_AF
2025-01-07 16:35:39.75 | User | APP_v5.J.xlsb | modStatsHeures:Stats_Heures_AF = '0,2344 secondes'

2025-01-07 16:35:39.80 | User | APP_v5.J.xlsb | modAppli:UpdatePivotTables
2025-01-07 16:35:39.90 | User | APP_v5.J.xlsb | modAppli:UpdatePivotTables = '0,1133 secondes'

2025-01-07 16:35:39.95 | User | APP_v5.J.xlsb | wshTEC_TDB_Data:Worksheet_Change = '1,0391 secondes'

2025-01-07 16:35:40.23 | User | APP_v5.J.xlsb | modTEC_Saisie:TEC_Refresh_ListBox_And_Add_Hours - 4/2025-01-06 = '1,3828 secondes'

2025-01-07 16:35:40.29 | User | APP_v5.J.xlsb | modTEC_Saisie:TEC_Ajoute_Ligne = '2,8125 secondes'

2025-01-07 16:35:40.33 | User | APP_v5.J.xlsb | ufSaisieHeures:cmdAdd_Click = '2,9180 secondes'

2025-01-07 16:35:56.09 | User | APP_v5.J.xlsb | ufSaisieHeures:txtClient_AfterUpdate[Vignoble Kobloth et fils Inc. [Roxane Gauthier]]
2025-01-07 16:35:56.16 | User | APP_v5.J.xlsb | modFunctions:Fn_GetID_From_Client_Name - Vignoble Kobloth et fils Inc. [Roxane Gauthier]
2025-01-07 16:35:56.21 | User | APP_v5.J.xlsb | modFunctions:Fn_GetID_From_Client_Name - 1112 = '0,0625 secondes'

2025-01-07 16:35:56.31 | User | APP_v5.J.xlsb | ufSaisieHeures:txtClient_AfterUpdate = '0,2305 secondes'

2025-01-07 16:36:00.77 | User | APP_v5.J.xlsb | ufSaisieHeures:txtActivite_AfterUpdate[Suivis des chèques pour la fiducie familiale Kobloth 2024
]
2025-01-07 16:36:00.83 | User | APP_v5.J.xlsb | ufSaisieHeures:txtActivite_AfterUpdate = '0,0664 secondes'

2025-01-07 16:36:02.24 | User | APP_v5.J.xlsb | ufSaisieHeures:txtHeures_AfterUpdate[.5]
2025-01-07 16:36:02.31 | User | APP_v5.J.xlsb | ufSaisieHeures:txtHeures_AfterUpdate = '0,0859 secondes'

2025-01-07 16:36:02.38 | User | APP_v5.J.xlsb | ufSaisieHeures:txtHeures_Exit[0,50]
2025-01-07 16:36:02.43 | User | APP_v5.J.xlsb | ufSaisieHeures:txtHeures_Exit = '0,0547 secondes'

2025-01-07 16:36:06.42 | User | APP_v5.J.xlsb | ufSaisieHeures:cmdAdd_Click
2025-01-07 16:36:06.48 | User | APP_v5.J.xlsb | modTEC_Saisie:TEC_Ajoute_Ligne
2025-01-07 16:36:06.54 | User | APP_v5.J.xlsb | modTEC_Saisie:TEC_Record_Add_Or_Update_To_DB(0)
2025-01-07 16:36:07.39 | User | APP_v5.J.xlsb | modTEC_Saisie:TEC_Record_Add_Or_Update_To_DB - 0 = '0,8594 secondes'

2025-01-07 16:36:07.46 | User | APP_v5.J.xlsb | modTEC_Saisie:TEC_Record_Add_Or_Update_Locally(0)
2025-01-07 16:36:07.59 | User | APP_v5.J.xlsb | modTEC_Saisie:TEC_Record_Add_Or_Update_Locally - 0 = '0,1328 secondes'

2025-01-07 16:36:07.64 | User | APP_v5.J.xlsb | modTEC_Saisie:TEC_Get_All_TEC_AF - 4/2025-01-06
2025-01-07 16:36:07.82 | User | APP_v5.J.xlsb | modTEC_Saisie:TEC_Get_All_TEC_AF = '0,1875 secondes'

2025-01-07 16:36:07.87 | User | APP_v5.J.xlsb | modTEC_Saisie:TEC_Refresh_ListBox_And_Add_Hours - 4/2025-01-06
2025-01-07 16:36:07.96 | User | APP_v5.J.xlsb | wshTEC_TDB_Data:Worksheet_Change($U$7)
2025-01-07 16:36:08.01 | User | APP_v5.J.xlsb | modTEC_TDB:ActualiserTEC_TDB
2025-01-07 16:36:08.06 | User | APP_v5.J.xlsb | modTEC_Saisie:TEC_Update_TDB_From_TEC_Local
2025-01-07 16:36:08.20 | User | APP_v5.J.xlsb | modTEC_Saisie:TEC_Update_TDB_From_TEC_Local = '0,1523 secondes'

2025-01-07 16:36:08.26 | User | APP_v5.J.xlsb | modTEC_Saisie:TEC_TdB_Refresh_All_Pivot_Tables
2025-01-07 16:36:08.45 | User | APP_v5.J.xlsb | modTEC_Saisie:TEC_TdB_Refresh_All_Pivot_Tables = '0,2031 secondes'

2025-01-07 16:36:08.51 | User | APP_v5.J.xlsb | modTEC_TDB:ActualiserTEC_TDB = '0,5000 secondes'

2025-01-07 16:36:08.55 | User | APP_v5.J.xlsb | modStatsHeures:Stats_Heures_AF
2025-01-07 16:36:08.79 | User | APP_v5.J.xlsb | modStatsHeures:Stats_Heures_AF = '0,2422 secondes'

2025-01-07 16:36:08.84 | User | APP_v5.J.xlsb | modAppli:UpdatePivotTables
2025-01-07 16:36:08.95 | User | APP_v5.J.xlsb | modAppli:UpdatePivotTables = '0,1211 secondes'

2025-01-07 16:36:09.00 | User | APP_v5.J.xlsb | wshTEC_TDB_Data:Worksheet_Change = '1,0469 secondes'

2025-01-07 16:36:09.23 | User | APP_v5.J.xlsb | modTEC_Saisie:TEC_Refresh_ListBox_And_Add_Hours - 4/2025-01-06 = '1,3633 secondes'

2025-01-07 16:36:09.28 | User | APP_v5.J.xlsb | modTEC_Saisie:TEC_Ajoute_Ligne = '2,8047 secondes'

2025-01-07 16:36:09.32 | User | APP_v5.J.xlsb | ufSaisieHeures:cmdAdd_Click = '2,9180 secondes'

2025-01-07 16:36:26.87 | User | APP_v5.J.xlsb | ufSaisieHeures:txtClient_AfterUpdate[A]
2025-01-07 16:36:26.94 | User | APP_v5.J.xlsb | modFunctions:Fn_GetID_From_Client_Name - A
2025-01-07 16:36:27.01 | User | APP_v5.J.xlsb | modFunctions:Fn_GetID_From_Client_Name - 1279 = '0,0781 secondes'

2025-01-07 16:36:27.06 | User | APP_v5.J.xlsb | ufSaisieHeures:txtClient_AfterUpdate = '0,2031 secondes'

2025-01-07 16:36:28.80 | User | APP_v5.J.xlsb | ufSaisieHeures:txtClient_AfterUpdate[z_Administratif_Travail sur les outils modeles]
2025-01-07 16:36:28.88 | User | APP_v5.J.xlsb | modFunctions:Fn_GetID_From_Client_Name - z_Administratif_Travail sur les outils modeles
2025-01-07 16:36:28.95 | User | APP_v5.J.xlsb | modFunctions:Fn_GetID_From_Client_Name - 4 = '0,0820 secondes'

2025-01-07 16:36:29.00 | User | APP_v5.J.xlsb | ufSaisieHeures:txtClient_AfterUpdate = '0,2070 secondes'

2025-01-07 16:36:38.78 | User | APP_v5.J.xlsb | ufSaisieHeures:txtActivite_AfterUpdate[Montage du suivi des travaux comptables
]
2025-01-07 16:36:38.87 | User | APP_v5.J.xlsb | ufSaisieHeures:txtActivite_AfterUpdate = '0,0977 secondes'

2025-01-07 16:36:40.21 | User | APP_v5.J.xlsb | ufSaisieHeures:txtHeures_AfterUpdate[1]
2025-01-07 16:36:40.29 | User | APP_v5.J.xlsb | ufSaisieHeures:txtHeures_AfterUpdate = '0,0820 secondes'

2025-01-07 16:36:40.35 | User | APP_v5.J.xlsb | ufSaisieHeures:txtHeures_Exit[1,00]
2025-01-07 16:36:40.41 | User | APP_v5.J.xlsb | ufSaisieHeures:txtHeures_Exit = '0,0625 secondes'

2025-01-07 16:36:43.30 | User | APP_v5.J.xlsb | ufSaisieHeures:chbFacturable_AfterUpdate
2025-01-07 16:36:43.36 | User | APP_v5.J.xlsb | ufSaisieHeures:chbFacturable_AfterUpdate = '0,0664 secondes'

2025-01-07 16:36:44.20 | User | APP_v5.J.xlsb | ufSaisieHeures:cmdAdd_Click
2025-01-07 16:36:44.25 | User | APP_v5.J.xlsb | modTEC_Saisie:TEC_Ajoute_Ligne
2025-01-07 16:36:44.30 | User | APP_v5.J.xlsb | modTEC_Saisie:TEC_Record_Add_Or_Update_To_DB(0)
2025-01-07 16:36:45.24 | User | APP_v5.J.xlsb | modTEC_Saisie:TEC_Record_Add_Or_Update_To_DB - 0 = '0,9453 secondes'

2025-01-07 16:36:45.31 | User | APP_v5.J.xlsb | modTEC_Saisie:TEC_Record_Add_Or_Update_Locally(0)
2025-01-07 16:36:45.48 | User | APP_v5.J.xlsb | modTEC_Saisie:TEC_Record_Add_Or_Update_Locally - 0 = '0,1758 secondes'

2025-01-07 16:36:45.52 | User | APP_v5.J.xlsb | modTEC_Saisie:TEC_Get_All_TEC_AF - 4/2025-01-06
2025-01-07 16:36:45.68 | User | APP_v5.J.xlsb | modTEC_Saisie:TEC_Get_All_TEC_AF = '0,1641 secondes'

2025-01-07 16:36:45.73 | User | APP_v5.J.xlsb | modTEC_Saisie:TEC_Refresh_ListBox_And_Add_Hours - 4/2025-01-06
2025-01-07 16:36:45.81 | User | APP_v5.J.xlsb | wshTEC_TDB_Data:Worksheet_Change($U$7)
2025-01-07 16:36:45.86 | User | APP_v5.J.xlsb | modTEC_TDB:ActualiserTEC_TDB
2025-01-07 16:36:45.91 | User | APP_v5.J.xlsb | modTEC_Saisie:TEC_Update_TDB_From_TEC_Local
2025-01-07 16:36:46.06 | User | APP_v5.J.xlsb | modTEC_Saisie:TEC_Update_TDB_From_TEC_Local = '0,1562 secondes'

2025-01-07 16:36:46.11 | User | APP_v5.J.xlsb | modTEC_Saisie:TEC_TdB_Refresh_All_Pivot_Tables
2025-01-07 16:36:46.30 | User | APP_v5.J.xlsb | modTEC_Saisie:TEC_TdB_Refresh_All_Pivot_Tables = '0,1914 secondes'

2025-01-07 16:36:46.36 | User | APP_v5.J.xlsb | modTEC_TDB:ActualiserTEC_TDB = '0,5000 secondes'

2025-01-07 16:36:46.41 | User | APP_v5.J.xlsb | modStatsHeures:Stats_Heures_AF
2025-01-07 16:36:46.63 | User | APP_v5.J.xlsb | modStatsHeures:Stats_Heures_AF = '0,2305 secondes'

2025-01-07 16:36:46.68 | User | APP_v5.J.xlsb | modAppli:UpdatePivotTables
2025-01-07 16:36:46.79 | User | APP_v5.J.xlsb | modAppli:UpdatePivotTables = '0,1133 secondes'

2025-01-07 16:36:46.84 | User | APP_v5.J.xlsb | wshTEC_TDB_Data:Worksheet_Change = '1,0352 secondes'

2025-01-07 16:36:47.11 | User | APP_v5.J.xlsb | modTEC_Saisie:TEC_Refresh_ListBox_And_Add_Hours - 4/2025-01-06 = '1,3828 secondes'

2025-01-07 16:36:47.16 | User | APP_v5.J.xlsb | modTEC_Saisie:TEC_Ajoute_Ligne = '2,9141 secondes'

2025-01-07 16:36:47.21 | User | APP_v5.J.xlsb | ufSaisieHeures:cmdAdd_Click = '3,0195 secondes'

2025-01-07 16:37:09.79 | User | APP_v5.J.xlsb | ufSaisieHeures:txtClient_AfterUpdate[Érik P. Masse et Dominique Sénécale [Érik P. Masse (Gestion Érik P. Masse Inc.)]]
2025-01-07 16:37:09.86 | User | APP_v5.J.xlsb | modFunctions:Fn_GetID_From_Client_Name - Érik P. Masse et Dominique Sénécale [Érik P. Masse (Gestion Érik P. Masse Inc.)]
2025-01-07 16:37:09.91 | User | APP_v5.J.xlsb | modFunctions:Fn_GetID_From_Client_Name - 221 = '0,0586 secondes'

2025-01-07 16:37:09.96 | User | APP_v5.J.xlsb | ufSaisieHeures:txtClient_AfterUpdate = '0,1875 secondes'

2025-01-07 16:37:13.04 | User | APP_v5.J.xlsb | ufSaisieHeures:txtActivite_AfterUpdate[Montage des documents requis pour produire les travaux du 31/12/2024 (Gestion)
]
2025-01-07 16:37:13.12 | User | APP_v5.J.xlsb | ufSaisieHeures:txtActivite_AfterUpdate = '0,0820 secondes'

2025-01-07 16:37:16.16 | User | APP_v5.J.xlsb | ufSaisieHeures:txtHeures_AfterUpdate[1.5]
2025-01-07 16:37:16.22 | User | APP_v5.J.xlsb | ufSaisieHeures:txtHeures_AfterUpdate = '0,0664 secondes'

2025-01-07 16:37:16.28 | User | APP_v5.J.xlsb | ufSaisieHeures:txtHeures_Exit[1,50]
2025-01-07 16:37:16.34 | User | APP_v5.J.xlsb | ufSaisieHeures:txtHeures_Exit = '0,0625 secondes'

2025-01-07 16:37:37.32 | User | APP_v5.J.xlsb | ufSaisieHeures:cmdAdd_Click
2025-01-07 16:37:37.39 | User | APP_v5.J.xlsb | modTEC_Saisie:TEC_Ajoute_Ligne
2025-01-07 16:37:37.45 | User | APP_v5.J.xlsb | modTEC_Saisie:TEC_Record_Add_Or_Update_To_DB(0)
2025-01-07 16:37:38.37 | User | APP_v5.J.xlsb | modTEC_Saisie:TEC_Record_Add_Or_Update_To_DB - 0 = '0,9258 secondes'

2025-01-07 16:37:38.43 | User | APP_v5.J.xlsb | modTEC_Saisie:TEC_Record_Add_Or_Update_Locally(0)
2025-01-07 16:37:38.54 | User | APP_v5.J.xlsb | modTEC_Saisie:TEC_Record_Add_Or_Update_Locally - 0 = '0,1172 secondes'

2025-01-07 16:37:38.59 | User | APP_v5.J.xlsb | modTEC_Saisie:TEC_Get_All_TEC_AF - 4/2025-01-06
2025-01-07 16:37:38.75 | User | APP_v5.J.xlsb | modTEC_Saisie:TEC_Get_All_TEC_AF = '0,1719 secondes'

2025-01-07 16:37:38.82 | User | APP_v5.J.xlsb | modTEC_Saisie:TEC_Refresh_ListBox_And_Add_Hours - 4/2025-01-06
2025-01-07 16:37:38.91 | User | APP_v5.J.xlsb | wshTEC_TDB_Data:Worksheet_Change($U$7)
2025-01-07 16:37:38.96 | User | APP_v5.J.xlsb | modTEC_TDB:ActualiserTEC_TDB
2025-01-07 16:37:39.01 | User | APP_v5.J.xlsb | modTEC_Saisie:TEC_Update_TDB_From_TEC_Local
2025-01-07 16:37:39.18 | User | APP_v5.J.xlsb | modTEC_Saisie:TEC_Update_TDB_From_TEC_Local = '0,1836 secondes'

2025-01-07 16:37:39.23 | User | APP_v5.J.xlsb | modTEC_Saisie:TEC_TdB_Refresh_All_Pivot_Tables
2025-01-07 16:37:39.43 | User | APP_v5.J.xlsb | modTEC_Saisie:TEC_TdB_Refresh_All_Pivot_Tables = '0,2070 secondes'

2025-01-07 16:37:39.48 | User | APP_v5.J.xlsb | modTEC_TDB:ActualiserTEC_TDB = '0,5312 secondes'

2025-01-07 16:37:39.54 | User | APP_v5.J.xlsb | modStatsHeures:Stats_Heures_AF
2025-01-07 16:37:39.77 | User | APP_v5.J.xlsb | modStatsHeures:Stats_Heures_AF = '0,2422 secondes'

2025-01-07 16:37:39.82 | User | APP_v5.J.xlsb | modAppli:UpdatePivotTables
2025-01-07 16:37:39.90 | User | APP_v5.J.xlsb | modAppli:UpdatePivotTables = '0,0938 secondes'

2025-01-07 16:37:39.95 | User | APP_v5.J.xlsb | wshTEC_TDB_Data:Worksheet_Change = '1,0547 secondes'

2025-01-07 16:37:40.20 | User | APP_v5.J.xlsb | modTEC_Saisie:TEC_Refresh_ListBox_And_Add_Hours - 4/2025-01-06 = '1,3867 secondes'

2025-01-07 16:37:40.25 | User | APP_v5.J.xlsb | modTEC_Saisie:TEC_Ajoute_Ligne = '2,8633 secondes'

2025-01-07 16:37:40.30 | User | APP_v5.J.xlsb | ufSaisieHeures:cmdAdd_Click = '2,9883 secondes'

2025-01-07 16:38:43.34 | User | APP_v5.J.xlsb | ufSaisieHeures:txtDate_BeforeUpdate
2025-01-07 16:38:43.43 | User | APP_v5.J.xlsb | modFunctions:Fn_Complete_Date(07-01-2025, 600, 15)
2025-01-07 16:38:45.34 | User | APP_v5.J.xlsb | modFunctions:Fn_Complete_Date = '1,9141 secondes'

2025-01-07 16:38:52.57 | User | APP_v5.J.xlsb | ufSaisieHeures:txtDate_BeforeUpdate
2025-01-07 16:38:52.62 | User | APP_v5.J.xlsb | modFunctions:Fn_Complete_Date(2025-01-07, 600, 15)
2025-01-07 16:38:52.68 | User | APP_v5.J.xlsb | modFunctions:Fn_Complete_Date = '0,0664 secondes'

2025-01-07 16:38:52.75 | User | APP_v5.J.xlsb | ufSaisieHeures:txtDate_BeforeUpdate = '0,1914 secondes'

2025-01-07 16:38:52.80 | User | APP_v5.J.xlsb | ufSaisieHeures:txtDate_AfterUpdate
2025-01-07 16:38:52.87 | User | APP_v5.J.xlsb | modTEC_Saisie:TEC_Get_All_TEC_AF - 4/01-07-2025
2025-01-07 16:38:52.99 | User | APP_v5.J.xlsb | modTEC_Saisie:TEC_Get_All_TEC_AF = '0,1289 secondes'

2025-01-07 16:38:53.05 | User | APP_v5.J.xlsb | modTEC_Saisie:TEC_Refresh_ListBox_And_Add_Hours - 4/01-07-2025
2025-01-07 16:38:53.13 | User | APP_v5.J.xlsb | wshTEC_TDB_Data:Worksheet_Change($U$7)
2025-01-07 16:38:53.19 | User | APP_v5.J.xlsb | modTEC_TDB:ActualiserTEC_TDB
2025-01-07 16:38:53.24 | User | APP_v5.J.xlsb | modTEC_Saisie:TEC_Update_TDB_From_TEC_Local
2025-01-07 16:38:53.38 | User | APP_v5.J.xlsb | modTEC_Saisie:TEC_Update_TDB_From_TEC_Local = '0,1562 secondes'

2025-01-07 16:38:53.45 | User | APP_v5.J.xlsb | modTEC_Saisie:TEC_TdB_Refresh_All_Pivot_Tables
2025-01-07 16:38:53.64 | User | APP_v5.J.xlsb | modTEC_Saisie:TEC_TdB_Refresh_All_Pivot_Tables = '0,2070 secondes'

2025-01-07 16:38:53.70 | User | APP_v5.J.xlsb | modTEC_TDB:ActualiserTEC_TDB = '0,5195 secondes'

2025-01-07 16:38:53.75 | User | APP_v5.J.xlsb | modStatsHeures:Stats_Heures_AF
2025-01-07 16:38:53.98 | User | APP_v5.J.xlsb | modStatsHeures:Stats_Heures_AF = '0,2266 secondes'

2025-01-07 16:38:54.03 | User | APP_v5.J.xlsb | modAppli:UpdatePivotTables
2025-01-07 16:38:54.13 | User | APP_v5.J.xlsb | modAppli:UpdatePivotTables = '0,1133 secondes'

2025-01-07 16:38:54.18 | User | APP_v5.J.xlsb | wshTEC_TDB_Data:Worksheet_Change = '1,0625 secondes'

2025-01-07 16:38:54.33 | User | APP_v5.J.xlsb | modTEC_Saisie:TEC_Refresh_ListBox_And_Add_Hours - 4/01-07-2025 = '1,2930 secondes'

2025-01-07 16:38:54.39 | User | APP_v5.J.xlsb | ufSaisieHeures:txtDate_AfterUpdate = '1,5977 secondes'

2025-01-07 16:39:13.59 | User | APP_v5.J.xlsb | ufSaisieHeures:txtClient_AfterUpdate[A]
2025-01-07 16:39:13.69 | User | APP_v5.J.xlsb | modFunctions:Fn_GetID_From_Client_Name - A
2025-01-07 16:39:13.74 | User | APP_v5.J.xlsb | modFunctions:Fn_GetID_From_Client_Name - 1279 = '0,0625 secondes'

2025-01-07 16:39:13.80 | User | APP_v5.J.xlsb | ufSaisieHeures:txtClient_AfterUpdate = '0,2148 secondes'

2025-01-07 16:39:13.86 | User | APP_v5.J.xlsb | ufSaisieHeures:lstboxNomClient_DblClick
2025-01-07 16:39:13.95 | User | APP_v5.J.xlsb | modFunctions:Fn_GetID_From_Client_Name - z_Administratif_Autres non chargeables
2025-01-07 16:39:13.00 | User | APP_v5.J.xlsb | modFunctions:Fn_GetID_From_Client_Name - 5 = '0,0586 secondes'

2025-01-07 16:39:14.05 | User | APP_v5.J.xlsb | ufSaisieHeures:lstboxNomClient_DblClick = '0,1992 secondes'

2025-01-07 16:39:14.12 | User | APP_v5.J.xlsb | ufSaisieHeures:txtClient_AfterUpdate[z_Administratif_Autres non chargeables]
2025-01-07 16:39:14.17 | User | APP_v5.J.xlsb | modFunctions:Fn_GetID_From_Client_Name - z_Administratif_Autres non chargeables
2025-01-07 16:39:14.23 | User | APP_v5.J.xlsb | modFunctions:Fn_GetID_From_Client_Name - 5 = '0,0664 secondes'

2025-01-07 16:39:14.28 | User | APP_v5.J.xlsb | ufSaisieHeures:txtClient_AfterUpdate = '0,1758 secondes'

2025-01-07 16:39:21.91 | User | APP_v5.J.xlsb | ufSaisieHeures:txtActivite_AfterUpdate[Vérification des autorisations sur le site de l'ARC et réponse à Isabelle Bellavance
]
2025-01-07 16:39:21.97 | User | APP_v5.J.xlsb | ufSaisieHeures:txtActivite_AfterUpdate = '0,0703 secondes'

2025-01-07 16:39:26.24 | User | APP_v5.J.xlsb | ufSaisieHeures:txtHeures_AfterUpdate[.5]
2025-01-07 16:39:26.34 | User | APP_v5.J.xlsb | ufSaisieHeures:txtHeures_AfterUpdate = '0,1016 secondes'

2025-01-07 16:39:26.40 | User | APP_v5.J.xlsb | ufSaisieHeures:txtHeures_Exit[0,50]
2025-01-07 16:39:26.45 | User | APP_v5.J.xlsb | ufSaisieHeures:txtHeures_Exit = '0,0625 secondes'

2025-01-07 16:39:27.88 | User | APP_v5.J.xlsb | ufSaisieHeures:chbFacturable_AfterUpdate
2025-01-07 16:39:27.94 | User | APP_v5.J.xlsb | ufSaisieHeures:chbFacturable_AfterUpdate = '0,0625 secondes'

2025-01-07 16:39:29.16 | User | APP_v5.J.xlsb | ufSaisieHeures:cmdAdd_Click
2025-01-07 16:39:29.22 | User | APP_v5.J.xlsb | modTEC_Saisie:TEC_Ajoute_Ligne
2025-01-07 16:39:29.27 | User | APP_v5.J.xlsb | modTEC_Saisie:TEC_Record_Add_Or_Update_To_DB(0)
2025-01-07 16:39:30.15 | User | APP_v5.J.xlsb | modTEC_Saisie:TEC_Record_Add_Or_Update_To_DB - 0 = '0,8906 secondes'

2025-01-07 16:39:30.21 | User | APP_v5.J.xlsb | modTEC_Saisie:TEC_Record_Add_Or_Update_Locally(0)
2025-01-07 16:39:30.32 | User | APP_v5.J.xlsb | modTEC_Saisie:TEC_Record_Add_Or_Update_Locally - 0 = '0,1211 secondes'

2025-01-07 16:39:30.38 | User | APP_v5.J.xlsb | modTEC_Saisie:TEC_Get_All_TEC_AF - 4/2025-01-07
2025-01-07 16:39:30.52 | User | APP_v5.J.xlsb | modTEC_Saisie:TEC_Get_All_TEC_AF = '0,1523 secondes'

2025-01-07 16:39:30.57 | User | APP_v5.J.xlsb | modTEC_Saisie:TEC_Refresh_ListBox_And_Add_Hours - 4/2025-01-07
2025-01-07 16:39:30.64 | User | APP_v5.J.xlsb | wshTEC_TDB_Data:Worksheet_Change($U$7)
2025-01-07 16:39:30.69 | User | APP_v5.J.xlsb | modTEC_TDB:ActualiserTEC_TDB
2025-01-07 16:39:30.74 | User | APP_v5.J.xlsb | modTEC_Saisie:TEC_Update_TDB_From_TEC_Local
2025-01-07 16:39:30.89 | User | APP_v5.J.xlsb | modTEC_Saisie:TEC_Update_TDB_From_TEC_Local = '0,1602 secondes'

2025-01-07 16:39:30.95 | User | APP_v5.J.xlsb | modTEC_Saisie:TEC_TdB_Refresh_All_Pivot_Tables
2025-01-07 16:39:31.15 | User | APP_v5.J.xlsb | modTEC_Saisie:TEC_TdB_Refresh_All_Pivot_Tables = '0,2031 secondes'

2025-01-07 16:39:31.20 | User | APP_v5.J.xlsb | modTEC_TDB:ActualiserTEC_TDB = '0,5117 secondes'

2025-01-07 16:39:31.25 | User | APP_v5.J.xlsb | modStatsHeures:Stats_Heures_AF
2025-01-07 16:39:31.49 | User | APP_v5.J.xlsb | modStatsHeures:Stats_Heures_AF = '0,2422 secondes'

2025-01-07 16:39:31.54 | User | APP_v5.J.xlsb | modAppli:UpdatePivotTables
2025-01-07 16:39:31.63 | User | APP_v5.J.xlsb | modAppli:UpdatePivotTables = '0,0977 secondes'

2025-01-07 16:39:31.70 | User | APP_v5.J.xlsb | wshTEC_TDB_Data:Worksheet_Change = '1,0820 secondes'

2025-01-07 16:39:31.99 | User | APP_v5.J.xlsb | modTEC_Saisie:TEC_Refresh_ListBox_And_Add_Hours - 4/2025-01-07 = '1,4336 secondes'

2025-01-07 16:39:32.05 | User | APP_v5.J.xlsb | modTEC_Saisie:TEC_Ajoute_Ligne = '2,8320 secondes'

2025-01-07 16:39:32.10 | User | APP_v5.J.xlsb | ufSaisieHeures:cmdAdd_Click = '2,9414 secondes'

2025-01-07 16:39:47.36 | User | APP_v5.J.xlsb | ufSaisieHeures:txtClient_AfterUpdate[Érik P. Masse et Dominique Sénécale [Érik P. Masse (Gestion Érik P. Masse Inc.)]]
2025-01-07 16:39:47.43 | User | APP_v5.J.xlsb | modFunctions:Fn_GetID_From_Client_Name - Érik P. Masse et Dominique Sénécale [Érik P. Masse (Gestion Érik P. Masse Inc.)]
2025-01-07 16:39:47.49 | User | APP_v5.J.xlsb | modFunctions:Fn_GetID_From_Client_Name - 221 = '0,0664 secondes'

2025-01-07 16:39:47.54 | User | APP_v5.J.xlsb | ufSaisieHeures:txtClient_AfterUpdate = '0,1914 secondes'

2025-01-07 16:39:50.73 | User | APP_v5.J.xlsb | ufSaisieHeures:txtActivite_AfterUpdate[Montage des documents requis pour produire les travaux du 31/12/2024 (Fiducie)
]
2025-01-07 16:39:50.78 | User | APP_v5.J.xlsb | ufSaisieHeures:txtActivite_AfterUpdate = '0,0586 secondes'

2025-01-07 16:39:52.96 | User | APP_v5.J.xlsb | ufSaisieHeures:txtHeures_AfterUpdate[.75]
2025-01-07 16:39:53.04 | User | APP_v5.J.xlsb | ufSaisieHeures:txtHeures_AfterUpdate = '0,0859 secondes'

2025-01-07 16:39:53.10 | User | APP_v5.J.xlsb | ufSaisieHeures:txtHeures_Exit[0,75]
2025-01-07 16:39:53.15 | User | APP_v5.J.xlsb | ufSaisieHeures:txtHeures_Exit = '0,0586 secondes'

2025-01-07 16:39:54.54 | User | APP_v5.J.xlsb | ufSaisieHeures:cmdAdd_Click
2025-01-07 16:39:54.59 | User | APP_v5.J.xlsb | modTEC_Saisie:TEC_Ajoute_Ligne
2025-01-07 16:39:54.65 | User | APP_v5.J.xlsb | modTEC_Saisie:TEC_Record_Add_Or_Update_To_DB(0)
2025-01-07 16:39:55.54 | User | APP_v5.J.xlsb | modTEC_Saisie:TEC_Record_Add_Or_Update_To_DB - 0 = '0,8984 secondes'

2025-01-07 16:39:55.59 | User | APP_v5.J.xlsb | modTEC_Saisie:TEC_Record_Add_Or_Update_Locally(0)
2025-01-07 16:39:55.71 | User | APP_v5.J.xlsb | modTEC_Saisie:TEC_Record_Add_Or_Update_Locally - 0 = '0,1211 secondes'

2025-01-07 16:39:55.76 | User | APP_v5.J.xlsb | modTEC_Saisie:TEC_Get_All_TEC_AF - 4/2025-01-07
2025-01-07 16:39:55.91 | User | APP_v5.J.xlsb | modTEC_Saisie:TEC_Get_All_TEC_AF = '0,1641 secondes'

2025-01-07 16:39:55.96 | User | APP_v5.J.xlsb | modTEC_Saisie:TEC_Refresh_ListBox_And_Add_Hours - 4/2025-01-07
2025-01-07 16:39:56.04 | User | APP_v5.J.xlsb | wshTEC_TDB_Data:Worksheet_Change($U$7)
2025-01-07 16:39:56.09 | User | APP_v5.J.xlsb | modTEC_TDB:ActualiserTEC_TDB
2025-01-07 16:39:56.14 | User | APP_v5.J.xlsb | modTEC_Saisie:TEC_Update_TDB_From_TEC_Local
2025-01-07 16:39:56.32 | User | APP_v5.J.xlsb | modTEC_Saisie:TEC_Update_TDB_From_TEC_Local = '0,1875 secondes'

2025-01-07 16:39:56.39 | User | APP_v5.J.xlsb | modTEC_Saisie:TEC_TdB_Refresh_All_Pivot_Tables
2025-01-07 16:39:56.59 | User | APP_v5.J.xlsb | modTEC_Saisie:TEC_TdB_Refresh_All_Pivot_Tables = '0,2031 secondes'

2025-01-07 16:39:56.64 | User | APP_v5.J.xlsb | modTEC_TDB:ActualiserTEC_TDB = '0,5586 secondes'

2025-01-07 16:39:56.70 | User | APP_v5.J.xlsb | modStatsHeures:Stats_Heures_AF
2025-01-07 16:39:56.93 | User | APP_v5.J.xlsb | modStatsHeures:Stats_Heures_AF = '0,2461 secondes'

2025-01-07 16:39:56.99 | User | APP_v5.J.xlsb | modAppli:UpdatePivotTables
2025-01-07 16:39:57.10 | User | APP_v5.J.xlsb | modAppli:UpdatePivotTables = '0,1172 secondes'

2025-01-07 16:39:57.15 | User | APP_v5.J.xlsb | wshTEC_TDB_Data:Worksheet_Change = '1,1133 secondes'

2025-01-07 16:39:57.47 | User | APP_v5.J.xlsb | modTEC_Saisie:TEC_Refresh_ListBox_And_Add_Hours - 4/2025-01-07 = '1,5234 secondes'

2025-01-07 16:39:57.53 | User | APP_v5.J.xlsb | modTEC_Saisie:TEC_Ajoute_Ligne = '2,9453 secondes'

2025-01-07 16:39:57.59 | User | APP_v5.J.xlsb | ufSaisieHeures:cmdAdd_Click = '3,0547 secondes'

2025-01-07 16:40:13.81 | User | APP_v5.J.xlsb | ufSaisieHeures:txtClient_AfterUpdate[Gestion Marc Lalonde Inc. [Marc Lalonde]]
2025-01-07 16:40:13.90 | User | APP_v5.J.xlsb | modFunctions:Fn_GetID_From_Client_Name - Gestion Marc Lalonde Inc. [Marc Lalonde]
2025-01-07 16:40:13.96 | User | APP_v5.J.xlsb | modFunctions:Fn_GetID_From_Client_Name - 1359 = '0,0703 secondes'

2025-01-07 16:40:14.04 | User | APP_v5.J.xlsb | ufSaisieHeures:txtClient_AfterUpdate = '0,2344 secondes'

2025-01-07 16:40:17.80 | User | APP_v5.J.xlsb | ufSaisieHeures:txtActivite_AfterUpdate[Montage des documents requis pour produire les travaux du 31/12/2024 (Fiducie)
]
2025-01-07 16:40:17.88 | User | APP_v5.J.xlsb | ufSaisieHeures:txtActivite_AfterUpdate = '0,0820 secondes'

2025-01-07 16:40:19.61 | User | APP_v5.J.xlsb | ufSaisieHeures:txtHeures_AfterUpdate[1]
2025-01-07 16:40:19.68 | User | APP_v5.J.xlsb | ufSaisieHeures:txtHeures_AfterUpdate = '0,0820 secondes'

2025-01-07 16:40:19.75 | User | APP_v5.J.xlsb | ufSaisieHeures:txtHeures_Exit[1,00]
2025-01-07 16:40:19.80 | User | APP_v5.J.xlsb | ufSaisieHeures:txtHeures_Exit = '0,0625 secondes'

2025-01-07 16:40:24.43 | User | APP_v5.J.xlsb | ufSaisieHeures:cmdAdd_Click
2025-01-07 16:40:24.50 | User | APP_v5.J.xlsb | modTEC_Saisie:TEC_Ajoute_Ligne
2025-01-07 16:40:24.56 | User | APP_v5.J.xlsb | modTEC_Saisie:TEC_Record_Add_Or_Update_To_DB(0)
2025-01-07 16:40:25.45 | User | APP_v5.J.xlsb | modTEC_Saisie:TEC_Record_Add_Or_Update_To_DB - 0 = '0,8984 secondes'

2025-01-07 16:40:25.50 | User | APP_v5.J.xlsb | modTEC_Saisie:TEC_Record_Add_Or_Update_Locally(0)
2025-01-07 16:40:25.63 | User | APP_v5.J.xlsb | modTEC_Saisie:TEC_Record_Add_Or_Update_Locally - 0 = '0,1289 secondes'

2025-01-07 16:40:25.67 | User | APP_v5.J.xlsb | modTEC_Saisie:TEC_Get_All_TEC_AF - 4/2025-01-07
2025-01-07 16:40:25.84 | User | APP_v5.J.xlsb | modTEC_Saisie:TEC_Get_All_TEC_AF = '0,1680 secondes'

2025-01-07 16:40:25.89 | User | APP_v5.J.xlsb | modTEC_Saisie:TEC_Refresh_ListBox_And_Add_Hours - 4/2025-01-07
2025-01-07 16:40:25.96 | User | APP_v5.J.xlsb | wshTEC_TDB_Data:Worksheet_Change($U$7)
2025-01-07 16:40:26.02 | User | APP_v5.J.xlsb | modTEC_TDB:ActualiserTEC_TDB
2025-01-07 16:40:26.07 | User | APP_v5.J.xlsb | modTEC_Saisie:TEC_Update_TDB_From_TEC_Local
2025-01-07 16:40:26.24 | User | APP_v5.J.xlsb | modTEC_Saisie:TEC_Update_TDB_From_TEC_Local = '0,1836 secondes'

2025-01-07 16:40:26.31 | User | APP_v5.J.xlsb | modTEC_Saisie:TEC_TdB_Refresh_All_Pivot_Tables
2025-01-07 16:40:26.52 | User | APP_v5.J.xlsb | modTEC_Saisie:TEC_TdB_Refresh_All_Pivot_Tables = '0,2148 secondes'

2025-01-07 16:40:26.57 | User | APP_v5.J.xlsb | modTEC_TDB:ActualiserTEC_TDB = '0,5547 secondes'

2025-01-07 16:40:26.61 | User | APP_v5.J.xlsb | modStatsHeures:Stats_Heures_AF
2025-01-07 16:40:26.83 | User | APP_v5.J.xlsb | modStatsHeures:Stats_Heures_AF = '0,2227 secondes'

2025-01-07 16:40:26.88 | User | APP_v5.J.xlsb | modAppli:UpdatePivotTables
2025-01-07 16:40:26.97 | User | APP_v5.J.xlsb | modAppli:UpdatePivotTables = '0,0938 secondes'

2025-01-07 16:40:27.03 | User | APP_v5.J.xlsb | wshTEC_TDB_Data:Worksheet_Change = '1,0703 secondes'

2025-01-07 16:40:27.30 | User | APP_v5.J.xlsb | modTEC_Saisie:TEC_Refresh_ListBox_And_Add_Hours - 4/2025-01-07 = '1,4141 secondes'

2025-01-07 16:40:27.36 | User | APP_v5.J.xlsb | modTEC_Saisie:TEC_Ajoute_Ligne = '2,8594 secondes'

2025-01-07 16:40:27.41 | User | APP_v5.J.xlsb | ufSaisieHeures:cmdAdd_Click = '2,9805 secondes'

2025-01-07 16:40:43.38 | User | APP_v5.J.xlsb | ufSaisieHeures:txtClient_AfterUpdate[z_Administratif_Autres non chargeables]
2025-01-07 16:40:43.46 | User | APP_v5.J.xlsb | modFunctions:Fn_GetID_From_Client_Name - z_Administratif_Autres non chargeables
2025-01-07 16:40:43.53 | User | APP_v5.J.xlsb | modFunctions:Fn_GetID_From_Client_Name - 5 = '0,0781 secondes'

2025-01-07 16:40:43.58 | User | APP_v5.J.xlsb | ufSaisieHeures:txtClient_AfterUpdate = '0,2109 secondes'

2025-01-07 16:40:46.26 | User | APP_v5.J.xlsb | ufSaisieHeures:txtActivite_AfterUpdate[Courriels pour autorisations (Mario Stocchero, Yves Gosselin et Martine Lachance avec le provincial)
]
2025-01-07 16:40:46.34 | User | APP_v5.J.xlsb | ufSaisieHeures:txtActivite_AfterUpdate = '0,0977 secondes'

2025-01-07 16:40:49.23 | User | APP_v5.J.xlsb | ufSaisieHeures:txtHeures_AfterUpdate[1.25]
2025-01-07 16:40:49.30 | User | APP_v5.J.xlsb | ufSaisieHeures:txtHeures_AfterUpdate = '0,0781 secondes'

2025-01-07 16:40:49.37 | User | APP_v5.J.xlsb | ufSaisieHeures:txtHeures_Exit[1,25]
2025-01-07 16:40:49.42 | User | APP_v5.J.xlsb | ufSaisieHeures:txtHeures_Exit = '0,0586 secondes'

2025-01-07 16:40:56.51 | User | APP_v5.J.xlsb | ufSaisieHeures:chbFacturable_AfterUpdate
2025-01-07 16:40:56.57 | User | APP_v5.J.xlsb | ufSaisieHeures:chbFacturable_AfterUpdate = '0,0781 secondes'

2025-01-07 16:40:58.63 | User | APP_v5.J.xlsb | ufSaisieHeures:cmdAdd_Click
2025-01-07 16:40:58.69 | User | APP_v5.J.xlsb | modTEC_Saisie:TEC_Ajoute_Ligne
2025-01-07 16:40:58.74 | User | APP_v5.J.xlsb | modTEC_Saisie:TEC_Record_Add_Or_Update_To_DB(0)
2025-01-07 16:40:59.60 | User | APP_v5.J.xlsb | modTEC_Saisie:TEC_Record_Add_Or_Update_To_DB - 0 = '0,8711 secondes'

2025-01-07 16:40:59.66 | User | APP_v5.J.xlsb | modTEC_Saisie:TEC_Record_Add_Or_Update_Locally(0)
2025-01-07 16:40:59.79 | User | APP_v5.J.xlsb | modTEC_Saisie:TEC_Record_Add_Or_Update_Locally - 0 = '0,1445 secondes'

2025-01-07 16:40:59.84 | User | APP_v5.J.xlsb | modTEC_Saisie:TEC_Get_All_TEC_AF - 4/2025-01-07
2025-01-07 16:41:00.00 | User | APP_v5.J.xlsb | modTEC_Saisie:TEC_Get_All_TEC_AF = '0,1641 secondes'

2025-01-07 16:41:00.06 | User | APP_v5.J.xlsb | modTEC_Saisie:TEC_Refresh_ListBox_And_Add_Hours - 4/2025-01-07
2025-01-07 16:41:00.13 | User | APP_v5.J.xlsb | wshTEC_TDB_Data:Worksheet_Change($U$7)
2025-01-07 16:41:00.18 | User | APP_v5.J.xlsb | modTEC_TDB:ActualiserTEC_TDB
2025-01-07 16:41:00.22 | User | APP_v5.J.xlsb | modTEC_Saisie:TEC_Update_TDB_From_TEC_Local
2025-01-07 16:41:00.41 | User | APP_v5.J.xlsb | modTEC_Saisie:TEC_Update_TDB_From_TEC_Local = '0,1953 secondes'

2025-01-07 16:41:00.46 | User | APP_v5.J.xlsb | modTEC_Saisie:TEC_TdB_Refresh_All_Pivot_Tables
2025-01-07 16:41:00.66 | User | APP_v5.J.xlsb | modTEC_Saisie:TEC_TdB_Refresh_All_Pivot_Tables = '0,1953 secondes'

2025-01-07 16:41:00.70 | User | APP_v5.J.xlsb | modTEC_TDB:ActualiserTEC_TDB = '0,5352 secondes'

2025-01-07 16:41:00.75 | User | APP_v5.J.xlsb | modStatsHeures:Stats_Heures_AF
2025-01-07 16:41:00.00 | User | APP_v5.J.xlsb | modStatsHeures:Stats_Heures_AF = '0,2500 secondes'

2025-01-07 16:41:01.05 | User | APP_v5.J.xlsb | modAppli:UpdatePivotTables
2025-01-07 16:41:01.14 | User | APP_v5.J.xlsb | modAppli:UpdatePivotTables = '0,1016 secondes'

2025-01-07 16:41:01.19 | User | APP_v5.J.xlsb | wshTEC_TDB_Data:Worksheet_Change = '1,0742 secondes'

2025-01-07 16:41:01.55 | User | APP_v5.J.xlsb | modTEC_Saisie:TEC_Refresh_ListBox_And_Add_Hours - 4/2025-01-07 = '1,4961 secondes'

2025-01-07 16:41:01.60 | User | APP_v5.J.xlsb | modTEC_Saisie:TEC_Ajoute_Ligne = '2,9180 secondes'

2025-01-07 16:41:01.65 | User | APP_v5.J.xlsb | ufSaisieHeures:cmdAdd_Click = '3,0234 secondes'

2025-01-07 16:41:09.54 | User | APP_v5.J.xlsb | ufSaisieHeures:txtClient_AfterUpdate[a]
2025-01-07 16:41:09.61 | User | APP_v5.J.xlsb | modFunctions:Fn_GetID_From_Client_Name - a
2025-01-07 16:41:09.66 | User | APP_v5.J.xlsb | modFunctions:Fn_GetID_From_Client_Name - 1279 = '0,0625 secondes'

2025-01-07 16:41:09.71 | User | APP_v5.J.xlsb | ufSaisieHeures:txtClient_AfterUpdate = '0,1797 secondes'

2025-01-07 16:41:09.77 | User | APP_v5.J.xlsb | ufSaisieHeures:lstboxNomClient_DblClick
2025-01-07 16:41:09.86 | User | APP_v5.J.xlsb | modFunctions:Fn_GetID_From_Client_Name - z_Administratif_Informatique
2025-01-07 16:41:09.91 | User | APP_v5.J.xlsb | modFunctions:Fn_GetID_From_Client_Name - 4 = '0,0586 secondes'

2025-01-07 16:41:09.96 | User | APP_v5.J.xlsb | ufSaisieHeures:lstboxNomClient_DblClick = '0,1992 secondes'

2025-01-07 16:41:10.03 | User | APP_v5.J.xlsb | ufSaisieHeures:txtClient_AfterUpdate[z_Administratif_Informatique]
2025-01-07 16:41:10.11 | User | APP_v5.J.xlsb | modFunctions:Fn_GetID_From_Client_Name - z_Administratif_Informatique
2025-01-07 16:41:10.18 | User | APP_v5.J.xlsb | modFunctions:Fn_GetID_From_Client_Name - 4 = '0,0781 secondes'

2025-01-07 16:41:10.23 | User | APP_v5.J.xlsb | ufSaisieHeures:txtClient_AfterUpdate = '0,2109 secondes'

2025-01-07 16:41:18.96 | User | APP_v5.J.xlsb | ufSaisieHeures:txtActivite_AfterUpdate[Problème avec la date sur l'application des feuilles de temps
]
2025-01-07 16:41:19.02 | User | APP_v5.J.xlsb | ufSaisieHeures:txtActivite_AfterUpdate = '0,0664 secondes'

2025-01-07 16:41:20.36 | User | APP_v5.J.xlsb | ufSaisieHeures:txtHeures_AfterUpdate[.5]
2025-01-07 16:41:20.45 | User | APP_v5.J.xlsb | ufSaisieHeures:txtHeures_AfterUpdate = '0,0977 secondes'

2025-01-07 16:41:20.52 | User | APP_v5.J.xlsb | ufSaisieHeures:txtHeures_Exit[0,50]
2025-01-07 16:41:20.57 | User | APP_v5.J.xlsb | ufSaisieHeures:txtHeures_Exit = '0,0625 secondes'

2025-01-07 16:41:22.81 | User | APP_v5.J.xlsb | ufSaisieHeures:chbFacturable_AfterUpdate
2025-01-07 16:41:22.87 | User | APP_v5.J.xlsb | ufSaisieHeures:chbFacturable_AfterUpdate = '0,0625 secondes'

2025-01-07 16:41:23.76 | User | APP_v5.J.xlsb | ufSaisieHeures:cmdAdd_Click
2025-01-07 16:41:23.82 | User | APP_v5.J.xlsb | modTEC_Saisie:TEC_Ajoute_Ligne
2025-01-07 16:41:23.87 | User | APP_v5.J.xlsb | modTEC_Saisie:TEC_Record_Add_Or_Update_To_DB(0)
2025-01-07 16:41:24.81 | User | APP_v5.J.xlsb | modTEC_Saisie:TEC_Record_Add_Or_Update_To_DB - 0 = '0,9492 secondes'

2025-01-07 16:41:24.87 | User | APP_v5.J.xlsb | modTEC_Saisie:TEC_Record_Add_Or_Update_Locally(0)
2025-01-07 16:41:24.98 | User | APP_v5.J.xlsb | modTEC_Saisie:TEC_Record_Add_Or_Update_Locally - 0 = '0,1250 secondes'

2025-01-07 16:41:25.04 | User | APP_v5.J.xlsb | modTEC_Saisie:TEC_Get_All_TEC_AF - 4/2025-01-07
2025-01-07 16:41:25.21 | User | APP_v5.J.xlsb | modTEC_Saisie:TEC_Get_All_TEC_AF = '0,1836 secondes'

2025-01-07 16:41:25.27 | User | APP_v5.J.xlsb | modTEC_Saisie:TEC_Refresh_ListBox_And_Add_Hours - 4/2025-01-07
2025-01-07 16:41:25.34 | User | APP_v5.J.xlsb | wshTEC_TDB_Data:Worksheet_Change($U$7)
2025-01-07 16:41:25.41 | User | APP_v5.J.xlsb | modTEC_TDB:ActualiserTEC_TDB
2025-01-07 16:41:25.46 | User | APP_v5.J.xlsb | modTEC_Saisie:TEC_Update_TDB_From_TEC_Local
2025-01-07 16:41:25.66 | User | APP_v5.J.xlsb | modTEC_Saisie:TEC_Update_TDB_From_TEC_Local = '0,2031 secondes'

2025-01-07 16:41:25.71 | User | APP_v5.J.xlsb | modTEC_Saisie:TEC_TdB_Refresh_All_Pivot_Tables
2025-01-07 16:41:25.89 | User | APP_v5.J.xlsb | modTEC_Saisie:TEC_TdB_Refresh_All_Pivot_Tables = '0,1953 secondes'

2025-01-07 16:41:25.95 | User | APP_v5.J.xlsb | modTEC_TDB:ActualiserTEC_TDB = '0,5469 secondes'

2025-01-07 16:41:25.00 | User | APP_v5.J.xlsb | modStatsHeures:Stats_Heures_AF
2025-01-07 16:41:26.24 | User | APP_v5.J.xlsb | modStatsHeures:Stats_Heures_AF = '0,2461 secondes'

2025-01-07 16:41:26.29 | User | APP_v5.J.xlsb | modAppli:UpdatePivotTables
2025-01-07 16:41:26.39 | User | APP_v5.J.xlsb | modAppli:UpdatePivotTables = '0,1094 secondes'

2025-01-07 16:41:26.44 | User | APP_v5.J.xlsb | wshTEC_TDB_Data:Worksheet_Change = '1,1055 secondes'

2025-01-07 16:41:26.70 | User | APP_v5.J.xlsb | modTEC_Saisie:TEC_Refresh_ListBox_And_Add_Hours - 4/2025-01-07 = '1,4453 secondes'

2025-01-07 16:41:26.75 | User | APP_v5.J.xlsb | modTEC_Saisie:TEC_Ajoute_Ligne = '2,9453 secondes'

2025-01-07 16:41:26.81 | User | APP_v5.J.xlsb | ufSaisieHeures:cmdAdd_Click = '3,0508 secondes'

2025-01-07 16:41:40.64 | User | APP_v5.J.xlsb | ufSaisieHeures:txtClient_AfterUpdate[Thériault]
2025-01-07 16:41:40.72 | User | APP_v5.J.xlsb | modFunctions:Fn_GetID_From_Client_Name - Thériault
2025-01-07 16:41:40.77 | User | APP_v5.J.xlsb | modFunctions:Fn_GetID_From_Client_Name - 1041 = '0,0625 secondes'

2025-01-07 16:41:40.82 | User | APP_v5.J.xlsb | ufSaisieHeures:txtClient_AfterUpdate = '0,1875 secondes'

2025-01-07 16:41:41.81 | User | APP_v5.J.xlsb | ufSaisieHeures:lstboxNomClient_DblClick
2025-01-07 16:41:41.95 | User | APP_v5.J.xlsb | modFunctions:Fn_GetID_From_Client_Name - Services Juridiques Amélie Thériault Inc. [Amélie Thériault]
2025-01-07 16:41:42.02 | User | APP_v5.J.xlsb | modFunctions:Fn_GetID_From_Client_Name - 1507 = '0,0820 secondes'

2025-01-07 16:41:42.07 | User | APP_v5.J.xlsb | ufSaisieHeures:lstboxNomClient_DblClick = '0,2695 secondes'

2025-01-07 16:41:42.14 | User | APP_v5.J.xlsb | ufSaisieHeures:txtClient_AfterUpdate[Services Juridiques Amélie Thériault Inc. [Amélie Thériault]]
2025-01-07 16:41:42.18 | User | APP_v5.J.xlsb | modFunctions:Fn_GetID_From_Client_Name - Services Juridiques Amélie Thériault Inc. [Amélie Thériault]
2025-01-07 16:41:42.24 | User | APP_v5.J.xlsb | modFunctions:Fn_GetID_From_Client_Name - 1507 = '0,0625 secondes'

2025-01-07 16:41:42.29 | User | APP_v5.J.xlsb | ufSaisieHeures:txtClient_AfterUpdate = '0,1680 secondes'

2025-01-07 16:41:51.47 | User | APP_v5.J.xlsb | ufSaisieHeures:txtActivite_AfterUpdate[Montage des documents requis pour produire les travaux du 31/12/2024 + changement d'adresse courriel au dossier
]
2025-01-07 16:41:51.54 | User | APP_v5.J.xlsb | ufSaisieHeures:txtActivite_AfterUpdate = '0,0781 secondes'

2025-01-07 16:41:53.04 | User | APP_v5.J.xlsb | ufSaisieHeures:txtHeures_AfterUpdate[1]
2025-01-07 16:41:53.13 | User | APP_v5.J.xlsb | ufSaisieHeures:txtHeures_AfterUpdate = '0,0977 secondes'

2025-01-07 16:41:53.20 | User | APP_v5.J.xlsb | ufSaisieHeures:txtHeures_Exit[1,00]
2025-01-07 16:41:53.25 | User | APP_v5.J.xlsb | ufSaisieHeures:txtHeures_Exit = '0,0586 secondes'

2025-01-07 16:42:22.97 | User | APP_v5.J.xlsb | ufSaisieHeures:cmdAdd_Click
2025-01-07 16:42:23.04 | User | APP_v5.J.xlsb | modTEC_Saisie:TEC_Ajoute_Ligne
2025-01-07 16:42:23.11 | User | APP_v5.J.xlsb | modTEC_Saisie:TEC_Record_Add_Or_Update_To_DB(0)
2025-01-07 16:42:24.01 | User | APP_v5.J.xlsb | modTEC_Saisie:TEC_Record_Add_Or_Update_To_DB - 0 = '0,9141 secondes'

2025-01-07 16:42:24.07 | User | APP_v5.J.xlsb | modTEC_Saisie:TEC_Record_Add_Or_Update_Locally(0)
2025-01-07 16:42:24.18 | User | APP_v5.J.xlsb | modTEC_Saisie:TEC_Record_Add_Or_Update_Locally - 0 = '0,1211 secondes'

2025-01-07 16:42:24.23 | User | APP_v5.J.xlsb | modTEC_Saisie:TEC_Get_All_TEC_AF - 4/2025-01-07
2025-01-07 16:42:24.36 | User | APP_v5.J.xlsb | modTEC_Saisie:TEC_Get_All_TEC_AF = '0,1367 secondes'

2025-01-07 16:42:24.41 | User | APP_v5.J.xlsb | modTEC_Saisie:TEC_Refresh_ListBox_And_Add_Hours - 4/2025-01-07
2025-01-07 16:42:24.48 | User | APP_v5.J.xlsb | wshTEC_TDB_Data:Worksheet_Change($U$7)
2025-01-07 16:42:24.54 | User | APP_v5.J.xlsb | modTEC_TDB:ActualiserTEC_TDB
2025-01-07 16:42:24.59 | User | APP_v5.J.xlsb | modTEC_Saisie:TEC_Update_TDB_From_TEC_Local
2025-01-07 16:42:24.74 | User | APP_v5.J.xlsb | modTEC_Saisie:TEC_Update_TDB_From_TEC_Local = '0,1602 secondes'

2025-01-07 16:42:24.80 | User | APP_v5.J.xlsb | modTEC_Saisie:TEC_TdB_Refresh_All_Pivot_Tables
2025-01-07 16:42:24.97 | User | APP_v5.J.xlsb | modTEC_Saisie:TEC_TdB_Refresh_All_Pivot_Tables = '0,1836 secondes'

2025-01-07 16:42:25.02 | User | APP_v5.J.xlsb | modTEC_TDB:ActualiserTEC_TDB = '0,4961 secondes'

2025-01-07 16:42:25.07 | User | APP_v5.J.xlsb | modStatsHeures:Stats_Heures_AF
2025-01-07 16:42:25.29 | User | APP_v5.J.xlsb | modStatsHeures:Stats_Heures_AF = '0,2227 secondes'

2025-01-07 16:42:25.34 | User | APP_v5.J.xlsb | modAppli:UpdatePivotTables
2025-01-07 16:42:25.45 | User | APP_v5.J.xlsb | modAppli:UpdatePivotTables = '0,1094 secondes'

2025-01-07 16:42:25.50 | User | APP_v5.J.xlsb | wshTEC_TDB_Data:Worksheet_Change = '1,0312 secondes'

2025-01-07 16:42:25.75 | User | APP_v5.J.xlsb | modTEC_Saisie:TEC_Refresh_ListBox_And_Add_Hours - 4/2025-01-07 = '1,3477 secondes'

2025-01-07 16:42:25.80 | User | APP_v5.J.xlsb | modTEC_Saisie:TEC_Ajoute_Ligne = '2,7734 secondes'

2025-01-07 16:42:25.85 | User | APP_v5.J.xlsb | ufSaisieHeures:cmdAdd_Click = '2,8906 secondes'

2025-01-07 16:42:38.69 | User | APP_v5.J.xlsb | ufSaisieHeures:txtClient_AfterUpdate[Carl Paquin]
2025-01-07 16:42:38.78 | User | APP_v5.J.xlsb | modFunctions:Fn_GetID_From_Client_Name - Carl Paquin
2025-01-07 16:42:38.84 | User | APP_v5.J.xlsb | modFunctions:Fn_GetID_From_Client_Name - 216 = '0,0703 secondes'

2025-01-07 16:42:38.89 | User | APP_v5.J.xlsb | ufSaisieHeures:txtClient_AfterUpdate = '0,2148 secondes'

2025-01-07 16:42:38.96 | User | APP_v5.J.xlsb | ufSaisieHeures:lstboxNomClient_DblClick
2025-01-07 16:42:39.04 | User | APP_v5.J.xlsb | modFunctions:Fn_GetID_From_Client_Name - 9241-7344 Québec Inc. [Carl Paquin]
2025-01-07 16:42:39.09 | User | APP_v5.J.xlsb | modFunctions:Fn_GetID_From_Client_Name - 1138 = '0,0547 secondes'

2025-01-07 16:42:39.14 | User | APP_v5.J.xlsb | ufSaisieHeures:lstboxNomClient_DblClick = '0,1953 secondes'

2025-01-07 16:42:39.20 | User | APP_v5.J.xlsb | ufSaisieHeures:txtClient_AfterUpdate[9241-7344 Québec Inc. [Carl Paquin]]
2025-01-07 16:42:39.25 | User | APP_v5.J.xlsb | modFunctions:Fn_GetID_From_Client_Name - 9241-7344 Québec Inc. [Carl Paquin]
2025-01-07 16:42:39.30 | User | APP_v5.J.xlsb | modFunctions:Fn_GetID_From_Client_Name - 1138 = '0,0625 secondes'

2025-01-07 16:42:39.36 | User | APP_v5.J.xlsb | ufSaisieHeures:txtClient_AfterUpdate = '0,1680 secondes'

2025-01-07 16:42:48.76 | User | APP_v5.J.xlsb | ufSaisieHeures:txtActivite_AfterUpdate[Montage des documents requis pour produire les travaux du 31/12/2024 (Fiducie) Carl Paquin
]
2025-01-07 16:42:48.81 | User | APP_v5.J.xlsb | ufSaisieHeures:txtActivite_AfterUpdate = '0,0742 secondes'

2025-01-07 16:42:50.43 | User | APP_v5.J.xlsb | ufSaisieHeures:txtHeures_AfterUpdate[1.5]
2025-01-07 16:42:50.51 | User | APP_v5.J.xlsb | ufSaisieHeures:txtHeures_AfterUpdate = '0,0859 secondes'

2025-01-07 16:42:50.57 | User | APP_v5.J.xlsb | ufSaisieHeures:txtHeures_Exit[1,50]
2025-01-07 16:42:50.63 | User | APP_v5.J.xlsb | ufSaisieHeures:txtHeures_Exit = '0,0625 secondes'

2025-01-07 16:42:51.83 | User | APP_v5.J.xlsb | ufSaisieHeures:cmdAdd_Click
2025-01-07 16:42:51.88 | User | APP_v5.J.xlsb | modTEC_Saisie:TEC_Ajoute_Ligne
2025-01-07 16:42:51.94 | User | APP_v5.J.xlsb | modTEC_Saisie:TEC_Record_Add_Or_Update_To_DB(0)
2025-01-07 16:42:52.84 | User | APP_v5.J.xlsb | modTEC_Saisie:TEC_Record_Add_Or_Update_To_DB - 0 = '0,9141 secondes'

2025-01-07 16:42:52.90 | User | APP_v5.J.xlsb | modTEC_Saisie:TEC_Record_Add_Or_Update_Locally(0)
2025-01-07 16:42:53.02 | User | APP_v5.J.xlsb | modTEC_Saisie:TEC_Record_Add_Or_Update_Locally - 0 = '0,1328 secondes'

2025-01-07 16:42:53.07 | User | APP_v5.J.xlsb | modTEC_Saisie:TEC_Get_All_TEC_AF - 4/2025-01-07
2025-01-07 16:42:53.21 | User | APP_v5.J.xlsb | modTEC_Saisie:TEC_Get_All_TEC_AF = '0,1484 secondes'

2025-01-07 16:42:53.27 | User | APP_v5.J.xlsb | modTEC_Saisie:TEC_Refresh_ListBox_And_Add_Hours - 4/2025-01-07
2025-01-07 16:42:53.33 | User | APP_v5.J.xlsb | wshTEC_TDB_Data:Worksheet_Change($U$7)
2025-01-07 16:42:53.39 | User | APP_v5.J.xlsb | modTEC_TDB:ActualiserTEC_TDB
2025-01-07 16:42:53.44 | User | APP_v5.J.xlsb | modTEC_Saisie:TEC_Update_TDB_From_TEC_Local
2025-01-07 16:42:53.64 | User | APP_v5.J.xlsb | modTEC_Saisie:TEC_Update_TDB_From_TEC_Local = '0,2031 secondes'

2025-01-07 16:42:53.70 | User | APP_v5.J.xlsb | modTEC_Saisie:TEC_TdB_Refresh_All_Pivot_Tables
2025-01-07 16:42:53.88 | User | APP_v5.J.xlsb | modTEC_Saisie:TEC_TdB_Refresh_All_Pivot_Tables = '0,1875 secondes'

2025-01-07 16:42:53.93 | User | APP_v5.J.xlsb | modTEC_TDB:ActualiserTEC_TDB = '0,5469 secondes'

2025-01-07 16:42:53.98 | User | APP_v5.J.xlsb | modStatsHeures:Stats_Heures_AF
2025-01-07 16:42:54.20 | User | APP_v5.J.xlsb | modStatsHeures:Stats_Heures_AF = '0,2227 secondes'

2025-01-07 16:42:54.26 | User | APP_v5.J.xlsb | modAppli:UpdatePivotTables
2025-01-07 16:42:54.39 | User | APP_v5.J.xlsb | modAppli:UpdatePivotTables = '0,1367 secondes'

2025-01-07 16:42:54.44 | User | APP_v5.J.xlsb | wshTEC_TDB_Data:Worksheet_Change = '1,1172 secondes'

2025-01-07 16:42:54.67 | User | APP_v5.J.xlsb | modTEC_Saisie:TEC_Refresh_ListBox_And_Add_Hours - 4/2025-01-07 = '1,4141 secondes'

2025-01-07 16:42:54.74 | User | APP_v5.J.xlsb | modTEC_Saisie:TEC_Ajoute_Ligne = '2,8828 secondes'

2025-01-07 16:42:54.82 | User | APP_v5.J.xlsb | ufSaisieHeures:cmdAdd_Click = '3,0000 secondes'

2025-01-07 16:43:29.13 | User | APP_v5.J.xlsb | ufSaisieHeures:UserForm_Terminate
2025-01-07 16:43:29.35 | User | APP_v5.J.xlsb | modMenu:Hide_All_Worksheets_Except_Menu
2025-01-07 16:43:29.42 | User | APP_v5.J.xlsb | modMenu:Hide_All_Worksheets_Except_Menu = '0,0820 secondes'

2025-01-07 16:43:29.47 | User | APP_v5.J.xlsb | ufSaisieHeures:UserForm_Terminate = '0,3438 secondes'

2025-01-07 16:43:30.23 | User | APP_v5.J.xlsb | modMenu:SauvegarderEtSortirApplication
2025-01-07 16:43:32.03 | User | APP_v5.J.xlsb | modMenu:Delete_User_Active_File
2025-01-07 16:43:32.20 | User | APP_v5.J.xlsb | modMenu:Delete_User_Active_File = '0,1836 secondes'

2025-01-07 16:43:32.27 | User | APP_v5.J.xlsb | ***** Session terminée NORMALEMENT (modMenu:SauvegarderEtSortirApplication) *****

2025-01-07 16:56:53.93 | Annie | APP_v5.J.xlsb | ***** Début d'une nouvelle session (modAppli:CodeEssentielDepart) *****
2025-01-07 16:56:54.02 | Annie | APP_v5.J.xlsb | OK - Validation d'accès serveur terminée = '0.0117 secondes'

2025-01-07 16:56:54.09 | Annie | APP_v5.J.xlsb | ThisWorkbook:Create_User_Active_File
2025-01-07 16:56:54.22 | Annie | APP_v5.J.xlsb | ThisWorkbook:Create_User_Active_File = '0.1445 secondes'

2025-01-07 16:56:54.30 | Annie | APP_v5.J.xlsb | ThisWorkbook:Setup_UserDateFormat
2025-01-07 16:56:54.39 | Annie | APP_v5.J.xlsb | ThisWorkbook:Setup_UserDateFormat = '0.0977 secondes'

2025-01-07 16:56:54.47 | Annie | APP_v5.J.xlsb | ThisWorkbook:BackupMasterFile
2025-01-07 16:56:55.59 | Annie | APP_v5.J.xlsb | ThisWorkbook:BackupMasterFile = '1.1289 secondes'

2025-01-07 16:56:55.67 | Annie | APP_v5.J.xlsb | modAppli:WriteInfoOnMainMenu
2025-01-07 16:56:55.79 | Annie | APP_v5.J.xlsb | modAppli:WriteInfoOnMainMenu = '0.1367 secondes'

2025-01-07 16:56:55.86 | Annie | APP_v5.J.xlsb | modMenu:HideDevShapesBasedOnUsername
2025-01-07 16:56:55.94 | Annie | APP_v5.J.xlsb | modMenu:HideDevShapesBasedOnUsername = '0.1016 secondes'

2025-01-07 16:56:56.06 | Annie | APP_v5.J.xlsb | modAppli:CodeEssentielDepart = '2.1367 secondes'

2025-01-07 16:57:04.89 | Annie | APP_v5.J.xlsb | modMenu:menuTEC_Click
2025-01-07 16:57:05.01 | Annie | APP_v5.J.xlsb | modMenu:menuTEC_Click = '0.1406 secondes'

2025-01-07 16:57:05.69 | Annie | APP_v5.J.xlsb | modMENU_TEC:SaisieHeures_Click
2025-01-07 16:57:05.80 | Annie | APP_v5.J.xlsb | modMENU_TEC:SaisieHeures_Click = '0.1445 secondes'

2025-01-07 16:57:05.91 | Annie | APP_v5.J.xlsb | ufSaisieHeures:UserForm_Activate
2025-01-07 16:57:05.99 | Annie | APP_v5.J.xlsb | modImport:Client_List_Import_All
2025-01-07 16:57:06.77 | Annie | APP_v5.J.xlsb | modImport:ResizeTable
2025-01-07 16:57:06.85 | Annie | APP_v5.J.xlsb | modImport:ResizeTable = '0.1016 secondes'

2025-01-07 16:57:06.94 | Annie | APP_v5.J.xlsb | modImport:ApplyFormatting
2025-01-07 16:57:07.02 | Annie | APP_v5.J.xlsb | modImport:ApplyFormatting = '0.1016 secondes'

2025-01-07 16:57:07.18 | Annie | APP_v5.J.xlsb | modImport:Client_List_Import_All = '1.2031 secondes'

2025-01-07 16:57:07.26 | Annie | APP_v5.J.xlsb | modImport:TEC_Import_All
2025-01-07 16:57:08.50 | Annie | APP_v5.J.xlsb | modImport:TEC_Import_All = '1.2578 secondes'

2025-01-07 16:57:08.64 | Annie | APP_v5.J.xlsb | ufSaisieHeures:UserForm_Activate = '2.7422 secondes'

2025-01-07 16:57:10.64 | Annie | APP_v5.J.xlsb | ufSaisieHeures:cmbProfessionnel_AfterUpdate
2025-01-07 16:57:10.73 | Annie | APP_v5.J.xlsb | ufSaisieHeures:cmbProfessionnel_AfterUpdate = '0.1016 secondes'

2025-01-07 16:57:12.09 | Annie | APP_v5.J.xlsb | ufSaisieHeures:txtDate_BeforeUpdate
2025-01-07 16:57:12.17 | Annie | APP_v5.J.xlsb | modFunctions:Fn_Complete_Date(2025-01-07, 600, 15)
2025-01-07 16:57:12.26 | Annie | APP_v5.J.xlsb | modFunctions:Fn_Complete_Date = '0.1016 secondes'

2025-01-07 16:57:12.34 | Annie | APP_v5.J.xlsb | ufSaisieHeures:txtDate_BeforeUpdate = '0.2656 secondes'

2025-01-07 16:57:12.45 | Annie | APP_v5.J.xlsb | ufSaisieHeures:txtDate_AfterUpdate
2025-01-07 16:57:12.52 | Annie | APP_v5.J.xlsb | modTEC_Saisie:TEC_Get_All_TEC_AF - 3/2025-01-07
2025-01-07 16:57:12.73 | Annie | APP_v5.J.xlsb | modTEC_Saisie:TEC_Get_All_TEC_AF = '0.2344 secondes'

2025-01-07 16:57:12.82 | Annie | APP_v5.J.xlsb | modTEC_Saisie:TEC_Refresh_ListBox_And_Add_Hours - 3/2025-01-07
2025-01-07 16:57:12.92 | Annie | APP_v5.J.xlsb | wshTEC_TDB_Data:Worksheet_Change($U$7)
2025-01-07 16:57:13.01 | Annie | APP_v5.J.xlsb | modTEC_TDB:ActualiserTEC_TDB
2025-01-07 16:57:13.10 | Annie | APP_v5.J.xlsb | modTEC_Saisie:TEC_Update_TDB_From_TEC_Local
2025-01-07 16:57:13.30 | Annie | APP_v5.J.xlsb | modTEC_Saisie:TEC_Update_TDB_From_TEC_Local = '0.2188 secondes'

2025-01-07 16:57:13.40 | Annie | APP_v5.J.xlsb | modTEC_Saisie:TEC_TdB_Refresh_All_Pivot_Tables
2025-01-07 16:57:13.67 | Annie | APP_v5.J.xlsb | modTEC_Saisie:TEC_TdB_Refresh_All_Pivot_Tables = '0.2930 secondes'

2025-01-07 16:57:13.80 | Annie | APP_v5.J.xlsb | modTEC_TDB:ActualiserTEC_TDB = '0.7969 secondes'

2025-01-07 16:57:13.87 | Annie | APP_v5.J.xlsb | modStatsHeures:Stats_Heures_AF
2025-01-07 16:57:14.07 | Annie | APP_v5.J.xlsb | modStatsHeures:Stats_Heures_AF = '0.2188 secondes'

2025-01-07 16:57:14.16 | Annie | APP_v5.J.xlsb | modAppli:UpdatePivotTables
2025-01-07 16:57:14.34 | Annie | APP_v5.J.xlsb | modAppli:UpdatePivotTables = '0.2031 secondes'

2025-01-07 16:57:14.43 | Annie | APP_v5.J.xlsb | wshTEC_TDB_Data:Worksheet_Change = '1.5234 secondes'

2025-01-07 16:57:14.66 | Annie | APP_v5.J.xlsb | modTEC_Saisie:TEC_Refresh_ListBox_And_Add_Hours - 3/2025-01-07mi = '1.8867 secondes'

2025-01-07 16:57:14.79 | Annie | APP_v5.J.xlsb | ufSaisieHeures:txtDate_AfterUpdate = '2.3555 secondes'

2025-01-07 16:57:22.22 | Annie | APP_v5.J.xlsb | ufSaisieHeures:txtClient_AfterUpdate[2960-4105 Québec Inc. [Mini Excavation MB]]
2025-01-07 16:57:22.32 | Annie | APP_v5.J.xlsb | modFunctions:Fn_GetID_From_Client_Name - 2960-4105 Québec Inc. [Mini Excavation MB]
2025-01-07 16:57:22.40 | Annie | APP_v5.J.xlsb | modFunctions:Fn_GetID_From_Client_Name - 2040 = '0.0977 secondes'

2025-01-07 16:57:22.49 | Annie | APP_v5.J.xlsb | ufSaisieHeures:txtClient_AfterUpdate = '0.2812 secondes'

2025-01-07 16:57:45.47 | Annie | APP_v5.J.xlsb | ufSaisieHeures:txtActivite_AfterUpdate[Comptabilité du trimestre d'octobre à décembre 2024]
2025-01-07 16:57:45.56 | Annie | APP_v5.J.xlsb | ufSaisieHeures:txtActivite_AfterUpdate = '0.1055 secondes'

2025-01-07 16:57:47.74 | Annie | APP_v5.J.xlsb | ufSaisieHeures:txtHeures_AfterUpdate[5.25]
2025-01-07 16:57:47.83 | Annie | APP_v5.J.xlsb | ufSaisieHeures:txtHeures_AfterUpdate = '0.1055 secondes'

2025-01-07 16:57:47.91 | Annie | APP_v5.J.xlsb | ufSaisieHeures:txtHeures_Exit[5.25]
2025-01-07 16:57:48.01 | Annie | APP_v5.J.xlsb | ufSaisieHeures:txtHeures_Exit = '0.1094 secondes'

2025-01-07 16:57:49.83 | Annie | APP_v5.J.xlsb | ufSaisieHeures:cmdAdd_Click
2025-01-07 16:57:49.93 | Annie | APP_v5.J.xlsb | modTEC_Saisie:TEC_Ajoute_Ligne
2025-01-07 16:57:53.94 | Annie | APP_v5.J.xlsb | modTEC_Saisie:TEC_Ajoute_Ligne = '4.0234 secondes'

2025-01-07 16:57:54.03 | Annie | APP_v5.J.xlsb | ufSaisieHeures:cmdAdd_Click = '4.2109 secondes'

2025-01-07 16:57:57.66 | Annie | APP_v5.J.xlsb | ufSaisieHeures:txtDate_BeforeUpdate
2025-01-07 16:57:57.75 | Annie | APP_v5.J.xlsb | modFunctions:Fn_Complete_Date(2025-01-07, 600, 15)
2025-01-07 16:57:57.83 | Annie | APP_v5.J.xlsb | modFunctions:Fn_Complete_Date = '0.0977 secondes'

2025-01-07 16:57:57.91 | Annie | APP_v5.J.xlsb | ufSaisieHeures:txtDate_BeforeUpdate = '0.2734 secondes'

2025-01-07 16:57:57.99 | Annie | APP_v5.J.xlsb | ufSaisieHeures:txtDate_AfterUpdate
2025-01-07 16:57:58.07 | Annie | APP_v5.J.xlsb | modTEC_Saisie:TEC_Get_All_TEC_AF - 3/2025-01-07
2025-01-07 16:57:58.30 | Annie | APP_v5.J.xlsb | modTEC_Saisie:TEC_Get_All_TEC_AF = '0.2383 secondes'

2025-01-07 16:57:58.38 | Annie | APP_v5.J.xlsb | modTEC_Saisie:TEC_Refresh_ListBox_And_Add_Hours - 3/2025-01-07
2025-01-07 16:57:58.48 | Annie | APP_v5.J.xlsb | wshTEC_TDB_Data:Worksheet_Change($U$7)
2025-01-07 16:57:58.55 | Annie | APP_v5.J.xlsb | modTEC_TDB:ActualiserTEC_TDB
2025-01-07 16:57:58.63 | Annie | APP_v5.J.xlsb | modTEC_Saisie:TEC_Update_TDB_From_TEC_Local
2025-01-07 16:57:58.80 | Annie | APP_v5.J.xlsb | modTEC_Saisie:TEC_Update_TDB_From_TEC_Local = '0.1914 secondes'

2025-01-07 16:57:58.88 | Annie | APP_v5.J.xlsb | modTEC_Saisie:TEC_TdB_Refresh_All_Pivot_Tables
2025-01-07 16:57:59.10 | Annie | APP_v5.J.xlsb | modTEC_Saisie:TEC_TdB_Refresh_All_Pivot_Tables = '0.2344 secondes'

2025-01-07 16:57:59.17 | Annie | APP_v5.J.xlsb | modTEC_TDB:ActualiserTEC_TDB = '0.6289 secondes'

2025-01-07 16:57:59.24 | Annie | APP_v5.J.xlsb | modStatsHeures:Stats_Heures_AF
2025-01-07 16:57:59.40 | Annie | APP_v5.J.xlsb | modStatsHeures:Stats_Heures_AF = '0.1680 secondes'

2025-01-07 16:57:59.47 | Annie | APP_v5.J.xlsb | modAppli:UpdatePivotTables
2025-01-07 16:57:59.64 | Annie | APP_v5.J.xlsb | modAppli:UpdatePivotTables = '0.1797 secondes'

2025-01-07 16:57:59.71 | Annie | APP_v5.J.xlsb | wshTEC_TDB_Data:Worksheet_Change = '1.2383 secondes'

2025-01-07 16:57:59.91 | Annie | APP_v5.J.xlsb | modTEC_Saisie:TEC_Refresh_ListBox_And_Add_Hours - 3/2025-01-07 = '1.5391 secondes'

2025-01-07 16:57:59.97 | Annie | APP_v5.J.xlsb | ufSaisieHeures:txtDate_AfterUpdate = '1.9961 secondes'

2025-01-07 16:58:15.66 | Annie | APP_v5.J.xlsb | ufSaisieHeures:txtHeures_Exit[5.25]
2025-01-07 16:58:15.75 | Annie | APP_v5.J.xlsb | ufSaisieHeures:txtHeures_Exit = '0.1055 secondes'

2025-01-07 16:58:19.64 | Annie | APP_v5.J.xlsb | ufSaisieHeures:txtHeures_AfterUpdate[5.25]
2025-01-07 16:58:19.73 | Annie | APP_v5.J.xlsb | ufSaisieHeures:txtHeures_AfterUpdate = '0.1016 secondes'

2025-01-07 16:58:19.81 | Annie | APP_v5.J.xlsb | ufSaisieHeures:txtHeures_Exit[5.25]
2025-01-07 16:58:19.90 | Annie | APP_v5.J.xlsb | ufSaisieHeures:txtHeures_Exit = '0.0977 secondes'

2025-01-07 16:58:21.23 | Annie | APP_v5.J.xlsb | ufSaisieHeures:cmdAdd_Click
2025-01-07 16:58:21.32 | Annie | APP_v5.J.xlsb | modTEC_Saisie:TEC_Ajoute_Ligne
2025-01-07 16:58:21.41 | Annie | APP_v5.J.xlsb | modTEC_Saisie:TEC_Record_Add_Or_Update_To_DB(0)
2025-01-07 16:58:23.63 | Annie | APP_v5.J.xlsb | modTEC_Saisie:TEC_Record_Add_Or_Update_To_DB - 0 = '2.2344 secondes'

2025-01-07 16:58:23.71 | Annie | APP_v5.J.xlsb | modTEC_Saisie:TEC_Record_Add_Or_Update_Locally(0)
2025-01-07 16:58:23.85 | Annie | APP_v5.J.xlsb | modTEC_Saisie:TEC_Record_Add_Or_Update_Locally - 0 = '0.1484 secondes'

2025-01-07 16:58:23.92 | Annie | APP_v5.J.xlsb | modTEC_Saisie:TEC_Get_All_TEC_AF - 3/2025-01-07
2025-01-07 16:58:24.11 | Annie | APP_v5.J.xlsb | modTEC_Saisie:TEC_Get_All_TEC_AF = '0.2070 secondes'

2025-01-07 16:58:24.19 | Annie | APP_v5.J.xlsb | modTEC_Saisie:TEC_Refresh_ListBox_And_Add_Hours - 3/2025-01-07
2025-01-07 16:58:24.30 | Annie | APP_v5.J.xlsb | wshTEC_TDB_Data:Worksheet_Change($U$7)
2025-01-07 16:58:24.39 | Annie | APP_v5.J.xlsb | modTEC_TDB:ActualiserTEC_TDB
2025-01-07 16:58:24.48 | Annie | APP_v5.J.xlsb | modTEC_Saisie:TEC_Update_TDB_From_TEC_Local
2025-01-07 16:58:24.68 | Annie | APP_v5.J.xlsb | modTEC_Saisie:TEC_Update_TDB_From_TEC_Local = '0.2148 secondes'

2025-01-07 16:58:24.77 | Annie | APP_v5.J.xlsb | modTEC_Saisie:TEC_TdB_Refresh_All_Pivot_Tables
2025-01-07 16:58:25.03 | Annie | APP_v5.J.xlsb | modTEC_Saisie:TEC_TdB_Refresh_All_Pivot_Tables = '0.2734 secondes'

2025-01-07 16:58:25.11 | Annie | APP_v5.J.xlsb | modTEC_TDB:ActualiserTEC_TDB = '0.7344 secondes'

2025-01-07 16:58:25.19 | Annie | APP_v5.J.xlsb | modStatsHeures:Stats_Heures_AF
2025-01-07 16:58:25.40 | Annie | APP_v5.J.xlsb | modStatsHeures:Stats_Heures_AF = '0.2227 secondes'

2025-01-07 16:58:25.48 | Annie | APP_v5.J.xlsb | modAppli:UpdatePivotTables
2025-01-07 16:58:25.64 | Annie | APP_v5.J.xlsb | modAppli:UpdatePivotTables = '0.1719 secondes'

2025-01-07 16:58:25.72 | Annie | APP_v5.J.xlsb | wshTEC_TDB_Data:Worksheet_Change = '1.4336 secondes'

2025-01-07 16:58:25.94 | Annie | APP_v5.J.xlsb | modTEC_Saisie:TEC_Refresh_ListBox_And_Add_Hours - 3/2025-01-07 = '1.7656 secondes'

2025-01-07 16:58:26.02 | Annie | APP_v5.J.xlsb | modTEC_Saisie:TEC_Ajoute_Ligne = '4.7031 secondes'

2025-01-07 16:58:26.09 | Annie | APP_v5.J.xlsb | ufSaisieHeures:cmdAdd_Click = '4.8789 secondes'

2025-01-07 16:58:28.51 | Annie | APP_v5.J.xlsb | modTEC_TDB:ActualiserTEC_TDB
2025-01-07 16:58:28.59 | Annie | APP_v5.J.xlsb | modTEC_Saisie:TEC_Update_TDB_From_TEC_Local
2025-01-07 16:58:28.78 | Annie | APP_v5.J.xlsb | modTEC_Saisie:TEC_Update_TDB_From_TEC_Local = '0.1992 secondes'

2025-01-07 16:58:28.86 | Annie | APP_v5.J.xlsb | modTEC_Saisie:TEC_TdB_Refresh_All_Pivot_Tables
2025-01-07 16:58:29.17 | Annie | APP_v5.J.xlsb | modTEC_Saisie:TEC_TdB_Refresh_All_Pivot_Tables = '0.3242 secondes'

2025-01-07 16:58:29.25 | Annie | APP_v5.J.xlsb | modTEC_TDB:ActualiserTEC_TDB = '0.7617 secondes'

2025-01-07 16:58:29.33 | Annie | APP_v5.J.xlsb | modStatsHeures:Stats_Heures_AF
2025-01-07 16:58:29.54 | Annie | APP_v5.J.xlsb | modStatsHeures:Stats_Heures_AF = '0.2227 secondes'

2025-01-07 16:58:29.61 | Annie | APP_v5.J.xlsb | modAppli:UpdatePivotTables
2025-01-07 16:58:29.75 | Annie | APP_v5.J.xlsb | modAppli:UpdatePivotTables = '0.1602 secondes'

2025-01-07 16:58:29.93 | Annie | APP_v5.J.xlsb | ufStatsHeures:UserForm_Initialize
2025-01-07 16:58:30.02 | Annie | APP_v5.J.xlsb | ufStatsHeures:ChargerListBoxAvec52DernieresSemaines
2025-01-07 16:58:30.13 | Annie | APP_v5.J.xlsb | ufStatsHeures:lbxDatesSemaines_Click(2025-01-06 au 2025-01-12)
2025-01-07 16:58:30.21 | Annie | APP_v5.J.xlsb | ufStatsHeures:lbxDatesSemaines_Click_or_DblClick(2025-01-06 au 2025-01-12)
2025-01-07 16:58:30.30 | Annie | APP_v5.J.xlsb | wshTEC_TDB_Data:Worksheet_Change($U$7)
2025-01-07 16:58:30.40 | Annie | APP_v5.J.xlsb | modTEC_TDB:ActualiserTEC_TDB
2025-01-07 16:58:30.48 | Annie | APP_v5.J.xlsb | modTEC_Saisie:TEC_Update_TDB_From_TEC_Local
2025-01-07 16:58:30.68 | Annie | APP_v5.J.xlsb | modTEC_Saisie:TEC_Update_TDB_From_TEC_Local = '0.2070 secondes'

2025-01-07 16:58:30.77 | Annie | APP_v5.J.xlsb | modTEC_Saisie:TEC_TdB_Refresh_All_Pivot_Tables
2025-01-07 16:58:31.05 | Annie | APP_v5.J.xlsb | modTEC_Saisie:TEC_TdB_Refresh_All_Pivot_Tables = '0.2969 secondes'

2025-01-07 16:58:31.12 | Annie | APP_v5.J.xlsb | modTEC_TDB:ActualiserTEC_TDB = '0.7383 secondes'

2025-01-07 16:58:31.20 | Annie | APP_v5.J.xlsb | modStatsHeures:Stats_Heures_AF
2025-01-07 16:58:31.50 | Annie | APP_v5.J.xlsb | modStatsHeures:Stats_Heures_AF = '0.3164 secondes'

2025-01-07 16:58:31.58 | Annie | APP_v5.J.xlsb | modAppli:UpdatePivotTables
2025-01-07 16:58:31.75 | Annie | APP_v5.J.xlsb | modAppli:UpdatePivotTables = '0.1875 secondes'

2025-01-07 16:58:31.83 | Annie | APP_v5.J.xlsb | wshTEC_TDB_Data:Worksheet_Change = '1.5391 secondes'

2025-01-07 16:58:32.01 | Annie | APP_v5.J.xlsb | ufStatsHeures:AddColonnesSemaine
2025-01-07 16:58:32.09 | Annie | APP_v5.J.xlsb | ufStatsHeures:AddColonnesSemaine = '0.0938 secondes'

2025-01-07 16:58:32.18 | Annie | APP_v5.J.xlsb | ufStatsHeures:lbxDatesSemaines_Click_or_DblClick = '1.9844 secondes'

2025-01-07 16:58:32.26 | Annie | APP_v5.J.xlsb | ufStatsHeures:lbxDatesSemaines_Click = '2.1406 secondes'

2025-01-07 16:58:32.34 | Annie | APP_v5.J.xlsb | ufStatsHeures:ChargerListBoxAvec52DernieresSemaines = '2.3398 secondes'

2025-01-07 16:58:32.42 | Annie | APP_v5.J.xlsb | ufStatsHeures:AddColonnesSemaine
2025-01-07 16:58:32.50 | Annie | APP_v5.J.xlsb | ufStatsHeures:AddColonnesSemaine = '0.0938 secondes'

2025-01-07 16:58:32.59 | Annie | APP_v5.J.xlsb | ufStatsHeures:AddColonnesMois
2025-01-07 16:58:32.67 | Annie | APP_v5.J.xlsb | ufStatsHeures:AddColonnesMois = '0.1016 secondes'

2025-01-07 16:58:32.75 | Annie | APP_v5.J.xlsb | ufStatsHeures:AddColonnesTrimestre
2025-01-07 16:58:32.84 | Annie | APP_v5.J.xlsb | ufStatsHeures:AddColonnesTrimestre = '0.1094 secondes'

2025-01-07 16:58:32.93 | Annie | APP_v5.J.xlsb | ufStatsHeures:AddColonnesAnneeFinanciere
2025-01-07 16:58:33.05 | Annie | APP_v5.J.xlsb | ufStatsHeures:AddColonnesAnneeFinanciere = '0.1328 secondes'

2025-01-07 16:58:33.12 | Annie | APP_v5.J.xlsb | ufStatsHeures:UserForm_Initialize = '3.2070 secondes'

2025-01-07 16:58:40.15 | Annie | APP_v5.J.xlsb | ufSaisieHeures:UserForm_Terminate
2025-01-07 16:58:40.25 | Annie | APP_v5.J.xlsb | ufSaisieHeures:UserForm_Terminate = '0.1094 secondes'

2025-01-07 16:58:41.88 | Annie | APP_v5.J.xlsb | modMenu:Hide_All_Worksheets_Except_Menu
2025-01-07 16:58:41.98 | Annie | APP_v5.J.xlsb | modMenu:Hide_All_Worksheets_Except_Menu = '0.1250 secondes'

2025-01-07 16:58:42.47 | Annie | APP_v5.J.xlsb | modMenu:SauvegarderEtSortirApplication
2025-01-07 16:58:44.07 | Annie | APP_v5.J.xlsb | modMenu:Delete_User_Active_File
2025-01-07 16:58:44.22 | Annie | APP_v5.J.xlsb | modMenu:Delete_User_Active_File = '0.1680 secondes'

2025-01-07 16:58:44.29 | Annie | APP_v5.J.xlsb | ***** Session terminée NORMALEMENT (modMenu:SauvegarderEtSortirApplication) *****

