2025-01-06 11:11:51.71 | User | Clients_v5.0.xlsm | ***** Début de session - Workbook_Open ***** | 
2025-01-06 11:11:51.79 | User | Clients_v5.0.xlsm | modMain:CM_Client_List_Import_All | 
2025-01-06 11:11:52.32 | User | Clients_v5.0.xlsm | modMain:CM_Apply_Worksheet_Format | 
2025-01-06 11:11:52.44 | User | Clients_v5.0.xlsm | modMain:CM_Apply_Worksheet_Format = '0,1172 secondes'
2025-01-06 11:11:52.54 | User | Clients_v5.0.xlsm | modMain:CM_Client_List_Import_All = '0,7617 secondes'
2025-01-06 11:11:52.64 | User | Clients_v5.0.xlsm | ufClientMF:UserForm_Initialize | 
2025-01-06 11:11:52.69 | User | Clients_v5.0.xlsm | modMain:CM_Reset_UserForm | 
2025-01-06 11:11:52.77 | User | Clients_v5.0.xlsm | modMain:CM_Add_SearchColumn | 
2025-01-06 11:11:52.82 | User | Clients_v5.0.xlsm | ufClientMF:cmbSearchColumn_Change | 
2025-01-06 11:11:52.87 | User | Clients_v5.0.xlsm | ufClientMF:cmbSearchColumn_Change = '0,0586 secondes'
2025-01-06 11:11:52.92 | User | Clients_v5.0.xlsm | modMain:CM_Add_SearchColumn = '0,1562 secondes'
2025-01-06 11:11:53.03 | User | Clients_v5.0.xlsm | modMain:CM_Reset_UserForm = '0,3516 secondes'
2025-01-06 11:11:53.07 | User | Clients_v5.0.xlsm | ufClientMF:UserForm_Initialize = '0,4453 secondes'
2025-01-06 11:12:05.51 | User | Clients_v5.0.xlsm | ufClientMF:cmdSearch_Click | 
2025-01-06 11:12:05.58 | User | Clients_v5.0.xlsm | modMain:CM_Build_Données_Recherche | 
2025-01-06 11:12:09.41 | User | Clients_v5.0.xlsm | modMain:CM_Client_List_Import_All | 
2025-01-06 11:12:09.77 | User | Clients_v5.0.xlsm | modMain:CM_Apply_Worksheet_Format | 
2025-01-06 11:12:09.86 | User | Clients_v5.0.xlsm | modMain:CM_Apply_Worksheet_Format = '0,0977 secondes'
2025-01-06 11:12:09.96 | User | Clients_v5.0.xlsm | modMain:CM_Client_List_Import_All = '0,5586 secondes'
2025-01-06 11:12:10.04 | User | Clients_v5.0.xlsm | ufClientMF:UserForm_Initialize | 
2025-01-06 11:12:10.09 | User | Clients_v5.0.xlsm | modMain:CM_Reset_UserForm | 
2025-01-06 11:12:10.16 | User | Clients_v5.0.xlsm | modMain:CM_Add_SearchColumn | 
2025-01-06 11:12:10.21 | User | Clients_v5.0.xlsm | ufClientMF:cmbSearchColumn_Change | 
2025-01-06 11:12:10.26 | User | Clients_v5.0.xlsm | ufClientMF:cmbSearchColumn_Change = '0,0625 secondes'
2025-01-06 11:12:10.31 | User | Clients_v5.0.xlsm | modMain:CM_Add_SearchColumn = '0,1602 secondes'
2025-01-06 11:12:10.38 | User | Clients_v5.0.xlsm | modMain:CM_Reset_UserForm = '0,2930 secondes'
2025-01-06 11:12:10.42 | User | Clients_v5.0.xlsm | ufClientMF:UserForm_Initialize = '0,3906 secondes'
2025-01-06 11:12:13.88 | User | Clients_v5.0.xlsm | ufClientMF:cmbSearchColumn_Change | 
2025-01-06 11:12:13.93 | User | Clients_v5.0.xlsm | ufClientMF:cmbSearchColumn_Change = '0,0586 secondes'
2025-01-06 11:12:16.89 | User | Clients_v5.0.xlsm | ufClientMF:cmdSearch_Click | 
2025-01-06 11:12:16.95 | User | Clients_v5.0.xlsm | modMain:CM_Build_Données_Recherche | 
2025-01-06 11:12:17.11 | User | Clients_v5.0.xlsm | modMain:CM_Build_Données_Recherche = '0,1680 secondes'
2025-01-06 11:12:17.16 | User | Clients_v5.0.xlsm | ufClientMF:cmdSearch_Click = '0,2773 secondes'
2025-01-06 11:12:31.54 | User | Clients_v5.0.xlsm | ***** Fin de session - Workbook_BeforeClose ***** | 
2025-01-06 11:42:40.37 | User | Clients_v5.0.xlsm | ***** Début de session - Workbook_Open ***** | 
2025-01-06 11:42:40.43 | User | Clients_v5.0.xlsm | modMain:CM_Client_List_Import_All | 
2025-01-06 11:42:40.90 | User | Clients_v5.0.xlsm | modMain:CM_Apply_Worksheet_Format | 
2025-01-06 11:42:40.00 | User | Clients_v5.0.xlsm | modMain:CM_Apply_Worksheet_Format = '0,1016 secondes'
2025-01-06 11:42:41.11 | User | Clients_v5.0.xlsm | modMain:CM_Client_List_Import_All = '0,6875 secondes'
2025-01-06 11:42:41.20 | User | Clients_v5.0.xlsm | ufClientMF:UserForm_Initialize | 
2025-01-06 11:42:41.25 | User | Clients_v5.0.xlsm | modMain:CM_Reset_UserForm | 
2025-01-06 11:42:41.36 | User | Clients_v5.0.xlsm | modMain:CM_Add_SearchColumn | 
2025-01-06 11:42:41.40 | User | Clients_v5.0.xlsm | ufClientMF:cmbSearchColumn_Change | 
2025-01-06 11:42:41.45 | User | Clients_v5.0.xlsm | ufClientMF:cmbSearchColumn_Change = '0,0586 secondes'
2025-01-06 11:42:41.52 | User | Clients_v5.0.xlsm | modMain:CM_Add_SearchColumn = '0,1914 secondes'
2025-01-06 11:42:41.64 | User | Clients_v5.0.xlsm | modMain:CM_Reset_UserForm = '0,3945 secondes'
2025-01-06 11:42:41.73 | User | Clients_v5.0.xlsm | ufClientMF:UserForm_Initialize = '0,5352 secondes'
2025-01-06 11:42:54.96 | User | Clients_v5.0.xlsm | ufClientMF:cmbSearchColumn_Change | 
2025-01-06 11:42:55.02 | User | Clients_v5.0.xlsm | ufClientMF:cmbSearchColumn_Change = '0,0703 secondes'
2025-01-06 11:43:04.66 | User | Clients_v5.0.xlsm | ufClientMF:cmdSearch_Click | 
2025-01-06 11:43:04.71 | User | Clients_v5.0.xlsm | modMain:CM_Build_Données_Recherche | 
2025-01-06 11:43:06.93 | User | Clients_v5.0.xlsm | modMain:CM_Build_Données_Recherche = '2,2344 secondes'
2025-01-06 11:43:06.98 | User | Clients_v5.0.xlsm | ufClientMF:cmdSearch_Click = '2,3281 secondes'
2025-01-06 11:43:09.27 | User | Clients_v5.0.xlsm | ufClientMF:cmbSearchColumn_Change | 
2025-01-06 11:43:09.32 | User | Clients_v5.0.xlsm | ufClientMF:cmbSearchColumn_Change = '0,0625 secondes'
2025-01-06 11:43:12.99 | User | Clients_v5.0.xlsm | ufClientMF:cmdSearch_Click | 
2025-01-06 11:43:13.04 | User | Clients_v5.0.xlsm | modMain:CM_Build_Données_Recherche | 
2025-01-06 11:43:13.20 | User | Clients_v5.0.xlsm | modMain:CM_Build_Données_Recherche = '0,1680 secondes'
2025-01-06 11:43:13.25 | User | Clients_v5.0.xlsm | ufClientMF:cmdSearch_Click = '0,2617 secondes'
2025-01-06 11:43:15.97 | User | Clients_v5.0.xlsm | ufClientMF:lstDonnées_Click | 
2025-01-06 11:43:16.03 | User | Clients_v5.0.xlsm | ufClientMF:lstDonnées_Click = '0,0703 secondes'
2025-01-06 11:43:16.16 | User | Clients_v5.0.xlsm | ufClientMF:lstDonnées_DblClick | 
2025-01-06 11:43:16.22 | User | Clients_v5.0.xlsm | ufClientMF:cmdEdit_Click | 
2025-01-06 11:43:16.27 | User | Clients_v5.0.xlsm | modMain:Fn_Selected_List | 
2025-01-06 11:43:16.32 | User | Clients_v5.0.xlsm | modMain:Fn_Selected_List = '0,0547 secondes'
2025-01-06 11:43:16.37 | User | Clients_v5.0.xlsm | modMain:Fn_Selected_List | 
2025-01-06 11:43:16.42 | User | Clients_v5.0.xlsm | modMain:Fn_Selected_List = '0,0625 secondes'
2025-01-06 11:43:16.48 | User | Clients_v5.0.xlsm | ufClientMF:cmdEdit_Click = '0,2695 secondes'
2025-01-06 11:43:16.53 | User | Clients_v5.0.xlsm | ufClientMF:lstDonnées_DblClick = '0,3750 secondes'
2025-01-06 11:43:22.18 | User | Clients_v5.0.xlsm | ufClientMF:txtNomClient_Exit | 
2025-01-06 11:43:22.24 | User | Clients_v5.0.xlsm | ufClientMF:txtNomClient_Exit = '0,0742 secondes'
2025-01-06 11:43:48.79 | User | Clients_v5.0.xlsm | ufClientMF:cmdSave_Click | 
2025-01-06 11:43:48.86 | User | Clients_v5.0.xlsm | modMain:Fn_ValidateEntries | 
2025-01-06 11:43:48.95 | User | Clients_v5.0.xlsm | modMain:Fn_ValidateEntries = '0,1016 secondes'
2025-01-06 11:43:48.99 | User | Clients_v5.0.xlsm | ufClientMF:Fix_Some_Fields | 
2025-01-06 11:43:49.05 | User | Clients_v5.0.xlsm | ufClientMF:Fix_Some_Fields = '0,0625 secondes'
2025-01-06 11:43:53.32 | User | Clients_v5.0.xlsm | modMain:Fn_Is_Client_Code_Already_Used | 
2025-01-06 11:43:53.41 | User | Clients_v5.0.xlsm | modMain:Fn_Is_Client_Code_Already_Used | checkPoint | VRAI
2025-01-06 11:43:53.50 | User | Clients_v5.0.xlsm | modMain:Fn_Is_Client_Code_Already_Used = '0,1797 secondes'
2025-01-06 11:43:53.57 | User | Clients_v5.0.xlsm | modMain:CM_Update_External_GCF_BD_Entrée | UPDATE
2025-01-06 11:43:55.93 | User | Clients_v5.0.xlsm | modMain:CM_Update_External_GCF_BD_Entrée | checkPoint | DDM (0.0.0.1)
2025-01-06 11:43:56.25 | User | Clients_v5.0.xlsm | modMain:CM_Update_External_GCF_BD_Entrée = '2,6797 secondes'
2025-01-06 11:43:56.30 | User | Clients_v5.0.xlsm | modMain:CM_Update_Locally_GCF_BD_Entrée | 
2025-01-06 11:43:56.35 | User | Clients_v5.0.xlsm | modMain:CM_Update_Locally_GCF_BD_Entrée = '0,0703 secondes'
2025-01-06 11:43:56.41 | User | Clients_v5.0.xlsm | modMain:CM_Reset_UserForm | 
2025-01-06 11:43:56.50 | User | Clients_v5.0.xlsm | modMain:CM_Build_Données_Recherche | 
2025-01-06 11:43:56.57 | User | Clients_v5.0.xlsm | ufClientMF:lstDonnées_Click | 
2025-01-06 11:43:56.64 | User | Clients_v5.0.xlsm | ufClientMF:lstDonnées_Click = '0,0742 secondes'
2025-01-06 11:43:56.77 | User | Clients_v5.0.xlsm | modMain:CM_Build_Données_Recherche = '0,2852 secondes'
2025-01-06 11:43:56.82 | User | Clients_v5.0.xlsm | modMain:CM_Reset_UserForm = '0,4219 secondes'
2025-01-06 11:43:56.92 | User | Clients_v5.0.xlsm | ufClientMF:lstDonnées_Click | 
2025-01-06 11:43:56.97 | User | Clients_v5.0.xlsm | ufClientMF:lstDonnées_Click = '0,0547 secondes'
2025-01-06 11:43:57.02 | User | Clients_v5.0.xlsm | ufClientMF:cmdSave_Click = '8,2383 secondes'
2025-01-06 11:44:06.84 | User | Clients_v5.0.xlsm | ***** Fin de session - Workbook_BeforeClose ***** | 
2025-01-06 13:17:39.95 | User | Clients_v5.0.xlsm | ***** Début de session - Workbook_Open ***** | 
2025-01-06 13:17:40.01 | User | Clients_v5.0.xlsm | modMain:CM_Client_List_Import_All | 
2025-01-06 13:17:40.43 | User | Clients_v5.0.xlsm | modMain:CM_Apply_Worksheet_Format | 
2025-01-06 13:17:40.52 | User | Clients_v5.0.xlsm | modMain:CM_Apply_Worksheet_Format = '0,0977 secondes'
2025-01-06 13:17:40.64 | User | Clients_v5.0.xlsm | modMain:CM_Client_List_Import_All = '0,6328 secondes'
2025-01-06 13:17:40.73 | User | Clients_v5.0.xlsm | ufClientMF:UserForm_Initialize | 
2025-01-06 13:17:40.79 | User | Clients_v5.0.xlsm | modMain:CM_Reset_UserForm | 
2025-01-06 13:17:40.88 | User | Clients_v5.0.xlsm | modMain:CM_Add_SearchColumn | 
2025-01-06 13:17:40.93 | User | Clients_v5.0.xlsm | ufClientMF:cmbSearchColumn_Change | 
2025-01-06 13:17:40.98 | User | Clients_v5.0.xlsm | ufClientMF:cmbSearchColumn_Change = '0,0586 secondes'
2025-01-06 13:17:41.02 | User | Clients_v5.0.xlsm | modMain:CM_Add_SearchColumn = '0,1523 secondes'
2025-01-06 13:17:41.11 | User | Clients_v5.0.xlsm | modMain:CM_Reset_UserForm = '0,3359 secondes'
2025-01-06 13:17:41.16 | User | Clients_v5.0.xlsm | ufClientMF:UserForm_Initialize = '0,4336 secondes'
2025-01-06 13:17:57.45 | User | Clients_v5.0.xlsm | ufClientMF:cmdSearch_Click | 
2025-01-06 13:17:57.52 | User | Clients_v5.0.xlsm | modMain:CM_Build_Données_Recherche | 
2025-01-06 13:18:01.96 | User | Clients_v5.0.xlsm | modMain:CM_Client_List_Import_All | 
2025-01-06 13:18:02.29 | User | Clients_v5.0.xlsm | modMain:CM_Apply_Worksheet_Format | 
2025-01-06 13:18:02.39 | User | Clients_v5.0.xlsm | modMain:CM_Apply_Worksheet_Format = '0,1055 secondes'
2025-01-06 13:18:02.50 | User | Clients_v5.0.xlsm | modMain:CM_Client_List_Import_All = '0,5508 secondes'
2025-01-06 13:18:02.59 | User | Clients_v5.0.xlsm | ufClientMF:UserForm_Initialize | 
2025-01-06 13:18:02.64 | User | Clients_v5.0.xlsm | modMain:CM_Reset_UserForm | 
2025-01-06 13:18:02.70 | User | Clients_v5.0.xlsm | modMain:CM_Add_SearchColumn | 
2025-01-06 13:18:02.75 | User | Clients_v5.0.xlsm | ufClientMF:cmbSearchColumn_Change | 
2025-01-06 13:18:02.80 | User | Clients_v5.0.xlsm | ufClientMF:cmbSearchColumn_Change = '0,0625 secondes'
2025-01-06 13:18:02.85 | User | Clients_v5.0.xlsm | modMain:CM_Add_SearchColumn = '0,1602 secondes'
2025-01-06 13:18:02.92 | User | Clients_v5.0.xlsm | modMain:CM_Reset_UserForm = '0,2930 secondes'
2025-01-06 13:18:02.97 | User | Clients_v5.0.xlsm | ufClientMF:UserForm_Initialize = '0,3867 secondes'
2025-01-06 13:18:07.11 | User | Clients_v5.0.xlsm | ufClientMF:cmbSearchColumn_Change | 
2025-01-06 13:18:07.15 | User | Clients_v5.0.xlsm | ufClientMF:cmbSearchColumn_Change = '0,0547 secondes'
2025-01-06 13:18:10.00 | User | Clients_v5.0.xlsm | ufClientMF:cmdSearch_Click | 
2025-01-06 13:18:10.06 | User | Clients_v5.0.xlsm | modMain:CM_Build_Données_Recherche | 
2025-01-06 13:18:12.19 | User | Clients_v5.0.xlsm | modMain:CM_Build_Données_Recherche = '2,1367 secondes'
2025-01-06 13:18:12.25 | User | Clients_v5.0.xlsm | ufClientMF:cmdSearch_Click = '2,2578 secondes'
2025-01-06 13:18:18.86 | User | Clients_v5.0.xlsm | ufClientMF:cmbSearchColumn_Change | 
2025-01-06 13:18:18.91 | User | Clients_v5.0.xlsm | ufClientMF:cmbSearchColumn_Change = '0,0586 secondes'
2025-01-06 13:18:22.33 | User | Clients_v5.0.xlsm | ufClientMF:cmdSearch_Click | 
2025-01-06 13:18:22.40 | User | Clients_v5.0.xlsm | modMain:CM_Build_Données_Recherche | 
2025-01-06 13:18:24.31 | User | Clients_v5.0.xlsm | modMain:CM_Build_Données_Recherche = '1,9258 secondes'
2025-01-06 13:18:24.37 | User | Clients_v5.0.xlsm | ufClientMF:cmdSearch_Click = '2,0508 secondes'
2025-01-06 13:18:30.14 | User | Clients_v5.0.xlsm | ***** Fin de session - Workbook_BeforeClose ***** | 
