2024-12-29 08:22:28.04 | Guillaume | APP_v5.J.xlsb | ***** Début d'une nouvelle session (modAppli:CodeEssentielDepart) *****
2024-12-29 08:22:28.29 | Guillaume | APP_v5.J.xlsb | OK - Validation d'accès serveur terminée = '0,1602 secondes'

2024-12-29 08:22:28.52 | Guillaume | APP_v5.J.xlsb | ThisWorkbook:Create_User_Active_File
2024-12-29 08:22:28.94 | Guillaume | APP_v5.J.xlsb | ThisWorkbook:Create_User_Active_File = '0,5723 secondes'

2024-12-29 08:22:29.16 | Guillaume | APP_v5.J.xlsb | ThisWorkbook:Setup_UserDateFormat
2024-12-29 08:22:29.41 | Guillaume | APP_v5.J.xlsb | ThisWorkbook:Setup_UserDateFormat = '0,3906 secondes'

2024-12-29 08:22:29.63 | Guillaume | APP_v5.J.xlsb | ThisWorkbook:BackupMasterFile
2024-12-29 08:22:30.84 | Guillaume | APP_v5.J.xlsb | ThisWorkbook:BackupMasterFile = '1,3594 secondes'

2024-12-29 08:22:31.06 | Guillaume | APP_v5.J.xlsb | modAppli:WriteInfoOnMainMenu
2024-12-29 08:22:31.30 | Guillaume | APP_v5.J.xlsb | modAppli:WriteInfoOnMainMenu = '0,3730 secondes'

2024-12-29 08:22:31.51 | Guillaume | APP_v5.J.xlsb | modMenu:HideDevShapesBasedOnUsername
2024-12-29 08:22:31.72 | Guillaume | APP_v5.J.xlsb | modMenu:HideDevShapesBasedOnUsername = '0,3379 secondes'

2024-12-29 08:22:31.97 | Guillaume | APP_v5.J.xlsb | modAppli:CodeEssentielDepart = '4,0684 secondes'

2024-12-29 08:22:57.58 | Guillaume | APP_v5.J.xlsb | modMenu:menuComptabilite_Click
2024-12-29 08:22:57.91 | Guillaume | APP_v5.J.xlsb | modMenu:menuComptabilite_Click = '0,4844 secondes'

2024-12-29 08:22:59.26 | Guillaume | APP_v5.J.xlsb | wshENC_Saisie:Worksheet_Activate
2024-12-29 08:22:59.50 | Guillaume | APP_v5.J.xlsb | modImport:Client_List_Import_All
2024-12-29 08:23:00.76 | Guillaume | APP_v5.J.xlsb | modImport:ResizeTable
2024-12-29 08:23:01.03 | Guillaume | APP_v5.J.xlsb | modImport:ResizeTable = '0,4277 secondes'

2024-12-29 08:23:01.26 | Guillaume | APP_v5.J.xlsb | modImport:ApplyFormatting
2024-12-29 08:23:01.48 | Guillaume | APP_v5.J.xlsb | modImport:ApplyFormatting = '0,3711 secondes'

2024-12-29 08:23:01.76 | Guillaume | APP_v5.J.xlsb | modImport:Client_List_Import_All = '2,4160 secondes'

2024-12-29 08:23:01.00 | Guillaume | APP_v5.J.xlsb | modImport:FAC_Comptes_Clients_Import_All
2024-12-29 08:23:03.51 | Guillaume | APP_v5.J.xlsb | modImport:FAC_Comptes_Clients_Import_All = '1,6758 secondes'

2024-12-29 08:23:03.75 | Guillaume | APP_v5.J.xlsb | modImport:FAC_Détails_Import_All
2024-12-29 08:23:05.02 | Guillaume | APP_v5.J.xlsb | modImport:FAC_Détails_Import_All = '1,4004 secondes'

2024-12-29 08:23:05.24 | Guillaume | APP_v5.J.xlsb | modImport:FAC_Entête_Import_All
2024-12-29 08:23:06.42 | Guillaume | APP_v5.J.xlsb | modImport:FAC_Entête_Import_All = '1,3262 secondes'

2024-12-29 08:23:06.64 | Guillaume | APP_v5.J.xlsb | modImport:ENC_Détails_Import_All
2024-12-29 08:23:07.83 | Guillaume | APP_v5.J.xlsb | modImport:ENC_Détails_Import_All = '1,3516 secondes'

2024-12-29 08:23:08.08 | Guillaume | APP_v5.J.xlsb | modImport:ENC_Entête_Import_All
2024-12-29 08:23:09.27 | Guillaume | APP_v5.J.xlsb | modImport:ENC_Entête_Import_All = '1,3477 secondes'

2024-12-29 08:23:09.52 | Guillaume | APP_v5.J.xlsb | modImport:GL_Trans_Import_All
2024-12-29 08:23:10.90 | Guillaume | APP_v5.J.xlsb | modImport:GL_Trans_Import_All = '1,5312 secondes'

2024-12-29 08:23:11.14 | Guillaume | APP_v5.J.xlsb | modDev_Utils:SetTabOrder(wshENC_Saisie)
2024-12-29 08:23:11.43 | Guillaume | APP_v5.J.xlsb | modDev_Utils:SetTabOrder = '0,4453 secondes'

2024-12-29 08:23:11.67 | Guillaume | APP_v5.J.xlsb | modENC_Saisie:ENC_Remove_Check_Boxes
2024-12-29 08:23:11.91 | Guillaume | APP_v5.J.xlsb | modENC_Saisie:ENC_Remove_Check_Boxes = '0,3906 secondes'

2024-12-29 08:23:12.17 | Guillaume | APP_v5.J.xlsb | modFunctions:Fn_Complete_Date(29/12/24, 30, 0)
2024-12-29 08:23:12.41 | Guillaume | APP_v5.J.xlsb | modFunctions:Fn_Complete_Date = '0,3867 secondes'

2024-12-29 08:23:12.65 | Guillaume | APP_v5.J.xlsb | wshENC_Saisie:Worksheet_Activate = '13,5430 secondes'

2024-12-29 08:24:04.36 | Guillaume | APP_v5.J.xlsb | modFunctions:Fn_GetID_From_Client_Name - Maranda Lauzon Inc. [Sandy Maranda]
2024-12-29 08:24:04.73 | Guillaume | APP_v5.J.xlsb | modFunctions:Fn_GetID_From_Client_Name - 1487 = '0,5840 secondes'

2024-12-29 08:24:05.02 | Guillaume | APP_v5.J.xlsb | modENC_Saisie:ENC_Remove_Check_Boxes
2024-12-29 08:24:05.29 | Guillaume | APP_v5.J.xlsb | modENC_Saisie:ENC_Remove_Check_Boxes = '0,4375 secondes'

2024-12-29 08:24:05.55 | Guillaume | APP_v5.J.xlsb | modENC_Saisie:ENC_Get_OS_Invoices
2024-12-29 08:24:05.78 | Guillaume | APP_v5.J.xlsb | modENC_Saisie:ENC_Get_OS_Invoices_With_AF
2024-12-29 08:24:06.04 | Guillaume | APP_v5.J.xlsb | modFAC_Enc:ENC_Get_OS_Invoices_With_AF = '0,4082 secondes'

2024-12-29 08:24:06.30 | Guillaume | APP_v5.J.xlsb | modENC_Saisie:ENC_Add_Check_Boxes
2024-12-29 08:24:06.53 | Guillaume | APP_v5.J.xlsb | modENC_Saisie:ENC_Add_Check_Boxes = '0,3672 secondes'

2024-12-29 08:24:06.75 | Guillaume | APP_v5.J.xlsb | modFAC_Enc:ENC_Load_OS_Invoices = '1,3418 secondes'

2024-12-29 08:24:10.43 | Guillaume | APP_v5.J.xlsb | modFunctions:Fn_Complete_Date(27/12, 30, 0)
2024-12-29 08:24:10.65 | Guillaume | APP_v5.J.xlsb | modFunctions:Fn_Complete_Date = '0,3555 secondes'

2024-12-29 08:24:17.04 | Guillaume | APP_v5.J.xlsb | modENC_Saisie:MAJ_Encaissement
2024-12-29 08:24:17.29 | Guillaume | APP_v5.J.xlsb | modENC_Saisie:ENC_Add_DB_Entete
2024-12-29 08:24:19.30 | Guillaume | APP_v5.J.xlsb | modENC_Saisie:ENC_Add_DB_Entete = '2,1738 secondes'

2024-12-29 08:24:19.55 | Guillaume | APP_v5.J.xlsb | modENC_Saisie:ENC_Add_Locally_Entete
2024-12-29 08:24:19.81 | Guillaume | APP_v5.J.xlsb | modENC_Saisie:ENC_Add_Locally_Entete = '0,3906 secondes'

2024-12-29 08:24:20.04 | Guillaume | APP_v5.J.xlsb | modENC_Saisie:ENC_Add_DB_Details
2024-12-29 08:24:22.29 | Guillaume | APP_v5.J.xlsb | modENC_Saisie:ENC_Add_DB_Details = '2,3867 secondes'

2024-12-29 08:24:22.52 | Guillaume | APP_v5.J.xlsb | modENC_Saisie:ENC_Add_Locally_Details
2024-12-29 08:24:22.76 | Guillaume | APP_v5.J.xlsb | modENC_Saisie:ENC_Add_Locally_Details = '0,3848 secondes'

2024-12-29 08:24:22.98 | Guillaume | APP_v5.J.xlsb | modENC_Saisie:ENC_Add_DB_Details
2024-12-29 08:24:24.89 | Guillaume | APP_v5.J.xlsb | modENC_Saisie:ENC_Add_DB_Details = '2,0586 secondes'

2024-12-29 08:24:25.13 | Guillaume | APP_v5.J.xlsb | modENC_Saisie:ENC_Add_Locally_Details
2024-12-29 08:24:25.36 | Guillaume | APP_v5.J.xlsb | modENC_Saisie:ENC_Add_Locally_Details = '0,3711 secondes'

2024-12-29 08:24:25.58 | Guillaume | APP_v5.J.xlsb | modENC_Saisie:ENC_GL_Posting_DB
2024-12-29 08:24:27.56 | Guillaume | APP_v5.J.xlsb | modENC_Saisie:ENC_GL_Posting_DB = '2,1445 secondes'

2024-12-29 08:24:27.80 | Guillaume | APP_v5.J.xlsb | modENC_Saisie:ENC_GL_Posting_Locally
2024-12-29 08:24:28.10 | Guillaume | APP_v5.J.xlsb | modENC_Saisie:ENC_GL_Posting_Locally = '0,4609 secondes'

2024-12-29 08:24:29.87 | Guillaume | APP_v5.J.xlsb | modEnc_Saisie:Encaissement_Add_New
2024-12-29 08:24:30.14 | Guillaume | APP_v5.J.xlsb | modENC_Saisie:ENC_Clear_Cells
2024-12-29 08:24:30.44 | Guillaume | APP_v5.J.xlsb | modENC_Saisie:ENC_Remove_Check_Boxes
2024-12-29 08:24:30.68 | Guillaume | APP_v5.J.xlsb | modENC_Saisie:ENC_Remove_Check_Boxes = '0,4043 secondes'

2024-12-29 08:24:30.94 | Guillaume | APP_v5.J.xlsb | modFunctions:Fn_Complete_Date(, 30, 0)
2024-12-29 08:24:31.19 | Guillaume | APP_v5.J.xlsb | modFunctions:Fn_Complete_Date = '0,4043 secondes'

2024-12-29 08:24:31.45 | Guillaume | APP_v5.J.xlsb | modENC_Saisie:ENC_Clear_Cells = '1,4590 secondes'

2024-12-29 08:24:31.69 | Guillaume | APP_v5.J.xlsb | modEnc_Saisie:Encaissement_Add_New = '1,9746 secondes'

2024-12-29 08:24:31.94 | Guillaume | APP_v5.J.xlsb | modENC_Saisie:MAJ_Encaissement = '15,0488 secondes'

2024-12-29 08:25:27.07 | Guillaume | APP_v5.J.xlsb | modFunctions:Fn_GetID_From_Client_Name - MLC Finance Inc. [Marc Lamy]
2024-12-29 08:25:27.38 | Guillaume | APP_v5.J.xlsb | modFunctions:Fn_GetID_From_Client_Name - 1671 = '0,4609 secondes'

2024-12-29 08:25:27.61 | Guillaume | APP_v5.J.xlsb | modENC_Saisie:ENC_Remove_Check_Boxes
2024-12-29 08:25:27.88 | Guillaume | APP_v5.J.xlsb | modENC_Saisie:ENC_Remove_Check_Boxes = '0,4336 secondes'

2024-12-29 08:25:28.12 | Guillaume | APP_v5.J.xlsb | modENC_Saisie:ENC_Get_OS_Invoices
2024-12-29 08:25:28.34 | Guillaume | APP_v5.J.xlsb | modENC_Saisie:ENC_Get_OS_Invoices_With_AF
2024-12-29 08:25:28.59 | Guillaume | APP_v5.J.xlsb | modFAC_Enc:ENC_Get_OS_Invoices_With_AF = '0,3770 secondes'

2024-12-29 08:25:28.82 | Guillaume | APP_v5.J.xlsb | modENC_Saisie:ENC_Add_Check_Boxes
2024-12-29 08:25:29.06 | Guillaume | APP_v5.J.xlsb | modENC_Saisie:ENC_Add_Check_Boxes = '0,3828 secondes'

2024-12-29 08:25:29.28 | Guillaume | APP_v5.J.xlsb | modFAC_Enc:ENC_Load_OS_Invoices = '1,2969 secondes'

2024-12-29 08:25:36.53 | Guillaume | APP_v5.J.xlsb | modFunctions:Fn_Complete_Date(28/12, 30, 0)
2024-12-29 08:25:36.74 | Guillaume | APP_v5.J.xlsb | modFunctions:Fn_Complete_Date = '0,3555 secondes'

2024-12-29 08:25:43.27 | Guillaume | APP_v5.J.xlsb | modENC_Saisie:MAJ_Encaissement
2024-12-29 08:25:43.52 | Guillaume | APP_v5.J.xlsb | modENC_Saisie:ENC_Add_DB_Entete
2024-12-29 08:25:45.65 | Guillaume | APP_v5.J.xlsb | modENC_Saisie:ENC_Add_DB_Entete = '2,2852 secondes'

2024-12-29 08:25:45.89 | Guillaume | APP_v5.J.xlsb | modENC_Saisie:ENC_Add_Locally_Entete
2024-12-29 08:25:46.18 | Guillaume | APP_v5.J.xlsb | modENC_Saisie:ENC_Add_Locally_Entete = '0,4414 secondes'

2024-12-29 08:25:46.42 | Guillaume | APP_v5.J.xlsb | modENC_Saisie:ENC_Add_DB_Details
2024-12-29 08:25:47.00 | Guillaume | APP_v5.J.xlsb | modENC_Saisie:ENC_Add_DB_Details = '1,7344 secondes'

2024-12-29 08:25:48.24 | Guillaume | APP_v5.J.xlsb | modENC_Saisie:ENC_Add_Locally_Details
2024-12-29 08:25:48.48 | Guillaume | APP_v5.J.xlsb | modENC_Saisie:ENC_Add_Locally_Details = '0,4023 secondes'

2024-12-29 08:25:48.72 | Guillaume | APP_v5.J.xlsb | modENC_Saisie:ENC_Add_DB_Details
2024-12-29 08:25:50.75 | Guillaume | APP_v5.J.xlsb | modENC_Saisie:ENC_Add_DB_Details = '2,1680 secondes'

2024-12-29 08:25:50.97 | Guillaume | APP_v5.J.xlsb | modENC_Saisie:ENC_Add_Locally_Details
2024-12-29 08:25:51.21 | Guillaume | APP_v5.J.xlsb | modENC_Saisie:ENC_Add_Locally_Details = '0,3965 secondes'

2024-12-29 08:25:51.45 | Guillaume | APP_v5.J.xlsb | modENC_Saisie:ENC_GL_Posting_DB
2024-12-29 08:25:53.43 | Guillaume | APP_v5.J.xlsb | modENC_Saisie:ENC_GL_Posting_DB = '2,1387 secondes'

2024-12-29 08:25:53.67 | Guillaume | APP_v5.J.xlsb | modENC_Saisie:ENC_GL_Posting_Locally
2024-12-29 08:25:53.99 | Guillaume | APP_v5.J.xlsb | modENC_Saisie:ENC_GL_Posting_Locally = '0,4668 secondes'

2024-12-29 08:25:55.37 | Guillaume | APP_v5.J.xlsb | modEnc_Saisie:Encaissement_Add_New
2024-12-29 08:25:55.61 | Guillaume | APP_v5.J.xlsb | modENC_Saisie:ENC_Clear_Cells
2024-12-29 08:25:55.84 | Guillaume | APP_v5.J.xlsb | modENC_Saisie:ENC_Remove_Check_Boxes
2024-12-29 08:25:56.10 | Guillaume | APP_v5.J.xlsb | modENC_Saisie:ENC_Remove_Check_Boxes = '0,4023 secondes'

2024-12-29 08:25:56.34 | Guillaume | APP_v5.J.xlsb | modFunctions:Fn_Complete_Date(, 30, 0)
2024-12-29 08:25:56.56 | Guillaume | APP_v5.J.xlsb | modFunctions:Fn_Complete_Date = '0,3750 secondes'

2024-12-29 08:25:56.82 | Guillaume | APP_v5.J.xlsb | modENC_Saisie:ENC_Clear_Cells = '1,3652 secondes'

2024-12-29 08:25:57.07 | Guillaume | APP_v5.J.xlsb | modEnc_Saisie:Encaissement_Add_New = '1,8398 secondes'

2024-12-29 08:25:57.31 | Guillaume | APP_v5.J.xlsb | modENC_Saisie:MAJ_Encaissement = '14,1992 secondes'

2024-12-29 08:25:57.60 | Guillaume | APP_v5.J.xlsb | modENC_Saisie:ENC_Back_To_GL_Menu
2024-12-29 08:25:57.82 | Guillaume | APP_v5.J.xlsb | modENC_Saisie:ENC_Clear_Cells
2024-12-29 08:25:58.13 | Guillaume | APP_v5.J.xlsb | modENC_Saisie:ENC_Clear_Cells = '0,4512 secondes'

2024-12-29 08:25:58.39 | Guillaume | APP_v5.J.xlsb | modENC_Saisie:ENC_Back_To_GL_Menu = '0,9512 secondes'

2024-12-29 08:25:59.73 | Guillaume | APP_v5.J.xlsb | modMenu:Hide_All_Worksheets_Except_Menu
2024-12-29 08:26:00.02 | Guillaume | APP_v5.J.xlsb | modMenu:Hide_All_Worksheets_Except_Menu = '0,4414 secondes'

2024-12-29 08:26:00.51 | Guillaume | APP_v5.J.xlsb | modMenu:SauvegarderEtSortirApplication
2024-12-29 08:26:01.84 | Guillaume | APP_v5.J.xlsb | modMenu:Delete_User_Active_File
2024-12-29 08:26:02.31 | Guillaume | APP_v5.J.xlsb | modMenu:Delete_User_Active_File = '0,6289 secondes'

2024-12-29 08:26:02.56 | Guillaume | APP_v5.J.xlsb | ***** Session terminée NORMALEMENT (modMenu:SauvegarderEtSortirApplication) *****

2024-12-29 08:26:14.20 | Guillaume | APP_v5.J.xlsb | ***** Début d'une nouvelle session (modAppli:CodeEssentielDepart) *****
2024-12-29 08:26:14.48 | Guillaume | APP_v5.J.xlsb | OK - Validation d'accès serveur terminée = '0,1543 secondes'

2024-12-29 08:26:14.71 | Guillaume | APP_v5.J.xlsb | ThisWorkbook:Create_User_Active_File
2024-12-29 08:26:15.18 | Guillaume | APP_v5.J.xlsb | ThisWorkbook:Create_User_Active_File = '0,6504 secondes'

2024-12-29 08:26:15.44 | Guillaume | APP_v5.J.xlsb | ThisWorkbook:Setup_UserDateFormat
2024-12-29 08:26:15.69 | Guillaume | APP_v5.J.xlsb | ThisWorkbook:Setup_UserDateFormat = '0,4062 secondes'

2024-12-29 08:26:15.93 | Guillaume | APP_v5.J.xlsb | ThisWorkbook:BackupMasterFile
2024-12-29 08:26:17.12 | Guillaume | APP_v5.J.xlsb | ThisWorkbook:BackupMasterFile = '1,3379 secondes'

2024-12-29 08:26:17.35 | Guillaume | APP_v5.J.xlsb | modAppli:WriteInfoOnMainMenu
2024-12-29 08:26:17.63 | Guillaume | APP_v5.J.xlsb | modAppli:WriteInfoOnMainMenu = '0,4238 secondes'

2024-12-29 08:26:17.86 | Guillaume | APP_v5.J.xlsb | modMenu:HideDevShapesBasedOnUsername
2024-12-29 08:26:18.09 | Guillaume | APP_v5.J.xlsb | modMenu:HideDevShapesBasedOnUsername = '0,3848 secondes'

2024-12-29 08:26:18.36 | Guillaume | APP_v5.J.xlsb | modAppli:CodeEssentielDepart = '4,3066 secondes'

2024-12-29 08:26:38.61 | Guillaume | APP_v5.J.xlsb | modMenu:menuTEC_Click
2024-12-29 08:26:38.92 | Guillaume | APP_v5.J.xlsb | modMenu:menuTEC_Click = '0,4668 secondes'

2024-12-29 08:26:40.27 | Guillaume | APP_v5.J.xlsb | modMENU_TEC:SaisieHeures_Click
2024-12-29 08:26:40.55 | Guillaume | APP_v5.J.xlsb | modMENU_TEC:SaisieHeures_Click = '0,4375 secondes'

2024-12-29 08:26:40.81 | Guillaume | APP_v5.J.xlsb | ufSaisieHeures:UserForm_Activate
2024-12-29 08:26:41.03 | Guillaume | APP_v5.J.xlsb | modImport:Client_List_Import_All
2024-12-29 08:26:42.16 | Guillaume | APP_v5.J.xlsb | modImport:ResizeTable
2024-12-29 08:26:42.38 | Guillaume | APP_v5.J.xlsb | modImport:ResizeTable = '0,3496 secondes'

2024-12-29 08:26:42.60 | Guillaume | APP_v5.J.xlsb | modImport:ApplyFormatting
2024-12-29 08:26:42.82 | Guillaume | APP_v5.J.xlsb | modImport:ApplyFormatting = '0,3828 secondes'

2024-12-29 08:26:43.12 | Guillaume | APP_v5.J.xlsb | modImport:Client_List_Import_All = '2,2168 secondes'

2024-12-29 08:26:43.33 | Guillaume | APP_v5.J.xlsb | modImport:TEC_Import_All
2024-12-29 08:26:44.86 | Guillaume | APP_v5.J.xlsb | modImport:TEC_Import_All = '1,6660 secondes'

2024-12-29 08:26:45.11 | Guillaume | APP_v5.J.xlsb | ufSaisieHeures:UserForm_Activate = '4,4414 secondes'

2024-12-29 08:26:46.41 | Guillaume | APP_v5.J.xlsb | ufSaisieHeures:cmbProfessionnel_AfterUpdate
2024-12-29 08:26:46.65 | Guillaume | APP_v5.J.xlsb | ufSaisieHeures:cmbProfessionnel_AfterUpdate = '0,3711 secondes'

2024-12-29 08:26:50.94 | Guillaume | APP_v5.J.xlsb | ufSaisieHeures:txtDate_BeforeUpdate
2024-12-29 08:26:51.17 | Guillaume | APP_v5.J.xlsb | modFunctions:Fn_Complete_Date(26/12, 600, 15)
2024-12-29 08:26:51.39 | Guillaume | APP_v5.J.xlsb | modFunctions:Fn_Complete_Date = '0,3594 secondes'

2024-12-29 08:26:51.62 | Guillaume | APP_v5.J.xlsb | ufSaisieHeures:txtDate_BeforeUpdate = '0,8125 secondes'

2024-12-29 08:26:51.83 | Guillaume | APP_v5.J.xlsb | ufSaisieHeures:txtDate_AfterUpdate
2024-12-29 08:26:52.07 | Guillaume | APP_v5.J.xlsb | modTEC_Saisie:TEC_Get_All_TEC_AF - 1/26/12/24
2024-12-29 08:26:52.36 | Guillaume | APP_v5.J.xlsb | modTEC_Saisie:TEC_Get_All_TEC_AF = '0,4355 secondes'

2024-12-29 08:26:52.59 | Guillaume | APP_v5.J.xlsb | modTEC_Saisie:TEC_Refresh_ListBox_And_Add_Hours - 1/26/12/24
2024-12-29 08:26:52.86 | Guillaume | APP_v5.J.xlsb | wshTEC_TDB_Data:Worksheet_Change($U$7)
2024-12-29 08:26:53.11 | Guillaume | APP_v5.J.xlsb | modTEC_TDB:ActualiserTEC_TDB
2024-12-29 08:26:53.34 | Guillaume | APP_v5.J.xlsb | modTEC_Saisie:TEC_Update_TDB_From_TEC_Local
2024-12-29 08:26:53.61 | Guillaume | APP_v5.J.xlsb | modTEC_Saisie:TEC_Update_TDB_From_TEC_Local = '0,4102 secondes'

2024-12-29 08:26:53.83 | Guillaume | APP_v5.J.xlsb | modTEC_Saisie:TEC_TdB_Refresh_All_Pivot_Tables
2024-12-29 08:26:54.20 | Guillaume | APP_v5.J.xlsb | modTEC_Saisie:TEC_TdB_Refresh_All_Pivot_Tables = '0,5020 secondes'

2024-12-29 08:26:54.41 | Guillaume | APP_v5.J.xlsb | modTEC_TDB:ActualiserTEC_TDB = '1,4434 secondes'

2024-12-29 08:26:54.63 | Guillaume | APP_v5.J.xlsb | modStatsHeures:Stats_Heures_AF
2024-12-29 08:26:55.09 | Guillaume | APP_v5.J.xlsb | modStatsHeures:Stats_Heures_AF = '0,5918 secondes'

2024-12-29 08:26:55.31 | Guillaume | APP_v5.J.xlsb | modAppli:UpdatePivotTables
2024-12-29 08:26:55.58 | Guillaume | APP_v5.J.xlsb | modAppli:UpdatePivotTables = '0,4062 secondes'

2024-12-29 08:26:55.79 | Guillaume | APP_v5.J.xlsb | wshTEC_TDB_Data:Worksheet_Change = '3,0820 secondes'

2024-12-29 08:26:56.08 | Guillaume | APP_v5.J.xlsb | modTEC_Saisie:TEC_Refresh_ListBox_And_Add_Hours - 1/26/12/24 = '3,6328 secondes'

2024-12-29 08:26:56.30 | Guillaume | APP_v5.J.xlsb | ufSaisieHeures:txtDate_AfterUpdate = '4,6133 secondes'

2024-12-29 08:26:59.65 | Guillaume | APP_v5.J.xlsb | ufSaisieHeures:txtClient_AfterUpdate[air tra]
2024-12-29 08:26:59.89 | Guillaume | APP_v5.J.xlsb | modFunctions:Fn_GetID_From_Client_Name - air tra
2024-12-29 08:27:00.12 | Guillaume | APP_v5.J.xlsb | modFunctions:Fn_GetID_From_Client_Name - 1134 = '0,3828 secondes'

2024-12-29 08:27:00.37 | Guillaume | APP_v5.J.xlsb | ufSaisieHeures:txtClient_AfterUpdate = '0,8867 secondes'

2024-12-29 08:27:00.64 | Guillaume | APP_v5.J.xlsb | ufSaisieHeures:txtClient_AfterUpdate[Air Trans Express Inc. [Richard Lavoie]]
2024-12-29 08:27:00.88 | Guillaume | APP_v5.J.xlsb | modFunctions:Fn_GetID_From_Client_Name - Air Trans Express Inc. [Richard Lavoie]
2024-12-29 08:27:01.12 | Guillaume | APP_v5.J.xlsb | modFunctions:Fn_GetID_From_Client_Name - 1134 = '0,3926 secondes'

2024-12-29 08:27:01.36 | Guillaume | APP_v5.J.xlsb | ufSaisieHeures:txtClient_AfterUpdate = '0,8691 secondes'

2024-12-29 08:27:18.19 | Guillaume | APP_v5.J.xlsb | ufSaisieHeures:txtActivite_AfterUpdate[révision de directives fiduciaires]
2024-12-29 08:27:18.50 | Guillaume | APP_v5.J.xlsb | ufSaisieHeures:txtActivite_AfterUpdate = '0,4414 secondes'

2024-12-29 08:27:20.09 | Guillaume | APP_v5.J.xlsb | ufSaisieHeures:txtHeures_AfterUpdate[0.75]
2024-12-29 08:27:20.36 | Guillaume | APP_v5.J.xlsb | ufSaisieHeures:txtHeures_AfterUpdate = '0,4258 secondes'

2024-12-29 08:27:20.60 | Guillaume | APP_v5.J.xlsb | ufSaisieHeures:txtHeures_Exit[0,75]
2024-12-29 08:27:20.83 | Guillaume | APP_v5.J.xlsb | ufSaisieHeures:txtHeures_Exit = '0,3672 secondes'

2024-12-29 08:27:22.91 | Guillaume | APP_v5.J.xlsb | ufSaisieHeures:cmdAdd_Click
2024-12-29 08:27:23.15 | Guillaume | APP_v5.J.xlsb | modTEC_Saisie:TEC_Ajoute_Ligne
2024-12-29 08:27:23.39 | Guillaume | APP_v5.J.xlsb | modTEC_Saisie:TEC_Record_Add_Or_Update_To_DB(0)
2024-12-29 08:27:25.79 | Guillaume | APP_v5.J.xlsb | modTEC_Saisie:TEC_Record_Add_Or_Update_To_DB - 0 = '2,5625 secondes'

2024-12-29 08:27:26.05 | Guillaume | APP_v5.J.xlsb | modTEC_Saisie:TEC_Record_Add_Or_Update_Locally(0)
2024-12-29 08:27:26.34 | Guillaume | APP_v5.J.xlsb | modTEC_Saisie:TEC_Record_Add_Or_Update_Locally - 0 = '0,4531 secondes'

2024-12-29 08:27:26.60 | Guillaume | APP_v5.J.xlsb | modTEC_Saisie:TEC_Get_All_TEC_AF - 1/2024-12-26
2024-12-29 08:27:26.89 | Guillaume | APP_v5.J.xlsb | modTEC_Saisie:TEC_Get_All_TEC_AF = '0,4395 secondes'

2024-12-29 08:27:27.13 | Guillaume | APP_v5.J.xlsb | modTEC_Saisie:TEC_Refresh_ListBox_And_Add_Hours - 1/2024-12-26
2024-12-29 08:27:27.35 | Guillaume | APP_v5.J.xlsb | wshTEC_TDB_Data:Worksheet_Change($U$7)
2024-12-29 08:27:27.62 | Guillaume | APP_v5.J.xlsb | modTEC_TDB:ActualiserTEC_TDB
2024-12-29 08:27:27.87 | Guillaume | APP_v5.J.xlsb | modTEC_Saisie:TEC_Update_TDB_From_TEC_Local
2024-12-29 08:27:28.18 | Guillaume | APP_v5.J.xlsb | modTEC_Saisie:TEC_Update_TDB_From_TEC_Local = '0,4434 secondes'

2024-12-29 08:27:28.40 | Guillaume | APP_v5.J.xlsb | modTEC_Saisie:TEC_TdB_Refresh_All_Pivot_Tables
2024-12-29 08:27:28.77 | Guillaume | APP_v5.J.xlsb | modTEC_Saisie:TEC_TdB_Refresh_All_Pivot_Tables = '0,4961 secondes'

2024-12-29 08:27:28.97 | Guillaume | APP_v5.J.xlsb | modTEC_TDB:ActualiserTEC_TDB = '1,4844 secondes'

2024-12-29 08:27:29.20 | Guillaume | APP_v5.J.xlsb | modStatsHeures:Stats_Heures_AF
2024-12-29 08:27:29.69 | Guillaume | APP_v5.J.xlsb | modStatsHeures:Stats_Heures_AF = '0,6270 secondes'

2024-12-29 08:27:29.90 | Guillaume | APP_v5.J.xlsb | modAppli:UpdatePivotTables
2024-12-29 08:27:30.18 | Guillaume | APP_v5.J.xlsb | modAppli:UpdatePivotTables = '0,4238 secondes'

2024-12-29 08:27:30.41 | Guillaume | APP_v5.J.xlsb | wshTEC_TDB_Data:Worksheet_Change = '3,2012 secondes'

2024-12-29 08:27:30.68 | Guillaume | APP_v5.J.xlsb | modTEC_Saisie:TEC_Refresh_ListBox_And_Add_Hours - 1/2024-12-26 = '3,6973 secondes'

2024-12-29 08:27:30.92 | Guillaume | APP_v5.J.xlsb | modTEC_Saisie:TEC_Ajoute_Ligne = '7,9062 secondes'

2024-12-29 08:27:31.15 | Guillaume | APP_v5.J.xlsb | ufSaisieHeures:cmdAdd_Click = '8,3906 secondes'

2024-12-29 08:27:57.05 | Guillaume | APP_v5.J.xlsb | ufSaisieHeures:txtClient_AfterUpdate[École de conduite P.A.C. Montréal Inc. [Chantal Degorgue]]
2024-12-29 08:27:57.34 | Guillaume | APP_v5.J.xlsb | modFunctions:Fn_GetID_From_Client_Name - École de conduite P.A.C. Montréal Inc. [Chantal Degorgue]
2024-12-29 08:27:57.58 | Guillaume | APP_v5.J.xlsb | modFunctions:Fn_GetID_From_Client_Name - 1159 = '0,3906 secondes'

2024-12-29 08:27:57.81 | Guillaume | APP_v5.J.xlsb | ufSaisieHeures:txtClient_AfterUpdate = '0,8926 secondes'

2024-12-29 08:28:13.67 | Guillaume | APP_v5.J.xlsb | ufSaisieHeures:txtActivite_AfterUpdate[répondre question de Robert + révision de contrat de vente]
2024-12-29 08:28:13.96 | Guillaume | APP_v5.J.xlsb | ufSaisieHeures:txtActivite_AfterUpdate = '0,4355 secondes'

2024-12-29 08:28:16.29 | Guillaume | APP_v5.J.xlsb | ufSaisieHeures:txtHeures_Exit[]
2024-12-29 08:28:20.22 | Guillaume | APP_v5.J.xlsb | ufSaisieHeures:txtActivite_AfterUpdate[répondre questions de Robert + révision de contrat de vente]
2024-12-29 08:28:20.46 | Guillaume | APP_v5.J.xlsb | ufSaisieHeures:txtActivite_AfterUpdate = '0,3828 secondes'

2024-12-29 08:28:23.34 | Guillaume | APP_v5.J.xlsb | ufSaisieHeures:txtHeures_AfterUpdate[1.5]
2024-12-29 08:28:23.59 | Guillaume | APP_v5.J.xlsb | ufSaisieHeures:txtHeures_AfterUpdate = '0,4473 secondes'

2024-12-29 08:28:23.87 | Guillaume | APP_v5.J.xlsb | ufSaisieHeures:txtHeures_Exit[1,50]
2024-12-29 08:28:24.11 | Guillaume | APP_v5.J.xlsb | ufSaisieHeures:txtHeures_Exit = '0,3926 secondes'

2024-12-29 08:28:25.70 | Guillaume | APP_v5.J.xlsb | ufSaisieHeures:cmdAdd_Click
2024-12-29 08:28:25.92 | Guillaume | APP_v5.J.xlsb | modTEC_Saisie:TEC_Ajoute_Ligne
2024-12-29 08:28:26.15 | Guillaume | APP_v5.J.xlsb | modTEC_Saisie:TEC_Record_Add_Or_Update_To_DB(0)
2024-12-29 08:28:28.64 | Guillaume | APP_v5.J.xlsb | modTEC_Saisie:TEC_Record_Add_Or_Update_To_DB - 0 = '2,6387 secondes'

2024-12-29 08:28:28.88 | Guillaume | APP_v5.J.xlsb | modTEC_Saisie:TEC_Record_Add_Or_Update_Locally(0)
2024-12-29 08:28:29.16 | Guillaume | APP_v5.J.xlsb | modTEC_Saisie:TEC_Record_Add_Or_Update_Locally - 0 = '0,4297 secondes'

2024-12-29 08:28:29.39 | Guillaume | APP_v5.J.xlsb | modTEC_Saisie:TEC_Get_All_TEC_AF - 1/2024-12-26
2024-12-29 08:28:29.69 | Guillaume | APP_v5.J.xlsb | modTEC_Saisie:TEC_Get_All_TEC_AF = '0,4512 secondes'

2024-12-29 08:28:29.92 | Guillaume | APP_v5.J.xlsb | modTEC_Saisie:TEC_Refresh_ListBox_And_Add_Hours - 1/2024-12-26
2024-12-29 08:28:30.17 | Guillaume | APP_v5.J.xlsb | wshTEC_TDB_Data:Worksheet_Change($U$7)
2024-12-29 08:28:30.43 | Guillaume | APP_v5.J.xlsb | modTEC_TDB:ActualiserTEC_TDB
2024-12-29 08:28:30.68 | Guillaume | APP_v5.J.xlsb | modTEC_Saisie:TEC_Update_TDB_From_TEC_Local
2024-12-29 08:28:31.01 | Guillaume | APP_v5.J.xlsb | modTEC_Saisie:TEC_Update_TDB_From_TEC_Local = '0,4609 secondes'

2024-12-29 08:28:31.24 | Guillaume | APP_v5.J.xlsb | modTEC_Saisie:TEC_TdB_Refresh_All_Pivot_Tables
2024-12-29 08:28:31.59 | Guillaume | APP_v5.J.xlsb | modTEC_Saisie:TEC_TdB_Refresh_All_Pivot_Tables = '0,4980 secondes'

2024-12-29 08:28:31.81 | Guillaume | APP_v5.J.xlsb | modTEC_TDB:ActualiserTEC_TDB = '1,5430 secondes'

2024-12-29 08:28:32.05 | Guillaume | APP_v5.J.xlsb | modStatsHeures:Stats_Heures_AF
2024-12-29 08:28:32.52 | Guillaume | APP_v5.J.xlsb | modStatsHeures:Stats_Heures_AF = '0,6270 secondes'

2024-12-29 08:28:32.75 | Guillaume | APP_v5.J.xlsb | modAppli:UpdatePivotTables
2024-12-29 08:28:33.05 | Guillaume | APP_v5.J.xlsb | modAppli:UpdatePivotTables = '0,4629 secondes'

2024-12-29 08:28:33.29 | Guillaume | APP_v5.J.xlsb | wshTEC_TDB_Data:Worksheet_Change = '3,2891 secondes'

2024-12-29 08:28:33.60 | Guillaume | APP_v5.J.xlsb | modTEC_Saisie:TEC_Refresh_ListBox_And_Add_Hours - 1/2024-12-26 = '3,8184 secondes'

2024-12-29 08:28:33.82 | Guillaume | APP_v5.J.xlsb | modTEC_Saisie:TEC_Ajoute_Ligne = '8,0488 secondes'

2024-12-29 08:28:34.06 | Guillaume | APP_v5.J.xlsb | ufSaisieHeures:cmdAdd_Click = '8,5234 secondes'

2024-12-29 08:28:37.61 | Guillaume | APP_v5.J.xlsb | ufSaisieHeures:UserForm_Terminate
2024-12-29 08:28:37.87 | Guillaume | APP_v5.J.xlsb | ufSaisieHeures:UserForm_Terminate = '0,4102 secondes'

2024-12-29 08:28:38.63 | Guillaume | APP_v5.J.xlsb | modMenu:Hide_All_Worksheets_Except_Menu
2024-12-29 08:28:38.88 | Guillaume | APP_v5.J.xlsb | modMenu:Hide_All_Worksheets_Except_Menu = '0,3789 secondes'

2024-12-29 08:28:39.26 | Guillaume | APP_v5.J.xlsb | modMenu:SauvegarderEtSortirApplication
2024-12-29 08:28:40.54 | Guillaume | APP_v5.J.xlsb | modMenu:Delete_User_Active_File
2024-12-29 08:28:40.95 | Guillaume | APP_v5.J.xlsb | modMenu:Delete_User_Active_File = '0,5605 secondes'

2024-12-29 08:28:41.18 | Guillaume | APP_v5.J.xlsb | ***** Session terminée NORMALEMENT (modMenu:SauvegarderEtSortirApplication) *****

2024-12-29 08:29:31.74 | GuillaumeCharron | APP_v5.J.xlsb | ***** Début d'une nouvelle session (modAppli:CodeEssentielDepart) *****
2024-12-29 08:29:31.77 | GuillaumeCharron | APP_v5.J.xlsb | OK - Validation d'accès serveur terminée = '0,0039 secondes'

2024-12-29 08:29:31.80 | GuillaumeCharron | APP_v5.J.xlsb | ThisWorkbook:Create_User_Active_File
2024-12-29 08:29:31.84 | GuillaumeCharron | APP_v5.J.xlsb | ThisWorkbook:Create_User_Active_File = '0,0488 secondes'

2024-12-29 08:29:31.86 | GuillaumeCharron | APP_v5.J.xlsb | ThisWorkbook:Setup_UserDateFormat
2024-12-29 08:29:31.89 | GuillaumeCharron | APP_v5.J.xlsb | ThisWorkbook:Setup_UserDateFormat = '0,0273 secondes'

2024-12-29 08:29:31.91 | GuillaumeCharron | APP_v5.J.xlsb | ThisWorkbook:BackupMasterFile
2024-12-29 08:29:32.00 | GuillaumeCharron | APP_v5.J.xlsb | ThisWorkbook:BackupMasterFile = '0,0996 secondes'

2024-12-29 08:29:32.02 | GuillaumeCharron | APP_v5.J.xlsb | modAppli:WriteInfoOnMainMenu
2024-12-29 08:29:32.06 | GuillaumeCharron | APP_v5.J.xlsb | modAppli:WriteInfoOnMainMenu = '0,0469 secondes'

2024-12-29 08:29:32.09 | GuillaumeCharron | APP_v5.J.xlsb | modMenu:HideDevShapesBasedOnUsername
2024-12-29 08:29:32.11 | GuillaumeCharron | APP_v5.J.xlsb | modMenu:HideDevShapesBasedOnUsername = '0,0273 secondes'

2024-12-29 08:29:32.14 | GuillaumeCharron | APP_v5.J.xlsb | modAppli:CodeEssentielDepart = '0,4062 secondes'

2024-12-29 08:29:37.46 | GuillaumeCharron | APP_v5.J.xlsb | modMenu:menuTEC_Click
2024-12-29 08:29:37.53 | GuillaumeCharron | APP_v5.J.xlsb | modMenu:menuTEC_Click = '0,0664 secondes'

2024-12-29 08:29:38.23 | GuillaumeCharron | APP_v5.J.xlsb | modMENU_TEC:SaisieHeures_Click
2024-12-29 08:29:38.29 | GuillaumeCharron | APP_v5.J.xlsb | modMENU_TEC:SaisieHeures_Click = '0,0684 secondes'

2024-12-29 08:29:38.33 | GuillaumeCharron | APP_v5.J.xlsb | ufSaisieHeures:UserForm_Activate
2024-12-29 08:29:38.35 | GuillaumeCharron | APP_v5.J.xlsb | modImport:Client_List_Import_All
2024-12-29 08:29:38.62 | GuillaumeCharron | APP_v5.J.xlsb | modImport:ResizeTable
2024-12-29 08:29:38.65 | GuillaumeCharron | APP_v5.J.xlsb | modImport:ResizeTable = '0,0312 secondes'

2024-12-29 08:29:38.66 | GuillaumeCharron | APP_v5.J.xlsb | modImport:ApplyFormatting
2024-12-29 08:29:38.68 | GuillaumeCharron | APP_v5.J.xlsb | modImport:ApplyFormatting = '0,0234 secondes'

2024-12-29 08:29:38.75 | GuillaumeCharron | APP_v5.J.xlsb | modImport:Client_List_Import_All = '0,4004 secondes'

2024-12-29 08:29:38.77 | GuillaumeCharron | APP_v5.J.xlsb | modImport:TEC_Import_All
2024-12-29 08:29:39.05 | GuillaumeCharron | APP_v5.J.xlsb | modImport:TEC_Import_All = '0,2812 secondes'

2024-12-29 08:29:39.10 | GuillaumeCharron | APP_v5.J.xlsb | ufSaisieHeures:UserForm_Activate = '0,7793 secondes'

2024-12-29 08:29:39.74 | GuillaumeCharron | APP_v5.J.xlsb | ufSaisieHeures:cmbProfessionnel_AfterUpdate
2024-12-29 08:29:39.76 | GuillaumeCharron | APP_v5.J.xlsb | ufSaisieHeures:cmbProfessionnel_AfterUpdate = '0,0254 secondes'

2024-12-29 08:29:40.12 | GuillaumeCharron | APP_v5.J.xlsb | ufSaisieHeures:txtDate_BeforeUpdate
2024-12-29 08:29:40.14 | GuillaumeCharron | APP_v5.J.xlsb | modFunctions:Fn_Complete_Date(29/12/24, 600, 15)
2024-12-29 08:29:40.16 | GuillaumeCharron | APP_v5.J.xlsb | modFunctions:Fn_Complete_Date = '0,0254 secondes'

2024-12-29 08:29:40.18 | GuillaumeCharron | APP_v5.J.xlsb | ufSaisieHeures:txtDate_BeforeUpdate = '0,0645 secondes'

2024-12-29 08:29:40.20 | GuillaumeCharron | APP_v5.J.xlsb | ufSaisieHeures:txtDate_AfterUpdate
2024-12-29 08:29:40.22 | GuillaumeCharron | APP_v5.J.xlsb | modTEC_Saisie:TEC_Get_All_TEC_AF - 1/29/12/24
2024-12-29 08:29:40.33 | GuillaumeCharron | APP_v5.J.xlsb | modTEC_Saisie:TEC_Get_All_TEC_AF = '0,1094 secondes'

2024-12-29 08:29:40.35 | GuillaumeCharron | APP_v5.J.xlsb | modTEC_Saisie:TEC_Refresh_ListBox_And_Add_Hours - 1/29/12/24
2024-12-29 08:29:40.38 | GuillaumeCharron | APP_v5.J.xlsb | wshTEC_TDB_Data:Worksheet_Change($U$7)
2024-12-29 08:29:40.40 | GuillaumeCharron | APP_v5.J.xlsb | modTEC_TDB:ActualiserTEC_TDB
2024-12-29 08:29:40.42 | GuillaumeCharron | APP_v5.J.xlsb | modTEC_Saisie:TEC_Update_TDB_From_TEC_Local
2024-12-29 08:29:40.53 | GuillaumeCharron | APP_v5.J.xlsb | modTEC_Saisie:TEC_Update_TDB_From_TEC_Local = '0,1133 secondes'

2024-12-29 08:29:40.55 | GuillaumeCharron | APP_v5.J.xlsb | modTEC_Saisie:TEC_TdB_Refresh_All_Pivot_Tables
2024-12-29 08:29:40.74 | GuillaumeCharron | APP_v5.J.xlsb | modTEC_Saisie:TEC_TdB_Refresh_All_Pivot_Tables = '0,1914 secondes'

2024-12-29 08:29:40.76 | GuillaumeCharron | APP_v5.J.xlsb | modTEC_TDB:ActualiserTEC_TDB = '0,3672 secondes'

2024-12-29 08:29:40.78 | GuillaumeCharron | APP_v5.J.xlsb | modStatsHeures:Stats_Heures_AF
2024-12-29 08:29:40.95 | GuillaumeCharron | APP_v5.J.xlsb | modStatsHeures:Stats_Heures_AF = '0,1699 secondes'

2024-12-29 08:29:40.97 | GuillaumeCharron | APP_v5.J.xlsb | modAppli:UpdatePivotTables
2024-12-29 08:29:41.04 | GuillaumeCharron | APP_v5.J.xlsb | modAppli:UpdatePivotTables = '0,0801 secondes'

2024-12-29 08:29:41.06 | GuillaumeCharron | APP_v5.J.xlsb | wshTEC_TDB_Data:Worksheet_Change = '0,6914 secondes'

2024-12-29 08:29:41.14 | GuillaumeCharron | APP_v5.J.xlsb | modTEC_Saisie:TEC_Refresh_ListBox_And_Add_Hours - 1/29/12/24 = '0,7969 secondes'

2024-12-29 08:29:41.16 | GuillaumeCharron | APP_v5.J.xlsb | ufSaisieHeures:txtDate_AfterUpdate = '0,9629 secondes'

2024-12-29 08:29:44.86 | GuillaumeCharron | APP_v5.J.xlsb | ufSaisieHeures:txtDate_BeforeUpdate
2024-12-29 08:29:44.88 | GuillaumeCharron | APP_v5.J.xlsb | modFunctions:Fn_Complete_Date(26/12, 600, 15)
2024-12-29 08:29:44.90 | GuillaumeCharron | APP_v5.J.xlsb | modFunctions:Fn_Complete_Date = '0,0234 secondes'

2024-12-29 08:29:44.93 | GuillaumeCharron | APP_v5.J.xlsb | ufSaisieHeures:txtDate_BeforeUpdate = '0,0723 secondes'

2024-12-29 08:29:44.96 | GuillaumeCharron | APP_v5.J.xlsb | ufSaisieHeures:txtDate_AfterUpdate
2024-12-29 08:29:44.98 | GuillaumeCharron | APP_v5.J.xlsb | modTEC_Saisie:TEC_Get_All_TEC_AF - 1/26/12/24
2024-12-29 08:29:45.06 | GuillaumeCharron | APP_v5.J.xlsb | modTEC_Saisie:TEC_Get_All_TEC_AF = '0,0918 secondes'

2024-12-29 08:29:45.09 | GuillaumeCharron | APP_v5.J.xlsb | modTEC_Saisie:TEC_Refresh_ListBox_And_Add_Hours - 1/26/12/24
2024-12-29 08:29:45.12 | GuillaumeCharron | APP_v5.J.xlsb | wshTEC_TDB_Data:Worksheet_Change($U$7)
2024-12-29 08:29:45.15 | GuillaumeCharron | APP_v5.J.xlsb | modTEC_TDB:ActualiserTEC_TDB
2024-12-29 08:29:45.17 | GuillaumeCharron | APP_v5.J.xlsb | modTEC_Saisie:TEC_Update_TDB_From_TEC_Local
2024-12-29 08:29:45.28 | GuillaumeCharron | APP_v5.J.xlsb | modTEC_Saisie:TEC_Update_TDB_From_TEC_Local = '0,1152 secondes'

2024-12-29 08:29:45.31 | GuillaumeCharron | APP_v5.J.xlsb | modTEC_Saisie:TEC_TdB_Refresh_All_Pivot_Tables
2024-12-29 08:29:45.49 | GuillaumeCharron | APP_v5.J.xlsb | modTEC_Saisie:TEC_TdB_Refresh_All_Pivot_Tables = '0,1816 secondes'

2024-12-29 08:29:45.52 | GuillaumeCharron | APP_v5.J.xlsb | modTEC_TDB:ActualiserTEC_TDB = '0,3730 secondes'

2024-12-29 08:29:45.54 | GuillaumeCharron | APP_v5.J.xlsb | modStatsHeures:Stats_Heures_AF
2024-12-29 08:29:45.70 | GuillaumeCharron | APP_v5.J.xlsb | modStatsHeures:Stats_Heures_AF = '0,1641 secondes'

2024-12-29 08:29:45.72 | GuillaumeCharron | APP_v5.J.xlsb | modAppli:UpdatePivotTables
2024-12-29 08:29:45.78 | GuillaumeCharron | APP_v5.J.xlsb | modAppli:UpdatePivotTables = '0,0684 secondes'

2024-12-29 08:29:45.80 | GuillaumeCharron | APP_v5.J.xlsb | wshTEC_TDB_Data:Worksheet_Change = '0,6836 secondes'

2024-12-29 08:29:45.86 | GuillaumeCharron | APP_v5.J.xlsb | modTEC_Saisie:TEC_Refresh_ListBox_And_Add_Hours - 1/26/12/24 = '0,7793 secondes'

2024-12-29 08:29:45.88 | GuillaumeCharron | APP_v5.J.xlsb | ufSaisieHeures:txtDate_AfterUpdate = '0,9336 secondes'

2024-12-29 08:29:52.33 | GuillaumeCharron | APP_v5.J.xlsb | ufSaisieHeures:txtClient_AfterUpdate[Solutions Huwiz Inc. [Carolljo Maher]]
2024-12-29 08:29:52.36 | GuillaumeCharron | APP_v5.J.xlsb | modFunctions:Fn_GetID_From_Client_Name - Solutions Huwiz Inc. [Carolljo Maher]
2024-12-29 08:29:52.38 | GuillaumeCharron | APP_v5.J.xlsb | modFunctions:Fn_GetID_From_Client_Name - 1528 = '0,0312 secondes'

2024-12-29 08:29:52.41 | GuillaumeCharron | APP_v5.J.xlsb | ufSaisieHeures:txtClient_AfterUpdate = '0,0781 secondes'

2024-12-29 08:31:27.94 | GuillaumeCharron | APP_v5.J.xlsb | ufSaisieHeures:txtActivite_AfterUpdate[révision des directives fiduciaires de Martyne]
2024-12-29 08:31:27.97 | GuillaumeCharron | APP_v5.J.xlsb | ufSaisieHeures:txtActivite_AfterUpdate = '0,0293 secondes'

2024-12-29 08:31:29.91 | GuillaumeCharron | APP_v5.J.xlsb | ufSaisieHeures:txtHeures_AfterUpdate[1.25]
2024-12-29 08:31:29.94 | GuillaumeCharron | APP_v5.J.xlsb | ufSaisieHeures:txtHeures_AfterUpdate = '0,0332 secondes'

2024-12-29 08:31:29.96 | GuillaumeCharron | APP_v5.J.xlsb | ufSaisieHeures:txtHeures_Exit[1,25]
2024-12-29 08:31:29.98 | GuillaumeCharron | APP_v5.J.xlsb | ufSaisieHeures:txtHeures_Exit = '0,0254 secondes'

2024-12-29 08:31:31.26 | GuillaumeCharron | APP_v5.J.xlsb | ufSaisieHeures:cmdAdd_Click
2024-12-29 08:31:31.29 | GuillaumeCharron | APP_v5.J.xlsb | modTEC_Saisie:TEC_Ajoute_Ligne
2024-12-29 08:31:31.31 | GuillaumeCharron | APP_v5.J.xlsb | modTEC_Saisie:TEC_Record_Add_Or_Update_To_DB(0)
2024-12-29 08:31:31.70 | GuillaumeCharron | APP_v5.J.xlsb | modTEC_Saisie:TEC_Record_Add_Or_Update_To_DB - 0 = '0,3867 secondes'

2024-12-29 08:31:31.72 | GuillaumeCharron | APP_v5.J.xlsb | modTEC_Saisie:TEC_Record_Add_Or_Update_Locally(0)
2024-12-29 08:31:31.79 | GuillaumeCharron | APP_v5.J.xlsb | modTEC_Saisie:TEC_Record_Add_Or_Update_Locally - 0 = '0,0703 secondes'

2024-12-29 08:31:31.81 | GuillaumeCharron | APP_v5.J.xlsb | modTEC_Saisie:TEC_Get_All_TEC_AF - 1/2024-12-26
2024-12-29 08:31:31.90 | GuillaumeCharron | APP_v5.J.xlsb | modTEC_Saisie:TEC_Get_All_TEC_AF = '0,0996 secondes'

2024-12-29 08:31:31.93 | GuillaumeCharron | APP_v5.J.xlsb | modTEC_Saisie:TEC_Refresh_ListBox_And_Add_Hours - 1/2024-12-26
2024-12-29 08:31:31.96 | GuillaumeCharron | APP_v5.J.xlsb | wshTEC_TDB_Data:Worksheet_Change($U$7)
2024-12-29 08:31:31.98 | GuillaumeCharron | APP_v5.J.xlsb | modTEC_TDB:ActualiserTEC_TDB
2024-12-29 08:31:31.00 | GuillaumeCharron | APP_v5.J.xlsb | modTEC_Saisie:TEC_Update_TDB_From_TEC_Local
2024-12-29 08:31:32.12 | GuillaumeCharron | APP_v5.J.xlsb | modTEC_Saisie:TEC_Update_TDB_From_TEC_Local = '0,1270 secondes'

2024-12-29 08:31:32.15 | GuillaumeCharron | APP_v5.J.xlsb | modTEC_Saisie:TEC_TdB_Refresh_All_Pivot_Tables
2024-12-29 08:31:32.33 | GuillaumeCharron | APP_v5.J.xlsb | modTEC_Saisie:TEC_TdB_Refresh_All_Pivot_Tables = '0,1895 secondes'

2024-12-29 08:31:32.35 | GuillaumeCharron | APP_v5.J.xlsb | modTEC_TDB:ActualiserTEC_TDB = '0,3750 secondes'

2024-12-29 08:31:32.37 | GuillaumeCharron | APP_v5.J.xlsb | modStatsHeures:Stats_Heures_AF
2024-12-29 08:31:32.54 | GuillaumeCharron | APP_v5.J.xlsb | modStatsHeures:Stats_Heures_AF = '0,1680 secondes'

2024-12-29 08:31:32.56 | GuillaumeCharron | APP_v5.J.xlsb | modAppli:UpdatePivotTables
2024-12-29 08:31:32.63 | GuillaumeCharron | APP_v5.J.xlsb | modAppli:UpdatePivotTables = '0,0762 secondes'

2024-12-29 08:31:32.65 | GuillaumeCharron | APP_v5.J.xlsb | wshTEC_TDB_Data:Worksheet_Change = '0,6953 secondes'

2024-12-29 08:31:32.72 | GuillaumeCharron | APP_v5.J.xlsb | modTEC_Saisie:TEC_Refresh_ListBox_And_Add_Hours - 1/2024-12-26 = '0,7969 secondes'

2024-12-29 08:31:32.74 | GuillaumeCharron | APP_v5.J.xlsb | modTEC_Saisie:TEC_Ajoute_Ligne = '1,4570 secondes'

2024-12-29 08:31:32.76 | GuillaumeCharron | APP_v5.J.xlsb | ufSaisieHeures:cmdAdd_Click = '1,5039 secondes'

2024-12-29 08:31:34.27 | GuillaumeCharron | APP_v5.J.xlsb | ufSaisieHeures:UserForm_Terminate
2024-12-29 08:31:34.31 | GuillaumeCharron | APP_v5.J.xlsb | ufSaisieHeures:UserForm_Terminate = '0,0527 secondes'

2024-12-29 08:34:50.30 | GuillaumeCharron | APP_v5.J.xlsb | modMenu:Hide_All_Worksheets_Except_Menu
2024-12-29 08:34:50.35 | GuillaumeCharron | APP_v5.J.xlsb | modMenu:Hide_All_Worksheets_Except_Menu = '0,0469 secondes'

2024-12-29 08:34:52.56 | GuillaumeCharron | APP_v5.J.xlsb | modMenu:menuComptabilite_Click
2024-12-29 08:34:52.62 | GuillaumeCharron | APP_v5.J.xlsb | modMenu:menuComptabilite_Click = '0,0645 secondes'

2024-12-29 08:34:53.42 | GuillaumeCharron | APP_v5.J.xlsb | wshENC_Saisie:Worksheet_Activate
2024-12-29 08:34:53.45 | GuillaumeCharron | APP_v5.J.xlsb | modImport:Client_List_Import_All
2024-12-29 08:34:53.59 | GuillaumeCharron | APP_v5.J.xlsb | modImport:ResizeTable
2024-12-29 08:34:53.62 | GuillaumeCharron | APP_v5.J.xlsb | modImport:ResizeTable = '0,0293 secondes'

2024-12-29 08:34:53.63 | GuillaumeCharron | APP_v5.J.xlsb | modImport:ApplyFormatting
2024-12-29 08:34:53.65 | GuillaumeCharron | APP_v5.J.xlsb | modImport:ApplyFormatting = '0,0234 secondes'

2024-12-29 08:34:53.73 | GuillaumeCharron | APP_v5.J.xlsb | modImport:Client_List_Import_All = '0,2891 secondes'

2024-12-29 08:34:53.75 | GuillaumeCharron | APP_v5.J.xlsb | modImport:FAC_Comptes_Clients_Import_All
2024-12-29 08:34:53.97 | GuillaumeCharron | APP_v5.J.xlsb | modImport:FAC_Comptes_Clients_Import_All = '0,2188 secondes'

2024-12-29 08:34:53.98 | GuillaumeCharron | APP_v5.J.xlsb | modImport:FAC_Détails_Import_All
2024-12-29 08:34:54.23 | GuillaumeCharron | APP_v5.J.xlsb | modImport:FAC_Détails_Import_All = '0,2461 secondes'

2024-12-29 08:34:54.25 | GuillaumeCharron | APP_v5.J.xlsb | modImport:FAC_Entête_Import_All
2024-12-29 08:34:54.43 | GuillaumeCharron | APP_v5.J.xlsb | modImport:FAC_Entête_Import_All = '0,1855 secondes'

2024-12-29 08:34:54.45 | GuillaumeCharron | APP_v5.J.xlsb | modImport:ENC_Détails_Import_All
2024-12-29 08:34:54.62 | GuillaumeCharron | APP_v5.J.xlsb | modImport:ENC_Détails_Import_All = '0,1738 secondes'

2024-12-29 08:34:54.64 | GuillaumeCharron | APP_v5.J.xlsb | modImport:ENC_Entête_Import_All
2024-12-29 08:34:54.80 | GuillaumeCharron | APP_v5.J.xlsb | modImport:ENC_Entête_Import_All = '0,1680 secondes'

2024-12-29 08:34:54.82 | GuillaumeCharron | APP_v5.J.xlsb | modImport:GL_Trans_Import_All
2024-12-29 08:34:55.11 | GuillaumeCharron | APP_v5.J.xlsb | modImport:GL_Trans_Import_All = '0,2910 secondes'

2024-12-29 08:34:55.15 | GuillaumeCharron | APP_v5.J.xlsb | modDev_Utils:SetTabOrder(wshENC_Saisie)
2024-12-29 08:34:55.18 | GuillaumeCharron | APP_v5.J.xlsb | modDev_Utils:SetTabOrder = '0,0352 secondes'

2024-12-29 08:34:55.20 | GuillaumeCharron | APP_v5.J.xlsb | modENC_Saisie:ENC_Remove_Check_Boxes
2024-12-29 08:34:55.23 | GuillaumeCharron | APP_v5.J.xlsb | modENC_Saisie:ENC_Remove_Check_Boxes = '0,0332 secondes'

2024-12-29 08:34:55.28 | GuillaumeCharron | APP_v5.J.xlsb | modFunctions:Fn_Complete_Date(29/12/24, 30, 0)
2024-12-29 08:34:55.30 | GuillaumeCharron | APP_v5.J.xlsb | modFunctions:Fn_Complete_Date = '0,0273 secondes'

2024-12-29 08:34:55.33 | GuillaumeCharron | APP_v5.J.xlsb | wshENC_Saisie:Worksheet_Activate = '1,9121 secondes'

2024-12-29 08:35:37.99 | GuillaumeCharron | APP_v5.J.xlsb | modENC_Saisie:ENC_Back_To_GL_Menu
2024-12-29 08:35:38.02 | GuillaumeCharron | APP_v5.J.xlsb | modENC_Saisie:ENC_Clear_Cells
2024-12-29 08:35:38.09 | GuillaumeCharron | APP_v5.J.xlsb | modENC_Saisie:ENC_Clear_Cells = '0,0762 secondes'

2024-12-29 08:35:38.12 | GuillaumeCharron | APP_v5.J.xlsb | modENC_Saisie:ENC_Back_To_GL_Menu = '0,1387 secondes'

2024-12-29 08:35:40.63 | GuillaumeCharron | APP_v5.J.xlsb | wshGL_BV:Worksheet_Activate
2024-12-29 08:35:40.65 | GuillaumeCharron | APP_v5.J.xlsb | modImport:GL_Trans_Import_All
2024-12-29 08:35:40.96 | GuillaumeCharron | APP_v5.J.xlsb | modImport:GL_Trans_Import_All = '0,3145 secondes'

2024-12-29 08:35:41.02 | GuillaumeCharron | APP_v5.J.xlsb | modFunctions:Fn_Complete_Date(, 999, 15)
2024-12-29 08:35:41.04 | GuillaumeCharron | APP_v5.J.xlsb | modFunctions:Fn_Complete_Date = '0,0254 secondes'

2024-12-29 08:35:41.07 | GuillaumeCharron | APP_v5.J.xlsb | modGL_BV:GL_Trial_Balance_Build(29/12/24)
2024-12-29 08:35:41.11 | GuillaumeCharron | APP_v5.J.xlsb | modGL_Rapport:GL_Get_Account_Trans_AF( - De 31/07/24 à 29/12/24)
2024-12-29 08:35:41.21 | GuillaumeCharron | APP_v5.J.xlsb | modGL_Rapport:GL_Get_Account_Trans_AF = '0,1035 secondes'

2024-12-29 08:35:41.48 | GuillaumeCharron | APP_v5.J.xlsb | modGL_BV:GL_BV_Display_TB_Totals
2024-12-29 08:35:41.50 | GuillaumeCharron | APP_v5.J.xlsb | modGL_BV:GL_BV_Display_TB_Totals = '0,0312 secondes'

2024-12-29 08:35:41.53 | GuillaumeCharron | APP_v5.J.xlsb | modGL_BV:GL_BV_Display_TB_Totals
2024-12-29 08:35:41.55 | GuillaumeCharron | APP_v5.J.xlsb | modGL_BV:GL_BV_Display_TB_Totals = '0,0273 secondes'

2024-12-29 08:35:42.09 | GuillaumeCharron | APP_v5.J.xlsb | modGL_BV:GL_Trial_Balance_Build = '1,0234 secondes'

2024-12-29 08:35:42.12 | GuillaumeCharron | APP_v5.J.xlsb | wshGL_BV:Worksheet_Activate = '1,4922 secondes'

2024-12-29 08:35:44.47 | GuillaumeCharron | APP_v5.J.xlsb | modGL_Stuff:GL_BV_Effacer_Zone_Et_Shape
2024-12-29 08:35:44.52 | GuillaumeCharron | APP_v5.J.xlsb | modGL_Stuff:GL_BV_Effacer_Zone_Et_Shape = '0,0547 secondes'

2024-12-29 08:35:44.55 | GuillaumeCharron | APP_v5.J.xlsb | modGL_BV:GL_BV_Display_Trans_For_Selected_Account(1000 De 31/07/24 à 29/12/24)
2024-12-29 08:35:50.08 | GuillaumeCharron | APP_v5.J.xlsb | modGL_Stuff:GL_BV_Ajouter_Shape_Retour
2024-12-29 08:35:50.12 | GuillaumeCharron | APP_v5.J.xlsb | modGL_Stuff:GL_BV_Ajouter_Shape_Retour = '0,0449 secondes'

2024-12-29 08:35:50.27 | GuillaumeCharron | APP_v5.J.xlsb | modGL_BV:GL_BV_Display_Trans_For_Selected_Account = '5,7266 secondes'

2024-12-29 08:39:07.64 | GuillaumeCharron | APP_v5.J.xlsb | wshGL_BV:Worksheet_Activate
2024-12-29 08:39:07.68 | GuillaumeCharron | APP_v5.J.xlsb | modImport:GL_Trans_Import_All
2024-12-29 08:39:08.01 | GuillaumeCharron | APP_v5.J.xlsb | modImport:GL_Trans_Import_All = '0,3359 secondes'

2024-12-29 08:39:08.08 | GuillaumeCharron | APP_v5.J.xlsb | modFunctions:Fn_Complete_Date(, 999, 15)
2024-12-29 08:39:08.11 | GuillaumeCharron | APP_v5.J.xlsb | modFunctions:Fn_Complete_Date = '0,0352 secondes'

2024-12-29 08:39:08.14 | GuillaumeCharron | APP_v5.J.xlsb | modGL_BV:GL_Trial_Balance_Build(29/12/24)
2024-12-29 08:39:08.19 | GuillaumeCharron | APP_v5.J.xlsb | modGL_Rapport:GL_Get_Account_Trans_AF( - De 31/07/24 à 29/12/24)
2024-12-29 08:39:08.29 | GuillaumeCharron | APP_v5.J.xlsb | modGL_Rapport:GL_Get_Account_Trans_AF = '0,1113 secondes'

2024-12-29 08:39:08.59 | GuillaumeCharron | APP_v5.J.xlsb | modGL_BV:GL_BV_Display_TB_Totals
2024-12-29 08:39:08.62 | GuillaumeCharron | APP_v5.J.xlsb | modGL_BV:GL_BV_Display_TB_Totals = '0,0352 secondes'

2024-12-29 08:39:08.64 | GuillaumeCharron | APP_v5.J.xlsb | modGL_BV:GL_BV_Display_TB_Totals
2024-12-29 08:39:08.67 | GuillaumeCharron | APP_v5.J.xlsb | modGL_BV:GL_BV_Display_TB_Totals = '0,0332 secondes'

2024-12-29 08:39:09.14 | GuillaumeCharron | APP_v5.J.xlsb | modGL_BV:GL_Trial_Balance_Build = '0,9980 secondes'

2024-12-29 08:39:09.17 | GuillaumeCharron | APP_v5.J.xlsb | wshGL_BV:Worksheet_Activate = '1,5312 secondes'

2024-12-29 08:39:12.13 | GuillaumeCharron | APP_v5.J.xlsb | modGL_Stuff:GL_BV_Effacer_Zone_Et_Shape
2024-12-29 08:39:12.18 | GuillaumeCharron | APP_v5.J.xlsb | modGL_Stuff:GL_BV_Effacer_Zone_Et_Shape = '0,0547 secondes'

2024-12-29 08:39:12.21 | GuillaumeCharron | APP_v5.J.xlsb | modGL_BV:GL_BV_Display_Trans_For_Selected_Account(1000 De 31/07/24 à 29/12/24)
2024-12-29 08:39:18.35 | GuillaumeCharron | APP_v5.J.xlsb | modGL_Stuff:GL_BV_Ajouter_Shape_Retour
2024-12-29 08:39:18.38 | GuillaumeCharron | APP_v5.J.xlsb | modGL_Stuff:GL_BV_Ajouter_Shape_Retour = '0,0391 secondes'

2024-12-29 08:39:18.53 | GuillaumeCharron | APP_v5.J.xlsb | modGL_BV:GL_BV_Display_Trans_For_Selected_Account = '6,3281 secondes'

2024-12-29 08:42:16.12 | GuillaumeCharron | APP_v5.J.xlsb | modGL_Stuff:GL_BV_Effacer_Zone_Et_Shape
2024-12-29 08:42:16.19 | GuillaumeCharron | APP_v5.J.xlsb | modGL_Stuff:GL_BV_Effacer_Zone_Et_Shape = '0,0723 secondes'

2024-12-29 08:42:18.89 | GuillaumeCharron | APP_v5.J.xlsb | modMenu:Hide_All_Worksheets_Except_Menu
2024-12-29 08:42:18.93 | GuillaumeCharron | APP_v5.J.xlsb | modMenu:Hide_All_Worksheets_Except_Menu = '0,0430 secondes'

2024-12-29 08:42:19.74 | GuillaumeCharron | APP_v5.J.xlsb | modMenu:SauvegarderEtSortirApplication
2024-12-29 08:42:21.07 | GuillaumeCharron | APP_v5.J.xlsb | modMenu:Delete_User_Active_File
2024-12-29 08:42:21.11 | GuillaumeCharron | APP_v5.J.xlsb | modMenu:Delete_User_Active_File = '0,0410 secondes'

2024-12-29 08:42:21.13 | GuillaumeCharron | APP_v5.J.xlsb | ***** Session terminée NORMALEMENT (modMenu:SauvegarderEtSortirApplication) *****

