2025-01-27 10:07:02.78 | User | Clients_v5.2.xlsm | ***** Début de session - Workbook_Open ***** | 
2025-01-27 10:07:02.85 | User | Clients_v5.2.xlsm | modMain:CM_Client_List_Import_All | 
2025-01-27 10:07:03.25 | User | Clients_v5.2.xlsm | modMain:CM_Apply_Worksheet_Format | 
2025-01-27 10:07:03.39 | User | Clients_v5.2.xlsm | modMain:CM_Apply_Worksheet_Format = '0,1367 secondes'
2025-01-27 10:07:03.50 | User | Clients_v5.2.xlsm | modMain:CM_Client_List_Import_All = '0,6523 secondes'
2025-01-27 10:07:03.63 | User | Clients_v5.2.xlsm | ufClientMF:UserForm_Initialize | 
2025-01-27 10:07:03.68 | User | Clients_v5.2.xlsm | modMain:CM_Reset_UserForm | 
2025-01-27 10:07:03.72 | User | Clients_v5.2.xlsm | modMain:CM_Add_SearchColumn | 
2025-01-27 10:07:03.77 | User | Clients_v5.2.xlsm | ufClientMF:cmbSearchColumn_Change | 
2025-01-27 10:07:03.81 | User | Clients_v5.2.xlsm | ufClientMF:cmbSearchColumn_Change = '0,0508 secondes'
2025-01-27 10:07:03.85 | User | Clients_v5.2.xlsm | modMain:CM_Add_SearchColumn = '0,1367 secondes'
2025-01-27 10:07:03.93 | User | Clients_v5.2.xlsm | modMain:CM_Reset_UserForm = '0,2617 secondes'
2025-01-27 10:07:03.99 | User | Clients_v5.2.xlsm | ufClientMF:UserForm_Initialize = '0,3672 secondes'
2025-01-27 10:07:21.79 | User | Clients_v5.2.xlsm | ufClientMF:cmdSearch_Click | 
2025-01-27 10:07:21.86 | User | Clients_v5.2.xlsm | modMain:CM_Build_Données_Recherche | 
2025-01-27 10:07:23.77 | User | Clients_v5.2.xlsm | modMain:CM_Build_Données_Recherche = '1,9219 secondes'
2025-01-27 10:07:23.84 | User | Clients_v5.2.xlsm | ufClientMF:cmdSearch_Click = '2,0508 secondes'
2025-01-27 10:07:26.81 | User | Clients_v5.2.xlsm | ufClientMF:cmbSearchColumn_Change | 
2025-01-27 10:07:26.86 | User | Clients_v5.2.xlsm | ufClientMF:cmbSearchColumn_Change = '0,0586 secondes'
2025-01-27 10:07:31.01 | User | Clients_v5.2.xlsm | ufClientMF:cmdSearch_Click | 
2025-01-27 10:07:31.06 | User | Clients_v5.2.xlsm | modMain:CM_Build_Données_Recherche | 
2025-01-27 10:07:31.21 | User | Clients_v5.2.xlsm | modMain:CM_Build_Données_Recherche = '0,1523 secondes'
2025-01-27 10:07:31.25 | User | Clients_v5.2.xlsm | ufClientMF:cmdSearch_Click = '0,2500 secondes'
2025-01-27 10:08:32.88 | User | Clients_v5.2.xlsm | ufClientMF:cmdSearch_Click | 
2025-01-27 10:08:32.94 | User | Clients_v5.2.xlsm | modMain:CM_Build_Données_Recherche | 
2025-01-27 10:08:34.48 | User | Clients_v5.2.xlsm | modMain:CM_Build_Données_Recherche = '1,5547 secondes'
2025-01-27 10:08:34.54 | User | Clients_v5.2.xlsm | ufClientMF:cmdSearch_Click = '1,6641 secondes'
2025-01-27 10:08:36.79 | User | Clients_v5.2.xlsm | ufClientMF:cmbSearchColumn_Change | 
2025-01-27 10:08:36.84 | User | Clients_v5.2.xlsm | ufClientMF:cmbSearchColumn_Change = '0,0547 secondes'
2025-01-27 10:08:41.54 | User | Clients_v5.2.xlsm | ufClientMF:cmdSearch_Click | 
2025-01-27 10:08:41.59 | User | Clients_v5.2.xlsm | modMain:CM_Build_Données_Recherche | 
2025-01-27 10:08:44.71 | User | Clients_v5.2.xlsm | modMain:CM_Build_Données_Recherche = '3,1602 secondes'
2025-01-27 10:08:44.79 | User | Clients_v5.2.xlsm | ufClientMF:cmdSearch_Click = '3,2695 secondes'
2025-01-27 10:08:58.67 | User | Clients_v5.2.xlsm | ***** Fin de session - Workbook_BeforeClose ***** | 
2025-01-28 16:38:55.58 | Annie | Clients_v5.2.xlsm | modMain:CM_Client_List_Import_All | 
2025-01-28 16:38:56.23 | Annie | Clients_v5.2.xlsm | modMain:CM_Apply_Worksheet_Format | 
2025-01-28 16:38:56.43 | Annie | Clients_v5.2.xlsm | modMain:CM_Apply_Worksheet_Format = '0.2188 secondes'
2025-01-28 16:38:56.58 | Annie | Clients_v5.2.xlsm | modMain:CM_Client_List_Import_All = '1.0430 secondes'
2025-01-28 16:38:56.70 | Annie | Clients_v5.2.xlsm | ufClientMF:UserForm_Initialize | 
2025-01-28 16:38:56.80 | Annie | Clients_v5.2.xlsm | modMain:CM_Reset_UserForm | 
2025-01-28 16:38:56.89 | Annie | Clients_v5.2.xlsm | modMain:CM_Add_SearchColumn | 
2025-01-28 16:38:56.96 | Annie | Clients_v5.2.xlsm | ufClientMF:cmbSearchColumn_Change | 
2025-01-28 16:38:57.04 | Annie | Clients_v5.2.xlsm | ufClientMF:cmbSearchColumn_Change = '0.1172 secondes'
2025-01-28 16:38:57.16 | Annie | Clients_v5.2.xlsm | modMain:CM_Add_SearchColumn = '0.3086 secondes'
2025-01-28 16:38:57.34 | Annie | Clients_v5.2.xlsm | modMain:CM_Reset_UserForm = '0.5664 secondes'
2025-01-28 16:38:57.43 | Annie | Clients_v5.2.xlsm | ufClientMF:UserForm_Initialize = '0.7656 secondes'
2025-01-28 16:39:20.59 | Annie | Clients_v5.2.xlsm | ufClientMF:txtNomClient_Exit | 
2025-01-28 16:39:20.69 | Annie | Clients_v5.2.xlsm | ufClientMF:txtNomClient_Exit = '0.1328 secondes'
2025-01-28 16:39:20.80 | Annie | Clients_v5.2.xlsm | ufClientMF:cmdAddClient_Click | 
2025-01-28 16:39:20.90 | Annie | Clients_v5.2.xlsm | modMain:CM_Reset_UserForm | 
2025-01-28 16:39:20.00 | Annie | Clients_v5.2.xlsm | modMain:CM_Add_SearchColumn | 
2025-01-28 16:39:21.10 | Annie | Clients_v5.2.xlsm | ufClientMF:cmbSearchColumn_Change | 
2025-01-28 16:39:21.19 | Annie | Clients_v5.2.xlsm | ufClientMF:cmbSearchColumn_Change = '0.1211 secondes'
2025-01-28 16:39:21.29 | Annie | Clients_v5.2.xlsm | ufClientMF:cmbSearchColumn_Change | 
2025-01-28 16:39:21.39 | Annie | Clients_v5.2.xlsm | ufClientMF:cmbSearchColumn_Change = '0.1367 secondes'
2025-01-28 16:39:21.48 | Annie | Clients_v5.2.xlsm | modMain:CM_Add_SearchColumn = '0.5195 secondes'
2025-01-28 16:39:21.61 | Annie | Clients_v5.2.xlsm | modMain:CM_Reset_UserForm = '0.7383 secondes'
2025-01-28 16:39:24.23 | Annie | Clients_v5.2.xlsm | ufClientMF:cmdAddClient_Click = '3.4688 secondes'
2025-01-28 16:39:29.03 | Annie | Clients_v5.2.xlsm | ufClientMF:txtCodeClient_Exit | 
2025-01-28 16:39:29.14 | Annie | Clients_v5.2.xlsm | modMain:Fn_Is_Client_Code_Already_Used | 
2025-01-28 16:39:29.27 | Annie | Clients_v5.2.xlsm | modMain:Fn_Is_Client_Code_Already_Used | checkPoint | FAUX
2025-01-28 16:39:29.37 | Annie | Clients_v5.2.xlsm | modMain:Fn_Is_Client_Code_Already_Used = '0.2539 secondes'
2025-01-28 16:39:29.46 | Annie | Clients_v5.2.xlsm | ufClientMF:txtCodeClient_Exit = '0.4609 secondes'
2025-01-28 16:40:26.64 | Annie | Clients_v5.2.xlsm | ufClientMF:txtNomClient_Exit | 
2025-01-28 16:40:26.75 | Annie | Clients_v5.2.xlsm | ufClientMF:txtNomClient_Exit = '0.1289 secondes'
2025-01-28 16:42:33.27 | Annie | Clients_v5.2.xlsm | ufClientMF:txtCodeClient_Exit | 
2025-01-28 16:42:33.38 | Annie | Clients_v5.2.xlsm | modMain:Fn_Is_Client_Code_Already_Used | 
2025-01-28 16:42:33.50 | Annie | Clients_v5.2.xlsm | modMain:Fn_Is_Client_Code_Already_Used | checkPoint | FAUX
2025-01-28 16:42:33.60 | Annie | Clients_v5.2.xlsm | modMain:Fn_Is_Client_Code_Already_Used = '0.2461 secondes'
2025-01-28 16:42:33.70 | Annie | Clients_v5.2.xlsm | ufClientMF:txtCodeClient_Exit = '0.4570 secondes'
2025-01-28 16:42:38.09 | Annie | Clients_v5.2.xlsm | ufClientMF:txtNomClient_Exit | 
2025-01-28 16:42:38.20 | Annie | Clients_v5.2.xlsm | ufClientMF:txtNomClient_Exit = '0.1367 secondes'
2025-01-28 16:43:15.52 | Annie | Clients_v5.2.xlsm | ufClientMF:txtCodeClient_Exit | 
2025-01-28 16:43:15.63 | Annie | Clients_v5.2.xlsm | modMain:Fn_Is_Client_Code_Already_Used | 
2025-01-28 16:43:15.75 | Annie | Clients_v5.2.xlsm | modMain:Fn_Is_Client_Code_Already_Used | checkPoint | FAUX
2025-01-28 16:43:15.85 | Annie | Clients_v5.2.xlsm | modMain:Fn_Is_Client_Code_Already_Used = '0.2500 secondes'
2025-01-28 16:43:15.95 | Annie | Clients_v5.2.xlsm | ufClientMF:txtCodeClient_Exit = '0.4648 secondes'
2025-01-28 16:43:32.46 | Annie | Clients_v5.2.xlsm | modMain:Fn_Fix_Txt_Fin_Annee | 
2025-01-28 16:43:32.57 | Annie | Clients_v5.2.xlsm | modMain:Fn_Fix_Txt_Fin_Annee = '0.1328 secondes'
2025-01-28 16:43:32.69 | Annie | Clients_v5.2.xlsm | ufClientMF:txtCodeClient_Exit | 
2025-01-28 16:43:32.79 | Annie | Clients_v5.2.xlsm | modMain:Fn_Is_Client_Code_Already_Used | 
2025-01-28 16:43:32.93 | Annie | Clients_v5.2.xlsm | modMain:Fn_Is_Client_Code_Already_Used | checkPoint | FAUX
2025-01-28 16:43:33.03 | Annie | Clients_v5.2.xlsm | modMain:Fn_Is_Client_Code_Already_Used = '0.2695 secondes'
2025-01-28 16:43:33.14 | Annie | Clients_v5.2.xlsm | ufClientMF:txtCodeClient_Exit = '0.4766 secondes'
2025-01-28 16:43:49.55 | Annie | Clients_v5.2.xlsm | ufClientMF:cmdSave_Click | 
2025-01-28 16:43:49.65 | Annie | Clients_v5.2.xlsm | modMain:Fn_ValidateEntries | 
2025-01-28 16:43:49.74 | Annie | Clients_v5.2.xlsm | modMain:Fn_ValidateEntries = '0.1172 secondes'
2025-01-28 16:43:49.83 | Annie | Clients_v5.2.xlsm | ufClientMF:Fix_Some_Fields | 
2025-01-28 16:43:49.93 | Annie | Clients_v5.2.xlsm | ufClientMF:Fix_Some_Fields = '0.1289 secondes'
2025-01-28 16:43:52.26 | Annie | Clients_v5.2.xlsm | modMain:Fn_Is_Client_Code_Already_Used | 
2025-01-28 16:43:52.36 | Annie | Clients_v5.2.xlsm | modMain:Fn_Is_Client_Code_Already_Used | checkPoint | FAUX
2025-01-28 16:43:52.46 | Annie | Clients_v5.2.xlsm | modMain:Fn_Is_Client_Code_Already_Used = '0.2266 secondes'
2025-01-28 16:43:52.55 | Annie | Clients_v5.2.xlsm | modMain:CM_Update_External_GCF_BD_Entrée | NEW_RECORD
2025-01-28 16:43:55.56 | Annie | Clients_v5.2.xlsm | modMain:CM_Update_External_GCF_BD_Entrée | checkPoint | DDM (0.0.0.1)
2025-01-28 16:43:55.80 | Annie | Clients_v5.2.xlsm | modMain:CM_Update_External_GCF_BD_Entrée = '3.2852 secondes'
2025-01-28 16:43:55.90 | Annie | Clients_v5.2.xlsm | modMain:CM_Update_Locally_GCF_BD_Entrée | 
2025-01-28 16:43:55.99 | Annie | Clients_v5.2.xlsm | modMain:CM_Update_Locally_GCF_BD_Entrée = '0.1133 secondes'
2025-01-28 16:43:56.08 | Annie | Clients_v5.2.xlsm | modMain:CM_Reset_UserForm | 
2025-01-28 16:43:56.19 | Annie | Clients_v5.2.xlsm | modMain:CM_Add_SearchColumn | 
2025-01-28 16:43:56.29 | Annie | Clients_v5.2.xlsm | ufClientMF:cmbSearchColumn_Change | 
2025-01-28 16:43:56.39 | Annie | Clients_v5.2.xlsm | ufClientMF:cmbSearchColumn_Change = '0.1328 secondes'
2025-01-28 16:43:56.50 | Annie | Clients_v5.2.xlsm | ufClientMF:cmbSearchColumn_Change | 
2025-01-28 16:43:56.60 | Annie | Clients_v5.2.xlsm | ufClientMF:cmbSearchColumn_Change = '0.1250 secondes'
2025-01-28 16:43:56.70 | Annie | Clients_v5.2.xlsm | modMain:CM_Add_SearchColumn = '0.5352 secondes'
2025-01-28 16:43:56.86 | Annie | Clients_v5.2.xlsm | modMain:CM_Reset_UserForm = '0.8086 secondes'
2025-01-28 16:43:57.01 | Annie | Clients_v5.2.xlsm | ufClientMF:lstDonnées_Click | 
2025-01-28 16:43:57.11 | Annie | Clients_v5.2.xlsm | ufClientMF:lstDonnées_Click = '0.1367 secondes'
2025-01-28 16:43:57.21 | Annie | Clients_v5.2.xlsm | ufClientMF:cmdSave_Click = '7.6914 secondes'
2025-01-28 16:44:03.66 | Annie | Clients_v5.2.xlsm | ufClientMF:lstDonnées_Click | 
2025-01-28 16:44:03.77 | Annie | Clients_v5.2.xlsm | ufClientMF:lstDonnées_Click = '0.1367 secondes'
2025-01-28 16:44:05.06 | Annie | Clients_v5.2.xlsm | ufClientMF:lstDonnées_DblClick | 
2025-01-28 16:44:05.17 | Annie | Clients_v5.2.xlsm | ufClientMF:cmdEdit_Click | 
2025-01-28 16:44:05.27 | Annie | Clients_v5.2.xlsm | modMain:Fn_Selected_List | 
2025-01-28 16:44:05.38 | Annie | Clients_v5.2.xlsm | modMain:Fn_Selected_List = '0.1406 secondes'
2025-01-28 16:44:05.49 | Annie | Clients_v5.2.xlsm | modMain:Fn_Selected_List | 
2025-01-28 16:44:05.59 | Annie | Clients_v5.2.xlsm | modMain:Fn_Selected_List = '0.1289 secondes'
2025-01-28 16:44:05.69 | Annie | Clients_v5.2.xlsm | ufClientMF:cmdEdit_Click = '0.5469 secondes'
2025-01-28 16:44:05.79 | Annie | Clients_v5.2.xlsm | ufClientMF:lstDonnées_DblClick = '0.7656 secondes'
2025-01-28 16:44:07.30 | Annie | Clients_v5.2.xlsm | ufClientMF:txtCodeClient_Exit | 
2025-01-28 16:44:07.41 | Annie | Clients_v5.2.xlsm | modMain:Fn_Is_Client_Code_Already_Used | 
2025-01-28 16:44:07.56 | Annie | Clients_v5.2.xlsm | modMain:Fn_Is_Client_Code_Already_Used | checkPoint | VRAI
2025-01-28 16:44:07.66 | Annie | Clients_v5.2.xlsm | modMain:Fn_Is_Client_Code_Already_Used = '0.2891 secondes'
2025-01-28 16:44:07.77 | Annie | Clients_v5.2.xlsm | ufClientMF:txtCodeClient_Exit = '0.4961 secondes'
2025-01-28 16:44:18.15 | Annie | Clients_v5.2.xlsm | ufClientMF:cmdSave_Click | 
2025-01-28 16:44:18.25 | Annie | Clients_v5.2.xlsm | modMain:Fn_ValidateEntries | 
2025-01-28 16:44:18.36 | Annie | Clients_v5.2.xlsm | modMain:Fn_ValidateEntries = '0.1328 secondes'
2025-01-28 16:44:18.49 | Annie | Clients_v5.2.xlsm | ufClientMF:Fix_Some_Fields | 
2025-01-28 16:44:18.59 | Annie | Clients_v5.2.xlsm | ufClientMF:Fix_Some_Fields = '0.1328 secondes'
2025-01-28 16:44:20.61 | Annie | Clients_v5.2.xlsm | modMain:Fn_Is_Client_Code_Already_Used | 
2025-01-28 16:44:20.71 | Annie | Clients_v5.2.xlsm | modMain:Fn_Is_Client_Code_Already_Used | checkPoint | VRAI
2025-01-28 16:44:20.80 | Annie | Clients_v5.2.xlsm | modMain:Fn_Is_Client_Code_Already_Used = '0.2266 secondes'
2025-01-28 16:44:20.89 | Annie | Clients_v5.2.xlsm | modMain:CM_Update_External_GCF_BD_Entrée | UPDATE
2025-01-28 16:44:23.63 | Annie | Clients_v5.2.xlsm | modMain:CM_Update_External_GCF_BD_Entrée | checkPoint | DDM (0.0.0.1)
2025-01-28 16:44:24.00 | Annie | Clients_v5.2.xlsm | modMain:CM_Update_External_GCF_BD_Entrée = '3.1328 secondes'
2025-01-28 16:44:24.09 | Annie | Clients_v5.2.xlsm | modMain:CM_Update_Locally_GCF_BD_Entrée | 
2025-01-28 16:44:24.18 | Annie | Clients_v5.2.xlsm | ufClientMF:lstDonnées_Click | 
2025-01-28 16:44:24.27 | Annie | Clients_v5.2.xlsm | ufClientMF:lstDonnées_Click = '0.1289 secondes'
2025-01-28 16:44:24.45 | Annie | Clients_v5.2.xlsm | ufClientMF:lstDonnées_Click | 
2025-01-28 16:44:24.55 | Annie | Clients_v5.2.xlsm | ufClientMF:lstDonnées_Click = '0.1328 secondes'
2025-01-28 16:44:24.66 | Annie | Clients_v5.2.xlsm | ufClientMF:lstDonnées_Click | 
2025-01-28 16:44:24.77 | Annie | Clients_v5.2.xlsm | ufClientMF:lstDonnées_Click = '0.1328 secondes'
2025-01-28 16:44:24.95 | Annie | Clients_v5.2.xlsm | ufClientMF:lstDonnées_Click | 
2025-01-28 16:44:25.06 | Annie | Clients_v5.2.xlsm | ufClientMF:lstDonnées_Click = '0.1367 secondes'
2025-01-28 16:44:25.17 | Annie | Clients_v5.2.xlsm | ufClientMF:lstDonnées_Click | 
2025-01-28 16:44:25.27 | Annie | Clients_v5.2.xlsm | ufClientMF:lstDonnées_Click = '0.1328 secondes'
2025-01-28 16:44:25.46 | Annie | Clients_v5.2.xlsm | ufClientMF:lstDonnées_Click | 
2025-01-28 16:44:25.59 | Annie | Clients_v5.2.xlsm | ufClientMF:lstDonnées_Click = '0.1680 secondes'
2025-01-28 16:44:25.72 | Annie | Clients_v5.2.xlsm | ufClientMF:lstDonnées_Click | 
2025-01-28 16:44:25.82 | Annie | Clients_v5.2.xlsm | ufClientMF:lstDonnées_Click = '0.1367 secondes'
2025-01-28 16:44:25.00 | Annie | Clients_v5.2.xlsm | ufClientMF:lstDonnées_Click | 
2025-01-28 16:44:26.10 | Annie | Clients_v5.2.xlsm | ufClientMF:lstDonnées_Click = '0.1367 secondes'
2025-01-28 16:44:26.22 | Annie | Clients_v5.2.xlsm | ufClientMF:lstDonnées_Click | 
2025-01-28 16:44:26.34 | Annie | Clients_v5.2.xlsm | ufClientMF:lstDonnées_Click = '0.1602 secondes'
2025-01-28 16:44:26.54 | Annie | Clients_v5.2.xlsm | ufClientMF:lstDonnées_Click | 
2025-01-28 16:44:26.64 | Annie | Clients_v5.2.xlsm | ufClientMF:lstDonnées_Click = '0.1367 secondes'
2025-01-28 16:44:26.77 | Annie | Clients_v5.2.xlsm | ufClientMF:lstDonnées_Click | 
2025-01-28 16:44:26.89 | Annie | Clients_v5.2.xlsm | ufClientMF:lstDonnées_Click = '0.1562 secondes'
2025-01-28 16:44:27.07 | Annie | Clients_v5.2.xlsm | ufClientMF:lstDonnées_Click | 
2025-01-28 16:44:27.18 | Annie | Clients_v5.2.xlsm | ufClientMF:lstDonnées_Click = '0.1367 secondes'
2025-01-28 16:44:27.29 | Annie | Clients_v5.2.xlsm | ufClientMF:lstDonnées_Click | 
2025-01-28 16:44:27.40 | Annie | Clients_v5.2.xlsm | ufClientMF:lstDonnées_Click = '0.1406 secondes'
2025-01-28 16:44:27.59 | Annie | Clients_v5.2.xlsm | ufClientMF:lstDonnées_Click | 
2025-01-28 16:44:27.70 | Annie | Clients_v5.2.xlsm | ufClientMF:lstDonnées_Click = '0.1445 secondes'
2025-01-28 16:44:27.82 | Annie | Clients_v5.2.xlsm | ufClientMF:lstDonnées_Click | 
2025-01-28 16:44:27.92 | Annie | Clients_v5.2.xlsm | ufClientMF:lstDonnées_Click = '0.1367 secondes'
2025-01-28 16:44:28.11 | Annie | Clients_v5.2.xlsm | ufClientMF:lstDonnées_Click | 
2025-01-28 16:44:28.23 | Annie | Clients_v5.2.xlsm | ufClientMF:lstDonnées_Click = '0.1562 secondes'
2025-01-28 16:44:28.35 | Annie | Clients_v5.2.xlsm | ufClientMF:lstDonnées_Click | 
2025-01-28 16:44:28.46 | Annie | Clients_v5.2.xlsm | ufClientMF:lstDonnées_Click = '0.1328 secondes'
2025-01-28 16:44:28.68 | Annie | Clients_v5.2.xlsm | ufClientMF:lstDonnées_Click | 
2025-01-28 16:44:28.77 | Annie | Clients_v5.2.xlsm | ufClientMF:lstDonnées_Click = '0.1289 secondes'
2025-01-28 16:44:28.89 | Annie | Clients_v5.2.xlsm | ufClientMF:lstDonnées_Click | 
2025-01-28 16:44:28.99 | Annie | Clients_v5.2.xlsm | ufClientMF:lstDonnées_Click = '0.1289 secondes'
2025-01-28 16:44:29.16 | Annie | Clients_v5.2.xlsm | ufClientMF:lstDonnées_Click | 
2025-01-28 16:44:29.25 | Annie | Clients_v5.2.xlsm | ufClientMF:lstDonnées_Click = '0.1367 secondes'
2025-01-28 16:44:29.38 | Annie | Clients_v5.2.xlsm | ufClientMF:lstDonnées_Click | 
2025-01-28 16:44:29.48 | Annie | Clients_v5.2.xlsm | ufClientMF:lstDonnées_Click = '0.1328 secondes'
2025-01-28 16:44:29.65 | Annie | Clients_v5.2.xlsm | ufClientMF:lstDonnées_Click | 
2025-01-28 16:44:29.75 | Annie | Clients_v5.2.xlsm | ufClientMF:lstDonnées_Click = '0.1211 secondes'
2025-01-28 16:44:29.86 | Annie | Clients_v5.2.xlsm | ufClientMF:lstDonnées_Click | 
2025-01-28 16:44:30.00 | Annie | Clients_v5.2.xlsm | ufClientMF:lstDonnées_Click = '0.1719 secondes'
2025-01-28 16:44:30.16 | Annie | Clients_v5.2.xlsm | ufClientMF:lstDonnées_Click | 
2025-01-28 16:44:30.26 | Annie | Clients_v5.2.xlsm | ufClientMF:lstDonnées_Click = '0.1289 secondes'
2025-01-28 16:44:30.37 | Annie | Clients_v5.2.xlsm | ufClientMF:lstDonnées_Click | 
2025-01-28 16:44:30.48 | Annie | Clients_v5.2.xlsm | ufClientMF:lstDonnées_Click = '0.1367 secondes'
2025-01-28 16:44:30.60 | Annie | Clients_v5.2.xlsm | ufClientMF:lstDonnées_Click | 
2025-01-28 16:44:30.71 | Annie | Clients_v5.2.xlsm | ufClientMF:lstDonnées_Click = '0.1328 secondes'
2025-01-28 16:44:30.82 | Annie | Clients_v5.2.xlsm | ufClientMF:lstDonnées_Click | 
2025-01-28 16:44:30.93 | Annie | Clients_v5.2.xlsm | ufClientMF:lstDonnées_Click = '0.1445 secondes'
2025-01-28 16:44:31.12 | Annie | Clients_v5.2.xlsm | ufClientMF:lstDonnées_Click | 
2025-01-28 16:44:31.23 | Annie | Clients_v5.2.xlsm | ufClientMF:lstDonnées_Click = '0.1367 secondes'
2025-01-28 16:44:31.35 | Annie | Clients_v5.2.xlsm | ufClientMF:lstDonnées_Click | 
2025-01-28 16:44:31.45 | Annie | Clients_v5.2.xlsm | ufClientMF:lstDonnées_Click = '0.1289 secondes'
2025-01-28 16:44:31.64 | Annie | Clients_v5.2.xlsm | ufClientMF:lstDonnées_Click | 
2025-01-28 16:44:31.75 | Annie | Clients_v5.2.xlsm | ufClientMF:lstDonnées_Click = '0.1406 secondes'
2025-01-28 16:44:31.87 | Annie | Clients_v5.2.xlsm | ufClientMF:lstDonnées_Click | 
2025-01-28 16:44:31.99 | Annie | Clients_v5.2.xlsm | ufClientMF:lstDonnées_Click = '0.1602 secondes'
2025-01-28 16:44:32.18 | Annie | Clients_v5.2.xlsm | ufClientMF:lstDonnées_Click | 
2025-01-28 16:44:32.29 | Annie | Clients_v5.2.xlsm | ufClientMF:lstDonnées_Click = '0.1484 secondes'
2025-01-28 16:44:32.42 | Annie | Clients_v5.2.xlsm | ufClientMF:lstDonnées_Click | 
2025-01-28 16:44:32.52 | Annie | Clients_v5.2.xlsm | ufClientMF:lstDonnées_Click = '0.1289 secondes'
2025-01-28 16:44:32.69 | Annie | Clients_v5.2.xlsm | ufClientMF:lstDonnées_Click | 
2025-01-28 16:44:32.80 | Annie | Clients_v5.2.xlsm | ufClientMF:lstDonnées_Click = '0.1367 secondes'
2025-01-28 16:44:32.91 | Annie | Clients_v5.2.xlsm | ufClientMF:lstDonnées_Click | 
2025-01-28 16:44:33.03 | Annie | Clients_v5.2.xlsm | ufClientMF:lstDonnées_Click = '0.1445 secondes'
2025-01-28 16:44:33.20 | Annie | Clients_v5.2.xlsm | ufClientMF:lstDonnées_Click | 
2025-01-28 16:44:33.30 | Annie | Clients_v5.2.xlsm | ufClientMF:lstDonnées_Click = '0.1367 secondes'
2025-01-28 16:44:33.42 | Annie | Clients_v5.2.xlsm | modMain:CM_Update_Locally_GCF_BD_Entrée = '9.3633 secondes'
2025-01-28 16:44:33.53 | Annie | Clients_v5.2.xlsm | modMain:CM_Reset_UserForm | 
2025-01-28 16:44:33.63 | Annie | Clients_v5.2.xlsm | modMain:CM_Add_SearchColumn | 
2025-01-28 16:44:33.75 | Annie | Clients_v5.2.xlsm | ufClientMF:cmbSearchColumn_Change | 
2025-01-28 16:44:33.85 | Annie | Clients_v5.2.xlsm | ufClientMF:cmbSearchColumn_Change = '0.1328 secondes'
2025-01-28 16:44:33.96 | Annie | Clients_v5.2.xlsm | ufClientMF:cmbSearchColumn_Change | 
2025-01-28 16:44:34.09 | Annie | Clients_v5.2.xlsm | ufClientMF:cmbSearchColumn_Change = '0.1719 secondes'
2025-01-28 16:44:34.20 | Annie | Clients_v5.2.xlsm | modMain:CM_Add_SearchColumn = '0.5938 secondes'
2025-01-28 16:44:34.39 | Annie | Clients_v5.2.xlsm | ufClientMF:lstDonnées_Click | 
2025-01-28 16:44:34.49 | Annie | Clients_v5.2.xlsm | ufClientMF:lstDonnées_Click = '0.1328 secondes'
2025-01-28 16:44:34.59 | Annie | Clients_v5.2.xlsm | modMain:CM_Reset_UserForm = '1.0859 secondes'
2025-01-28 16:44:34.73 | Annie | Clients_v5.2.xlsm | ufClientMF:cmdSave_Click = '16.6172 secondes'
2025-01-28 16:44:36.98 | Annie | Clients_v5.2.xlsm | ufClientMF:lstDonnées_Click | 
2025-01-28 16:44:37.07 | Annie | Clients_v5.2.xlsm | ufClientMF:lstDonnées_Click = '0.1289 secondes'
2025-01-28 16:44:37.18 | Annie | Clients_v5.2.xlsm | ufClientMF:lstDonnées_DblClick | 
2025-01-28 16:44:37.28 | Annie | Clients_v5.2.xlsm | ufClientMF:cmdEdit_Click | 
2025-01-28 16:44:37.38 | Annie | Clients_v5.2.xlsm | modMain:Fn_Selected_List | 
2025-01-28 16:44:37.48 | Annie | Clients_v5.2.xlsm | modMain:Fn_Selected_List = '0.1328 secondes'
2025-01-28 16:44:37.58 | Annie | Clients_v5.2.xlsm | modMain:Fn_Selected_List | 
2025-01-28 16:44:37.69 | Annie | Clients_v5.2.xlsm | modMain:Fn_Selected_List = '0.1523 secondes'
2025-01-28 16:44:37.80 | Annie | Clients_v5.2.xlsm | ufClientMF:cmdEdit_Click = '0.5586 secondes'
2025-01-28 16:44:37.91 | Annie | Clients_v5.2.xlsm | ufClientMF:lstDonnées_DblClick = '0.7578 secondes'
2025-01-28 16:44:40.93 | Annie | Clients_v5.2.xlsm | ufClientMF:txtCodeClient_Exit | 
2025-01-28 16:44:41.04 | Annie | Clients_v5.2.xlsm | modMain:Fn_Is_Client_Code_Already_Used | 
2025-01-28 16:44:41.17 | Annie | Clients_v5.2.xlsm | modMain:Fn_Is_Client_Code_Already_Used | checkPoint | VRAI
2025-01-28 16:44:41.28 | Annie | Clients_v5.2.xlsm | modMain:Fn_Is_Client_Code_Already_Used = '0.2695 secondes'
2025-01-28 16:44:41.38 | Annie | Clients_v5.2.xlsm | ufClientMF:txtCodeClient_Exit = '0.4766 secondes'
2025-01-28 16:44:47.25 | Annie | Clients_v5.2.xlsm | ufClientMF:cmdSave_Click | 
2025-01-28 16:44:47.36 | Annie | Clients_v5.2.xlsm | modMain:Fn_ValidateEntries | 
2025-01-28 16:44:47.50 | Annie | Clients_v5.2.xlsm | modMain:Fn_ValidateEntries = '0.1758 secondes'
2025-01-28 16:44:47.60 | Annie | Clients_v5.2.xlsm | ufClientMF:Fix_Some_Fields | 
2025-01-28 16:44:47.71 | Annie | Clients_v5.2.xlsm | ufClientMF:Fix_Some_Fields = '0.1406 secondes'
2025-01-28 16:44:49.31 | Annie | Clients_v5.2.xlsm | modMain:Fn_Is_Client_Code_Already_Used | 
2025-01-28 16:44:49.42 | Annie | Clients_v5.2.xlsm | modMain:Fn_Is_Client_Code_Already_Used | checkPoint | VRAI
2025-01-28 16:44:49.52 | Annie | Clients_v5.2.xlsm | modMain:Fn_Is_Client_Code_Already_Used = '0.2422 secondes'
2025-01-28 16:44:49.62 | Annie | Clients_v5.2.xlsm | modMain:CM_Update_External_GCF_BD_Entrée | UPDATE
2025-01-28 16:44:52.38 | Annie | Clients_v5.2.xlsm | modMain:CM_Update_External_GCF_BD_Entrée | checkPoint | DDM (0.0.0.1)
2025-01-28 16:44:52.88 | Annie | Clients_v5.2.xlsm | modMain:CM_Update_External_GCF_BD_Entrée = '3.2930 secondes'
2025-01-28 16:44:53.01 | Annie | Clients_v5.2.xlsm | modMain:CM_Update_Locally_GCF_BD_Entrée | 
2025-01-28 16:44:53.11 | Annie | Clients_v5.2.xlsm | ufClientMF:lstDonnées_Click | 
2025-01-28 16:44:53.22 | Annie | Clients_v5.2.xlsm | ufClientMF:lstDonnées_Click = '0.1445 secondes'
2025-01-28 16:44:53.37 | Annie | Clients_v5.2.xlsm | ufClientMF:lstDonnées_Click | 
2025-01-28 16:44:53.48 | Annie | Clients_v5.2.xlsm | ufClientMF:lstDonnées_Click = '0.1367 secondes'
2025-01-28 16:44:53.60 | Annie | Clients_v5.2.xlsm | ufClientMF:lstDonnées_Click | 
2025-01-28 16:44:53.71 | Annie | Clients_v5.2.xlsm | ufClientMF:lstDonnées_Click = '0.1328 secondes'
2025-01-28 16:44:53.89 | Annie | Clients_v5.2.xlsm | ufClientMF:lstDonnées_Click | 
2025-01-28 16:44:53.99 | Annie | Clients_v5.2.xlsm | ufClientMF:lstDonnées_Click = '0.1289 secondes'
2025-01-28 16:44:54.12 | Annie | Clients_v5.2.xlsm | ufClientMF:lstDonnées_Click | 
2025-01-28 16:44:54.25 | Annie | Clients_v5.2.xlsm | ufClientMF:lstDonnées_Click = '0.1719 secondes'
2025-01-28 16:44:54.44 | Annie | Clients_v5.2.xlsm | ufClientMF:lstDonnées_Click | 
2025-01-28 16:44:54.53 | Annie | Clients_v5.2.xlsm | ufClientMF:lstDonnées_Click = '0.1250 secondes'
2025-01-28 16:44:54.64 | Annie | Clients_v5.2.xlsm | ufClientMF:lstDonnées_Click | 
2025-01-28 16:44:54.74 | Annie | Clients_v5.2.xlsm | ufClientMF:lstDonnées_Click = '0.1289 secondes'
2025-01-28 16:44:54.91 | Annie | Clients_v5.2.xlsm | ufClientMF:lstDonnées_Click | 
2025-01-28 16:44:55.03 | Annie | Clients_v5.2.xlsm | ufClientMF:lstDonnées_Click = '0.1484 secondes'
2025-01-28 16:44:55.17 | Annie | Clients_v5.2.xlsm | ufClientMF:lstDonnées_Click | 
2025-01-28 16:44:55.27 | Annie | Clients_v5.2.xlsm | ufClientMF:lstDonnées_Click = '0.1289 secondes'
2025-01-28 16:44:55.43 | Annie | Clients_v5.2.xlsm | ufClientMF:lstDonnées_Click | 
2025-01-28 16:44:55.52 | Annie | Clients_v5.2.xlsm | ufClientMF:lstDonnées_Click = '0.1211 secondes'
2025-01-28 16:44:55.62 | Annie | Clients_v5.2.xlsm | ufClientMF:lstDonnées_Click | 
2025-01-28 16:44:55.70 | Annie | Clients_v5.2.xlsm | ufClientMF:lstDonnées_Click = '0.1133 secondes'
2025-01-28 16:44:55.85 | Annie | Clients_v5.2.xlsm | ufClientMF:lstDonnées_Click | 
2025-01-28 16:44:55.95 | Annie | Clients_v5.2.xlsm | ufClientMF:lstDonnées_Click = '0.1250 secondes'
2025-01-28 16:44:56.07 | Annie | Clients_v5.2.xlsm | ufClientMF:lstDonnées_Click | 
2025-01-28 16:44:56.17 | Annie | Clients_v5.2.xlsm | ufClientMF:lstDonnées_Click = '0.1328 secondes'
2025-01-28 16:44:56.32 | Annie | Clients_v5.2.xlsm | ufClientMF:lstDonnées_Click | 
2025-01-28 16:44:56.42 | Annie | Clients_v5.2.xlsm | ufClientMF:lstDonnées_Click = '0.1328 secondes'
2025-01-28 16:44:56.53 | Annie | Clients_v5.2.xlsm | ufClientMF:lstDonnées_Click | 
2025-01-28 16:44:56.63 | Annie | Clients_v5.2.xlsm | ufClientMF:lstDonnées_Click = '0.1367 secondes'
2025-01-28 16:44:56.81 | Annie | Clients_v5.2.xlsm | ufClientMF:lstDonnées_Click | 
2025-01-28 16:44:56.91 | Annie | Clients_v5.2.xlsm | ufClientMF:lstDonnées_Click = '0.1367 secondes'
2025-01-28 16:44:57.03 | Annie | Clients_v5.2.xlsm | ufClientMF:lstDonnées_Click | 
2025-01-28 16:44:57.16 | Annie | Clients_v5.2.xlsm | ufClientMF:lstDonnées_Click = '0.1602 secondes'
2025-01-28 16:44:57.34 | Annie | Clients_v5.2.xlsm | ufClientMF:lstDonnées_Click | 
2025-01-28 16:44:57.45 | Annie | Clients_v5.2.xlsm | ufClientMF:lstDonnées_Click = '0.1328 secondes'
2025-01-28 16:44:57.56 | Annie | Clients_v5.2.xlsm | ufClientMF:lstDonnées_Click | 
2025-01-28 16:44:57.67 | Annie | Clients_v5.2.xlsm | ufClientMF:lstDonnées_Click = '0.1367 secondes'
2025-01-28 16:44:57.86 | Annie | Clients_v5.2.xlsm | ufClientMF:lstDonnées_Click | 
2025-01-28 16:44:57.96 | Annie | Clients_v5.2.xlsm | ufClientMF:lstDonnées_Click = '0.1367 secondes'
2025-01-28 16:44:58.11 | Annie | Clients_v5.2.xlsm | ufClientMF:lstDonnées_Click | 
2025-01-28 16:44:58.23 | Annie | Clients_v5.2.xlsm | ufClientMF:lstDonnées_Click = '0.1445 secondes'
2025-01-28 16:44:58.41 | Annie | Clients_v5.2.xlsm | ufClientMF:lstDonnées_Click | 
2025-01-28 16:44:58.52 | Annie | Clients_v5.2.xlsm | ufClientMF:lstDonnées_Click = '0.1523 secondes'
2025-01-28 16:44:58.66 | Annie | Clients_v5.2.xlsm | ufClientMF:lstDonnées_Click | 
2025-01-28 16:44:58.77 | Annie | Clients_v5.2.xlsm | ufClientMF:lstDonnées_Click = '0.1445 secondes'
2025-01-28 16:44:58.97 | Annie | Clients_v5.2.xlsm | ufClientMF:lstDonnées_Click | 
2025-01-28 16:44:59.09 | Annie | Clients_v5.2.xlsm | ufClientMF:lstDonnées_Click = '0.1523 secondes'
2025-01-28 16:44:59.23 | Annie | Clients_v5.2.xlsm | ufClientMF:lstDonnées_Click | 
2025-01-28 16:44:59.34 | Annie | Clients_v5.2.xlsm | ufClientMF:lstDonnées_Click = '0.1484 secondes'
2025-01-28 16:44:59.51 | Annie | Clients_v5.2.xlsm | ufClientMF:lstDonnées_Click | 
2025-01-28 16:44:59.62 | Annie | Clients_v5.2.xlsm | ufClientMF:lstDonnées_Click = '0.1484 secondes'
2025-01-28 16:44:59.75 | Annie | Clients_v5.2.xlsm | ufClientMF:lstDonnées_Click | 
2025-01-28 16:44:59.88 | Annie | Clients_v5.2.xlsm | ufClientMF:lstDonnées_Click = '0.1562 secondes'
2025-01-28 16:45:00.05 | Annie | Clients_v5.2.xlsm | ufClientMF:lstDonnées_Click | 
2025-01-28 16:45:00.14 | Annie | Clients_v5.2.xlsm | ufClientMF:lstDonnées_Click = '0.1250 secondes'
2025-01-28 16:45:00.26 | Annie | Clients_v5.2.xlsm | ufClientMF:lstDonnées_Click | 
2025-01-28 16:45:00.37 | Annie | Clients_v5.2.xlsm | ufClientMF:lstDonnées_Click = '0.1445 secondes'
2025-01-28 16:45:00.51 | Annie | Clients_v5.2.xlsm | ufClientMF:lstDonnées_Click | 
2025-01-28 16:45:00.60 | Annie | Clients_v5.2.xlsm | ufClientMF:lstDonnées_Click = '0.1211 secondes'
2025-01-28 16:45:00.71 | Annie | Clients_v5.2.xlsm | ufClientMF:lstDonnées_Click | 
2025-01-28 16:45:00.81 | Annie | Clients_v5.2.xlsm | ufClientMF:lstDonnées_Click = '0.1250 secondes'
2025-01-28 16:45:00.97 | Annie | Clients_v5.2.xlsm | ufClientMF:lstDonnées_Click | 
2025-01-28 16:45:01.07 | Annie | Clients_v5.2.xlsm | ufClientMF:lstDonnées_Click = '0.1250 secondes'
2025-01-28 16:45:01.18 | Annie | Clients_v5.2.xlsm | ufClientMF:lstDonnées_Click | 
2025-01-28 16:45:01.29 | Annie | Clients_v5.2.xlsm | ufClientMF:lstDonnées_Click = '0.1484 secondes'
2025-01-28 16:45:01.46 | Annie | Clients_v5.2.xlsm | ufClientMF:lstDonnées_Click | 
2025-01-28 16:45:01.55 | Annie | Clients_v5.2.xlsm | ufClientMF:lstDonnées_Click = '0.1523 secondes'
2025-01-28 16:45:01.70 | Annie | Clients_v5.2.xlsm | ufClientMF:lstDonnées_Click | 
2025-01-28 16:45:01.80 | Annie | Clients_v5.2.xlsm | ufClientMF:lstDonnées_Click = '0.1328 secondes'
2025-01-28 16:45:01.97 | Annie | Clients_v5.2.xlsm | ufClientMF:lstDonnées_Click | 
2025-01-28 16:45:02.08 | Annie | Clients_v5.2.xlsm | ufClientMF:lstDonnées_Click = '0.1445 secondes'
2025-01-28 16:45:02.20 | Annie | Clients_v5.2.xlsm | modMain:CM_Update_Locally_GCF_BD_Entrée = '9.2305 secondes'
2025-01-28 16:45:02.32 | Annie | Clients_v5.2.xlsm | modMain:CM_Reset_UserForm | 
2025-01-28 16:45:02.45 | Annie | Clients_v5.2.xlsm | modMain:CM_Add_SearchColumn | 
2025-01-28 16:45:02.61 | Annie | Clients_v5.2.xlsm | ufClientMF:cmbSearchColumn_Change | 
2025-01-28 16:45:02.78 | Annie | Clients_v5.2.xlsm | ufClientMF:cmbSearchColumn_Change = '0.1953 secondes'
2025-01-28 16:45:02.88 | Annie | Clients_v5.2.xlsm | ufClientMF:cmbSearchColumn_Change | 
2025-01-28 16:45:02.00 | Annie | Clients_v5.2.xlsm | ufClientMF:cmbSearchColumn_Change = '0.1445 secondes'
2025-01-28 16:45:03.11 | Annie | Clients_v5.2.xlsm | modMain:CM_Add_SearchColumn = '0.6953 secondes'
2025-01-28 16:45:03.27 | Annie | Clients_v5.2.xlsm | ufClientMF:lstDonnées_Click | 
2025-01-28 16:45:03.48 | Annie | Clients_v5.2.xlsm | ufClientMF:lstDonnées_Click = '0.2812 secondes'
2025-01-28 16:45:03.62 | Annie | Clients_v5.2.xlsm | modMain:CM_Reset_UserForm = '1.3477 secondes'
2025-01-28 16:45:03.75 | Annie | Clients_v5.2.xlsm | ufClientMF:cmdSave_Click = '16.5312 secondes'
2025-01-29 17:11:08.12 | Annie | Clients_v5.2.xlsm | ***** Début de session - Workbook_Open ***** | 
2025-01-29 17:11:08.25 | Annie | Clients_v5.2.xlsm | modMain:CM_Client_List_Import_All | 
2025-01-29 17:11:09.36 | Annie | Clients_v5.2.xlsm | modMain:CM_Apply_Worksheet_Format | 
2025-01-29 17:11:09.63 | Annie | Clients_v5.2.xlsm | modMain:CM_Apply_Worksheet_Format = '0.2969 secondes'
2025-01-29 17:11:09.86 | Annie | Clients_v5.2.xlsm | modMain:CM_Client_List_Import_All = '1.6484 secondes'
2025-01-29 17:11:10.04 | Annie | Clients_v5.2.xlsm | ufClientMF:UserForm_Initialize | 
2025-01-29 17:11:10.15 | Annie | Clients_v5.2.xlsm | modMain:CM_Reset_UserForm | 
2025-01-29 17:11:10.25 | Annie | Clients_v5.2.xlsm | modMain:CM_Add_SearchColumn | 
2025-01-29 17:11:10.36 | Annie | Clients_v5.2.xlsm | ufClientMF:cmbSearchColumn_Change | 
2025-01-29 17:11:10.46 | Annie | Clients_v5.2.xlsm | ufClientMF:cmbSearchColumn_Change = '0.1445 secondes'
2025-01-29 17:11:10.57 | Annie | Clients_v5.2.xlsm | modMain:CM_Add_SearchColumn = '0.3516 secondes'
2025-01-29 17:11:10.76 | Annie | Clients_v5.2.xlsm | modMain:CM_Reset_UserForm = '0.6445 secondes'
2025-01-29 17:11:10.90 | Annie | Clients_v5.2.xlsm | ufClientMF:UserForm_Initialize = '0.8984 secondes'
2025-01-29 17:11:50.21 | Annie | Clients_v5.2.xlsm | ufClientMF:txtNomClient_Exit | 
2025-01-29 17:11:50.32 | Annie | Clients_v5.2.xlsm | ufClientMF:txtNomClient_Exit = '0.1406 secondes'
2025-01-29 17:11:50.44 | Annie | Clients_v5.2.xlsm | ufClientMF:cmdAddClient_Click | 
2025-01-29 17:11:50.55 | Annie | Clients_v5.2.xlsm | modMain:CM_Reset_UserForm | 
2025-01-29 17:11:50.66 | Annie | Clients_v5.2.xlsm | modMain:CM_Add_SearchColumn | 
2025-01-29 17:11:50.75 | Annie | Clients_v5.2.xlsm | ufClientMF:cmbSearchColumn_Change | 
2025-01-29 17:11:50.85 | Annie | Clients_v5.2.xlsm | ufClientMF:cmbSearchColumn_Change = '0.1250 secondes'
2025-01-29 17:11:50.94 | Annie | Clients_v5.2.xlsm | ufClientMF:cmbSearchColumn_Change | 
2025-01-29 17:11:51.05 | Annie | Clients_v5.2.xlsm | ufClientMF:cmbSearchColumn_Change = '0.1328 secondes'
2025-01-29 17:11:51.15 | Annie | Clients_v5.2.xlsm | modMain:CM_Add_SearchColumn = '0.5234 secondes'
2025-01-29 17:11:51.32 | Annie | Clients_v5.2.xlsm | modMain:CM_Reset_UserForm = '0.8008 secondes'
2025-01-29 17:11:54.59 | Annie | Clients_v5.2.xlsm | ufClientMF:cmdAddClient_Click = '4.1875 secondes'
2025-01-29 17:12:06.15 | Annie | Clients_v5.2.xlsm | ufClientMF:txtCodeClient_Exit | 
2025-01-29 17:12:06.26 | Annie | Clients_v5.2.xlsm | modMain:Fn_Is_Client_Code_Already_Used | 
2025-01-29 17:12:06.39 | Annie | Clients_v5.2.xlsm | modMain:Fn_Is_Client_Code_Already_Used | checkPoint | FAUX
2025-01-29 17:12:06.49 | Annie | Clients_v5.2.xlsm | modMain:Fn_Is_Client_Code_Already_Used = '0.2617 secondes'
2025-01-29 17:12:06.60 | Annie | Clients_v5.2.xlsm | ufClientMF:txtCodeClient_Exit = '0.4766 secondes'
2025-01-29 17:12:19.17 | Annie | Clients_v5.2.xlsm | ufClientMF:txtNomClient_Exit | 
2025-01-29 17:12:19.28 | Annie | Clients_v5.2.xlsm | ufClientMF:txtNomClient_Exit = '0.1406 secondes'
2025-01-29 17:12:38.24 | Annie | Clients_v5.2.xlsm | ufClientMF:txtNomClient_Exit | 
2025-01-29 17:12:38.35 | Annie | Clients_v5.2.xlsm | ufClientMF:txtNomClient_Exit = '0.1445 secondes'
2025-01-29 17:14:29.20 | Annie | Clients_v5.2.xlsm | ufClientMF:txtNomClient_Exit | 
2025-01-29 17:14:29.30 | Annie | Clients_v5.2.xlsm | ufClientMF:txtNomClient_Exit = '0.1367 secondes'
2025-01-29 17:17:34.88 | Annie | Clients_v5.2.xlsm | ufClientMF:cmdSave_Click | 
2025-01-29 17:17:34.99 | Annie | Clients_v5.2.xlsm | modMain:Fn_ValidateEntries | 
2025-01-29 17:17:35.10 | Annie | Clients_v5.2.xlsm | modMain:Fn_ValidateEntries = '0.1602 secondes'
2025-01-29 17:17:35.23 | Annie | Clients_v5.2.xlsm | ufClientMF:Fix_Some_Fields | 
2025-01-29 17:17:35.34 | Annie | Clients_v5.2.xlsm | ufClientMF:Fix_Some_Fields = '0.1445 secondes'
2025-01-29 17:17:37.35 | Annie | Clients_v5.2.xlsm | modMain:Fn_Is_Client_Code_Already_Used | 
2025-01-29 17:17:37.46 | Annie | Clients_v5.2.xlsm | modMain:Fn_Is_Client_Code_Already_Used | checkPoint | FAUX
2025-01-29 17:17:37.57 | Annie | Clients_v5.2.xlsm | modMain:Fn_Is_Client_Code_Already_Used = '0.2461 secondes'
2025-01-29 17:17:37.67 | Annie | Clients_v5.2.xlsm | modMain:CM_Update_External_GCF_BD_Entrée | NEW_RECORD
2025-01-29 17:17:40.68 | Annie | Clients_v5.2.xlsm | modMain:CM_Update_External_GCF_BD_Entrée | checkPoint | DDM (0.0.0.1)
2025-01-29 17:17:40.93 | Annie | Clients_v5.2.xlsm | modMain:CM_Update_External_GCF_BD_Entrée = '3.2891 secondes'
2025-01-29 17:17:41.04 | Annie | Clients_v5.2.xlsm | modMain:CM_Update_Locally_GCF_BD_Entrée | 
2025-01-29 17:17:41.15 | Annie | Clients_v5.2.xlsm | modMain:CM_Update_Locally_GCF_BD_Entrée = '0.1445 secondes'
2025-01-29 17:17:41.26 | Annie | Clients_v5.2.xlsm | modMain:CM_Reset_UserForm | 
2025-01-29 17:17:41.38 | Annie | Clients_v5.2.xlsm | modMain:CM_Add_SearchColumn | 
2025-01-29 17:17:41.49 | Annie | Clients_v5.2.xlsm | ufClientMF:cmbSearchColumn_Change | 
2025-01-29 17:17:41.61 | Annie | Clients_v5.2.xlsm | ufClientMF:cmbSearchColumn_Change = '0.1562 secondes'
2025-01-29 17:17:41.75 | Annie | Clients_v5.2.xlsm | ufClientMF:cmbSearchColumn_Change | 
2025-01-29 17:17:41.85 | Annie | Clients_v5.2.xlsm | ufClientMF:cmbSearchColumn_Change = '0.1367 secondes'
2025-01-29 17:17:41.96 | Annie | Clients_v5.2.xlsm | modMain:CM_Add_SearchColumn = '0.6055 secondes'
2025-01-29 17:17:42.14 | Annie | Clients_v5.2.xlsm | modMain:CM_Reset_UserForm = '0.9023 secondes'
2025-01-29 17:17:42.30 | Annie | Clients_v5.2.xlsm | ufClientMF:lstDonnées_Click | 
2025-01-29 17:17:42.41 | Annie | Clients_v5.2.xlsm | ufClientMF:lstDonnées_Click = '0.1367 secondes'
2025-01-29 17:17:42.54 | Annie | Clients_v5.2.xlsm | ufClientMF:cmdSave_Click = '7.6797 secondes'
2025-01-29 17:17:47.13 | Annie | Clients_v5.2.xlsm | ***** Fin de session - Workbook_BeforeClose ***** | 
2025-01-29 17:29:28.43 | GuillaumeCharron | Clients_v5.2.xlsm | ***** Début de session - Workbook_Open ***** | 
2025-01-29 17:29:28.46 | GuillaumeCharron | Clients_v5.2.xlsm | modMain:CM_Client_List_Import_All | 
2025-01-29 17:29:28.73 | GuillaumeCharron | Clients_v5.2.xlsm | modMain:CM_Apply_Worksheet_Format | 
2025-01-29 17:29:28.82 | GuillaumeCharron | Clients_v5.2.xlsm | modMain:CM_Apply_Worksheet_Format = '0,0898 secondes'
2025-01-29 17:29:28.91 | GuillaumeCharron | Clients_v5.2.xlsm | modMain:CM_Client_List_Import_All = '0,4492 secondes'
2025-01-29 17:29:28.95 | GuillaumeCharron | Clients_v5.2.xlsm | ufClientMF:UserForm_Initialize | 
2025-01-29 17:29:28.97 | GuillaumeCharron | Clients_v5.2.xlsm | modMain:CM_Reset_UserForm | 
2025-01-29 17:29:28.99 | GuillaumeCharron | Clients_v5.2.xlsm | modMain:CM_Add_SearchColumn | 
2025-01-29 17:29:29.01 | GuillaumeCharron | Clients_v5.2.xlsm | ufClientMF:cmbSearchColumn_Change | 
2025-01-29 17:29:29.04 | GuillaumeCharron | Clients_v5.2.xlsm | ufClientMF:cmbSearchColumn_Change = '0,0234 secondes'
2025-01-29 17:29:29.05 | GuillaumeCharron | Clients_v5.2.xlsm | modMain:CM_Add_SearchColumn = '0,0664 secondes'
2025-01-29 17:29:29.10 | GuillaumeCharron | Clients_v5.2.xlsm | modMain:CM_Reset_UserForm = '0,1289 secondes'
2025-01-29 17:29:29.12 | GuillaumeCharron | Clients_v5.2.xlsm | ufClientMF:UserForm_Initialize = '0,1680 secondes'
2025-01-29 17:29:34.81 | GuillaumeCharron | Clients_v5.2.xlsm | ***** Fin de session - Workbook_BeforeClose ***** | 
2025-01-30 15:19:03.59 | User | Clients_v5.2.xlsm | ***** Début de session - Workbook_Open ***** | 
2025-01-30 15:19:03.68 | User | Clients_v5.2.xlsm | modMain:CM_Client_List_Import_All | 
2025-01-30 15:19:04.09 | User | Clients_v5.2.xlsm | modMain:CM_Apply_Worksheet_Format | 
2025-01-30 15:19:04.24 | User | Clients_v5.2.xlsm | modMain:CM_Apply_Worksheet_Format = '0,1641 secondes'
2025-01-30 15:19:04.38 | User | Clients_v5.2.xlsm | modMain:CM_Client_List_Import_All = '0,7031 secondes'
2025-01-30 15:19:04.48 | User | Clients_v5.2.xlsm | ufClientMF:UserForm_Initialize | 
2025-01-30 15:19:04.53 | User | Clients_v5.2.xlsm | modMain:CM_Reset_UserForm | 
2025-01-30 15:19:04.58 | User | Clients_v5.2.xlsm | modMain:CM_Add_SearchColumn | 
2025-01-30 15:19:04.63 | User | Clients_v5.2.xlsm | ufClientMF:cmbSearchColumn_Change | 
2025-01-30 15:19:04.68 | User | Clients_v5.2.xlsm | ufClientMF:cmbSearchColumn_Change = '0,0586 secondes'
2025-01-30 15:19:04.73 | User | Clients_v5.2.xlsm | modMain:CM_Add_SearchColumn = '0,1523 secondes'
2025-01-30 15:19:04.81 | User | Clients_v5.2.xlsm | modMain:CM_Reset_UserForm = '0,2852 secondes'
2025-01-30 15:19:04.86 | User | Clients_v5.2.xlsm | ufClientMF:UserForm_Initialize = '0,3867 secondes'
2025-01-30 15:20:13.71 | User | Clients_v5.2.xlsm | ufClientMF:cmdSearch_Click | 
2025-01-30 15:20:13.78 | User | Clients_v5.2.xlsm | modMain:CM_Build_Données_Recherche | 
2025-01-30 15:20:15.61 | User | Clients_v5.2.xlsm | modMain:CM_Build_Données_Recherche = '1,8438 secondes'
2025-01-30 15:20:15.68 | User | Clients_v5.2.xlsm | ufClientMF:cmdSearch_Click = '1,9727 secondes'
2025-01-30 15:20:18.05 | User | Clients_v5.2.xlsm | ufClientMF:cmbSearchColumn_Change | 
2025-01-30 15:20:18.11 | User | Clients_v5.2.xlsm | ufClientMF:cmbSearchColumn_Change = '0,0703 secondes'
2025-01-30 15:20:22.13 | User | Clients_v5.2.xlsm | ufClientMF:cmdSearch_Click | 
2025-01-30 15:20:22.20 | User | Clients_v5.2.xlsm | modMain:CM_Build_Données_Recherche | 
2025-01-30 15:20:22.34 | User | Clients_v5.2.xlsm | modMain:CM_Build_Données_Recherche = '0,1484 secondes'
2025-01-30 15:20:22.39 | User | Clients_v5.2.xlsm | ufClientMF:cmdSearch_Click = '0,2656 secondes'
2025-01-30 15:20:24.32 | User | Clients_v5.2.xlsm | ufClientMF:lstDonnées_Click | 
2025-01-30 15:20:24.37 | User | Clients_v5.2.xlsm | ufClientMF:lstDonnées_Click = '0,0664 secondes'
2025-01-30 15:20:24.61 | User | Clients_v5.2.xlsm | ufClientMF:lstDonnées_DblClick | 
2025-01-30 15:20:24.66 | User | Clients_v5.2.xlsm | ufClientMF:cmdEdit_Click | 
2025-01-30 15:20:24.71 | User | Clients_v5.2.xlsm | modMain:Fn_Selected_List | 
2025-01-30 15:20:24.76 | User | Clients_v5.2.xlsm | modMain:Fn_Selected_List = '0,0586 secondes'
2025-01-30 15:20:24.81 | User | Clients_v5.2.xlsm | modMain:Fn_Selected_List | 
2025-01-30 15:20:24.86 | User | Clients_v5.2.xlsm | modMain:Fn_Selected_List = '0,0586 secondes'
2025-01-30 15:20:24.92 | User | Clients_v5.2.xlsm | ufClientMF:cmdEdit_Click = '0,2695 secondes'
2025-01-30 15:20:24.97 | User | Clients_v5.2.xlsm | ufClientMF:lstDonnées_DblClick = '0,3672 secondes'
2025-01-30 15:20:28.76 | User | Clients_v5.2.xlsm | ufClientMF:txtNomClient_Exit | 
2025-01-30 15:20:28.81 | User | Clients_v5.2.xlsm | ufClientMF:txtNomClient_Exit = '0,0664 secondes'
2025-01-30 15:20:54.58 | User | Clients_v5.2.xlsm | ufClientMF:cmdSave_Click | 
2025-01-30 15:20:54.66 | User | Clients_v5.2.xlsm | modMain:Fn_ValidateEntries | 
2025-01-30 15:20:54.74 | User | Clients_v5.2.xlsm | modMain:Fn_ValidateEntries = '0,0859 secondes'
2025-01-30 15:20:54.79 | User | Clients_v5.2.xlsm | ufClientMF:Fix_Some_Fields | 
2025-01-30 15:20:54.84 | User | Clients_v5.2.xlsm | ufClientMF:Fix_Some_Fields = '0,0586 secondes'
2025-01-30 15:20:56.27 | User | Clients_v5.2.xlsm | modMain:Fn_Is_Client_Code_Already_Used | 
2025-01-30 15:20:56.33 | User | Clients_v5.2.xlsm | modMain:Fn_Is_Client_Code_Already_Used | checkPoint | VRAI
2025-01-30 15:20:56.38 | User | Clients_v5.2.xlsm | modMain:Fn_Is_Client_Code_Already_Used = '0,1172 secondes'
2025-01-30 15:20:56.43 | User | Clients_v5.2.xlsm | modMain:CM_Update_External_GCF_BD_Entrée | UPDATE
2025-01-30 15:20:58.41 | User | Clients_v5.2.xlsm | modMain:CM_Update_External_GCF_BD_Entrée | checkPoint | DDM (0.0.0.0)
2025-01-30 15:20:58.49 | User | Clients_v5.2.xlsm | modMain:CM_Update_External_GCF_BD_Entrée = '2,0703 secondes'
2025-01-30 15:20:58.54 | User | Clients_v5.2.xlsm | modMain:CM_Update_Locally_GCF_BD_Entrée | 
2025-01-30 15:20:58.59 | User | Clients_v5.2.xlsm | modMain:CM_Update_Locally_GCF_BD_Entrée = '0,0586 secondes'
2025-01-30 15:20:58.64 | User | Clients_v5.2.xlsm | modMain:CM_Reset_UserForm | 
2025-01-30 15:20:58.69 | User | Clients_v5.2.xlsm | modMain:CM_Build_Données_Recherche | 
2025-01-30 15:20:58.74 | User | Clients_v5.2.xlsm | ufClientMF:lstDonnées_Click | 
2025-01-30 15:20:58.79 | User | Clients_v5.2.xlsm | ufClientMF:lstDonnées_Click = '0,0547 secondes'
2025-01-30 15:20:58.89 | User | Clients_v5.2.xlsm | modMain:CM_Build_Données_Recherche = '0,2109 secondes'
2025-01-30 15:20:58.94 | User | Clients_v5.2.xlsm | modMain:CM_Reset_UserForm = '0,3086 secondes'
2025-01-30 15:20:59.02 | User | Clients_v5.2.xlsm | ufClientMF:lstDonnées_Click | 
2025-01-30 15:20:59.08 | User | Clients_v5.2.xlsm | ufClientMF:lstDonnées_Click = '0,0703 secondes'
2025-01-30 15:20:59.13 | User | Clients_v5.2.xlsm | ufClientMF:cmdSave_Click = '4,5625 secondes'
2025-01-30 15:21:06.83 | User | Clients_v5.2.xlsm | ***** Fin de session - Workbook_BeforeClose ***** | 
2025-01-30 16:16:22.63 | User | Clients_v5.2.xlsm | ***** Début de session - Workbook_Open ***** | 
2025-01-30 16:16:22.71 | User | Clients_v5.2.xlsm | modMain:CM_Client_List_Import_All | 
2025-01-30 16:16:23.19 | User | Clients_v5.2.xlsm | modMain:CM_Apply_Worksheet_Format | 
2025-01-30 16:16:23.34 | User | Clients_v5.2.xlsm | modMain:CM_Apply_Worksheet_Format = '0,1719 secondes'
2025-01-30 16:16:23.52 | User | Clients_v5.2.xlsm | modMain:CM_Client_List_Import_All = '0,8203 secondes'
2025-01-30 16:16:23.60 | User | Clients_v5.2.xlsm | ufClientMF:UserForm_Initialize | 
2025-01-30 16:16:23.65 | User | Clients_v5.2.xlsm | modMain:CM_Reset_UserForm | 
2025-01-30 16:16:23.70 | User | Clients_v5.2.xlsm | modMain:CM_Add_SearchColumn | 
2025-01-30 16:16:23.75 | User | Clients_v5.2.xlsm | ufClientMF:cmbSearchColumn_Change | 
2025-01-30 16:16:23.81 | User | Clients_v5.2.xlsm | ufClientMF:cmbSearchColumn_Change = '0,0586 secondes'
2025-01-30 16:16:23.85 | User | Clients_v5.2.xlsm | modMain:CM_Add_SearchColumn = '0,1641 secondes'
2025-01-30 16:16:23.95 | User | Clients_v5.2.xlsm | modMain:CM_Reset_UserForm = '0,3008 secondes'
2025-01-30 16:16:23.00 | User | Clients_v5.2.xlsm | ufClientMF:UserForm_Initialize = '0,4023 secondes'
2025-01-30 16:16:28.80 | User | Clients_v5.2.xlsm | ufClientMF:cmbSearchColumn_Change | 
2025-01-30 16:16:28.85 | User | Clients_v5.2.xlsm | ufClientMF:cmbSearchColumn_Change = '0,0547 secondes'
2025-01-30 16:16:38.60 | User | Clients_v5.2.xlsm | ufClientMF:cmdSearch_Click | 
2025-01-30 16:16:38.66 | User | Clients_v5.2.xlsm | modMain:CM_Build_Données_Recherche | 
2025-01-30 16:16:40.90 | User | Clients_v5.2.xlsm | modMain:CM_Build_Données_Recherche = '2,2461 secondes'
2025-01-30 16:16:40.96 | User | Clients_v5.2.xlsm | ufClientMF:cmdSearch_Click = '2,3672 secondes'
2025-01-30 16:16:45.34 | User | Clients_v5.2.xlsm | ufClientMF:cmbSearchColumn_Change | 
2025-01-30 16:16:45.39 | User | Clients_v5.2.xlsm | ufClientMF:cmbSearchColumn_Change = '0,0586 secondes'
2025-01-30 16:16:52.38 | User | Clients_v5.2.xlsm | ufClientMF:cmdSearch_Click | 
2025-01-30 16:16:52.44 | User | Clients_v5.2.xlsm | modMain:CM_Build_Données_Recherche | 
2025-01-30 16:16:52.58 | User | Clients_v5.2.xlsm | modMain:CM_Build_Données_Recherche = '0,1406 secondes'
2025-01-30 16:16:52.63 | User | Clients_v5.2.xlsm | ufClientMF:cmdSearch_Click = '0,2617 secondes'
2025-01-30 16:16:56.25 | User | Clients_v5.2.xlsm | ufClientMF:lstDonnées_Click | 
2025-01-30 16:16:56.30 | User | Clients_v5.2.xlsm | ufClientMF:lstDonnées_Click = '0,0625 secondes'
2025-01-30 16:16:56.42 | User | Clients_v5.2.xlsm | ufClientMF:lstDonnées_DblClick | 
2025-01-30 16:16:56.46 | User | Clients_v5.2.xlsm | ufClientMF:cmdEdit_Click | 
2025-01-30 16:16:56.52 | User | Clients_v5.2.xlsm | modMain:Fn_Selected_List | 
2025-01-30 16:16:56.57 | User | Clients_v5.2.xlsm | modMain:Fn_Selected_List = '0,0586 secondes'
2025-01-30 16:16:56.63 | User | Clients_v5.2.xlsm | modMain:Fn_Selected_List | 
2025-01-30 16:16:56.68 | User | Clients_v5.2.xlsm | modMain:Fn_Selected_List = '0,0625 secondes'
2025-01-30 16:16:56.73 | User | Clients_v5.2.xlsm | ufClientMF:cmdEdit_Click = '0,2773 secondes'
2025-01-30 16:16:56.79 | User | Clients_v5.2.xlsm | ufClientMF:lstDonnées_DblClick = '0,3750 secondes'
2025-01-30 16:18:49.76 | User | Clients_v5.2.xlsm | ***** Fin de session - Workbook_BeforeClose ***** | 
