2024-12-23 12:52:17.75 | Guillaume | Clients_v4.3.xlsm | ***** Début de session - Workbook_Open ***** | 
2024-12-23 12:52:17.96 | Guillaume | Clients_v4.3.xlsm | modMain:CM_Client_List_Import_All | 
2024-12-23 12:52:19.10 | Guillaume | Clients_v4.3.xlsm | modMain:CM_Apply_Worksheet_Format | 
2024-12-23 12:52:19.37 | Guillaume | Clients_v4.3.xlsm | modMain:CM_Apply_Worksheet_Format = '0,4062 secondes'
2024-12-23 12:52:19.63 | Guillaume | Clients_v4.3.xlsm | modMain:CM_Client_List_Import_All = '1,8320 secondes'
2024-12-23 12:52:19.99 | Guillaume | Clients_v4.3.xlsm | ufClientMF:UserForm_Initialize | 
2024-12-23 12:52:20.18 | Guillaume | Clients_v4.3.xlsm | modMain:CM_Reset_UserForm | 
2024-12-23 12:52:20.39 | Guillaume | Clients_v4.3.xlsm | modMain:CM_Add_SearchColumn | 
2024-12-23 12:52:20.58 | Guillaume | Clients_v4.3.xlsm | ufClientMF:cmbSearchColumn_Change | 
2024-12-23 12:52:20.78 | Guillaume | Clients_v4.3.xlsm | ufClientMF:cmbSearchColumn_Change = '0,3438 secondes'
2024-12-23 12:52:21.00 | Guillaume | Clients_v4.3.xlsm | modMain:CM_Add_SearchColumn = '0,7422 secondes'
2024-12-23 12:52:21.25 | Guillaume | Clients_v4.3.xlsm | modMain:CM_Reset_UserForm = '1,1953 secondes'
2024-12-23 12:52:21.45 | Guillaume | Clients_v4.3.xlsm | ufClientMF:UserForm_Initialize = '1,5820 secondes'
2024-12-23 12:52:39.33 | Guillaume | Clients_v4.3.xlsm | ufClientMF:cmdSearch_Click | 
2024-12-23 12:52:39.53 | Guillaume | Clients_v4.3.xlsm | modMain:CM_Build_Données_Recherche | 
2024-12-23 12:52:41.38 | Guillaume | Clients_v4.3.xlsm | modMain:CM_Build_Données_Recherche = '1,9805 secondes'
2024-12-23 12:52:41.59 | Guillaume | Clients_v4.3.xlsm | ufClientMF:cmdSearch_Click = '2,3867 secondes'
2024-12-23 12:52:43.99 | Guillaume | Clients_v4.3.xlsm | ufClientMF:cmbSearchColumn_Change | 
2024-12-23 12:52:44.21 | Guillaume | Clients_v4.3.xlsm | ufClientMF:cmbSearchColumn_Change = '0,3438 secondes'
2024-12-23 12:52:47.66 | Guillaume | Clients_v4.3.xlsm | ufClientMF:cmdSearch_Click | 
2024-12-23 12:52:47.87 | Guillaume | Clients_v4.3.xlsm | modMain:CM_Build_Données_Recherche | 
2024-12-23 12:52:48.13 | Guillaume | Clients_v4.3.xlsm | modMain:CM_Build_Données_Recherche = '0,3867 secondes'
2024-12-23 12:52:48.33 | Guillaume | Clients_v4.3.xlsm | ufClientMF:cmdSearch_Click = '0,7891 secondes'
2024-12-23 12:52:49.59 | Guillaume | Clients_v4.3.xlsm | ufClientMF:lstDonnées_Click | 
2024-12-23 12:52:49.80 | Guillaume | Clients_v4.3.xlsm | ufClientMF:lstDonnées_Click = '0,3477 secondes'
2024-12-23 12:52:50.03 | Guillaume | Clients_v4.3.xlsm | ufClientMF:lstDonnées_DblClick | 
2024-12-23 12:52:50.24 | Guillaume | Clients_v4.3.xlsm | ufClientMF:cmdEdit_Click | 
2024-12-23 12:52:50.45 | Guillaume | Clients_v4.3.xlsm | modMain:Fn_Selected_List | 
2024-12-23 12:52:50.66 | Guillaume | Clients_v4.3.xlsm | modMain:Fn_Selected_List = '0,3320 secondes'
2024-12-23 12:52:50.85 | Guillaume | Clients_v4.3.xlsm | modMain:Fn_Selected_List | 
2024-12-23 12:52:51.05 | Guillaume | Clients_v4.3.xlsm | modMain:Fn_Selected_List = '0,3320 secondes'
2024-12-23 12:52:51.28 | Guillaume | Clients_v4.3.xlsm | ufClientMF:cmdEdit_Click = '1,1641 secondes'
2024-12-23 12:52:51.48 | Guillaume | Clients_v4.3.xlsm | ufClientMF:lstDonnées_DblClick = '1,5781 secondes'
2024-12-23 12:52:53.62 | Guillaume | Clients_v4.3.xlsm | ufClientMF:txtNomClient_Exit | 
2024-12-23 12:52:53.82 | Guillaume | Clients_v4.3.xlsm | ufClientMF:txtNomClient_Exit = '0,3359 secondes'
2024-12-23 12:53:06.52 | Guillaume | Clients_v4.3.xlsm | ufClientMF:txtNomClient_Exit | 
2024-12-23 12:53:06.73 | Guillaume | Clients_v4.3.xlsm | ufClientMF:txtNomClient_Exit = '0,3477 secondes'
2024-12-23 12:53:06.95 | Guillaume | Clients_v4.3.xlsm | ufClientMF:cmdSave_Click | 
2024-12-23 12:53:07.14 | Guillaume | Clients_v4.3.xlsm | modMain:Fn_ValidateEntries | 
2024-12-23 12:53:07.37 | Guillaume | Clients_v4.3.xlsm | modMain:Fn_ValidateEntries = '0,3633 secondes'
2024-12-23 12:53:07.58 | Guillaume | Clients_v4.3.xlsm | ufClientMF:Fix_Some_Fields | 
2024-12-23 12:53:07.80 | Guillaume | Clients_v4.3.xlsm | ufClientMF:Fix_Some_Fields = '0,3555 secondes'
2024-12-23 12:53:09.57 | Guillaume | Clients_v4.3.xlsm | modMain:Fn_Is_Client_Code_Already_Used | 
2024-12-23 12:53:09.77 | Guillaume | Clients_v4.3.xlsm | modMain:Fn_Is_Client_Code_Already_Used | checkPoint | VRAI
2024-12-23 12:53:09.97 | Guillaume | Clients_v4.3.xlsm | modMain:Fn_Is_Client_Code_Already_Used = '0,5312 secondes'
2024-12-23 12:53:10.17 | Guillaume | Clients_v4.3.xlsm | modMain:CM_Update_External_GCF_BD_Entrée | UPDATE
2024-12-23 12:53:13.77 | Guillaume | Clients_v4.3.xlsm | modMain:CM_Update_External_GCF_BD_Entrée | checkPoint | DDM (0.0.0.2)
2024-12-23 12:53:14.11 | Guillaume | Clients_v4.3.xlsm | modMain:CM_Update_External_GCF_BD_Entrée = '4,0820 secondes'
2024-12-23 12:53:14.33 | Guillaume | Clients_v4.3.xlsm | modMain:CM_Update_Locally_GCF_BD_Entrée | 
2024-12-23 12:53:14.53 | Guillaume | Clients_v4.3.xlsm | modMain:CM_Update_Locally_GCF_BD_Entrée = '0,3281 secondes'
2024-12-23 12:53:14.73 | Guillaume | Clients_v4.3.xlsm | modMain:CM_Reset_UserForm | 
2024-12-23 12:53:14.93 | Guillaume | Clients_v4.3.xlsm | modMain:CM_Build_Données_Recherche | 
2024-12-23 12:53:15.14 | Guillaume | Clients_v4.3.xlsm | ufClientMF:lstDonnées_Click | 
2024-12-23 12:53:15.35 | Guillaume | Clients_v4.3.xlsm | ufClientMF:lstDonnées_Click = '0,3477 secondes'
2024-12-23 12:53:15.63 | Guillaume | Clients_v4.3.xlsm | modMain:CM_Build_Données_Recherche = '0,8281 secondes'
2024-12-23 12:53:15.83 | Guillaume | Clients_v4.3.xlsm | modMain:CM_Reset_UserForm = '1,2344 secondes'
2024-12-23 12:53:16.07 | Guillaume | Clients_v4.3.xlsm | ufClientMF:lstDonnées_Click | 
2024-12-23 12:53:16.27 | Guillaume | Clients_v4.3.xlsm | ufClientMF:lstDonnées_Click = '0,3320 secondes'
2024-12-23 12:53:16.47 | Guillaume | Clients_v4.3.xlsm | ufClientMF:cmdSave_Click = '9,6641 secondes'
2024-12-23 12:53:35.52 | Guillaume | Clients_v4.3.xlsm | ufClientMF:cmdSearch_Click | 
2024-12-23 12:53:35.77 | Guillaume | Clients_v4.3.xlsm | modMain:CM_Build_Données_Recherche | 
2024-12-23 12:53:35.00 | Guillaume | Clients_v4.3.xlsm | ufClientMF:lstDonnées_Click | 
2024-12-23 12:53:36.20 | Guillaume | Clients_v4.3.xlsm | ufClientMF:lstDonnées_Click = '0,3281 secondes'
2024-12-23 12:53:40.26 | Guillaume | Clients_v4.3.xlsm | modMain:CM_Client_List_Import_All | 
2024-12-23 12:53:41.21 | Guillaume | Clients_v4.3.xlsm | modMain:CM_Apply_Worksheet_Format | 
2024-12-23 12:53:41.48 | Guillaume | Clients_v4.3.xlsm | modMain:CM_Apply_Worksheet_Format = '0,3906 secondes'
2024-12-23 12:53:41.73 | Guillaume | Clients_v4.3.xlsm | modMain:CM_Client_List_Import_All = '1,6172 secondes'
2024-12-23 12:53:41.98 | Guillaume | Clients_v4.3.xlsm | ufClientMF:UserForm_Initialize | 
2024-12-23 12:53:42.18 | Guillaume | Clients_v4.3.xlsm | modMain:CM_Reset_UserForm | 
2024-12-23 12:53:42.38 | Guillaume | Clients_v4.3.xlsm | modMain:CM_Add_SearchColumn | 
2024-12-23 12:53:42.59 | Guillaume | Clients_v4.3.xlsm | ufClientMF:cmbSearchColumn_Change | 
2024-12-23 12:53:42.80 | Guillaume | Clients_v4.3.xlsm | ufClientMF:cmbSearchColumn_Change = '0,3438 secondes'
2024-12-23 12:53:43.01 | Guillaume | Clients_v4.3.xlsm | modMain:CM_Add_SearchColumn = '0,7617 secondes'
2024-12-23 12:53:43.24 | Guillaume | Clients_v4.3.xlsm | modMain:CM_Reset_UserForm = '1,1914 secondes'
2024-12-23 12:53:43.46 | Guillaume | Clients_v4.3.xlsm | ufClientMF:UserForm_Initialize = '1,6211 secondes'
2024-12-23 12:53:50.61 | Guillaume | Clients_v4.3.xlsm | ufClientMF:cmbSearchColumn_Change | 
2024-12-23 12:53:50.83 | Guillaume | Clients_v4.3.xlsm | ufClientMF:cmbSearchColumn_Change = '0,3555 secondes'
2024-12-23 12:53:56.71 | Guillaume | Clients_v4.3.xlsm | ufClientMF:cmdSearch_Click | 
2024-12-23 12:53:56.94 | Guillaume | Clients_v4.3.xlsm | modMain:CM_Build_Données_Recherche | 
2024-12-23 12:53:59.23 | Guillaume | Clients_v4.3.xlsm | modMain:CM_Build_Données_Recherche = '2,4219 secondes'
2024-12-23 12:53:59.44 | Guillaume | Clients_v4.3.xlsm | ufClientMF:cmdSearch_Click = '2,8555 secondes'
2024-12-23 12:54:04.73 | Guillaume | Clients_v4.3.xlsm | ufClientMF:cmdSearch_Click | 
2024-12-23 12:54:04.00 | Guillaume | Clients_v4.3.xlsm | modMain:CM_Build_Données_Recherche | 
2024-12-23 12:54:05.32 | Guillaume | Clients_v4.3.xlsm | modMain:CM_Build_Données_Recherche = '0,4688 secondes'
2024-12-23 12:54:05.55 | Guillaume | Clients_v4.3.xlsm | ufClientMF:cmdSearch_Click = '0,9492 secondes'
2024-12-23 12:55:12.40 | Guillaume | Clients_v4.3.xlsm | ufClientMF:cmbSearchColumn_Change | 
2024-12-23 12:55:12.62 | Guillaume | Clients_v4.3.xlsm | ufClientMF:cmbSearchColumn_Change = '0,3438 secondes'
2024-12-23 12:55:16.43 | Guillaume | Clients_v4.3.xlsm | ufClientMF:cmdSearch_Click | 
2024-12-23 12:55:16.63 | Guillaume | Clients_v4.3.xlsm | modMain:CM_Build_Données_Recherche | 
2024-12-23 12:55:18.58 | Guillaume | Clients_v4.3.xlsm | modMain:CM_Build_Données_Recherche = '2,0781 secondes'
2024-12-23 12:55:18.80 | Guillaume | Clients_v4.3.xlsm | ufClientMF:cmdSearch_Click = '2,5117 secondes'
2024-12-23 12:55:29.13 | Guillaume | Clients_v4.3.xlsm | modMain:CM_Client_List_Import_All | 
2024-12-23 12:55:30.25 | Guillaume | Clients_v4.3.xlsm | modMain:CM_Apply_Worksheet_Format | 
2024-12-23 12:55:30.52 | Guillaume | Clients_v4.3.xlsm | modMain:CM_Apply_Worksheet_Format = '0,4023 secondes'
2024-12-23 12:55:30.78 | Guillaume | Clients_v4.3.xlsm | modMain:CM_Client_List_Import_All = '1,7891 secondes'
2024-12-23 12:55:31.03 | Guillaume | Clients_v4.3.xlsm | ufClientMF:UserForm_Initialize | 
2024-12-23 12:55:31.23 | Guillaume | Clients_v4.3.xlsm | modMain:CM_Reset_UserForm | 
2024-12-23 12:55:31.44 | Guillaume | Clients_v4.3.xlsm | modMain:CM_Add_SearchColumn | 
2024-12-23 12:55:31.66 | Guillaume | Clients_v4.3.xlsm | ufClientMF:cmbSearchColumn_Change | 
2024-12-23 12:55:31.87 | Guillaume | Clients_v4.3.xlsm | ufClientMF:cmbSearchColumn_Change = '0,3398 secondes'
2024-12-23 12:55:32.07 | Guillaume | Clients_v4.3.xlsm | modMain:CM_Add_SearchColumn = '0,7695 secondes'
2024-12-23 12:55:32.34 | Guillaume | Clients_v4.3.xlsm | modMain:CM_Reset_UserForm = '1,2344 secondes'
2024-12-23 12:55:32.54 | Guillaume | Clients_v4.3.xlsm | ufClientMF:UserForm_Initialize = '1,6523 secondes'
2024-12-23 12:55:39.51 | Guillaume | Clients_v4.3.xlsm | ufClientMF:lstDonnées_Click | 
2024-12-23 12:55:39.73 | Guillaume | Clients_v4.3.xlsm | ufClientMF:lstDonnées_Click = '0,3555 secondes'
2024-12-23 12:55:39.95 | Guillaume | Clients_v4.3.xlsm | ufClientMF:lstDonnées_DblClick | 
2024-12-23 12:55:40.16 | Guillaume | Clients_v4.3.xlsm | ufClientMF:cmdEdit_Click | 
2024-12-23 12:55:40.37 | Guillaume | Clients_v4.3.xlsm | modMain:Fn_Selected_List | 
2024-12-23 12:55:40.62 | Guillaume | Clients_v4.3.xlsm | modMain:Fn_Selected_List = '0,3906 secondes'
2024-12-23 12:55:40.84 | Guillaume | Clients_v4.3.xlsm | modMain:Fn_Selected_List | 
2024-12-23 12:55:41.04 | Guillaume | Clients_v4.3.xlsm | modMain:Fn_Selected_List = '0,3477 secondes'
2024-12-23 12:55:41.27 | Guillaume | Clients_v4.3.xlsm | ufClientMF:cmdEdit_Click = '1,2383 secondes'
2024-12-23 12:55:41.48 | Guillaume | Clients_v4.3.xlsm | ufClientMF:lstDonnées_DblClick = '1,6641 secondes'
2024-12-23 12:56:56.98 | Guillaume | Clients_v4.3.xlsm | ufClientMF:txtNomClient_Exit | 
2024-12-23 12:56:57.22 | Guillaume | Clients_v4.3.xlsm | ufClientMF:txtNomClient_Exit = '0,3633 secondes'
2024-12-23 12:57:17.67 | Guillaume | Clients_v4.3.xlsm | ufClientMF:txtNomClient_Exit | 
2024-12-23 12:57:17.89 | Guillaume | Clients_v4.3.xlsm | ufClientMF:txtNomClient_Exit = '0,3555 secondes'
2024-12-23 12:57:58.95 | Guillaume | Clients_v4.3.xlsm | ufClientMF:cmdSave_Click | 
2024-12-23 12:57:59.18 | Guillaume | Clients_v4.3.xlsm | modMain:Fn_ValidateEntries | 
2024-12-23 12:57:59.40 | Guillaume | Clients_v4.3.xlsm | modMain:Fn_ValidateEntries = '0,3594 secondes'
2024-12-23 12:57:59.61 | Guillaume | Clients_v4.3.xlsm | ufClientMF:Fix_Some_Fields | 
2024-12-23 12:57:59.82 | Guillaume | Clients_v4.3.xlsm | ufClientMF:Fix_Some_Fields = '0,3398 secondes'
2024-12-23 12:58:01.69 | Guillaume | Clients_v4.3.xlsm | modMain:Fn_Is_Client_Code_Already_Used | 
2024-12-23 12:58:01.95 | Guillaume | Clients_v4.3.xlsm | modMain:Fn_Is_Client_Code_Already_Used | checkPoint | VRAI
2024-12-23 12:58:02.16 | Guillaume | Clients_v4.3.xlsm | modMain:Fn_Is_Client_Code_Already_Used = '0,6172 secondes'
2024-12-23 12:58:02.38 | Guillaume | Clients_v4.3.xlsm | modMain:CM_Update_External_GCF_BD_Entrée | UPDATE
2024-12-23 12:58:06.11 | Guillaume | Clients_v4.3.xlsm | modMain:CM_Update_External_GCF_BD_Entrée | checkPoint | DDM (0.0.0.2)
2024-12-23 12:58:06.50 | Guillaume | Clients_v4.3.xlsm | modMain:CM_Update_External_GCF_BD_Entrée = '4,2539 secondes'
2024-12-23 12:58:06.70 | Guillaume | Clients_v4.3.xlsm | modMain:CM_Update_Locally_GCF_BD_Entrée | 
2024-12-23 12:58:06.93 | Guillaume | Clients_v4.3.xlsm | ufClientMF:lstDonnées_Click | 
2024-12-23 12:58:07.13 | Guillaume | Clients_v4.3.xlsm | ufClientMF:lstDonnées_Click = '0,3359 secondes'
2024-12-23 12:58:07.39 | Guillaume | Clients_v4.3.xlsm | ufClientMF:lstDonnées_Click | 
2024-12-23 12:58:07.59 | Guillaume | Clients_v4.3.xlsm | ufClientMF:lstDonnées_Click = '0,3281 secondes'
2024-12-23 12:58:07.79 | Guillaume | Clients_v4.3.xlsm | ufClientMF:lstDonnées_Click | 
2024-12-23 12:58:08.00 | Guillaume | Clients_v4.3.xlsm | ufClientMF:lstDonnées_Click = '0,3438 secondes'
2024-12-23 12:58:08.28 | Guillaume | Clients_v4.3.xlsm | ufClientMF:lstDonnées_Click | 
2024-12-23 12:58:08.49 | Guillaume | Clients_v4.3.xlsm | ufClientMF:lstDonnées_Click = '0,3516 secondes'
2024-12-23 12:58:08.71 | Guillaume | Clients_v4.3.xlsm | ufClientMF:lstDonnées_Click | 
2024-12-23 12:58:08.92 | Guillaume | Clients_v4.3.xlsm | ufClientMF:lstDonnées_Click = '0,3359 secondes'
2024-12-23 12:58:09.18 | Guillaume | Clients_v4.3.xlsm | ufClientMF:lstDonnées_Click | 
2024-12-23 12:58:09.41 | Guillaume | Clients_v4.3.xlsm | ufClientMF:lstDonnées_Click = '0,3750 secondes'
2024-12-23 12:58:09.65 | Guillaume | Clients_v4.3.xlsm | ufClientMF:lstDonnées_Click | 
2024-12-23 12:58:09.88 | Guillaume | Clients_v4.3.xlsm | ufClientMF:lstDonnées_Click = '0,3516 secondes'
2024-12-23 12:58:10.12 | Guillaume | Clients_v4.3.xlsm | ufClientMF:lstDonnées_Click | 
2024-12-23 12:58:10.32 | Guillaume | Clients_v4.3.xlsm | ufClientMF:lstDonnées_Click = '0,3320 secondes'
2024-12-23 12:58:10.54 | Guillaume | Clients_v4.3.xlsm | ufClientMF:lstDonnées_Click | 
2024-12-23 12:58:10.74 | Guillaume | Clients_v4.3.xlsm | ufClientMF:lstDonnées_Click = '0,3320 secondes'
2024-12-23 12:58:11.03 | Guillaume | Clients_v4.3.xlsm | ufClientMF:lstDonnées_Click | 
2024-12-23 12:58:11.24 | Guillaume | Clients_v4.3.xlsm | ufClientMF:lstDonnées_Click = '0,3398 secondes'
2024-12-23 12:58:11.44 | Guillaume | Clients_v4.3.xlsm | ufClientMF:lstDonnées_Click | 
2024-12-23 12:58:11.65 | Guillaume | Clients_v4.3.xlsm | ufClientMF:lstDonnées_Click = '0,3438 secondes'
2024-12-23 12:58:11.88 | Guillaume | Clients_v4.3.xlsm | ufClientMF:lstDonnées_Click | 
2024-12-23 12:58:12.09 | Guillaume | Clients_v4.3.xlsm | ufClientMF:lstDonnées_Click = '0,3398 secondes'
2024-12-23 12:58:12.30 | Guillaume | Clients_v4.3.xlsm | ufClientMF:lstDonnées_Click | 
2024-12-23 12:58:12.50 | Guillaume | Clients_v4.3.xlsm | ufClientMF:lstDonnées_Click = '0,3438 secondes'
2024-12-23 12:58:12.77 | Guillaume | Clients_v4.3.xlsm | ufClientMF:lstDonnées_Click | 
2024-12-23 12:58:12.96 | Guillaume | Clients_v4.3.xlsm | ufClientMF:lstDonnées_Click = '0,3203 secondes'
2024-12-23 12:58:13.18 | Guillaume | Clients_v4.3.xlsm | ufClientMF:lstDonnées_Click | 
2024-12-23 12:58:13.40 | Guillaume | Clients_v4.3.xlsm | ufClientMF:lstDonnées_Click = '0,3672 secondes'
2024-12-23 12:58:13.65 | Guillaume | Clients_v4.3.xlsm | ufClientMF:lstDonnées_Click | 
2024-12-23 12:58:13.87 | Guillaume | Clients_v4.3.xlsm | ufClientMF:lstDonnées_Click = '0,3594 secondes'
2024-12-23 12:58:14.09 | Guillaume | Clients_v4.3.xlsm | ufClientMF:lstDonnées_Click | 
2024-12-23 12:58:14.31 | Guillaume | Clients_v4.3.xlsm | ufClientMF:lstDonnées_Click = '0,3516 secondes'
2024-12-23 12:58:14.59 | Guillaume | Clients_v4.3.xlsm | ufClientMF:lstDonnées_Click | 
2024-12-23 12:58:14.84 | Guillaume | Clients_v4.3.xlsm | ufClientMF:lstDonnées_Click = '0,4062 secondes'
2024-12-23 12:58:15.08 | Guillaume | Clients_v4.3.xlsm | ufClientMF:lstDonnées_Click | 
2024-12-23 12:58:15.28 | Guillaume | Clients_v4.3.xlsm | ufClientMF:lstDonnées_Click = '0,3320 secondes'
2024-12-23 12:58:15.55 | Guillaume | Clients_v4.3.xlsm | ufClientMF:lstDonnées_Click | 
2024-12-23 12:58:15.76 | Guillaume | Clients_v4.3.xlsm | ufClientMF:lstDonnées_Click = '0,3516 secondes'
2024-12-23 12:58:15.99 | Guillaume | Clients_v4.3.xlsm | ufClientMF:lstDonnées_Click | 
2024-12-23 12:58:16.20 | Guillaume | Clients_v4.3.xlsm | ufClientMF:lstDonnées_Click = '0,3516 secondes'
2024-12-23 12:58:16.48 | Guillaume | Clients_v4.3.xlsm | ufClientMF:lstDonnées_Click | 
2024-12-23 12:58:16.68 | Guillaume | Clients_v4.3.xlsm | ufClientMF:lstDonnées_Click = '0,3359 secondes'
2024-12-23 12:58:16.90 | Guillaume | Clients_v4.3.xlsm | ufClientMF:lstDonnées_Click | 
2024-12-23 12:58:17.11 | Guillaume | Clients_v4.3.xlsm | ufClientMF:lstDonnées_Click = '0,3555 secondes'
2024-12-23 12:58:17.36 | Guillaume | Clients_v4.3.xlsm | ufClientMF:lstDonnées_Click | 
2024-12-23 12:58:17.57 | Guillaume | Clients_v4.3.xlsm | ufClientMF:lstDonnées_Click = '0,3320 secondes'
2024-12-23 12:58:17.76 | Guillaume | Clients_v4.3.xlsm | ufClientMF:lstDonnées_Click | 
2024-12-23 12:58:17.96 | Guillaume | Clients_v4.3.xlsm | ufClientMF:lstDonnées_Click = '0,3242 secondes'
2024-12-23 12:58:18.18 | Guillaume | Clients_v4.3.xlsm | ufClientMF:lstDonnées_Click | 
2024-12-23 12:58:18.40 | Guillaume | Clients_v4.3.xlsm | ufClientMF:lstDonnées_Click = '0,3516 secondes'
2024-12-23 12:58:18.63 | Guillaume | Clients_v4.3.xlsm | ufClientMF:lstDonnées_Click | 
2024-12-23 12:58:18.84 | Guillaume | Clients_v4.3.xlsm | ufClientMF:lstDonnées_Click = '0,3555 secondes'
2024-12-23 12:58:19.10 | Guillaume | Clients_v4.3.xlsm | ufClientMF:lstDonnées_Click | 
2024-12-23 12:58:19.30 | Guillaume | Clients_v4.3.xlsm | ufClientMF:lstDonnées_Click = '0,3555 secondes'
2024-12-23 12:58:19.53 | Guillaume | Clients_v4.3.xlsm | ufClientMF:lstDonnées_Click | 
2024-12-23 12:58:19.73 | Guillaume | Clients_v4.3.xlsm | ufClientMF:lstDonnées_Click = '0,3281 secondes'
2024-12-23 12:58:19.97 | Guillaume | Clients_v4.3.xlsm | ufClientMF:lstDonnées_Click | 
2024-12-23 12:58:20.17 | Guillaume | Clients_v4.3.xlsm | ufClientMF:lstDonnées_Click = '0,3320 secondes'
2024-12-23 12:58:20.38 | Guillaume | Clients_v4.3.xlsm | ufClientMF:lstDonnées_Click | 
2024-12-23 12:58:20.57 | Guillaume | Clients_v4.3.xlsm | ufClientMF:lstDonnées_Click = '0,3320 secondes'
2024-12-23 12:58:20.85 | Guillaume | Clients_v4.3.xlsm | ufClientMF:lstDonnées_Click | 
2024-12-23 12:58:21.05 | Guillaume | Clients_v4.3.xlsm | ufClientMF:lstDonnées_Click = '0,3359 secondes'
2024-12-23 12:58:21.26 | Guillaume | Clients_v4.3.xlsm | ufClientMF:lstDonnées_Click | 
2024-12-23 12:58:21.46 | Guillaume | Clients_v4.3.xlsm | ufClientMF:lstDonnées_Click = '0,3359 secondes'
2024-12-23 12:58:21.72 | Guillaume | Clients_v4.3.xlsm | ufClientMF:lstDonnées_Click | 
2024-12-23 12:58:21.95 | Guillaume | Clients_v4.3.xlsm | ufClientMF:lstDonnées_Click = '0,3672 secondes'
2024-12-23 12:58:22.16 | Guillaume | Clients_v4.3.xlsm | modMain:CM_Update_Locally_GCF_BD_Entrée = '15,6055 secondes'
2024-12-23 12:58:22.39 | Guillaume | Clients_v4.3.xlsm | modMain:CM_Reset_UserForm | 
2024-12-23 12:58:22.60 | Guillaume | Clients_v4.3.xlsm | modMain:CM_Add_SearchColumn | 
2024-12-23 12:58:22.82 | Guillaume | Clients_v4.3.xlsm | ufClientMF:cmbSearchColumn_Change | 
2024-12-23 12:58:23.04 | Guillaume | Clients_v4.3.xlsm | ufClientMF:cmbSearchColumn_Change = '0,3477 secondes'
2024-12-23 12:58:23.24 | Guillaume | Clients_v4.3.xlsm | ufClientMF:cmbSearchColumn_Change | 
2024-12-23 12:58:23.44 | Guillaume | Clients_v4.3.xlsm | ufClientMF:cmbSearchColumn_Change = '0,3320 secondes'
2024-12-23 12:58:23.65 | Guillaume | Clients_v4.3.xlsm | modMain:CM_Add_SearchColumn = '1,1797 secondes'
2024-12-23 12:58:23.93 | Guillaume | Clients_v4.3.xlsm | ufClientMF:lstDonnées_Click | 
2024-12-23 12:58:24.18 | Guillaume | Clients_v4.3.xlsm | ufClientMF:lstDonnées_Click = '0,4258 secondes'
2024-12-23 12:58:24.43 | Guillaume | Clients_v4.3.xlsm | modMain:CM_Reset_UserForm = '2,1875 secondes'
2024-12-23 12:58:24.72 | Guillaume | Clients_v4.3.xlsm | ufClientMF:cmdSave_Click = '25,9062 secondes'
2024-12-23 13:03:22.05 | Guillaume | Clients_v4.3.xlsm | modMain:CM_Client_List_Import_All | 
2024-12-23 13:03:23.09 | Guillaume | Clients_v4.3.xlsm | modMain:CM_Apply_Worksheet_Format | 
2024-12-23 13:03:23.35 | Guillaume | Clients_v4.3.xlsm | modMain:CM_Apply_Worksheet_Format = '0,4023 secondes'
2024-12-23 13:03:23.65 | Guillaume | Clients_v4.3.xlsm | modMain:CM_Client_List_Import_All = '1,7695 secondes'
2024-12-23 13:03:23.91 | Guillaume | Clients_v4.3.xlsm | ufClientMF:UserForm_Initialize | 
2024-12-23 13:03:24.10 | Guillaume | Clients_v4.3.xlsm | modMain:CM_Reset_UserForm | 
2024-12-23 13:03:24.30 | Guillaume | Clients_v4.3.xlsm | modMain:CM_Add_SearchColumn | 
2024-12-23 13:03:24.51 | Guillaume | Clients_v4.3.xlsm | ufClientMF:cmbSearchColumn_Change | 
2024-12-23 13:03:24.74 | Guillaume | Clients_v4.3.xlsm | ufClientMF:cmbSearchColumn_Change = '0,3711 secondes'
2024-12-23 13:03:24.95 | Guillaume | Clients_v4.3.xlsm | modMain:CM_Add_SearchColumn = '0,7891 secondes'
2024-12-23 13:03:25.18 | Guillaume | Clients_v4.3.xlsm | modMain:CM_Reset_UserForm = '1,2109 secondes'
2024-12-23 13:03:25.38 | Guillaume | Clients_v4.3.xlsm | ufClientMF:UserForm_Initialize = '1,6172 secondes'
2024-12-23 13:03:28.38 | Guillaume | Clients_v4.3.xlsm | ufClientMF:cmbSearchColumn_Change | 
2024-12-23 13:03:28.57 | Guillaume | Clients_v4.3.xlsm | ufClientMF:cmbSearchColumn_Change = '0,3320 secondes'
2024-12-23 13:03:34.19 | Guillaume | Clients_v4.3.xlsm | ufClientMF:cmdSearch_Click | 
2024-12-23 13:03:34.42 | Guillaume | Clients_v4.3.xlsm | modMain:CM_Build_Données_Recherche | 
2024-12-23 13:03:34.70 | Guillaume | Clients_v4.3.xlsm | modMain:CM_Build_Données_Recherche = '0,4062 secondes'
2024-12-23 13:03:34.90 | Guillaume | Clients_v4.3.xlsm | ufClientMF:cmdSearch_Click = '0,8359 secondes'
2024-12-23 13:03:36.40 | Guillaume | Clients_v4.3.xlsm | ufClientMF:lstDonnées_Click | 
2024-12-23 13:03:36.61 | Guillaume | Clients_v4.3.xlsm | ufClientMF:lstDonnées_Click = '0,3359 secondes'
2024-12-23 13:03:36.81 | Guillaume | Clients_v4.3.xlsm | ufClientMF:lstDonnées_DblClick | 
2024-12-23 13:03:37.03 | Guillaume | Clients_v4.3.xlsm | ufClientMF:cmdEdit_Click | 
2024-12-23 13:03:37.24 | Guillaume | Clients_v4.3.xlsm | modMain:Fn_Selected_List | 
2024-12-23 13:03:37.44 | Guillaume | Clients_v4.3.xlsm | modMain:Fn_Selected_List = '0,3438 secondes'
2024-12-23 13:03:37.66 | Guillaume | Clients_v4.3.xlsm | modMain:Fn_Selected_List | 
2024-12-23 13:03:37.86 | Guillaume | Clients_v4.3.xlsm | modMain:Fn_Selected_List = '0,3359 secondes'
2024-12-23 13:03:38.07 | Guillaume | Clients_v4.3.xlsm | ufClientMF:cmdEdit_Click = '1,1719 secondes'
2024-12-23 13:03:38.27 | Guillaume | Clients_v4.3.xlsm | ufClientMF:lstDonnées_DblClick = '1,5938 secondes'
2024-12-23 13:04:08.13 | Guillaume | Clients_v4.3.xlsm | ufClientMF:txtNomClient_Exit | 
2024-12-23 13:04:08.37 | Guillaume | Clients_v4.3.xlsm | ufClientMF:txtNomClient_Exit = '0,3711 secondes'
2024-12-23 13:05:03.12 | Guillaume | Clients_v4.3.xlsm | ufClientMF:cmdSave_Click | 
2024-12-23 13:05:03.36 | Guillaume | Clients_v4.3.xlsm | modMain:Fn_ValidateEntries | 
2024-12-23 13:05:03.57 | Guillaume | Clients_v4.3.xlsm | modMain:Fn_ValidateEntries = '0,3359 secondes'
2024-12-23 13:05:03.78 | Guillaume | Clients_v4.3.xlsm | ufClientMF:Fix_Some_Fields | 
2024-12-23 13:05:03.99 | Guillaume | Clients_v4.3.xlsm | ufClientMF:Fix_Some_Fields = '0,3438 secondes'
2024-12-23 13:05:05.23 | Guillaume | Clients_v4.3.xlsm | modMain:Fn_Is_Client_Code_Already_Used | 
2024-12-23 13:05:05.45 | Guillaume | Clients_v4.3.xlsm | modMain:Fn_Is_Client_Code_Already_Used | checkPoint | VRAI
2024-12-23 13:05:05.64 | Guillaume | Clients_v4.3.xlsm | modMain:Fn_Is_Client_Code_Already_Used = '0,5352 secondes'
2024-12-23 13:05:05.87 | Guillaume | Clients_v4.3.xlsm | modMain:CM_Update_External_GCF_BD_Entrée | UPDATE
2024-12-23 13:05:09.55 | Guillaume | Clients_v4.3.xlsm | modMain:CM_Update_External_GCF_BD_Entrée | checkPoint | DDM (0.0.0.1)
2024-12-23 13:05:09.99 | Guillaume | Clients_v4.3.xlsm | modMain:CM_Update_External_GCF_BD_Entrée = '4,2422 secondes'
2024-12-23 13:05:10.18 | Guillaume | Clients_v4.3.xlsm | modMain:CM_Update_Locally_GCF_BD_Entrée | 
2024-12-23 13:05:10.38 | Guillaume | Clients_v4.3.xlsm | modMain:CM_Update_Locally_GCF_BD_Entrée = '0,3203 secondes'
2024-12-23 13:05:10.57 | Guillaume | Clients_v4.3.xlsm | modMain:CM_Reset_UserForm | 
2024-12-23 13:05:10.78 | Guillaume | Clients_v4.3.xlsm | modMain:CM_Build_Données_Recherche | 
2024-12-23 13:05:10.99 | Guillaume | Clients_v4.3.xlsm | ufClientMF:lstDonnées_Click | 
2024-12-23 13:05:11.19 | Guillaume | Clients_v4.3.xlsm | ufClientMF:lstDonnées_Click = '0,3320 secondes'
2024-12-23 13:05:11.44 | Guillaume | Clients_v4.3.xlsm | modMain:CM_Build_Données_Recherche = '0,7930 secondes'
2024-12-23 13:05:11.64 | Guillaume | Clients_v4.3.xlsm | modMain:CM_Reset_UserForm = '1,1953 secondes'
2024-12-23 13:05:11.86 | Guillaume | Clients_v4.3.xlsm | ufClientMF:lstDonnées_Click | 
2024-12-23 13:05:12.06 | Guillaume | Clients_v4.3.xlsm | ufClientMF:lstDonnées_Click = '0,3359 secondes'
2024-12-23 13:05:12.27 | Guillaume | Clients_v4.3.xlsm | ufClientMF:cmdSave_Click = '9,2852 secondes'
2024-12-23 13:05:17.70 | Guillaume | Clients_v4.3.xlsm | ufClientMF:cmdSearch_Click | 
2024-12-23 13:05:17.92 | Guillaume | Clients_v4.3.xlsm | modMain:CM_Build_Données_Recherche | 
2024-12-23 13:05:18.13 | Guillaume | Clients_v4.3.xlsm | ufClientMF:lstDonnées_Click | 
2024-12-23 13:05:18.32 | Guillaume | Clients_v4.3.xlsm | ufClientMF:lstDonnées_Click = '0,3359 secondes'
2024-12-23 13:05:20.69 | Guillaume | Clients_v4.3.xlsm | modMain:CM_Client_List_Import_All | 
2024-12-23 13:05:21.56 | Guillaume | Clients_v4.3.xlsm | modMain:CM_Apply_Worksheet_Format | 
2024-12-23 13:05:21.80 | Guillaume | Clients_v4.3.xlsm | modMain:CM_Apply_Worksheet_Format = '0,3750 secondes'
2024-12-23 13:05:22.09 | Guillaume | Clients_v4.3.xlsm | modMain:CM_Client_List_Import_All = '1,5430 secondes'
2024-12-23 13:05:22.36 | Guillaume | Clients_v4.3.xlsm | ufClientMF:UserForm_Initialize | 
2024-12-23 13:05:22.57 | Guillaume | Clients_v4.3.xlsm | modMain:CM_Reset_UserForm | 
2024-12-23 13:05:22.78 | Guillaume | Clients_v4.3.xlsm | modMain:CM_Add_SearchColumn | 
2024-12-23 13:05:22.99 | Guillaume | Clients_v4.3.xlsm | ufClientMF:cmbSearchColumn_Change | 
2024-12-23 13:05:23.20 | Guillaume | Clients_v4.3.xlsm | ufClientMF:cmbSearchColumn_Change = '0,3477 secondes'
2024-12-23 13:05:23.41 | Guillaume | Clients_v4.3.xlsm | modMain:CM_Add_SearchColumn = '0,7695 secondes'
2024-12-23 13:05:23.66 | Guillaume | Clients_v4.3.xlsm | modMain:CM_Reset_UserForm = '1,2305 secondes'
2024-12-23 13:05:23.89 | Guillaume | Clients_v4.3.xlsm | ufClientMF:UserForm_Initialize = '1,6602 secondes'
2024-12-23 13:05:26.89 | Guillaume | Clients_v4.3.xlsm | ufClientMF:cmbSearchColumn_Change | 
2024-12-23 13:05:27.10 | Guillaume | Clients_v4.3.xlsm | ufClientMF:cmbSearchColumn_Change = '0,3477 secondes'
2024-12-23 13:05:30.95 | Guillaume | Clients_v4.3.xlsm | ufClientMF:cmdSearch_Click | 
2024-12-23 13:05:31.17 | Guillaume | Clients_v4.3.xlsm | modMain:CM_Build_Données_Recherche | 
2024-12-23 13:05:33.26 | Guillaume | Clients_v4.3.xlsm | modMain:CM_Build_Données_Recherche = '2,2344 secondes'
2024-12-23 13:05:33.48 | Guillaume | Clients_v4.3.xlsm | ufClientMF:cmdSearch_Click = '2,6523 secondes'
2024-12-23 13:05:38.86 | Guillaume | Clients_v4.3.xlsm | ***** Fin de session - Workbook_BeforeClose ***** | 
2024-12-23 13:05:45.78 | Guillaume | Clients_v4.3.xlsm | ***** Début de session - Workbook_Open ***** | 
2024-12-23 13:05:46.03 | Guillaume | Clients_v4.3.xlsm | modMain:CM_Client_List_Import_All | 
2024-12-23 13:05:47.08 | Guillaume | Clients_v4.3.xlsm | modMain:CM_Apply_Worksheet_Format | 
2024-12-23 13:05:47.35 | Guillaume | Clients_v4.3.xlsm | modMain:CM_Apply_Worksheet_Format = '0,4336 secondes'
2024-12-23 13:05:47.64 | Guillaume | Clients_v4.3.xlsm | modMain:CM_Client_List_Import_All = '1,7422 secondes'
2024-12-23 13:05:47.88 | Guillaume | Clients_v4.3.xlsm | ufClientMF:UserForm_Initialize | 
2024-12-23 13:05:48.09 | Guillaume | Clients_v4.3.xlsm | modMain:CM_Reset_UserForm | 
2024-12-23 13:05:48.29 | Guillaume | Clients_v4.3.xlsm | modMain:CM_Add_SearchColumn | 
2024-12-23 13:05:48.48 | Guillaume | Clients_v4.3.xlsm | ufClientMF:cmbSearchColumn_Change | 
2024-12-23 13:05:48.69 | Guillaume | Clients_v4.3.xlsm | ufClientMF:cmbSearchColumn_Change = '0,3359 secondes'
2024-12-23 13:05:48.89 | Guillaume | Clients_v4.3.xlsm | modMain:CM_Add_SearchColumn = '0,7383 secondes'
2024-12-23 13:05:49.12 | Guillaume | Clients_v4.3.xlsm | modMain:CM_Reset_UserForm = '1,1523 secondes'
2024-12-23 13:05:49.32 | Guillaume | Clients_v4.3.xlsm | ufClientMF:UserForm_Initialize = '1,5664 secondes'
2024-12-23 13:05:54.20 | Guillaume | Clients_v4.3.xlsm | ufClientMF:cmbSearchColumn_Change | 
2024-12-23 13:05:54.40 | Guillaume | Clients_v4.3.xlsm | ufClientMF:cmbSearchColumn_Change = '0,3320 secondes'
2024-12-23 13:05:58.49 | Guillaume | Clients_v4.3.xlsm | ufClientMF:cmdSearch_Click | 
2024-12-23 13:05:58.72 | Guillaume | Clients_v4.3.xlsm | modMain:CM_Build_Données_Recherche | 
2024-12-23 13:05:58.98 | Guillaume | Clients_v4.3.xlsm | modMain:CM_Build_Données_Recherche = '0,4023 secondes'
2024-12-23 13:05:59.19 | Guillaume | Clients_v4.3.xlsm | ufClientMF:cmdSearch_Click = '0,8281 secondes'
2024-12-23 13:06:00.51 | Guillaume | Clients_v4.3.xlsm | ufClientMF:lstDonnées_Click | 
2024-12-23 13:06:00.71 | Guillaume | Clients_v4.3.xlsm | ufClientMF:lstDonnées_Click = '0,3398 secondes'
2024-12-23 13:06:00.93 | Guillaume | Clients_v4.3.xlsm | ufClientMF:lstDonnées_DblClick | 
2024-12-23 13:06:01.13 | Guillaume | Clients_v4.3.xlsm | ufClientMF:cmdEdit_Click | 
2024-12-23 13:06:01.33 | Guillaume | Clients_v4.3.xlsm | modMain:Fn_Selected_List | 
2024-12-23 13:06:01.54 | Guillaume | Clients_v4.3.xlsm | modMain:Fn_Selected_List = '0,3359 secondes'
2024-12-23 13:06:01.75 | Guillaume | Clients_v4.3.xlsm | modMain:Fn_Selected_List | 
2024-12-23 13:06:01.96 | Guillaume | Clients_v4.3.xlsm | modMain:Fn_Selected_List = '0,3359 secondes'
2024-12-23 13:06:02.16 | Guillaume | Clients_v4.3.xlsm | ufClientMF:cmdEdit_Click = '1,1602 secondes'
2024-12-23 13:06:02.37 | Guillaume | Clients_v4.3.xlsm | ufClientMF:lstDonnées_DblClick = '1,5742 secondes'
2024-12-23 13:06:26.85 | Guillaume | Clients_v4.3.xlsm | ufClientMF:txtNomClient_Exit | 
2024-12-23 13:06:27.07 | Guillaume | Clients_v4.3.xlsm | ufClientMF:txtNomClient_Exit = '0,3555 secondes'
2024-12-23 13:06:51.67 | Guillaume | Clients_v4.3.xlsm | ufClientMF:cmdSave_Click | 
2024-12-23 13:06:51.89 | Guillaume | Clients_v4.3.xlsm | modMain:Fn_ValidateEntries | 
2024-12-23 13:06:52.10 | Guillaume | Clients_v4.3.xlsm | modMain:Fn_ValidateEntries = '0,3398 secondes'
2024-12-23 13:06:52.30 | Guillaume | Clients_v4.3.xlsm | ufClientMF:Fix_Some_Fields | 
2024-12-23 13:06:52.54 | Guillaume | Clients_v4.3.xlsm | ufClientMF:Fix_Some_Fields = '0,3867 secondes'
2024-12-23 13:06:53.84 | Guillaume | Clients_v4.3.xlsm | modMain:Fn_Is_Client_Code_Already_Used | 
2024-12-23 13:06:54.05 | Guillaume | Clients_v4.3.xlsm | modMain:Fn_Is_Client_Code_Already_Used | checkPoint | VRAI
2024-12-23 13:06:54.27 | Guillaume | Clients_v4.3.xlsm | modMain:Fn_Is_Client_Code_Already_Used = '0,5742 secondes'
2024-12-23 13:06:54.49 | Guillaume | Clients_v4.3.xlsm | modMain:CM_Update_External_GCF_BD_Entrée | UPDATE
2024-12-23 13:06:58.30 | Guillaume | Clients_v4.3.xlsm | modMain:CM_Update_External_GCF_BD_Entrée | checkPoint | DDM (0.0.0.1)
2024-12-23 13:06:58.79 | Guillaume | Clients_v4.3.xlsm | modMain:CM_Update_External_GCF_BD_Entrée = '4,4336 secondes'
2024-12-23 13:06:59.01 | Guillaume | Clients_v4.3.xlsm | modMain:CM_Update_Locally_GCF_BD_Entrée | 
2024-12-23 13:06:59.24 | Guillaume | Clients_v4.3.xlsm | modMain:CM_Update_Locally_GCF_BD_Entrée = '0,3633 secondes'
2024-12-23 13:06:59.50 | Guillaume | Clients_v4.3.xlsm | modMain:CM_Reset_UserForm | 
2024-12-23 13:06:59.77 | Guillaume | Clients_v4.3.xlsm | modMain:CM_Build_Données_Recherche | 
2024-12-23 13:07:00.00 | Guillaume | Clients_v4.3.xlsm | ufClientMF:lstDonnées_Click | 
2024-12-23 13:07:00.23 | Guillaume | Clients_v4.3.xlsm | ufClientMF:lstDonnées_Click = '0,3594 secondes'
2024-12-23 13:07:00.50 | Guillaume | Clients_v4.3.xlsm | modMain:CM_Build_Données_Recherche = '0,8672 secondes'
2024-12-23 13:07:00.72 | Guillaume | Clients_v4.3.xlsm | modMain:CM_Reset_UserForm = '1,3594 secondes'
2024-12-23 13:07:00.96 | Guillaume | Clients_v4.3.xlsm | ufClientMF:lstDonnées_Click | 
2024-12-23 13:07:01.16 | Guillaume | Clients_v4.3.xlsm | ufClientMF:lstDonnées_Click = '0,3359 secondes'
2024-12-23 13:07:01.38 | Guillaume | Clients_v4.3.xlsm | ufClientMF:cmdSave_Click = '9,8438 secondes'
2024-12-23 13:07:07.52 | Guillaume | Clients_v4.3.xlsm | modMain:CM_Client_List_Import_All | 
2024-12-23 13:07:08.41 | Guillaume | Clients_v4.3.xlsm | modMain:CM_Apply_Worksheet_Format | 
2024-12-23 13:07:08.66 | Guillaume | Clients_v4.3.xlsm | modMain:CM_Apply_Worksheet_Format = '0,3828 secondes'
2024-12-23 13:07:08.98 | Guillaume | Clients_v4.3.xlsm | modMain:CM_Client_List_Import_All = '1,5898 secondes'
2024-12-23 13:07:09.20 | Guillaume | Clients_v4.3.xlsm | ufClientMF:UserForm_Initialize | 
2024-12-23 13:07:09.39 | Guillaume | Clients_v4.3.xlsm | modMain:CM_Reset_UserForm | 
2024-12-23 13:07:09.60 | Guillaume | Clients_v4.3.xlsm | modMain:CM_Add_SearchColumn | 
2024-12-23 13:07:09.80 | Guillaume | Clients_v4.3.xlsm | ufClientMF:cmbSearchColumn_Change | 
2024-12-23 13:07:10.00 | Guillaume | Clients_v4.3.xlsm | ufClientMF:cmbSearchColumn_Change = '0,3359 secondes'
2024-12-23 13:07:10.20 | Guillaume | Clients_v4.3.xlsm | modMain:CM_Add_SearchColumn = '0,7344 secondes'
2024-12-23 13:07:10.42 | Guillaume | Clients_v4.3.xlsm | modMain:CM_Reset_UserForm = '1,1562 secondes'
2024-12-23 13:07:10.63 | Guillaume | Clients_v4.3.xlsm | ufClientMF:UserForm_Initialize = '1,5508 secondes'
2024-12-23 13:07:14.43 | Guillaume | Clients_v4.3.xlsm | ufClientMF:cmbSearchColumn_Change | 
2024-12-23 13:07:14.67 | Guillaume | Clients_v4.3.xlsm | ufClientMF:cmbSearchColumn_Change = '0,3672 secondes'
2024-12-23 13:07:20.56 | Guillaume | Clients_v4.3.xlsm | ufClientMF:cmdSearch_Click | 
2024-12-23 13:07:20.78 | Guillaume | Clients_v4.3.xlsm | modMain:CM_Build_Données_Recherche | 
2024-12-23 13:07:21.06 | Guillaume | Clients_v4.3.xlsm | modMain:CM_Build_Données_Recherche = '0,4062 secondes'
2024-12-23 13:07:21.26 | Guillaume | Clients_v4.3.xlsm | ufClientMF:cmdSearch_Click = '0,8242 secondes'
2024-12-23 13:07:22.96 | Guillaume | Clients_v4.3.xlsm | ufClientMF:lstDonnées_Click | 
2024-12-23 13:07:23.19 | Guillaume | Clients_v4.3.xlsm | ufClientMF:lstDonnées_Click = '0,3594 secondes'
2024-12-23 13:07:23.40 | Guillaume | Clients_v4.3.xlsm | ufClientMF:lstDonnées_DblClick | 
2024-12-23 13:07:23.61 | Guillaume | Clients_v4.3.xlsm | ufClientMF:cmdEdit_Click | 
2024-12-23 13:07:23.80 | Guillaume | Clients_v4.3.xlsm | modMain:Fn_Selected_List | 
2024-12-23 13:07:24.00 | Guillaume | Clients_v4.3.xlsm | modMain:Fn_Selected_List = '0,3320 secondes'
2024-12-23 13:07:24.21 | Guillaume | Clients_v4.3.xlsm | modMain:Fn_Selected_List | 
2024-12-23 13:07:24.43 | Guillaume | Clients_v4.3.xlsm | modMain:Fn_Selected_List = '0,3477 secondes'
2024-12-23 13:07:24.64 | Guillaume | Clients_v4.3.xlsm | ufClientMF:cmdEdit_Click = '1,1719 secondes'
2024-12-23 13:07:24.85 | Guillaume | Clients_v4.3.xlsm | ufClientMF:lstDonnées_DblClick = '1,5859 secondes'
2024-12-23 13:07:27.45 | Guillaume | Clients_v4.3.xlsm | ufClientMF:txtNomClient_Exit | 
2024-12-23 13:07:27.66 | Guillaume | Clients_v4.3.xlsm | ufClientMF:txtNomClient_Exit = '0,3438 secondes'
2024-12-23 13:07:37.36 | Guillaume | Clients_v4.3.xlsm | ufClientMF:cmdSave_Click | 
2024-12-23 13:07:37.59 | Guillaume | Clients_v4.3.xlsm | modMain:Fn_ValidateEntries | 
2024-12-23 13:07:39.21 | Guillaume | Clients_v4.3.xlsm | modMain:Fn_ValidateEntries = '1,7812 secondes'
2024-12-23 13:07:39.45 | Guillaume | Clients_v4.3.xlsm | ufClientMF:Fix_Some_Fields | 
2024-12-23 13:07:39.66 | Guillaume | Clients_v4.3.xlsm | ufClientMF:Fix_Some_Fields = '0,3398 secondes'
2024-12-23 13:07:41.45 | Guillaume | Clients_v4.3.xlsm | modMain:Fn_Is_Client_Code_Already_Used | 
2024-12-23 13:07:41.66 | Guillaume | Clients_v4.3.xlsm | modMain:Fn_Is_Client_Code_Already_Used | checkPoint | VRAI
2024-12-23 13:07:41.89 | Guillaume | Clients_v4.3.xlsm | modMain:Fn_Is_Client_Code_Already_Used = '0,5859 secondes'
2024-12-23 13:07:42.11 | Guillaume | Clients_v4.3.xlsm | modMain:CM_Update_External_GCF_BD_Entrée | UPDATE
2024-12-23 13:07:45.75 | Guillaume | Clients_v4.3.xlsm | modMain:CM_Update_External_GCF_BD_Entrée | checkPoint | DDM (0.0.0.1)
2024-12-23 13:07:46.27 | Guillaume | Clients_v4.3.xlsm | modMain:CM_Update_External_GCF_BD_Entrée = '4,2969 secondes'
2024-12-23 13:07:46.48 | Guillaume | Clients_v4.3.xlsm | modMain:CM_Update_Locally_GCF_BD_Entrée | 
2024-12-23 13:07:46.71 | Guillaume | Clients_v4.3.xlsm | modMain:CM_Update_Locally_GCF_BD_Entrée = '0,3555 secondes'
2024-12-23 13:07:46.92 | Guillaume | Clients_v4.3.xlsm | modMain:CM_Reset_UserForm | 
2024-12-23 13:07:47.13 | Guillaume | Clients_v4.3.xlsm | modMain:CM_Build_Données_Recherche | 
2024-12-23 13:07:47.36 | Guillaume | Clients_v4.3.xlsm | ufClientMF:lstDonnées_Click | 
2024-12-23 13:07:47.56 | Guillaume | Clients_v4.3.xlsm | ufClientMF:lstDonnées_Click = '0,3555 secondes'
2024-12-23 13:07:47.85 | Guillaume | Clients_v4.3.xlsm | modMain:CM_Build_Données_Recherche = '0,8516 secondes'
2024-12-23 13:07:48.06 | Guillaume | Clients_v4.3.xlsm | modMain:CM_Reset_UserForm = '1,2891 secondes'
2024-12-23 13:07:48.31 | Guillaume | Clients_v4.3.xlsm | ufClientMF:lstDonnées_Click | 
2024-12-23 13:07:48.51 | Guillaume | Clients_v4.3.xlsm | ufClientMF:lstDonnées_Click = '0,3398 secondes'
2024-12-23 13:07:48.72 | Guillaume | Clients_v4.3.xlsm | ufClientMF:cmdSave_Click = '11,4883 secondes'
2024-12-23 13:07:51.09 | Guillaume | Clients_v4.3.xlsm | ufClientMF:lstDonnées_DblClick | 
2024-12-23 13:07:51.32 | Guillaume | Clients_v4.3.xlsm | ufClientMF:cmdEdit_Click | 
2024-12-23 13:07:51.53 | Guillaume | Clients_v4.3.xlsm | modMain:Fn_Selected_List | 
2024-12-23 13:07:51.74 | Guillaume | Clients_v4.3.xlsm | modMain:Fn_Selected_List = '0,3398 secondes'
2024-12-23 13:07:51.95 | Guillaume | Clients_v4.3.xlsm | modMain:Fn_Selected_List | 
2024-12-23 13:07:52.16 | Guillaume | Clients_v4.3.xlsm | modMain:Fn_Selected_List = '0,3398 secondes'
2024-12-23 13:07:52.38 | Guillaume | Clients_v4.3.xlsm | ufClientMF:cmdEdit_Click = '1,1875 secondes'
2024-12-23 13:07:52.59 | Guillaume | Clients_v4.3.xlsm | ufClientMF:lstDonnées_DblClick = '1,6328 secondes'
2024-12-23 13:07:54.17 | Guillaume | Clients_v4.3.xlsm | ufClientMF:txtNomClient_Exit | 
2024-12-23 13:07:54.37 | Guillaume | Clients_v4.3.xlsm | ufClientMF:txtNomClient_Exit = '0,3398 secondes'
2024-12-23 13:08:09.77 | Guillaume | Clients_v4.3.xlsm | ufClientMF:txtNomClient_Exit | 
2024-12-23 13:08:10.01 | Guillaume | Clients_v4.3.xlsm | ufClientMF:txtNomClient_Exit = '0,3750 secondes'
2024-12-23 13:08:17.97 | Guillaume | Clients_v4.3.xlsm | ufClientMF:cmdSave_Click | 
2024-12-23 13:08:18.17 | Guillaume | Clients_v4.3.xlsm | modMain:Fn_ValidateEntries | 
2024-12-23 13:08:19.99 | Guillaume | Clients_v4.3.xlsm | modMain:Fn_ValidateEntries = '1,9688 secondes'
2024-12-23 13:08:20.21 | Guillaume | Clients_v4.3.xlsm | ufClientMF:Fix_Some_Fields | 
2024-12-23 13:08:20.40 | Guillaume | Clients_v4.3.xlsm | ufClientMF:Fix_Some_Fields = '0,3242 secondes'
2024-12-23 13:08:22.23 | Guillaume | Clients_v4.3.xlsm | modMain:Fn_Is_Client_Code_Already_Used | 
2024-12-23 13:08:22.43 | Guillaume | Clients_v4.3.xlsm | modMain:Fn_Is_Client_Code_Already_Used | checkPoint | VRAI
2024-12-23 13:08:22.64 | Guillaume | Clients_v4.3.xlsm | modMain:Fn_Is_Client_Code_Already_Used = '0,5508 secondes'
2024-12-23 13:08:22.89 | Guillaume | Clients_v4.3.xlsm | modMain:CM_Update_External_GCF_BD_Entrée | UPDATE
2024-12-23 13:08:26.49 | Guillaume | Clients_v4.3.xlsm | modMain:CM_Update_External_GCF_BD_Entrée | checkPoint | DDM (0.0.0.1)
2024-12-23 13:08:27.05 | Guillaume | Clients_v4.3.xlsm | modMain:CM_Update_External_GCF_BD_Entrée = '4,2852 secondes'
2024-12-23 13:08:27.25 | Guillaume | Clients_v4.3.xlsm | modMain:CM_Update_Locally_GCF_BD_Entrée | 
2024-12-23 13:08:27.46 | Guillaume | Clients_v4.3.xlsm | modMain:CM_Update_Locally_GCF_BD_Entrée = '0,3438 secondes'
2024-12-23 13:08:27.67 | Guillaume | Clients_v4.3.xlsm | modMain:CM_Reset_UserForm | 
2024-12-23 13:08:27.89 | Guillaume | Clients_v4.3.xlsm | modMain:CM_Build_Données_Recherche | 
2024-12-23 13:08:30.80 | Guillaume | Clients_v4.3.xlsm | modMain:CM_Build_Données_Recherche = '3,0469 secondes'
2024-12-23 13:08:31.03 | Guillaume | Clients_v4.3.xlsm | modMain:CM_Reset_UserForm = '3,4961 secondes'
2024-12-23 13:08:31.27 | Guillaume | Clients_v4.3.xlsm | ufClientMF:cmdSave_Click = '13,4258 secondes'
2024-12-23 13:08:35.11 | Guillaume | Clients_v4.3.xlsm | ufClientMF:lstDonnées_DblClick | 
2024-12-23 13:08:35.38 | Guillaume | Clients_v4.3.xlsm | ufClientMF:cmdEdit_Click | 
2024-12-23 13:08:35.57 | Guillaume | Clients_v4.3.xlsm | modMain:Fn_Selected_List | 
2024-12-23 13:08:35.77 | Guillaume | Clients_v4.3.xlsm | modMain:Fn_Selected_List = '0,3320 secondes'
2024-12-23 13:08:35.97 | Guillaume | Clients_v4.3.xlsm | modMain:Fn_Selected_List | 
2024-12-23 13:08:36.18 | Guillaume | Clients_v4.3.xlsm | modMain:Fn_Selected_List = '0,3398 secondes'
2024-12-23 13:08:38.85 | Guillaume | Clients_v4.3.xlsm | modMain:CM_Client_List_Import_All | 
2024-12-23 13:08:39.80 | Guillaume | Clients_v4.3.xlsm | modMain:CM_Apply_Worksheet_Format | 
2024-12-23 13:08:40.05 | Guillaume | Clients_v4.3.xlsm | modMain:CM_Apply_Worksheet_Format = '0,3828 secondes'
2024-12-23 13:08:40.32 | Guillaume | Clients_v4.3.xlsm | modMain:CM_Client_List_Import_All = '1,6094 secondes'
2024-12-23 13:08:40.55 | Guillaume | Clients_v4.3.xlsm | ufClientMF:UserForm_Initialize | 
2024-12-23 13:08:40.76 | Guillaume | Clients_v4.3.xlsm | modMain:CM_Reset_UserForm | 
2024-12-23 13:08:40.97 | Guillaume | Clients_v4.3.xlsm | modMain:CM_Add_SearchColumn | 
2024-12-23 13:08:41.19 | Guillaume | Clients_v4.3.xlsm | ufClientMF:cmbSearchColumn_Change | 
2024-12-23 13:08:41.39 | Guillaume | Clients_v4.3.xlsm | ufClientMF:cmbSearchColumn_Change = '0,3320 secondes'
2024-12-23 13:08:41.59 | Guillaume | Clients_v4.3.xlsm | modMain:CM_Add_SearchColumn = '0,7539 secondes'
2024-12-23 13:08:41.82 | Guillaume | Clients_v4.3.xlsm | modMain:CM_Reset_UserForm = '1,1953 secondes'
2024-12-23 13:08:42.04 | Guillaume | Clients_v4.3.xlsm | ufClientMF:UserForm_Initialize = '1,6172 secondes'
2024-12-23 13:08:46.89 | Guillaume | Clients_v4.3.xlsm | ufClientMF:cmdSearch_Click | 
2024-12-23 13:08:47.12 | Guillaume | Clients_v4.3.xlsm | modMain:CM_Build_Données_Recherche | 
2024-12-23 13:08:49.23 | Guillaume | Clients_v4.3.xlsm | modMain:CM_Build_Données_Recherche = '2,2773 secondes'
2024-12-23 13:08:49.47 | Guillaume | Clients_v4.3.xlsm | ufClientMF:cmdSearch_Click = '2,7109 secondes'
2024-12-23 13:08:50.90 | Guillaume | Clients_v4.3.xlsm | ufClientMF:cmbSearchColumn_Change | 
2024-12-23 13:08:51.10 | Guillaume | Clients_v4.3.xlsm | ufClientMF:cmbSearchColumn_Change = '0,3477 secondes'
2024-12-23 13:08:54.54 | Guillaume | Clients_v4.3.xlsm | ufClientMF:cmdSearch_Click | 
2024-12-23 13:08:54.75 | Guillaume | Clients_v4.3.xlsm | modMain:CM_Build_Données_Recherche | 
2024-12-23 13:08:55.02 | Guillaume | Clients_v4.3.xlsm | modMain:CM_Build_Données_Recherche = '0,4062 secondes'
2024-12-23 13:08:55.23 | Guillaume | Clients_v4.3.xlsm | ufClientMF:cmdSearch_Click = '0,8203 secondes'
2024-12-23 13:08:57.00 | Guillaume | Clients_v4.3.xlsm | ufClientMF:lstDonnées_Click | 
2024-12-23 13:08:57.22 | Guillaume | Clients_v4.3.xlsm | ufClientMF:lstDonnées_Click = '0,3516 secondes'
2024-12-23 13:08:58.23 | Guillaume | Clients_v4.3.xlsm | ufClientMF:lstDonnées_DblClick | 
2024-12-23 13:08:58.48 | Guillaume | Clients_v4.3.xlsm | ufClientMF:cmdEdit_Click | 
2024-12-23 13:08:58.73 | Guillaume | Clients_v4.3.xlsm | modMain:Fn_Selected_List | 
2024-12-23 13:08:58.94 | Guillaume | Clients_v4.3.xlsm | modMain:Fn_Selected_List = '0,3438 secondes'
2024-12-23 13:08:59.14 | Guillaume | Clients_v4.3.xlsm | modMain:Fn_Selected_List | 
2024-12-23 13:08:59.35 | Guillaume | Clients_v4.3.xlsm | modMain:Fn_Selected_List = '0,3359 secondes'
2024-12-23 13:08:59.55 | Guillaume | Clients_v4.3.xlsm | ufClientMF:cmdEdit_Click = '1,2070 secondes'
2024-12-23 13:08:59.77 | Guillaume | Clients_v4.3.xlsm | ufClientMF:lstDonnées_DblClick = '1,6641 secondes'
2024-12-23 13:09:03.00 | Guillaume | Clients_v4.3.xlsm | ***** Fin de session - Workbook_BeforeClose ***** | 
