2025-01-13 16:19:40.47 | GuillaumeCharron | Clients_v5.1.xlsm | ***** Début de session - Workbook_Open ***** | 
2025-01-13 16:19:40.52 | GuillaumeCharron | Clients_v5.1.xlsm | modMain:CM_Client_List_Import_All | 
2025-01-13 16:19:40.87 | GuillaumeCharron | Clients_v5.1.xlsm | modMain:CM_Apply_Worksheet_Format | 
2025-01-13 16:19:40.95 | GuillaumeCharron | Clients_v5.1.xlsm | modMain:CM_Apply_Worksheet_Format = '0,0820 secondes'
2025-01-13 16:19:41.03 | GuillaumeCharron | Clients_v5.1.xlsm | modMain:CM_Client_List_Import_All = '0,5195 secondes'
2025-01-13 16:19:41.09 | GuillaumeCharron | Clients_v5.1.xlsm | ufClientMF:UserForm_Initialize | 
2025-01-13 16:19:41.11 | GuillaumeCharron | Clients_v5.1.xlsm | modMain:CM_Reset_UserForm | 
2025-01-13 16:19:41.13 | GuillaumeCharron | Clients_v5.1.xlsm | modMain:CM_Add_SearchColumn | 
2025-01-13 16:19:41.15 | GuillaumeCharron | Clients_v5.1.xlsm | ufClientMF:cmbSearchColumn_Change | 
2025-01-13 16:19:41.17 | GuillaumeCharron | Clients_v5.1.xlsm | ufClientMF:cmbSearchColumn_Change = '0,0234 secondes'
2025-01-13 16:19:41.20 | GuillaumeCharron | Clients_v5.1.xlsm | modMain:CM_Add_SearchColumn = '0,0703 secondes'
2025-01-13 16:19:41.24 | GuillaumeCharron | Clients_v5.1.xlsm | modMain:CM_Reset_UserForm = '0,1406 secondes'
2025-01-13 16:19:41.27 | GuillaumeCharron | Clients_v5.1.xlsm | ufClientMF:UserForm_Initialize = '0,1797 secondes'
2025-01-13 16:19:44.72 | GuillaumeCharron | Clients_v5.1.xlsm | ufClientMF:cmbSearchColumn_Change | 
2025-01-13 16:19:44.74 | GuillaumeCharron | Clients_v5.1.xlsm | ufClientMF:cmbSearchColumn_Change = '0,0195 secondes'
2025-01-13 16:19:52.63 | GuillaumeCharron | Clients_v5.1.xlsm | ufClientMF:cmdSearch_Click | 
2025-01-13 16:19:52.65 | GuillaumeCharron | Clients_v5.1.xlsm | modMain:CM_Build_Données_Recherche | 
2025-01-13 16:19:52.80 | GuillaumeCharron | Clients_v5.1.xlsm | modMain:CM_Build_Données_Recherche = '0,1523 secondes'
2025-01-13 16:19:52.82 | GuillaumeCharron | Clients_v5.1.xlsm | ufClientMF:cmdSearch_Click = '0,1953 secondes'
2025-01-13 16:19:54.49 | GuillaumeCharron | Clients_v5.1.xlsm | ufClientMF:lstDonnées_Click | 
2025-01-13 16:19:54.51 | GuillaumeCharron | Clients_v5.1.xlsm | ufClientMF:lstDonnées_Click = '0,0234 secondes'
2025-01-13 16:19:54.64 | GuillaumeCharron | Clients_v5.1.xlsm | ufClientMF:lstDonnées_DblClick | 
2025-01-13 16:19:54.66 | GuillaumeCharron | Clients_v5.1.xlsm | ufClientMF:cmdEdit_Click | 
2025-01-13 16:19:54.68 | GuillaumeCharron | Clients_v5.1.xlsm | modMain:Fn_Selected_List | 
2025-01-13 16:19:54.70 | GuillaumeCharron | Clients_v5.1.xlsm | modMain:Fn_Selected_List = '0,0234 secondes'
2025-01-13 16:19:54.72 | GuillaumeCharron | Clients_v5.1.xlsm | modMain:Fn_Selected_List | 
2025-01-13 16:19:54.73 | GuillaumeCharron | Clients_v5.1.xlsm | modMain:Fn_Selected_List = '0,0195 secondes'
2025-01-13 16:19:54.75 | GuillaumeCharron | Clients_v5.1.xlsm | ufClientMF:cmdEdit_Click = '0,0977 secondes'
2025-01-13 16:19:54.77 | GuillaumeCharron | Clients_v5.1.xlsm | ufClientMF:lstDonnées_DblClick = '0,1367 secondes'
2025-01-13 16:20:01.66 | GuillaumeCharron | Clients_v5.1.xlsm | ufClientMF:txtNomClient_Exit | 
2025-01-13 16:20:01.68 | GuillaumeCharron | Clients_v5.1.xlsm | ufClientMF:txtNomClient_Exit = '0,0234 secondes'
2025-01-13 16:20:17.26 | GuillaumeCharron | Clients_v5.1.xlsm | ufClientMF:cmdSave_Click | 
2025-01-13 16:20:17.28 | GuillaumeCharron | Clients_v5.1.xlsm | modMain:Fn_ValidateEntries | 
2025-01-13 16:20:17.30 | GuillaumeCharron | Clients_v5.1.xlsm | modMain:Fn_ValidateEntries = '0,0273 secondes'
2025-01-13 16:20:17.32 | GuillaumeCharron | Clients_v5.1.xlsm | ufClientMF:Fix_Some_Fields | 
2025-01-13 16:20:17.34 | GuillaumeCharron | Clients_v5.1.xlsm | ufClientMF:Fix_Some_Fields = '0,0234 secondes'
2025-01-13 16:20:18.57 | GuillaumeCharron | Clients_v5.1.xlsm | modMain:Fn_Is_Client_Code_Already_Used | 
2025-01-13 16:20:18.59 | GuillaumeCharron | Clients_v5.1.xlsm | modMain:Fn_Is_Client_Code_Already_Used | checkPoint | VRAI
2025-01-13 16:20:18.62 | GuillaumeCharron | Clients_v5.1.xlsm | modMain:Fn_Is_Client_Code_Already_Used = '0,0586 secondes'
2025-01-13 16:20:18.65 | GuillaumeCharron | Clients_v5.1.xlsm | modMain:CM_Update_External_GCF_BD_Entrée | UPDATE
2025-01-13 16:20:20.54 | GuillaumeCharron | Clients_v5.1.xlsm | modMain:CM_Update_External_GCF_BD_Entrée | checkPoint | DDM (0.0.0.0)
2025-01-13 16:20:20.72 | GuillaumeCharron | Clients_v5.1.xlsm | modMain:CM_Update_External_GCF_BD_Entrée = '2,0781 secondes'
2025-01-13 16:20:20.74 | GuillaumeCharron | Clients_v5.1.xlsm | modMain:CM_Update_Locally_GCF_BD_Entrée | 
2025-01-13 16:20:20.77 | GuillaumeCharron | Clients_v5.1.xlsm | modMain:CM_Update_Locally_GCF_BD_Entrée = '0,0273 secondes'
2025-01-13 16:20:20.79 | GuillaumeCharron | Clients_v5.1.xlsm | modMain:CM_Reset_UserForm | 
2025-01-13 16:20:20.82 | GuillaumeCharron | Clients_v5.1.xlsm | modMain:CM_Build_Données_Recherche | 
2025-01-13 16:20:20.85 | GuillaumeCharron | Clients_v5.1.xlsm | ufClientMF:lstDonnées_Click | 
2025-01-13 16:20:20.87 | GuillaumeCharron | Clients_v5.1.xlsm | ufClientMF:lstDonnées_Click = '0,0234 secondes'
2025-01-13 16:20:21.03 | GuillaumeCharron | Clients_v5.1.xlsm | modMain:CM_Build_Données_Recherche = '0,2188 secondes'
2025-01-13 16:20:21.05 | GuillaumeCharron | Clients_v5.1.xlsm | modMain:CM_Reset_UserForm = '0,2734 secondes'
2025-01-13 16:20:21.11 | GuillaumeCharron | Clients_v5.1.xlsm | ufClientMF:lstDonnées_Click | 
2025-01-13 16:20:21.14 | GuillaumeCharron | Clients_v5.1.xlsm | ufClientMF:lstDonnées_Click = '0,0273 secondes'
2025-01-13 16:20:21.16 | GuillaumeCharron | Clients_v5.1.xlsm | ufClientMF:cmdSave_Click = '3,9023 secondes'
2025-01-13 16:20:31.41 | GuillaumeCharron | Clients_v5.1.xlsm | ufClientMF:cmdSearch_Click | 
2025-01-13 16:20:31.43 | GuillaumeCharron | Clients_v5.1.xlsm | modMain:CM_Build_Données_Recherche | 
2025-01-13 16:20:31.46 | GuillaumeCharron | Clients_v5.1.xlsm | ufClientMF:lstDonnées_Click | 
2025-01-13 16:20:31.48 | GuillaumeCharron | Clients_v5.1.xlsm | ufClientMF:lstDonnées_Click = '0,0234 secondes'
2025-01-13 16:20:42.80 | GuillaumeCharron | Clients_v5.1.xlsm | modMain:CM_Client_List_Import_All | 
2025-01-13 16:20:43.10 | GuillaumeCharron | Clients_v5.1.xlsm | modMain:CM_Apply_Worksheet_Format | 
2025-01-13 16:20:43.17 | GuillaumeCharron | Clients_v5.1.xlsm | modMain:CM_Apply_Worksheet_Format = '0,0781 secondes'
2025-01-13 16:20:43.27 | GuillaumeCharron | Clients_v5.1.xlsm | modMain:CM_Client_List_Import_All = '0,4648 secondes'
2025-01-13 16:20:43.31 | GuillaumeCharron | Clients_v5.1.xlsm | ufClientMF:UserForm_Initialize | 
2025-01-13 16:20:43.32 | GuillaumeCharron | Clients_v5.1.xlsm | modMain:CM_Reset_UserForm | 
2025-01-13 16:20:43.35 | GuillaumeCharron | Clients_v5.1.xlsm | modMain:CM_Add_SearchColumn | 
2025-01-13 16:20:43.37 | GuillaumeCharron | Clients_v5.1.xlsm | ufClientMF:cmbSearchColumn_Change | 
2025-01-13 16:20:43.38 | GuillaumeCharron | Clients_v5.1.xlsm | ufClientMF:cmbSearchColumn_Change = '0,0234 secondes'
2025-01-13 16:20:43.42 | GuillaumeCharron | Clients_v5.1.xlsm | modMain:CM_Add_SearchColumn = '0,0859 secondes'
2025-01-13 16:20:43.49 | GuillaumeCharron | Clients_v5.1.xlsm | modMain:CM_Reset_UserForm = '0,1719 secondes'
2025-01-13 16:20:43.51 | GuillaumeCharron | Clients_v5.1.xlsm | ufClientMF:UserForm_Initialize = '0,2070 secondes'
2025-01-13 16:20:56.75 | GuillaumeCharron | Clients_v5.1.xlsm | ufClientMF:cmbSearchColumn_Change | 
2025-01-13 16:20:56.77 | GuillaumeCharron | Clients_v5.1.xlsm | ufClientMF:cmbSearchColumn_Change = '0,0312 secondes'
2025-01-13 16:21:01.95 | GuillaumeCharron | Clients_v5.1.xlsm | ufClientMF:cmdSearch_Click | 
2025-01-13 16:21:01.97 | GuillaumeCharron | Clients_v5.1.xlsm | modMain:CM_Build_Données_Recherche | 
2025-01-13 16:21:03.45 | GuillaumeCharron | Clients_v5.1.xlsm | modMain:CM_Build_Données_Recherche = '1,4883 secondes'
2025-01-13 16:21:03.48 | GuillaumeCharron | Clients_v5.1.xlsm | ufClientMF:cmdSearch_Click = '1,5312 secondes'
2025-01-13 16:21:06.04 | GuillaumeCharron | Clients_v5.1.xlsm | ufClientMF:cmdSearch_Click | 
2025-01-13 16:21:06.06 | GuillaumeCharron | Clients_v5.1.xlsm | modMain:CM_Build_Données_Recherche | 
2025-01-13 16:21:07.15 | GuillaumeCharron | Clients_v5.1.xlsm | modMain:CM_Build_Données_Recherche = '1,0938 secondes'
2025-01-13 16:21:07.18 | GuillaumeCharron | Clients_v5.1.xlsm | ufClientMF:cmdSearch_Click = '1,1484 secondes'
2025-01-13 16:21:11.00 | GuillaumeCharron | Clients_v5.1.xlsm | ufClientMF:cmbSearchColumn_Change | 
2025-01-13 16:21:11.03 | GuillaumeCharron | Clients_v5.1.xlsm | ufClientMF:cmbSearchColumn_Change = '0,0273 secondes'
2025-01-13 16:21:12.78 | GuillaumeCharron | Clients_v5.1.xlsm | ufClientMF:cmbSearchColumn_Change | 
2025-01-13 16:21:12.80 | GuillaumeCharron | Clients_v5.1.xlsm | ufClientMF:cmbSearchColumn_Change = '0,0312 secondes'
2025-01-13 16:21:17.27 | GuillaumeCharron | Clients_v5.1.xlsm | ufClientMF:cmdSearch_Click | 
2025-01-13 16:21:17.29 | GuillaumeCharron | Clients_v5.1.xlsm | modMain:CM_Build_Données_Recherche | 
2025-01-13 16:21:17.43 | GuillaumeCharron | Clients_v5.1.xlsm | modMain:CM_Build_Données_Recherche = '0,1445 secondes'
2025-01-13 16:21:17.45 | GuillaumeCharron | Clients_v5.1.xlsm | ufClientMF:cmdSearch_Click = '0,1914 secondes'
2025-01-13 16:21:18.69 | GuillaumeCharron | Clients_v5.1.xlsm | ufClientMF:lstDonnées_Click | 
2025-01-13 16:21:18.71 | GuillaumeCharron | Clients_v5.1.xlsm | ufClientMF:lstDonnées_Click = '0,0312 secondes'
2025-01-13 16:21:30.45 | GuillaumeCharron | Clients_v5.1.xlsm | ufClientMF:cmdSearch_Click | 
2025-01-13 16:21:30.47 | GuillaumeCharron | Clients_v5.1.xlsm | modMain:CM_Build_Données_Recherche | 
2025-01-13 16:21:30.50 | GuillaumeCharron | Clients_v5.1.xlsm | ufClientMF:lstDonnées_Click | 
2025-01-13 16:21:30.52 | GuillaumeCharron | Clients_v5.1.xlsm | ufClientMF:lstDonnées_Click = '0,0273 secondes'
2025-01-13 16:21:30.65 | GuillaumeCharron | Clients_v5.1.xlsm | modMain:CM_Build_Données_Recherche = '0,1836 secondes'
2025-01-13 16:21:30.67 | GuillaumeCharron | Clients_v5.1.xlsm | ufClientMF:cmdSearch_Click = '0,2305 secondes'
2025-01-13 16:21:32.36 | GuillaumeCharron | Clients_v5.1.xlsm | ufClientMF:lstDonnées_Click | 
2025-01-13 16:21:32.39 | GuillaumeCharron | Clients_v5.1.xlsm | ufClientMF:lstDonnées_Click = '0,0273 secondes'
2025-01-13 16:21:32.63 | GuillaumeCharron | Clients_v5.1.xlsm | ufClientMF:lstDonnées_DblClick | 
2025-01-13 16:21:32.66 | GuillaumeCharron | Clients_v5.1.xlsm | ufClientMF:cmdEdit_Click | 
2025-01-13 16:21:32.68 | GuillaumeCharron | Clients_v5.1.xlsm | modMain:Fn_Selected_List | 
2025-01-13 16:21:32.70 | GuillaumeCharron | Clients_v5.1.xlsm | modMain:Fn_Selected_List = '0,0234 secondes'
2025-01-13 16:21:32.72 | GuillaumeCharron | Clients_v5.1.xlsm | modMain:Fn_Selected_List | 
2025-01-13 16:21:32.75 | GuillaumeCharron | Clients_v5.1.xlsm | modMain:Fn_Selected_List = '0,0312 secondes'
2025-01-13 16:21:32.77 | GuillaumeCharron | Clients_v5.1.xlsm | ufClientMF:cmdEdit_Click = '0,1133 secondes'
2025-01-13 16:21:32.79 | GuillaumeCharron | Clients_v5.1.xlsm | ufClientMF:lstDonnées_DblClick = '0,1641 secondes'
2025-01-13 16:21:33.89 | GuillaumeCharron | Clients_v5.1.xlsm | ufClientMF:txtNomClient_Exit | 
2025-01-13 16:21:33.91 | GuillaumeCharron | Clients_v5.1.xlsm | ufClientMF:txtNomClient_Exit = '0,0273 secondes'
2025-01-13 16:21:54.17 | GuillaumeCharron | Clients_v5.1.xlsm | modMain:CM_Client_List_Import_All | 
2025-01-13 16:21:54.48 | GuillaumeCharron | Clients_v5.1.xlsm | modMain:CM_Apply_Worksheet_Format | 
2025-01-13 16:21:54.56 | GuillaumeCharron | Clients_v5.1.xlsm | modMain:CM_Apply_Worksheet_Format = '0,0820 secondes'
2025-01-13 16:21:54.68 | GuillaumeCharron | Clients_v5.1.xlsm | modMain:CM_Client_List_Import_All = '0,5117 secondes'
2025-01-13 16:21:54.74 | GuillaumeCharron | Clients_v5.1.xlsm | ufClientMF:UserForm_Initialize | 
2025-01-13 16:21:54.76 | GuillaumeCharron | Clients_v5.1.xlsm | modMain:CM_Reset_UserForm | 
2025-01-13 16:21:54.78 | GuillaumeCharron | Clients_v5.1.xlsm | modMain:CM_Add_SearchColumn | 
2025-01-13 16:21:54.80 | GuillaumeCharron | Clients_v5.1.xlsm | ufClientMF:cmbSearchColumn_Change | 
2025-01-13 16:21:54.83 | GuillaumeCharron | Clients_v5.1.xlsm | ufClientMF:cmbSearchColumn_Change = '0,0312 secondes'
2025-01-13 16:21:54.85 | GuillaumeCharron | Clients_v5.1.xlsm | modMain:CM_Add_SearchColumn = '0,0703 secondes'
2025-01-13 16:21:54.91 | GuillaumeCharron | Clients_v5.1.xlsm | modMain:CM_Reset_UserForm = '0,1562 secondes'
2025-01-13 16:21:54.93 | GuillaumeCharron | Clients_v5.1.xlsm | ufClientMF:UserForm_Initialize = '0,1953 secondes'
2025-01-13 16:21:57.69 | GuillaumeCharron | Clients_v5.1.xlsm | ***** Fin de session - Workbook_BeforeClose ***** | 
