2025-01-08 09:11:42.18 | User | Clients_v5.0.xlsm | ***** Début de session - Workbook_Open ***** | 
2025-01-08 09:11:42.25 | User | Clients_v5.0.xlsm | modMain:CM_Client_List_Import_All | 
2025-01-08 09:11:42.88 | User | Clients_v5.0.xlsm | modMain:CM_Apply_Worksheet_Format | 
2025-01-08 09:11:43.01 | User | Clients_v5.0.xlsm | modMain:CM_Apply_Worksheet_Format = '0,1445 secondes'
2025-01-08 09:11:43.18 | User | Clients_v5.0.xlsm | modMain:CM_Client_List_Import_All = '0,9375 secondes'
2025-01-08 09:11:43.31 | User | Clients_v5.0.xlsm | ufClientMF:UserForm_Initialize | 
2025-01-08 09:11:43.37 | User | Clients_v5.0.xlsm | modMain:CM_Reset_UserForm | 
2025-01-08 09:11:43.57 | User | Clients_v5.0.xlsm | modMain:CM_Add_SearchColumn | 
2025-01-08 09:11:43.62 | User | Clients_v5.0.xlsm | ufClientMF:cmbSearchColumn_Change | 
2025-01-08 09:11:43.66 | User | Clients_v5.0.xlsm | ufClientMF:cmbSearchColumn_Change = '0,0508 secondes'
2025-01-08 09:11:43.71 | User | Clients_v5.0.xlsm | modMain:CM_Add_SearchColumn = '0,1406 secondes'
2025-01-08 09:11:43.80 | User | Clients_v5.0.xlsm | modMain:CM_Reset_UserForm = '0,4375 secondes'
2025-01-08 09:11:43.85 | User | Clients_v5.0.xlsm | ufClientMF:UserForm_Initialize = '0,5430 secondes'
2025-01-08 09:12:05.97 | User | Clients_v5.0.xlsm | ***** Fin de session - Workbook_BeforeClose ***** | 
2025-01-08 14:50:09.61 | GuillaumeCharron | Clients_v5.0.xlsm | ***** Début de session - Workbook_Open ***** | 
2025-01-08 14:50:09.64 | GuillaumeCharron | Clients_v5.0.xlsm | modMain:CM_Client_List_Import_All | 
2025-01-08 14:50:09.78 | GuillaumeCharron | Clients_v5.0.xlsm | modMain:CM_Apply_Worksheet_Format | 
2025-01-08 14:50:09.85 | GuillaumeCharron | Clients_v5.0.xlsm | modMain:CM_Apply_Worksheet_Format = '0,0742 secondes'
2025-01-08 14:50:09.94 | GuillaumeCharron | Clients_v5.0.xlsm | modMain:CM_Client_List_Import_All = '0,3086 secondes'
2025-01-08 14:50:10.06 | GuillaumeCharron | Clients_v5.0.xlsm | ufClientMF:UserForm_Initialize | 
2025-01-08 14:50:10.09 | GuillaumeCharron | Clients_v5.0.xlsm | modMain:CM_Reset_UserForm | 
2025-01-08 14:50:10.11 | GuillaumeCharron | Clients_v5.0.xlsm | modMain:CM_Add_SearchColumn | 
2025-01-08 14:50:10.13 | GuillaumeCharron | Clients_v5.0.xlsm | ufClientMF:cmbSearchColumn_Change | 
2025-01-08 14:50:10.14 | GuillaumeCharron | Clients_v5.0.xlsm | ufClientMF:cmbSearchColumn_Change = '0,0273 secondes'
2025-01-08 14:50:10.17 | GuillaumeCharron | Clients_v5.0.xlsm | modMain:CM_Add_SearchColumn = '0,0664 secondes'
2025-01-08 14:50:10.21 | GuillaumeCharron | Clients_v5.0.xlsm | modMain:CM_Reset_UserForm = '0,1250 secondes'
2025-01-08 14:50:10.23 | GuillaumeCharron | Clients_v5.0.xlsm | ufClientMF:UserForm_Initialize = '0,1758 secondes'
2025-01-08 14:50:13.23 | GuillaumeCharron | Clients_v5.0.xlsm | ufClientMF:txtNomClient_Exit | 
2025-01-08 14:50:13.26 | GuillaumeCharron | Clients_v5.0.xlsm | ufClientMF:txtNomClient_Exit = '0,0273 secondes'
2025-01-08 14:50:13.30 | GuillaumeCharron | Clients_v5.0.xlsm | ufClientMF:cmdAddClient_Click | 
2025-01-08 14:50:13.32 | GuillaumeCharron | Clients_v5.0.xlsm | modMain:CM_Reset_UserForm | 
2025-01-08 14:50:13.34 | GuillaumeCharron | Clients_v5.0.xlsm | modMain:CM_Add_SearchColumn | 
2025-01-08 14:50:13.36 | GuillaumeCharron | Clients_v5.0.xlsm | modMain:CM_Add_SearchColumn = '0,0234 secondes'
2025-01-08 14:50:13.42 | GuillaumeCharron | Clients_v5.0.xlsm | modMain:CM_Reset_UserForm = '0,1016 secondes'
2025-01-08 14:54:43.46 | GuillaumeCharron | Clients_v5.0.xlsm | ***** Fin de session - Workbook_BeforeClose ***** | 
2025-01-08 16:04:12.26 | User | Clients_v5.0.xlsm | ***** Début de session - Workbook_Open ***** | 
2025-01-08 16:04:12.36 | User | Clients_v5.0.xlsm | modMain:CM_Client_List_Import_All | 
2025-01-08 16:04:12.73 | User | Clients_v5.0.xlsm | modMain:CM_Apply_Worksheet_Format | 
2025-01-08 16:04:12.84 | User | Clients_v5.0.xlsm | modMain:CM_Apply_Worksheet_Format = '0,1172 secondes'
2025-01-08 16:04:12.96 | User | Clients_v5.0.xlsm | modMain:CM_Client_List_Import_All = '0,6094 secondes'
2025-01-08 16:04:13.04 | User | Clients_v5.0.xlsm | ufClientMF:UserForm_Initialize | 
2025-01-08 16:04:13.09 | User | Clients_v5.0.xlsm | modMain:CM_Reset_UserForm | 
2025-01-08 16:04:13.18 | User | Clients_v5.0.xlsm | modMain:CM_Add_SearchColumn | 
2025-01-08 16:04:13.23 | User | Clients_v5.0.xlsm | ufClientMF:cmbSearchColumn_Change | 
2025-01-08 16:04:13.27 | User | Clients_v5.0.xlsm | ufClientMF:cmbSearchColumn_Change = '0,0508 secondes'
2025-01-08 16:04:13.32 | User | Clients_v5.0.xlsm | modMain:CM_Add_SearchColumn = '0,1484 secondes'
2025-01-08 16:04:13.40 | User | Clients_v5.0.xlsm | modMain:CM_Reset_UserForm = '0,3125 secondes'
2025-01-08 16:04:13.45 | User | Clients_v5.0.xlsm | ufClientMF:UserForm_Initialize = '0,4219 secondes'
2025-01-08 16:04:38.50 | User | Clients_v5.0.xlsm | ufClientMF:cmdSearch_Click | 
2025-01-08 16:04:38.57 | User | Clients_v5.0.xlsm | modMain:CM_Build_Données_Recherche | 
2025-01-08 16:04:41.54 | User | Clients_v5.0.xlsm | modMain:CM_Client_List_Import_All | 
2025-01-08 16:04:41.93 | User | Clients_v5.0.xlsm | modMain:CM_Apply_Worksheet_Format | 
2025-01-08 16:04:42.02 | User | Clients_v5.0.xlsm | modMain:CM_Apply_Worksheet_Format = '0,1016 secondes'
2025-01-08 16:04:42.14 | User | Clients_v5.0.xlsm | modMain:CM_Client_List_Import_All = '0,6094 secondes'
2025-01-08 16:04:42.21 | User | Clients_v5.0.xlsm | ufClientMF:UserForm_Initialize | 
2025-01-08 16:04:42.26 | User | Clients_v5.0.xlsm | modMain:CM_Reset_UserForm | 
2025-01-08 16:04:42.32 | User | Clients_v5.0.xlsm | modMain:CM_Add_SearchColumn | 
2025-01-08 16:04:42.37 | User | Clients_v5.0.xlsm | ufClientMF:cmbSearchColumn_Change | 
2025-01-08 16:04:42.43 | User | Clients_v5.0.xlsm | ufClientMF:cmbSearchColumn_Change = '0,0625 secondes'
2025-01-08 16:04:42.48 | User | Clients_v5.0.xlsm | modMain:CM_Add_SearchColumn = '0,1641 secondes'
2025-01-08 16:04:42.57 | User | Clients_v5.0.xlsm | modMain:CM_Reset_UserForm = '0,3164 secondes'
2025-01-08 16:04:42.62 | User | Clients_v5.0.xlsm | ufClientMF:UserForm_Initialize = '0,4219 secondes'
2025-01-08 16:04:48.04 | User | Clients_v5.0.xlsm | ufClientMF:cmbSearchColumn_Change | 
2025-01-08 16:04:48.09 | User | Clients_v5.0.xlsm | ufClientMF:cmbSearchColumn_Change = '0,0625 secondes'
2025-01-08 16:04:51.66 | User | Clients_v5.0.xlsm | ufClientMF:cmdSearch_Click | 
2025-01-08 16:04:51.71 | User | Clients_v5.0.xlsm | modMain:CM_Build_Données_Recherche | 
2025-01-08 16:04:51.86 | User | Clients_v5.0.xlsm | modMain:CM_Build_Données_Recherche = '0,1719 secondes'
2025-01-08 16:04:51.93 | User | Clients_v5.0.xlsm | ufClientMF:cmdSearch_Click = '0,2812 secondes'
2025-01-08 16:05:03.93 | User | Clients_v5.0.xlsm | ***** Fin de session - Workbook_BeforeClose ***** | 
2025-01-08 16:19:54.96 | User | Clients_v5.0.xlsm | ***** Début de session - Workbook_Open ***** | 
2025-01-08 16:19:55.04 | User | Clients_v5.0.xlsm | modMain:CM_Client_List_Import_All | 
2025-01-08 16:19:55.39 | User | Clients_v5.0.xlsm | modMain:CM_Apply_Worksheet_Format | 
2025-01-08 16:19:55.49 | User | Clients_v5.0.xlsm | modMain:CM_Apply_Worksheet_Format = '0,1016 secondes'
2025-01-08 16:19:55.59 | User | Clients_v5.0.xlsm | modMain:CM_Client_List_Import_All = '0,5625 secondes'
2025-01-08 16:19:55.69 | User | Clients_v5.0.xlsm | ufClientMF:UserForm_Initialize | 
2025-01-08 16:19:55.73 | User | Clients_v5.0.xlsm | modMain:CM_Reset_UserForm | 
2025-01-08 16:19:55.80 | User | Clients_v5.0.xlsm | modMain:CM_Add_SearchColumn | 
2025-01-08 16:19:55.86 | User | Clients_v5.0.xlsm | ufClientMF:cmbSearchColumn_Change | 
2025-01-08 16:19:55.91 | User | Clients_v5.0.xlsm | ufClientMF:cmbSearchColumn_Change = '0,0664 secondes'
2025-01-08 16:19:55.96 | User | Clients_v5.0.xlsm | modMain:CM_Add_SearchColumn = '0,1719 secondes'
2025-01-08 16:19:56.04 | User | Clients_v5.0.xlsm | modMain:CM_Reset_UserForm = '0,3164 secondes'
2025-01-08 16:19:56.09 | User | Clients_v5.0.xlsm | ufClientMF:UserForm_Initialize = '0,4141 secondes'
2025-01-08 16:20:18.73 | User | Clients_v5.0.xlsm | ufClientMF:cmdSearch_Click | 
2025-01-08 16:20:18.80 | User | Clients_v5.0.xlsm | modMain:CM_Build_Données_Recherche | 
2025-01-08 16:20:22.09 | User | Clients_v5.0.xlsm | modMain:CM_Client_List_Import_All | 
2025-01-08 16:20:22.51 | User | Clients_v5.0.xlsm | modMain:CM_Apply_Worksheet_Format | 
2025-01-08 16:20:22.62 | User | Clients_v5.0.xlsm | modMain:CM_Apply_Worksheet_Format = '0,1133 secondes'
2025-01-08 16:20:22.73 | User | Clients_v5.0.xlsm | modMain:CM_Client_List_Import_All = '0,6484 secondes'
2025-01-08 16:20:22.80 | User | Clients_v5.0.xlsm | ufClientMF:UserForm_Initialize | 
2025-01-08 16:20:22.85 | User | Clients_v5.0.xlsm | modMain:CM_Reset_UserForm | 
2025-01-08 16:20:22.93 | User | Clients_v5.0.xlsm | modMain:CM_Add_SearchColumn | 
2025-01-08 16:20:22.98 | User | Clients_v5.0.xlsm | ufClientMF:cmbSearchColumn_Change | 
2025-01-08 16:20:23.04 | User | Clients_v5.0.xlsm | ufClientMF:cmbSearchColumn_Change = '0,0664 secondes'
2025-01-08 16:20:23.09 | User | Clients_v5.0.xlsm | modMain:CM_Add_SearchColumn = '0,1758 secondes'
2025-01-08 16:20:23.17 | User | Clients_v5.0.xlsm | modMain:CM_Reset_UserForm = '0,3242 secondes'
2025-01-08 16:20:23.22 | User | Clients_v5.0.xlsm | ufClientMF:UserForm_Initialize = '0,4336 secondes'
2025-01-08 16:20:29.87 | User | Clients_v5.0.xlsm | ufClientMF:cmbSearchColumn_Change | 
2025-01-08 16:20:29.93 | User | Clients_v5.0.xlsm | ufClientMF:cmbSearchColumn_Change = '0,0781 secondes'
2025-01-08 16:20:33.59 | User | Clients_v5.0.xlsm | ufClientMF:cmdSearch_Click | 
2025-01-08 16:20:33.64 | User | Clients_v5.0.xlsm | modMain:CM_Build_Données_Recherche | 
2025-01-08 16:20:36.20 | User | Clients_v5.0.xlsm | modMain:CM_Build_Données_Recherche = '2,5703 secondes'
2025-01-08 16:20:36.27 | User | Clients_v5.0.xlsm | ufClientMF:cmdSearch_Click = '2,6875 secondes'
2025-01-08 16:20:38.98 | User | Clients_v5.0.xlsm | ufClientMF:cmbSearchColumn_Change | 
2025-01-08 16:20:39.04 | User | Clients_v5.0.xlsm | ufClientMF:cmbSearchColumn_Change = '0,0625 secondes'
2025-01-08 16:20:43.40 | User | Clients_v5.0.xlsm | ufClientMF:cmdSearch_Click | 
2025-01-08 16:20:43.46 | User | Clients_v5.0.xlsm | modMain:CM_Build_Données_Recherche | 
2025-01-08 16:20:45.50 | User | Clients_v5.0.xlsm | modMain:CM_Build_Données_Recherche = '2,0508 secondes'
2025-01-08 16:20:45.57 | User | Clients_v5.0.xlsm | ufClientMF:cmdSearch_Click = '2,1719 secondes'
2025-01-08 16:21:33.49 | User | Clients_v5.0.xlsm | ***** Fin de session - Workbook_BeforeClose ***** | 
