2025-01-07 14:13:47.42 | User | Clients_v5.0.xlsm | ***** Début de session - Workbook_Open ***** | 
2025-01-07 14:13:47.49 | User | Clients_v5.0.xlsm | modMain:CM_Client_List_Import_All | 
2025-01-07 14:13:47.92 | User | Clients_v5.0.xlsm | modMain:CM_Apply_Worksheet_Format | 
2025-01-07 14:13:48.03 | User | Clients_v5.0.xlsm | modMain:CM_Apply_Worksheet_Format = '0,1172 secondes'
2025-01-07 14:13:48.14 | User | Clients_v5.0.xlsm | modMain:CM_Client_List_Import_All = '0,6523 secondes'
2025-01-07 14:13:48.21 | User | Clients_v5.0.xlsm | ufClientMF:UserForm_Initialize | 
2025-01-07 14:13:48.26 | User | Clients_v5.0.xlsm | modMain:CM_Reset_UserForm | 
2025-01-07 14:13:48.33 | User | Clients_v5.0.xlsm | modMain:CM_Add_SearchColumn | 
2025-01-07 14:13:48.38 | User | Clients_v5.0.xlsm | ufClientMF:cmbSearchColumn_Change | 
2025-01-07 14:13:48.43 | User | Clients_v5.0.xlsm | ufClientMF:cmbSearchColumn_Change = '0,0625 secondes'
2025-01-07 14:13:48.48 | User | Clients_v5.0.xlsm | modMain:CM_Add_SearchColumn = '0,1641 secondes'
2025-01-07 14:13:48.58 | User | Clients_v5.0.xlsm | modMain:CM_Reset_UserForm = '0,3242 secondes'
2025-01-07 14:13:48.63 | User | Clients_v5.0.xlsm | ufClientMF:UserForm_Initialize = '0,4180 secondes'
2025-01-07 14:14:04.16 | User | Clients_v5.0.xlsm | ufClientMF:cmdSearch_Click | 
2025-01-07 14:14:04.22 | User | Clients_v5.0.xlsm | modMain:CM_Build_Données_Recherche | 
2025-01-07 14:14:08.50 | User | Clients_v5.0.xlsm | modMain:CM_Client_List_Import_All | 
2025-01-07 14:14:08.89 | User | Clients_v5.0.xlsm | modMain:CM_Apply_Worksheet_Format | 
2025-01-07 14:14:08.98 | User | Clients_v5.0.xlsm | modMain:CM_Apply_Worksheet_Format = '0,0977 secondes'
2025-01-07 14:14:09.09 | User | Clients_v5.0.xlsm | modMain:CM_Client_List_Import_All = '0,6016 secondes'
2025-01-07 14:14:09.16 | User | Clients_v5.0.xlsm | ufClientMF:UserForm_Initialize | 
2025-01-07 14:14:09.21 | User | Clients_v5.0.xlsm | modMain:CM_Reset_UserForm | 
2025-01-07 14:14:09.28 | User | Clients_v5.0.xlsm | modMain:CM_Add_SearchColumn | 
2025-01-07 14:14:09.32 | User | Clients_v5.0.xlsm | ufClientMF:cmbSearchColumn_Change | 
2025-01-07 14:14:09.38 | User | Clients_v5.0.xlsm | ufClientMF:cmbSearchColumn_Change = '0,0586 secondes'
2025-01-07 14:14:09.42 | User | Clients_v5.0.xlsm | modMain:CM_Add_SearchColumn = '0,1523 secondes'
2025-01-07 14:14:09.52 | User | Clients_v5.0.xlsm | modMain:CM_Reset_UserForm = '0,3164 secondes'
2025-01-07 14:14:09.57 | User | Clients_v5.0.xlsm | ufClientMF:UserForm_Initialize = '0,4102 secondes'
2025-01-07 14:14:12.59 | User | Clients_v5.0.xlsm | ufClientMF:cmbSearchColumn_Change | 
2025-01-07 14:14:12.64 | User | Clients_v5.0.xlsm | ufClientMF:cmbSearchColumn_Change = '0,0586 secondes'
2025-01-07 14:14:17.18 | User | Clients_v5.0.xlsm | ufClientMF:cmdSearch_Click | 
2025-01-07 14:14:17.24 | User | Clients_v5.0.xlsm | modMain:CM_Build_Données_Recherche | 
2025-01-07 14:14:19.10 | User | Clients_v5.0.xlsm | modMain:CM_Build_Données_Recherche = '1,8945 secondes'
2025-01-07 14:14:19.18 | User | Clients_v5.0.xlsm | ufClientMF:cmdSearch_Click = '2,0078 secondes'
2025-01-07 14:14:24.81 | User | Clients_v5.0.xlsm | ufClientMF:cmbSearchColumn_Change | 
2025-01-07 14:14:24.88 | User | Clients_v5.0.xlsm | ufClientMF:cmbSearchColumn_Change = '0,0703 secondes'
2025-01-07 14:14:28.98 | User | Clients_v5.0.xlsm | ufClientMF:cmdSearch_Click | 
2025-01-07 14:14:29.04 | User | Clients_v5.0.xlsm | modMain:CM_Build_Données_Recherche | 
2025-01-07 14:14:30.97 | User | Clients_v5.0.xlsm | modMain:CM_Build_Données_Recherche = '1,9375 secondes'
2025-01-07 14:14:31.02 | User | Clients_v5.0.xlsm | ufClientMF:cmdSearch_Click = '2,0547 secondes'
2025-01-07 14:14:35.41 | User | Clients_v5.0.xlsm | ufClientMF:cmbSearchColumn_Change | 
2025-01-07 14:14:35.45 | User | Clients_v5.0.xlsm | ufClientMF:cmbSearchColumn_Change = '0,0586 secondes'
2025-01-07 14:14:58.64 | User | Clients_v5.0.xlsm | ufClientMF:cmdSearch_Click | 
2025-01-07 14:14:58.70 | User | Clients_v5.0.xlsm | modMain:CM_Build_Données_Recherche | 
2025-01-07 14:15:00.54 | User | Clients_v5.0.xlsm | modMain:CM_Build_Données_Recherche = '1,8477 secondes'
2025-01-07 14:15:00.59 | User | Clients_v5.0.xlsm | ufClientMF:cmdSearch_Click = '1,9648 secondes'
2025-01-07 14:15:02.64 | User | Clients_v5.0.xlsm | ufClientMF:cmbSearchColumn_Change | 
2025-01-07 14:15:02.70 | User | Clients_v5.0.xlsm | ufClientMF:cmbSearchColumn_Change = '0,0625 secondes'
2025-01-07 14:15:05.80 | User | Clients_v5.0.xlsm | ufClientMF:cmdSearch_Click | 
2025-01-07 14:15:05.86 | User | Clients_v5.0.xlsm | modMain:CM_Build_Données_Recherche | 
2025-01-07 14:15:08.70 | User | Clients_v5.0.xlsm | modMain:CM_Build_Données_Recherche = '2,8633 secondes'
2025-01-07 14:15:08.78 | User | Clients_v5.0.xlsm | ufClientMF:cmdSearch_Click = '2,9805 secondes'
2025-01-07 14:15:17.71 | User | Clients_v5.0.xlsm | ufClientMF:cmbSearchColumn_Change | 
2025-01-07 14:15:17.77 | User | Clients_v5.0.xlsm | ufClientMF:cmbSearchColumn_Change = '0,0586 secondes'
2025-01-07 14:15:21.53 | User | Clients_v5.0.xlsm | ufClientMF:cmdSearch_Click | 
2025-01-07 14:15:21.59 | User | Clients_v5.0.xlsm | modMain:CM_Build_Données_Recherche | 
2025-01-07 14:15:23.46 | User | Clients_v5.0.xlsm | modMain:CM_Build_Données_Recherche = '1,8750 secondes'
2025-01-07 14:15:23.51 | User | Clients_v5.0.xlsm | ufClientMF:cmdSearch_Click = '1,9883 secondes'
2025-01-07 14:15:37.10 | User | Clients_v5.0.xlsm | ufClientMF:cmdSearch_Click | 
2025-01-07 14:15:37.16 | User | Clients_v5.0.xlsm | modMain:CM_Build_Données_Recherche | 
2025-01-07 14:15:39.59 | User | Clients_v5.0.xlsm | modMain:CM_Build_Données_Recherche = '2,4336 secondes'
2025-01-07 14:15:39.64 | User | Clients_v5.0.xlsm | ufClientMF:cmdSearch_Click = '2,5469 secondes'
2025-01-07 14:15:45.71 | User | Clients_v5.0.xlsm | ufClientMF:cmbSearchColumn_Change | 
2025-01-07 14:15:45.76 | User | Clients_v5.0.xlsm | ufClientMF:cmbSearchColumn_Change = '0,0586 secondes'
2025-01-07 14:15:49.59 | User | Clients_v5.0.xlsm | ufClientMF:cmdSearch_Click | 
2025-01-07 14:15:49.65 | User | Clients_v5.0.xlsm | modMain:CM_Build_Données_Recherche | 
2025-01-07 14:15:51.81 | User | Clients_v5.0.xlsm | modMain:CM_Build_Données_Recherche = '2,1641 secondes'
2025-01-07 14:15:51.87 | User | Clients_v5.0.xlsm | ufClientMF:cmdSearch_Click = '2,3281 secondes'
2025-01-07 14:15:53.95 | User | Clients_v5.0.xlsm | ufClientMF:cmbSearchColumn_Change | 
2025-01-07 14:15:54.00 | User | Clients_v5.0.xlsm | ufClientMF:cmbSearchColumn_Change = '0,0586 secondes'
2025-01-07 14:15:57.16 | User | Clients_v5.0.xlsm | ufClientMF:cmdSearch_Click | 
2025-01-07 14:15:57.21 | User | Clients_v5.0.xlsm | modMain:CM_Build_Données_Recherche | 
2025-01-07 14:15:58.98 | User | Clients_v5.0.xlsm | modMain:CM_Build_Données_Recherche = '1,7695 secondes'
2025-01-07 14:15:59.07 | User | Clients_v5.0.xlsm | ufClientMF:cmdSearch_Click = '1,9375 secondes'
2025-01-07 14:16:04.27 | User | Clients_v5.0.xlsm | ufClientMF:lstDonnées_Click | 
2025-01-07 14:16:04.33 | User | Clients_v5.0.xlsm | ufClientMF:lstDonnées_Click = '0,0742 secondes'
2025-01-07 14:18:16.61 | User | Clients_v5.0.xlsm | ufClientMF:cmdSearch_Click | 
2025-01-07 14:18:16.67 | User | Clients_v5.0.xlsm | modMain:CM_Build_Données_Recherche | 
2025-01-07 14:18:16.73 | User | Clients_v5.0.xlsm | ufClientMF:lstDonnées_Click | 
2025-01-07 14:18:16.78 | User | Clients_v5.0.xlsm | ufClientMF:lstDonnées_Click = '0,0586 secondes'
2025-01-07 14:18:16.85 | User | Clients_v5.0.xlsm | ufClientMF:lstDonnées_Click | 
2025-01-07 14:18:16.90 | User | Clients_v5.0.xlsm | ufClientMF:lstDonnées_Click = '0,0547 secondes'
2025-01-07 14:18:18.96 | User | Clients_v5.0.xlsm | ufClientMF:lstDonnées_Click | 
2025-01-07 14:18:19.05 | User | Clients_v5.0.xlsm | ufClientMF:lstDonnées_Click = '0,0898 secondes'
2025-01-07 14:18:19.15 | User | Clients_v5.0.xlsm | ufClientMF:lstDonnées_Click | 
2025-01-07 14:18:19.23 | User | Clients_v5.0.xlsm | ufClientMF:lstDonnées_Click = '0,0859 secondes'
2025-01-07 14:18:19.30 | User | Clients_v5.0.xlsm | modMain:CM_Build_Données_Recherche = '2,6445 secondes'
2025-01-07 14:18:19.35 | User | Clients_v5.0.xlsm | ufClientMF:cmdSearch_Click = '2,7539 secondes'
2025-01-07 14:18:21.29 | User | Clients_v5.0.xlsm | ufClientMF:cmbSearchColumn_Change | 
2025-01-07 14:18:21.35 | User | Clients_v5.0.xlsm | ufClientMF:cmbSearchColumn_Change = '0,0664 secondes'
2025-01-07 14:18:24.72 | User | Clients_v5.0.xlsm | ufClientMF:cmdSearch_Click | 
2025-01-07 14:18:24.77 | User | Clients_v5.0.xlsm | modMain:CM_Build_Données_Recherche | 
2025-01-07 14:18:24.83 | User | Clients_v5.0.xlsm | ufClientMF:lstDonnées_Click | 
2025-01-07 14:18:24.88 | User | Clients_v5.0.xlsm | ufClientMF:lstDonnées_Click = '0,0547 secondes'
2025-01-07 14:18:24.94 | User | Clients_v5.0.xlsm | ufClientMF:lstDonnées_Click | 
2025-01-07 14:18:24.99 | User | Clients_v5.0.xlsm | ufClientMF:lstDonnées_Click = '0,0586 secondes'
2025-01-07 14:18:26.91 | User | Clients_v5.0.xlsm | ufClientMF:lstDonnées_Click | 
2025-01-07 14:18:26.98 | User | Clients_v5.0.xlsm | ufClientMF:lstDonnées_Click = '0,0742 secondes'
2025-01-07 14:18:27.05 | User | Clients_v5.0.xlsm | ufClientMF:lstDonnées_Click | 
2025-01-07 14:18:27.14 | User | Clients_v5.0.xlsm | ufClientMF:lstDonnées_Click = '0,0898 secondes'
2025-01-07 14:18:27.25 | User | Clients_v5.0.xlsm | modMain:CM_Build_Données_Recherche = '2,4844 secondes'
2025-01-07 14:18:27.29 | User | Clients_v5.0.xlsm | ufClientMF:cmdSearch_Click = '2,5820 secondes'
2025-01-07 14:18:58.16 | User | Clients_v5.0.xlsm | ufClientMF:cmdSearch_Click | 
2025-01-07 14:18:58.22 | User | Clients_v5.0.xlsm | modMain:CM_Build_Données_Recherche | 
2025-01-07 14:18:58.30 | User | Clients_v5.0.xlsm | ufClientMF:lstDonnées_Click | 
2025-01-07 14:18:58.36 | User | Clients_v5.0.xlsm | ufClientMF:lstDonnées_Click = '0,0625 secondes'
2025-01-07 14:18:58.42 | User | Clients_v5.0.xlsm | ufClientMF:lstDonnées_Click | 
2025-01-07 14:18:58.47 | User | Clients_v5.0.xlsm | ufClientMF:lstDonnées_Click = '0,0625 secondes'
2025-01-07 14:18:58.61 | User | Clients_v5.0.xlsm | modMain:CM_Build_Données_Recherche = '0,3984 secondes'
2025-01-07 14:18:58.66 | User | Clients_v5.0.xlsm | ufClientMF:cmdSearch_Click = '0,5039 secondes'
2025-01-07 14:19:02.96 | User | Clients_v5.0.xlsm | ufClientMF:lstDonnées_Click | 
2025-01-07 14:19:03.02 | User | Clients_v5.0.xlsm | ufClientMF:lstDonnées_Click = '0,0625 secondes'
2025-01-07 14:19:03.14 | User | Clients_v5.0.xlsm | ufClientMF:lstDonnées_DblClick | 
2025-01-07 14:19:03.20 | User | Clients_v5.0.xlsm | ufClientMF:cmdEdit_Click | 
2025-01-07 14:19:03.25 | User | Clients_v5.0.xlsm | modMain:Fn_Selected_List | 
2025-01-07 14:19:03.30 | User | Clients_v5.0.xlsm | modMain:Fn_Selected_List = '0,0547 secondes'
2025-01-07 14:19:03.37 | User | Clients_v5.0.xlsm | modMain:Fn_Selected_List | 
2025-01-07 14:19:03.42 | User | Clients_v5.0.xlsm | modMain:Fn_Selected_List = '0,0625 secondes'
2025-01-07 14:19:03.48 | User | Clients_v5.0.xlsm | ufClientMF:cmdEdit_Click = '0,2852 secondes'
2025-01-07 14:19:03.53 | User | Clients_v5.0.xlsm | ufClientMF:lstDonnées_DblClick = '0,3984 secondes'
2025-01-07 14:19:06.07 | User | Clients_v5.0.xlsm | ufClientMF:txtNomClient_Exit | 
2025-01-07 14:19:06.12 | User | Clients_v5.0.xlsm | ufClientMF:txtNomClient_Exit = '0,0586 secondes'
2025-01-07 14:19:55.87 | User | Clients_v5.0.xlsm | ufClientMF:cmdSave_Click | 
2025-01-07 14:19:55.93 | User | Clients_v5.0.xlsm | modMain:Fn_ValidateEntries | 
2025-01-07 14:19:56.01 | User | Clients_v5.0.xlsm | modMain:Fn_ValidateEntries = '0,0820 secondes'
2025-01-07 14:19:56.06 | User | Clients_v5.0.xlsm | ufClientMF:Fix_Some_Fields | 
2025-01-07 14:19:56.11 | User | Clients_v5.0.xlsm | ufClientMF:Fix_Some_Fields = '0,0586 secondes'
2025-01-07 14:19:58.39 | User | Clients_v5.0.xlsm | modMain:Fn_Is_Client_Code_Already_Used | 
2025-01-07 14:19:58.46 | User | Clients_v5.0.xlsm | modMain:Fn_Is_Client_Code_Already_Used | checkPoint | VRAI
2025-01-07 14:19:58.51 | User | Clients_v5.0.xlsm | modMain:Fn_Is_Client_Code_Already_Used = '0,1211 secondes'
2025-01-07 14:19:58.56 | User | Clients_v5.0.xlsm | modMain:CM_Update_External_GCF_BD_Entrée | UPDATE
2025-01-07 14:20:00.63 | User | Clients_v5.0.xlsm | modMain:CM_Update_External_GCF_BD_Entrée | checkPoint | DDM (0.0.0.0)
2025-01-07 14:20:00.80 | User | Clients_v5.0.xlsm | modMain:CM_Update_External_GCF_BD_Entrée = '2,2500 secondes'
2025-01-07 14:20:00.86 | User | Clients_v5.0.xlsm | modMain:CM_Update_Locally_GCF_BD_Entrée | 
2025-01-07 14:20:00.91 | User | Clients_v5.0.xlsm | modMain:CM_Update_Locally_GCF_BD_Entrée = '0,0625 secondes'
2025-01-07 14:20:00.97 | User | Clients_v5.0.xlsm | modMain:CM_Reset_UserForm | 
2025-01-07 14:20:01.03 | User | Clients_v5.0.xlsm | modMain:CM_Build_Données_Recherche | 
2025-01-07 14:20:01.09 | User | Clients_v5.0.xlsm | ufClientMF:lstDonnées_Click | 
2025-01-07 14:20:01.13 | User | Clients_v5.0.xlsm | ufClientMF:lstDonnées_Click = '0,0586 secondes'
2025-01-07 14:20:01.26 | User | Clients_v5.0.xlsm | modMain:CM_Build_Données_Recherche = '0,2422 secondes'
2025-01-07 14:20:01.31 | User | Clients_v5.0.xlsm | modMain:CM_Reset_UserForm = '0,3516 secondes'
2025-01-07 14:20:01.41 | User | Clients_v5.0.xlsm | ufClientMF:lstDonnées_Click | 
2025-01-07 14:20:01.47 | User | Clients_v5.0.xlsm | ufClientMF:lstDonnées_Click = '0,0625 secondes'
2025-01-07 14:20:01.52 | User | Clients_v5.0.xlsm | ufClientMF:cmdSave_Click = '5,6562 secondes'
2025-01-07 14:23:53.51 | User | Clients_v5.0.xlsm | ***** Fin de session - Workbook_BeforeClose ***** | 
