2024-11-08 20:17:47.10 | Guillaume | APP_v5.D.1.xlsb | ***** Début d'une nouvelle session (Workbook_Open) ***** |  | 31
2024-11-08 20:17:47.40 | Guillaume | APP_v5.D.1.xlsb | ThisWorkbook:Create_User_Active_File |  | 31
2024-11-08 20:17:47.90 | Guillaume | APP_v5.D.1.xlsb | ThisWorkbook:Create_User_Active_File | 0,6875 sec. | 31

2024-11-08 20:17:48.17 | Guillaume | APP_v5.D.1.xlsb | ThisWorkbook:BackupMasterFile |  | 31
2024-11-08 20:17:49.97 | Guillaume | APP_v5.D.1.xlsb |    ThisWorkbook:BackupMasterFile - La variable masterWorkbook est initialisée |  | 31
2024-11-08 20:17:50.69 | Guillaume | APP_v5.D.1.xlsb |    ThisWorkbook:BackupMasterFile - La copie est réussie |  | 31
2024-11-08 20:17:51.08 | Guillaume | APP_v5.D.1.xlsb |    ThisWorkbook:BackupMasterFile - Le fichier masterWorkbook est fermé |  | 31
2024-11-08 20:17:51.30 | Guillaume | APP_v5.D.1.xlsb | ThisWorkbook:BackupMasterFile | 3,2578 sec. | 31

2024-11-08 20:17:51.50 | Guillaume | APP_v5.D.1.xlsb | modMenu:Hide_Dev_Shapes_Based_On_Username |  | 31
2024-11-08 20:17:51.72 | Guillaume | APP_v5.D.1.xlsb | modMenu:Hide_Dev_Shapes_Based_On_Username | 0,3438 sec. | 31

2024-11-08 20:17:51.95 | Guillaume | APP_v5.D.1.xlsb | modAppli:Write_Info_On_Main_Menu |  | 31
2024-11-08 20:17:52.22 | Guillaume | APP_v5.D.1.xlsb | modAppli:Write_Info_On_Main_Menu | 0,3984 sec. | 31

2024-11-08 20:17:52.48 | Guillaume | APP_v5.D.1.xlsb | ThisWorkbook:Workbook_Open | 5,5234 sec. | 31

2024-11-08 20:17:53.38 | Guillaume | APP_v5.D.1.xlsb | ufSaisieHeures:UserForm_Activate |  | 31
2024-11-08 20:17:53.63 | Guillaume | APP_v5.D.1.xlsb | modImport:Client_List_Import_All |  | 31
2024-11-08 20:17:54.84 | Guillaume | APP_v5.D.1.xlsb |      modImport:Client_List_Import_All - Le .CopyFromRecordSet est complétée |  | 31
2024-11-08 20:17:55.18 | Guillaume | APP_v5.D.1.xlsb |      modImport:Client_List_Import_All - La mise en forme a été appliquée |  | 31
2024-11-08 20:17:55.48 | Guillaume | APP_v5.D.1.xlsb | modImport:Client_List_Import_All | 1,9922 sec. | 31

2024-11-08 20:17:55.70 | Guillaume | APP_v5.D.1.xlsb | modImport:TEC_Import_All |  | 31
2024-11-08 20:17:57.19 | Guillaume | APP_v5.D.1.xlsb |      modImport:TEC_Import_All - Le .CopyFromRecordSet est complétée |  | 31
2024-11-08 20:17:57.63 | Guillaume | APP_v5.D.1.xlsb |      modImport:TEC_Import_All - La mise en forme a été appliquée |  | 31
2024-11-08 20:17:57.94 | Guillaume | APP_v5.D.1.xlsb | modImport:TEC_Import_All | 2,4062 sec. | 31

2024-11-08 20:17:58.23 | Guillaume | APP_v5.D.1.xlsb | ufSaisieHeures:UserForm_Activate | 5,0391 sec. | 31

2024-11-08 20:18:01.17 | Guillaume | APP_v5.D.1.xlsb | ufSaisieHeures:cmbProfessionnel_AfterUpdate |  | 31
2024-11-08 20:18:01.43 | Guillaume | APP_v5.D.1.xlsb | ufSaisieHeures:cmbProfessionnel_AfterUpdate | 0,4219 sec. | 31

2024-11-08 20:18:02.53 | Guillaume | APP_v5.D.1.xlsb | ufSaisieHeures:txtDate_BeforeUpdate |  | 31
2024-11-08 20:18:02.77 | Guillaume | APP_v5.D.1.xlsb | modFunctions:Fn_Complete_Date @00608   y = 2024   m = 11   d = 8 parsedDate='08/11/24' |  | 31
2024-11-08 20:18:03.02 | Guillaume | APP_v5.D.1.xlsb | ufSaisieHeures:txtDate_BeforeUpdate | 0,6484 sec. | 31

2024-11-08 20:18:03.27 | Guillaume | APP_v5.D.1.xlsb | ufSaisieHeures:txtDate_AfterUpdate - 08/11/2024 |  | 31
2024-11-08 20:18:03.50 | Guillaume | APP_v5.D.1.xlsb | modTEC_Saisie:TEC_Get_All_TEC_AF - 1/08/11/2024 |  | 31
2024-11-08 20:18:03.84 | Guillaume | APP_v5.D.1.xlsb | modTEC_Saisie:TEC_Get_All_TEC_AF | 0,5000 sec. | 31

2024-11-08 20:18:04.08 | Guillaume | APP_v5.D.1.xlsb | modTEC_Saisie:TEC_Refresh_ListBox_And_Add_Hours |  | 31
2024-11-08 20:18:04.30 | Guillaume | APP_v5.D.1.xlsb | modTEC_Saisie:TEC_TdB_Update_All |  | 31
2024-11-08 20:18:04.54 | Guillaume | APP_v5.D.1.xlsb | modTEC_Saisie:TEC_TdB_Push_TEC_Local_To_DB_Data |  | 31
2024-11-08 20:18:05.02 | Guillaume | APP_v5.D.1.xlsb | modTEC_Saisie:TEC_TdB_Push_TEC_Local_To_DB_Data | 0,6094 sec. | 31

2024-11-08 20:18:05.23 | Guillaume | APP_v5.D.1.xlsb | modTEC_Saisie:TEC_TdB_Refresh_All_Pivot_Tables |  | 31
2024-11-08 20:18:05.62 | Guillaume | APP_v5.D.1.xlsb | modTEC_Saisie:TEC_TdB_Refresh_All_Pivot_Tables | 0,5469 sec. | 31

2024-11-08 20:18:05.85 | Guillaume | APP_v5.D.1.xlsb | modTEC_Saisie:TEC_TdB_Update_All | 1,6719 sec. | 31

2024-11-08 20:18:06.05 | Guillaume | APP_v5.D.1.xlsb | modStatsHeures:StatsHeures_AdvancedFilters |  | 31
2024-11-08 20:18:06.56 | Guillaume | APP_v5.D.1.xlsb | modStatsHeures:StatsHeures_AdvancedFilters | 0,6328 sec. | 31

2024-11-08 20:18:06.88 | Guillaume | APP_v5.D.1.xlsb | modTEC_Saisie:TEC_Refresh_ListBox_And_Add_Hours | 2,9297 sec. | 31

2024-11-08 20:18:07.08 | Guillaume | APP_v5.D.1.xlsb | ufSaisieHeures:txtDate_AfterUpdate | 3,9297 sec. | 31

2024-11-08 20:18:10.13 | Guillaume | APP_v5.D.1.xlsb | ufSaisieHeures:lsbHresJour_dblClick - An entry from the list was double clicked |  | 31
2024-11-08 20:18:10.34 | Guillaume | APP_v5.D.1.xlsb | modFunctions:Fn_Find_Row_Number_TEC_ID |  | 31
2024-11-08 20:18:10.54 | Guillaume | APP_v5.D.1.xlsb | modFunctions:Fn_Find_Row_Number_TEC_ID - Row # = 2301 |  | 31
2024-11-08 20:18:10.76 | Guillaume | APP_v5.D.1.xlsb | modFunctions:Fn_Find_Row_Number_TEC_ID | 0,5391 sec. | 31

2024-11-08 20:18:13.88 | Guillaume | APP_v5.D.1.xlsb | ufSaisieHeures:txtClient_AfterUpdate - Racine Petits Fruits 2014 Inc. [Annie Perrier / Daniel Racine] |  | 31
2024-11-08 20:18:14.07 | Guillaume | APP_v5.D.1.xlsb | modFunctions:Fn_GetID_From_Client_Name - Racine Petits Fruits 2014 Inc. [Annie Perrier / Daniel Racine] |  | 31
2024-11-08 20:18:14.27 | Guillaume | APP_v5.D.1.xlsb | modFunctions:Fn_GetID_From_Client_Name - 1611 | 0,3359 sec. | 31

2024-11-08 20:18:14.48 | Guillaume | APP_v5.D.1.xlsb |    ufSaisieHeures:txtClient_AfterUpdate - 1611 |  | 31
2024-11-08 20:18:14.67 | Guillaume | APP_v5.D.1.xlsb | ufSaisieHeures:txtClient_AfterUpdate | 0,9297 sec. | 31

2024-11-08 20:18:23.81 | Guillaume | APP_v5.D.1.xlsb | ufSaisieHeures:txtActivite_AfterUpdate |  | 31
2024-11-08 20:18:24.03 | Guillaume | APP_v5.D.1.xlsb | ufSaisieHeures:txtActivite_AfterUpdate | 0,3828 sec. | 31

2024-11-08 20:18:25.47 | Guillaume | APP_v5.D.1.xlsb | ufSaisieHeures:txtHeures_AfterUpdate |  | 31
2024-11-08 20:18:25.67 | Guillaume | APP_v5.D.1.xlsb | ufSaisieHeures:txtHeures_AfterUpdate | 0,3203 sec. | 31

2024-11-08 20:18:25.87 | Guillaume | APP_v5.D.1.xlsb | ufSaisieHeures:txtHeures_Exit |  | 31
2024-11-08 20:18:26.09 | Guillaume | APP_v5.D.1.xlsb | ufSaisieHeures:txtHeures_AfterUpdate | 0,3438 sec. | 31

2024-11-08 20:18:27.19 | Guillaume | APP_v5.D.1.xlsb | ufSaisieHeures:cmdUpdate_Click |  | 31
2024-11-08 20:18:27.38 | Guillaume | APP_v5.D.1.xlsb | modTEC_Saisie:TEC_Modifie_Ligne |  | 31
2024-11-08 20:18:27.58 | Guillaume | APP_v5.D.1.xlsb | modFunctions:Fn_GetID_From_Client_Name - Racine Petits Fruits 2014 Inc. [Annie Perrier / Daniel Racine] |  | 31
2024-11-08 20:18:27.79 | Guillaume | APP_v5.D.1.xlsb | modFunctions:Fn_GetID_From_Client_Name - 1611 | 0,3516 sec. | 31

2024-11-08 20:18:28.00 | Guillaume | APP_v5.D.1.xlsb | modTEC_Saisie:TEC_Record_Add_Or_Update_To_DB - TECID = '2302' |  | 31
2024-11-08 20:18:29.19 | Guillaume | APP_v5.D.1.xlsb |       modTEC_SaisieTEC_Record_Add_Or_Update_To_DB - Update an existing record - Create a new RecordSet 0 |  | 31
2024-11-08 20:18:29.97 | Guillaume | APP_v5.D.1.xlsb | modTEC_Saisie:TEC_Record_Add_Or_Update_To_DB | 2,1094 sec. | 31

2024-11-08 20:18:30.18 | Guillaume | APP_v5.D.1.xlsb | modTEC_Saisie:TEC_Record_Add_Or_Update_Locally |  | 31
2024-11-08 20:18:30.37 | Guillaume | APP_v5.D.1.xlsb | modTEC_Saisie:TEC_Record_Add_Or_Update_Locally - SoftDeleteStart - 2302 |  | 31
2024-11-08 20:18:30.56 | Guillaume | APP_v5.D.1.xlsb | modFunctions:Fn_Find_Row_Number_TEC_ID |  | 31
2024-11-08 20:18:30.77 | Guillaume | APP_v5.D.1.xlsb | modFunctions:Fn_Find_Row_Number_TEC_ID - Row # = 2301 |  | 31
2024-11-08 20:18:30.96 | Guillaume | APP_v5.D.1.xlsb | modFunctions:Fn_Find_Row_Number_TEC_ID | 0,5156 sec. | 31

2024-11-08 20:18:31.18 | Guillaume | APP_v5.D.1.xlsb | modTEC_Saisie:TEC_Record_Add_Or_Update_Locally | 1,1250 sec. | 31

2024-11-08 20:18:31.42 | Guillaume | APP_v5.D.1.xlsb | modTEC_Saisie:TEC_Get_All_TEC_AF - 1/08/11/2024 |  | 31
2024-11-08 20:18:31.73 | Guillaume | APP_v5.D.1.xlsb | modTEC_Saisie:TEC_Get_All_TEC_AF | 0,4375 sec. | 31

2024-11-08 20:18:31.94 | Guillaume | APP_v5.D.1.xlsb | modTEC_Saisie:TEC_Refresh_ListBox_And_Add_Hours |  | 31
2024-11-08 20:18:32.14 | Guillaume | APP_v5.D.1.xlsb | modTEC_Saisie:TEC_TdB_Update_All |  | 31
2024-11-08 20:18:32.35 | Guillaume | APP_v5.D.1.xlsb | modTEC_Saisie:TEC_TdB_Push_TEC_Local_To_DB_Data |  | 31
2024-11-08 20:18:32.80 | Guillaume | APP_v5.D.1.xlsb | modTEC_Saisie:TEC_TdB_Push_TEC_Local_To_DB_Data | 0,5703 sec. | 31

2024-11-08 20:18:33.00 | Guillaume | APP_v5.D.1.xlsb | modTEC_Saisie:TEC_TdB_Refresh_All_Pivot_Tables |  | 31
2024-11-08 20:18:33.42 | Guillaume | APP_v5.D.1.xlsb | modTEC_Saisie:TEC_TdB_Refresh_All_Pivot_Tables | 0,5625 sec. | 31

2024-11-08 20:18:33.63 | Guillaume | APP_v5.D.1.xlsb | modTEC_Saisie:TEC_TdB_Update_All | 1,6172 sec. | 31

2024-11-08 20:18:33.83 | Guillaume | APP_v5.D.1.xlsb | modStatsHeures:StatsHeures_AdvancedFilters |  | 31
2024-11-08 20:18:34.33 | Guillaume | APP_v5.D.1.xlsb | modStatsHeures:StatsHeures_AdvancedFilters | 0,6328 sec. | 31

2024-11-08 20:18:34.69 | Guillaume | APP_v5.D.1.xlsb | modTEC_Saisie:TEC_Refresh_ListBox_And_Add_Hours | 2,8750 sec. | 31

2024-11-08 20:18:34.88 | Guillaume | APP_v5.D.1.xlsb | modTEC_Saisie:TEC_Modifie_Ligne | 7,6172 sec. | 31

2024-11-08 20:18:35.07 | Guillaume | APP_v5.D.1.xlsb | ufSaisieHeures:cmdUpdate_Click | 8,0000 sec. | 31

2024-11-08 20:18:38.02 | Guillaume | APP_v5.D.1.xlsb | ufSaisieHeures:UserForm_Terminate |  | 31
2024-11-08 20:18:38.26 | Guillaume | APP_v5.D.1.xlsb | ufSaisieHeures:UserForm_Terminate | 0,3672 sec. | 31

2024-11-08 20:18:39.48 | Guillaume | APP_v5.D.1.xlsb | modAppli:Hide_All_Worksheets_Except_Menu |  | 31
2024-11-08 20:18:39.69 | Guillaume | APP_v5.D.1.xlsb | modAppli:Hide_All_Worksheets_Except_Menu | 0,3281 sec. | 31

2024-11-08 20:18:41.70 | Guillaume | APP_v5.D.1.xlsb | modAppli:Hide_All_Worksheets_Except_Menu |  | 31
2024-11-08 20:18:41.90 | Guillaume | APP_v5.D.1.xlsb | modAppli:Hide_All_Worksheets_Except_Menu | 0,3203 sec. | 31

2024-11-08 20:18:42.11 | Guillaume | APP_v5.D.1.xlsb | modMenu:Delete_User_Active_File |  | 31
2024-11-08 20:18:42.47 | Guillaume | APP_v5.D.1.xlsb | modMenu:Delete_User_Active_File | 0,5078 sec. | 31

2024-11-08 20:18:42.70 | Guillaume | APP_v5.D.1.xlsb | ***** Session terminée NORMALEMENT avec la procédure 'modMenu:Exit_After_Saving' ***** |  | 31

2024-11-09 05:11:48.39 | Guillaume | APP_v5.D.1.xlsb | ***** Début d'une nouvelle session (Workbook_Open) ***** |  | 31
2024-11-09 05:11:48.64 | Guillaume | APP_v5.D.1.xlsb | ThisWorkbook:Create_User_Active_File |  | 31
2024-11-09 05:11:49.05 | Guillaume | APP_v5.D.1.xlsb | ThisWorkbook:Create_User_Active_File | 0,5566 sec. | 31

2024-11-09 05:11:49.28 | Guillaume | APP_v5.D.1.xlsb | ThisWorkbook:BackupMasterFile |  | 31
2024-11-09 05:11:50.00 | Guillaume | APP_v5.D.1.xlsb |    ThisWorkbook:BackupMasterFile - La variable masterWorkbook est initialisée |  | 31
2024-11-09 05:11:51.68 | Guillaume | APP_v5.D.1.xlsb |    ThisWorkbook:BackupMasterFile - La copie est réussie |  | 31
2024-11-09 05:11:51.98 | Guillaume | APP_v5.D.1.xlsb |    ThisWorkbook:BackupMasterFile - Le fichier masterWorkbook est fermé |  | 31
2024-11-09 05:11:52.18 | Guillaume | APP_v5.D.1.xlsb | ThisWorkbook:BackupMasterFile | 3,0293 sec. | 31

2024-11-09 05:11:52.39 | Guillaume | APP_v5.D.1.xlsb | modMenu:Hide_Dev_Shapes_Based_On_Username |  | 31
2024-11-09 05:11:52.60 | Guillaume | APP_v5.D.1.xlsb | modMenu:Hide_Dev_Shapes_Based_On_Username | 0,3438 sec. | 31

2024-11-09 05:11:52.83 | Guillaume | APP_v5.D.1.xlsb | modAppli:Write_Info_On_Main_Menu |  | 31
2024-11-09 05:11:53.11 | Guillaume | APP_v5.D.1.xlsb | modAppli:Write_Info_On_Main_Menu | 0,4043 sec. | 31

2024-11-09 05:11:53.36 | Guillaume | APP_v5.D.1.xlsb | ThisWorkbook:Workbook_Open | 5,0977 sec. | 31

2024-11-09 05:12:01.77 | Guillaume | APP_v5.D.1.xlsb | ufSaisieHeures:UserForm_Activate |  | 31
2024-11-09 05:12:02.02 | Guillaume | APP_v5.D.1.xlsb | modImport:Client_List_Import_All |  | 31
2024-11-09 05:12:03.02 | Guillaume | APP_v5.D.1.xlsb |      modImport:Client_List_Import_All - Le .CopyFromRecordSet est complétée |  | 31
2024-11-09 05:12:03.29 | Guillaume | APP_v5.D.1.xlsb |      modImport:Client_List_Import_All - La mise en forme a été appliquée |  | 31
2024-11-09 05:12:03.58 | Guillaume | APP_v5.D.1.xlsb | modImport:Client_List_Import_All | 1,6973 sec. | 31

2024-11-09 05:12:03.79 | Guillaume | APP_v5.D.1.xlsb | modImport:TEC_Import_All |  | 31
2024-11-09 05:12:05.03 | Guillaume | APP_v5.D.1.xlsb |      modImport:TEC_Import_All - Le .CopyFromRecordSet est complétée |  | 31
2024-11-09 05:12:05.46 | Guillaume | APP_v5.D.1.xlsb |      modImport:TEC_Import_All - La mise en forme a été appliquée |  | 31
2024-11-09 05:12:05.73 | Guillaume | APP_v5.D.1.xlsb | modImport:TEC_Import_All | 2,0664 sec. | 31

2024-11-09 05:12:05.95 | Guillaume | APP_v5.D.1.xlsb | ufSaisieHeures:UserForm_Activate | 4,3027 sec. | 31

2024-11-09 05:12:06.88 | Guillaume | APP_v5.D.1.xlsb | ufSaisieHeures:cmbProfessionnel_AfterUpdate |  | 31
2024-11-09 05:12:07.09 | Guillaume | APP_v5.D.1.xlsb | ufSaisieHeures:cmbProfessionnel_AfterUpdate | 0,3359 sec. | 31

2024-11-09 05:12:07.31 | Guillaume | APP_v5.D.1.xlsb | ufSaisieHeures:UserForm_Terminate |  | 31
2024-11-09 05:12:07.54 | Guillaume | APP_v5.D.1.xlsb | ufSaisieHeures:UserForm_Terminate | 0,3535 sec. | 31

2024-11-09 05:12:07.80 | Guillaume | APP_v5.D.1.xlsb | modAppli:Hide_All_Worksheets_Except_Menu |  | 31
2024-11-09 05:12:08.04 | Guillaume | APP_v5.D.1.xlsb | modAppli:Hide_All_Worksheets_Except_Menu | 0,3750 sec. | 31

2024-11-09 05:12:13.01 | Guillaume | APP_v5.D.1.xlsb | modImport:Fournisseur_List_Import_All |  | 31
2024-11-09 05:12:13.90 | Guillaume | APP_v5.D.1.xlsb | modImport:Fournisseur_List_Import_All | 1,0195 sec. | 31

2024-11-09 05:12:14.17 | Guillaume | APP_v5.D.1.xlsb | wshDEB_Saisie:Worksheet_Activate |  | 31
2024-11-09 05:12:14.37 | Guillaume | APP_v5.D.1.xlsb | modImport:DEB_Trans_Import_All |  | 31
2024-11-09 05:12:15.41 | Guillaume | APP_v5.D.1.xlsb | modImport:DEB_Trans_Import_All | 1,1641 sec. | 31

2024-11-09 05:12:15.62 | Guillaume | APP_v5.D.1.xlsb | modImport:GL_Trans_Import_All |  | 31
2024-11-09 05:12:16.81 | Guillaume | APP_v5.D.1.xlsb | modImport:GL_Trans_Import_All | 1,3242 sec. | 31

2024-11-09 05:12:17.01 | Guillaume | APP_v5.D.1.xlsb | modImport:Fournisseur_List_Import_All |  | 31
2024-11-09 05:12:17.85 | Guillaume | APP_v5.D.1.xlsb | modImport:Fournisseur_List_Import_All | 0,9668 sec. | 31

2024-11-09 05:12:18.09 | Guillaume | APP_v5.D.1.xlsb | modDev_Utils:SetTabOrder(wshDEB_Saisie) |  | 31
2024-11-09 05:12:18.34 | Guillaume | APP_v5.D.1.xlsb | modDev_Utils:SetTabOrder | 0,3809 sec. | 31

2024-11-09 05:12:18.55 | Guillaume | APP_v5.D.1.xlsb | modDEB_Saisie:DEB_Saisie_Clear_All_Cells |  | 31
2024-11-09 05:12:18.80 | Guillaume | APP_v5.D.1.xlsb | modDEB_Saisie:DEB_Saisie_Clear_All_Cells | 0,3789 sec. | 31

2024-11-09 05:12:19.01 | Guillaume | APP_v5.D.1.xlsb | wshDEB_Saisie:Worksheet_Activate | 4,9668 sec. | 31

2024-11-09 05:12:42.59 | Guillaume | APP_v5.D.1.xlsb | modFunctions:Fn_GetGL_Code_From_GL_Description - Documentation et outils de recherche |  | 31
2024-11-09 05:12:42.83 | Guillaume | APP_v5.D.1.xlsb |      modFunctions:Fn_GetGL_Code_From_GL_Description - 5030 |  | 31
2024-11-09 05:12:43.03 | Guillaume | APP_v5.D.1.xlsb | modFunctions:Fn_GetGL_Code_From_GL_Description | 0,5801 sec. | 31

2024-11-09 05:12:47.10 | Guillaume | APP_v5.D.1.xlsb | modDEB_Saisie:DEB_Saisie_Update |  | 31
2024-11-09 05:12:47.33 | Guillaume | APP_v5.D.1.xlsb | modDEB_Saisie:DEB_Trans_Add_Record_To_DB |  | 31
2024-11-09 05:12:49.12 | Guillaume | APP_v5.D.1.xlsb | modDEB_Saisie:DEB_Trans_Add_Record_To_DB | 1,9199 sec. | 31

2024-11-09 05:12:49.32 | Guillaume | APP_v5.D.1.xlsb | modDEB_Saisie:DEB_Trans_Add_Record_Locally |  | 31
2024-11-09 05:12:49.56 | Guillaume | APP_v5.D.1.xlsb | modDEB_Saisie:DEB_Trans_Add_Record_Locally | 0,3633 sec. | 31

2024-11-09 05:12:49.82 | Guillaume | APP_v5.D.1.xlsb | modDEB_Saisie:DEB_Saisie_GL_Posting_Preparation |  | 31
2024-11-09 05:12:50.08 | Guillaume | APP_v5.D.1.xlsb | modGL_Posting:GL_Posting_To_DB |  | 31
2024-11-09 05:12:51.72 | Guillaume | APP_v5.D.1.xlsb | modGL_Posting:GL_Posting_To_DB | 1,7832 sec. | 31

2024-11-09 05:12:51.94 | Guillaume | APP_v5.D.1.xlsb | modGL_Posting:GL_Posting_Locally |  | 31
2024-11-09 05:12:52.22 | Guillaume | APP_v5.D.1.xlsb | modGL_Posting:GL_Posting_Locally | 0,4062 sec. | 31

2024-11-09 05:12:52.42 | Guillaume | APP_v5.D.1.xlsb | modDEB_Saisie:DEB_Saisie_GL_Posting_Preparation | 2,7246 sec. | 31

2024-11-09 05:12:54.32 | Guillaume | APP_v5.D.1.xlsb | modDEB_Saisie:DEB_Saisie_Clear_All_Cells |  | 31
2024-11-09 05:12:54.54 | Guillaume | APP_v5.D.1.xlsb | modDEB_Saisie:DEB_Saisie_Clear_All_Cells | 0,3535 sec. | 31

2024-11-09 05:12:54.77 | Guillaume | APP_v5.D.1.xlsb | modDEB_Saisie:DEB_Saisie_Update | 7,7949 sec. | 31

2024-11-09 05:12:57.54 | Guillaume | APP_v5.D.1.xlsb | modAppli:Hide_All_Worksheets_Except_Menu |  | 31
2024-11-09 05:12:57.77 | Guillaume | APP_v5.D.1.xlsb | modAppli:Hide_All_Worksheets_Except_Menu | 0,3496 sec. | 31

2024-11-09 05:25:31.41 | Guillaume | APP_v5.D.1.xlsb | ufSaisieHeures:UserForm_Activate |  | 31
2024-11-09 05:25:31.69 | Guillaume | APP_v5.D.1.xlsb | modImport:Client_List_Import_All |  | 31
2024-11-09 05:25:32.81 | Guillaume | APP_v5.D.1.xlsb |      modImport:Client_List_Import_All - Le .CopyFromRecordSet est complétée |  | 31
2024-11-09 05:25:33.09 | Guillaume | APP_v5.D.1.xlsb |      modImport:Client_List_Import_All - La mise en forme a été appliquée |  | 31
2024-11-09 05:25:33.36 | Guillaume | APP_v5.D.1.xlsb | modImport:Client_List_Import_All | 1,7988 sec. | 31

2024-11-09 05:25:33.56 | Guillaume | APP_v5.D.1.xlsb | modImport:TEC_Import_All |  | 31
2024-11-09 05:25:34.80 | Guillaume | APP_v5.D.1.xlsb |      modImport:TEC_Import_All - Le .CopyFromRecordSet est complétée |  | 31
2024-11-09 05:25:35.17 | Guillaume | APP_v5.D.1.xlsb |      modImport:TEC_Import_All - La mise en forme a été appliquée |  | 31
2024-11-09 05:25:35.43 | Guillaume | APP_v5.D.1.xlsb | modImport:TEC_Import_All | 2,0020 sec. | 31

2024-11-09 05:25:35.66 | Guillaume | APP_v5.D.1.xlsb | ufSaisieHeures:UserForm_Activate | 4,3770 sec. | 31

2024-11-09 05:29:44.14 | Guillaume | APP_v5.D.1.xlsb | ufSaisieHeures:cmbProfessionnel_AfterUpdate |  | 31
2024-11-09 05:29:44.37 | Guillaume | APP_v5.D.1.xlsb | ufSaisieHeures:cmbProfessionnel_AfterUpdate | 0,3613 sec. | 31

2024-11-09 05:29:47.14 | Guillaume | APP_v5.D.1.xlsb | ufSaisieHeures:txtClient_AfterUpdate - Les Éditions Reynald Goulet Inc. [Reynald Goulet] |  | 31
2024-11-09 05:29:47.34 | Guillaume | APP_v5.D.1.xlsb | modFunctions:Fn_GetID_From_Client_Name - Les Éditions Reynald Goulet Inc. [Reynald Goulet] |  | 31
2024-11-09 05:29:47.54 | Guillaume | APP_v5.D.1.xlsb | modFunctions:Fn_GetID_From_Client_Name - 1768 | 0,3262 sec. | 31

2024-11-09 05:29:47.73 | Guillaume | APP_v5.D.1.xlsb |    ufSaisieHeures:txtClient_AfterUpdate - 1768 |  | 31
2024-11-09 05:29:47.94 | Guillaume | APP_v5.D.1.xlsb | ufSaisieHeures:txtClient_AfterUpdate | 0,9258 sec. | 31

2024-11-09 05:30:03.42 | Guillaume | APP_v5.D.1.xlsb | ufSaisieHeures:txtActivite_AfterUpdate |  | 31
2024-11-09 05:30:03.66 | Guillaume | APP_v5.D.1.xlsb | ufSaisieHeures:txtActivite_AfterUpdate | 0,3613 sec. | 31

2024-11-09 05:30:04.89 | Guillaume | APP_v5.D.1.xlsb | ufSaisieHeures:txtDate_BeforeUpdate |  | 31
2024-11-09 05:30:05.09 | Guillaume | APP_v5.D.1.xlsb | modFunctions:Fn_Complete_Date @00608   y = 2024   m = 11   d = 9 parsedDate='09/11/24' |  | 31
2024-11-09 05:30:05.30 | Guillaume | APP_v5.D.1.xlsb | ufSaisieHeures:txtDate_BeforeUpdate | 0,5449 sec. | 31

2024-11-09 05:30:05.51 | Guillaume | APP_v5.D.1.xlsb | ufSaisieHeures:txtDate_AfterUpdate - 09/11/2024 |  | 31
2024-11-09 05:30:05.72 | Guillaume | APP_v5.D.1.xlsb | modTEC_Saisie:TEC_Get_All_TEC_AF - 1/09/11/2024 |  | 31
2024-11-09 05:30:06.05 | Guillaume | APP_v5.D.1.xlsb | modTEC_Saisie:TEC_Get_All_TEC_AF | 0,4883 sec. | 31

2024-11-09 05:30:06.29 | Guillaume | APP_v5.D.1.xlsb | modTEC_Saisie:TEC_Refresh_ListBox_And_Add_Hours |  | 31
2024-11-09 05:30:06.49 | Guillaume | APP_v5.D.1.xlsb | modTEC_Saisie:TEC_TdB_Update_All |  | 31
2024-11-09 05:30:06.69 | Guillaume | APP_v5.D.1.xlsb | modTEC_Saisie:TEC_TdB_Push_TEC_Local_To_DB_Data |  | 31
2024-11-09 05:30:07.15 | Guillaume | APP_v5.D.1.xlsb | modTEC_Saisie:TEC_TdB_Push_TEC_Local_To_DB_Data | 0,5918 sec. | 31

2024-11-09 05:30:07.36 | Guillaume | APP_v5.D.1.xlsb | modTEC_Saisie:TEC_TdB_Refresh_All_Pivot_Tables |  | 31
2024-11-09 05:30:07.73 | Guillaume | APP_v5.D.1.xlsb | modTEC_Saisie:TEC_TdB_Refresh_All_Pivot_Tables | 0,4980 sec. | 31

2024-11-09 05:30:07.93 | Guillaume | APP_v5.D.1.xlsb | modTEC_Saisie:TEC_TdB_Update_All | 1,5664 sec. | 31

2024-11-09 05:30:08.13 | Guillaume | APP_v5.D.1.xlsb | modStatsHeures:StatsHeures_AdvancedFilters |  | 31
2024-11-09 05:30:08.59 | Guillaume | APP_v5.D.1.xlsb | modStatsHeures:StatsHeures_AdvancedFilters | 0,5820 sec. | 31

2024-11-09 05:30:08.86 | Guillaume | APP_v5.D.1.xlsb | ufSaisieHeures:txtDate_BeforeUpdate |  | 31
2024-11-09 05:30:09.06 | Guillaume | APP_v5.D.1.xlsb | modFunctions:Fn_Complete_Date @00608   y = 2024   m = 11   d = 9 parsedDate='09/11/24' |  | 31
2024-11-09 05:30:09.28 | Guillaume | APP_v5.D.1.xlsb | ufSaisieHeures:txtDate_BeforeUpdate | 0,5469 sec. | 31

2024-11-09 05:30:09.48 | Guillaume | APP_v5.D.1.xlsb | ufSaisieHeures:txtDate_AfterUpdate - 09/11/2024 |  | 31
2024-11-09 05:30:09.69 | Guillaume | APP_v5.D.1.xlsb | modTEC_Saisie:TEC_Get_All_TEC_AF - 1/09/11/2024 |  | 31
2024-11-09 05:30:09.98 | Guillaume | APP_v5.D.1.xlsb | modTEC_Saisie:TEC_Get_All_TEC_AF | 0,4199 sec. | 31

2024-11-09 05:30:10.19 | Guillaume | APP_v5.D.1.xlsb | modTEC_Saisie:TEC_Refresh_ListBox_And_Add_Hours |  | 31
2024-11-09 05:30:10.39 | Guillaume | APP_v5.D.1.xlsb | modTEC_Saisie:TEC_TdB_Update_All |  | 31
2024-11-09 05:30:10.59 | Guillaume | APP_v5.D.1.xlsb | modTEC_Saisie:TEC_TdB_Push_TEC_Local_To_DB_Data |  | 31
2024-11-09 05:30:11.07 | Guillaume | APP_v5.D.1.xlsb | modTEC_Saisie:TEC_TdB_Push_TEC_Local_To_DB_Data | 0,6035 sec. | 31

2024-11-09 05:30:11.29 | Guillaume | APP_v5.D.1.xlsb | modTEC_Saisie:TEC_TdB_Refresh_All_Pivot_Tables |  | 31
2024-11-09 05:30:11.65 | Guillaume | APP_v5.D.1.xlsb | modTEC_Saisie:TEC_TdB_Refresh_All_Pivot_Tables | 0,4941 sec. | 31

2024-11-09 05:30:11.86 | Guillaume | APP_v5.D.1.xlsb | modTEC_Saisie:TEC_TdB_Update_All | 1,6016 sec. | 31

2024-11-09 05:30:12.07 | Guillaume | APP_v5.D.1.xlsb | modStatsHeures:StatsHeures_AdvancedFilters |  | 31
2024-11-09 05:30:12.51 | Guillaume | APP_v5.D.1.xlsb | modStatsHeures:StatsHeures_AdvancedFilters | 0,5645 sec. | 31

2024-11-09 05:30:12.76 | Guillaume | APP_v5.D.1.xlsb | ufSaisieHeures:txtDate_BeforeUpdate |  | 31
2024-11-09 05:30:12.97 | Guillaume | APP_v5.D.1.xlsb | modFunctions:Fn_Complete_Date @00608   y = 2024   m = 11   d = 9 parsedDate='09/11/24' |  | 31
2024-11-09 05:30:13.17 | Guillaume | APP_v5.D.1.xlsb | ufSaisieHeures:txtDate_BeforeUpdate | 0,5312 sec. | 31

2024-11-09 05:30:13.37 | Guillaume | APP_v5.D.1.xlsb | ufSaisieHeures:txtDate_AfterUpdate - 09/11/2024 |  | 31
2024-11-09 05:30:13.57 | Guillaume | APP_v5.D.1.xlsb | modTEC_Saisie:TEC_Get_All_TEC_AF - 1/09/11/2024 |  | 31
2024-11-09 05:30:13.85 | Guillaume | APP_v5.D.1.xlsb | modTEC_Saisie:TEC_Get_All_TEC_AF | 0,4082 sec. | 31

2024-11-09 05:30:14.05 | Guillaume | APP_v5.D.1.xlsb | modTEC_Saisie:TEC_Refresh_ListBox_And_Add_Hours |  | 31
2024-11-09 05:30:14.26 | Guillaume | APP_v5.D.1.xlsb | modTEC_Saisie:TEC_TdB_Update_All |  | 31
2024-11-09 05:30:14.47 | Guillaume | APP_v5.D.1.xlsb | modTEC_Saisie:TEC_TdB_Push_TEC_Local_To_DB_Data |  | 31
2024-11-09 05:30:14.92 | Guillaume | APP_v5.D.1.xlsb | modTEC_Saisie:TEC_TdB_Push_TEC_Local_To_DB_Data | 0,5898 sec. | 31

2024-11-09 05:30:15.14 | Guillaume | APP_v5.D.1.xlsb | modTEC_Saisie:TEC_TdB_Refresh_All_Pivot_Tables |  | 31
2024-11-09 05:30:15.52 | Guillaume | APP_v5.D.1.xlsb | modTEC_Saisie:TEC_TdB_Refresh_All_Pivot_Tables | 0,5430 sec. | 31

2024-11-09 05:30:15.75 | Guillaume | APP_v5.D.1.xlsb | modTEC_Saisie:TEC_TdB_Update_All | 1,6172 sec. | 31

2024-11-09 05:30:15.95 | Guillaume | APP_v5.D.1.xlsb | modStatsHeures:StatsHeures_AdvancedFilters |  | 31
2024-11-09 05:30:16.43 | Guillaume | APP_v5.D.1.xlsb | modStatsHeures:StatsHeures_AdvancedFilters | 0,6035 sec. | 31

2024-11-09 05:30:16.69 | Guillaume | APP_v5.D.1.xlsb | ufSaisieHeures:txtDate_BeforeUpdate |  | 31
2024-11-09 05:30:16.90 | Guillaume | APP_v5.D.1.xlsb | modFunctions:Fn_Complete_Date @00608   y = 2024   m = 11   d = 9 parsedDate='09/11/24' |  | 31
2024-11-09 05:30:17.12 | Guillaume | APP_v5.D.1.xlsb | ufSaisieHeures:txtDate_BeforeUpdate | 0,5547 sec. | 31

2024-11-09 05:30:17.32 | Guillaume | APP_v5.D.1.xlsb | ufSaisieHeures:txtDate_AfterUpdate - 09/11/2024 |  | 31
2024-11-09 05:30:17.53 | Guillaume | APP_v5.D.1.xlsb | modTEC_Saisie:TEC_Get_All_TEC_AF - 1/09/11/2024 |  | 31
2024-11-09 05:30:17.82 | Guillaume | APP_v5.D.1.xlsb | modTEC_Saisie:TEC_Get_All_TEC_AF | 0,4199 sec. | 31

2024-11-09 05:30:18.03 | Guillaume | APP_v5.D.1.xlsb | modTEC_Saisie:TEC_Refresh_ListBox_And_Add_Hours |  | 31
2024-11-09 05:30:18.24 | Guillaume | APP_v5.D.1.xlsb | modTEC_Saisie:TEC_TdB_Update_All |  | 31
2024-11-09 05:30:18.45 | Guillaume | APP_v5.D.1.xlsb | modTEC_Saisie:TEC_TdB_Push_TEC_Local_To_DB_Data |  | 31
2024-11-09 05:30:18.91 | Guillaume | APP_v5.D.1.xlsb | modTEC_Saisie:TEC_TdB_Push_TEC_Local_To_DB_Data | 0,5879 sec. | 31

2024-11-09 05:30:19.11 | Guillaume | APP_v5.D.1.xlsb | modTEC_Saisie:TEC_TdB_Refresh_All_Pivot_Tables |  | 31
2024-11-09 05:30:19.45 | Guillaume | APP_v5.D.1.xlsb | modTEC_Saisie:TEC_TdB_Refresh_All_Pivot_Tables | 0,4688 sec. | 31

2024-11-09 05:30:19.65 | Guillaume | APP_v5.D.1.xlsb | modTEC_Saisie:TEC_TdB_Update_All | 1,5410 sec. | 31

2024-11-09 05:30:19.86 | Guillaume | APP_v5.D.1.xlsb | modStatsHeures:StatsHeures_AdvancedFilters |  | 31
2024-11-09 05:30:20.33 | Guillaume | APP_v5.D.1.xlsb | modStatsHeures:StatsHeures_AdvancedFilters | 0,5918 sec. | 31

2024-11-09 05:30:20.59 | Guillaume | APP_v5.D.1.xlsb | modTEC_Saisie:TEC_Refresh_ListBox_And_Add_Hours | 2,6895 sec. | 31

2024-11-09 05:30:20.80 | Guillaume | APP_v5.D.1.xlsb | ufSaisieHeures:txtDate_AfterUpdate | 3,6074 sec. | 31

2024-11-09 05:30:21.03 | Guillaume | APP_v5.D.1.xlsb | modTEC_Saisie:TEC_Refresh_ListBox_And_Add_Hours | 7,1016 sec. | 31

2024-11-09 05:30:21.23 | Guillaume | APP_v5.D.1.xlsb | ufSaisieHeures:txtDate_AfterUpdate | 7,9922 sec. | 31

2024-11-09 05:30:21.48 | Guillaume | APP_v5.D.1.xlsb | modTEC_Saisie:TEC_Refresh_ListBox_And_Add_Hours | 11,4199 sec. | 31

2024-11-09 05:30:21.68 | Guillaume | APP_v5.D.1.xlsb | ufSaisieHeures:txtDate_AfterUpdate | 12,3301 sec. | 31

2024-11-09 05:30:21.90 | Guillaume | APP_v5.D.1.xlsb | modTEC_Saisie:TEC_Refresh_ListBox_And_Add_Hours | 15,7402 sec. | 31

2024-11-09 05:30:22.10 | Guillaume | APP_v5.D.1.xlsb | ufSaisieHeures:txtDate_AfterUpdate | 16,7168 sec. | 31

2024-11-09 05:30:27.97 | Guillaume | APP_v5.D.1.xlsb | ufSaisieHeures:txtHeures_AfterUpdate |  | 31
2024-11-09 05:30:28.21 | Guillaume | APP_v5.D.1.xlsb | ufSaisieHeures:txtHeures_AfterUpdate | 0,3613 sec. | 31

2024-11-09 05:30:28.41 | Guillaume | APP_v5.D.1.xlsb | ufSaisieHeures:txtHeures_Exit |  | 31
2024-11-09 05:30:28.61 | Guillaume | APP_v5.D.1.xlsb | ufSaisieHeures:txtHeures_AfterUpdate | 0,3262 sec. | 31

2024-11-09 05:30:29.94 | Guillaume | APP_v5.D.1.xlsb | ufSaisieHeures:cmdAdd_Click |  | 31
2024-11-09 05:30:30.14 | Guillaume | APP_v5.D.1.xlsb | modTEC_Saisie:TEC_Ajoute_Ligne |  | 31
2024-11-09 05:30:30.34 | Guillaume | APP_v5.D.1.xlsb | modTEC_Saisie:TEC_Record_Add_Or_Update_To_DB - TECID = '0' |  | 31
2024-11-09 05:30:31.40 | Guillaume | APP_v5.D.1.xlsb |      modTEC_Saisie:TEC_Record_Add_Or_Update_To_DB - AddingNewRecord - TECID = 0 |  | 31
2024-11-09 05:30:31.82 | Guillaume | APP_v5.D.1.xlsb |      modTEC_Saisie:TEC_Record_Add_Or_Update_To_DB - Le nouvel enregistrement, TECID a été assigné à 2315 |  | 31
2024-11-09 05:30:32.07 | Guillaume | APP_v5.D.1.xlsb |      modTEC_Saisie:TEC_Record_Add_Or_Update_To_DB - Création du RecordSet |  | 31
2024-11-09 05:30:32.31 | Guillaume | APP_v5.D.1.xlsb |      modTEC_Saisie:TEC_Record_Add_Or_Update_To_DB - Le RecordSet a été ajouté pour le TECID = 2315 |  | 31
2024-11-09 05:30:33.13 | Guillaume | APP_v5.D.1.xlsb | modTEC_Saisie:TEC_Record_Add_Or_Update_To_DB | 2,9355 sec. | 31

2024-11-09 05:30:33.35 | Guillaume | APP_v5.D.1.xlsb | modTEC_Saisie:TEC_Record_Add_Or_Update_Locally |  | 31
2024-11-09 05:30:33.62 | Guillaume | APP_v5.D.1.xlsb | modTEC_Saisie:TEC_Record_Add_Or_Update_Locally | 0,3945 sec. | 31

2024-11-09 05:30:33.82 | Guillaume | APP_v5.D.1.xlsb | modTEC_Saisie:TEC_Get_All_TEC_AF - 1/2024-11-09 |  | 31
2024-11-09 05:30:34.08 | Guillaume | APP_v5.D.1.xlsb | modTEC_Saisie:TEC_Get_All_TEC_AF | 0,4141 sec. | 31

2024-11-09 05:30:34.30 | Guillaume | APP_v5.D.1.xlsb | modTEC_Saisie:TEC_Refresh_ListBox_And_Add_Hours |  | 31
2024-11-09 05:30:34.52 | Guillaume | APP_v5.D.1.xlsb | modTEC_Saisie:TEC_TdB_Update_All |  | 31
2024-11-09 05:30:34.71 | Guillaume | APP_v5.D.1.xlsb | modTEC_Saisie:TEC_TdB_Push_TEC_Local_To_DB_Data |  | 31
2024-11-09 05:30:35.19 | Guillaume | APP_v5.D.1.xlsb | modTEC_Saisie:TEC_TdB_Push_TEC_Local_To_DB_Data | 0,6211 sec. | 31

2024-11-09 05:30:35.41 | Guillaume | APP_v5.D.1.xlsb | modTEC_Saisie:TEC_TdB_Refresh_All_Pivot_Tables |  | 31
2024-11-09 05:30:35.78 | Guillaume | APP_v5.D.1.xlsb | modTEC_Saisie:TEC_TdB_Refresh_All_Pivot_Tables | 0,4941 sec. | 31

2024-11-09 05:30:35.98 | Guillaume | APP_v5.D.1.xlsb | modTEC_Saisie:TEC_TdB_Update_All | 1,5879 sec. | 31

2024-11-09 05:30:36.18 | Guillaume | APP_v5.D.1.xlsb | modStatsHeures:StatsHeures_AdvancedFilters |  | 31
2024-11-09 05:30:36.67 | Guillaume | APP_v5.D.1.xlsb | modStatsHeures:StatsHeures_AdvancedFilters | 0,6172 sec. | 31

2024-11-09 05:30:36.96 | Guillaume | APP_v5.D.1.xlsb | modTEC_Saisie:TEC_Refresh_ListBox_And_Add_Hours | 2,7832 sec. | 31

2024-11-09 05:30:37.16 | Guillaume | APP_v5.D.1.xlsb | modTEC_Saisie:TEC_TdB_Update_All |  | 31
2024-11-09 05:30:37.37 | Guillaume | APP_v5.D.1.xlsb | modTEC_Saisie:TEC_TdB_Push_TEC_Local_To_DB_Data |  | 31
2024-11-09 05:30:37.84 | Guillaume | APP_v5.D.1.xlsb | modTEC_Saisie:TEC_TdB_Push_TEC_Local_To_DB_Data | 0,5996 sec. | 31

2024-11-09 05:30:38.04 | Guillaume | APP_v5.D.1.xlsb | modTEC_Saisie:TEC_TdB_Refresh_All_Pivot_Tables |  | 31
2024-11-09 05:30:38.40 | Guillaume | APP_v5.D.1.xlsb | modTEC_Saisie:TEC_TdB_Refresh_All_Pivot_Tables | 0,4863 sec. | 31

2024-11-09 05:30:38.61 | Guillaume | APP_v5.D.1.xlsb | modTEC_Saisie:TEC_TdB_Update_All | 1,5762 sec. | 31

2024-11-09 05:30:38.81 | Guillaume | APP_v5.D.1.xlsb | modTEC_Saisie:TEC_Ajoute_Ligne | 8,8008 sec. | 31

2024-11-09 05:30:39.01 | Guillaume | APP_v5.D.1.xlsb | ufSaisieHeures:cmdAdd_Click | 9,2031 sec. | 31

2024-11-09 06:09:36.38 | Guillaume | APP_v5.D.1.xlsb | ufSaisieHeures:lsbHresJour_dblClick - An entry from the list was double clicked |  | 31
2024-11-09 06:09:36.62 | Guillaume | APP_v5.D.1.xlsb | modFunctions:Fn_Find_Row_Number_TEC_ID |  | 31
2024-11-09 06:09:36.86 | Guillaume | APP_v5.D.1.xlsb | modFunctions:Fn_Find_Row_Number_TEC_ID - Row # = 2314 |  | 31
2024-11-09 06:09:37.07 | Guillaume | APP_v5.D.1.xlsb | modFunctions:Fn_Find_Row_Number_TEC_ID | 0,6035 sec. | 31

2024-11-09 06:09:39.88 | Guillaume | APP_v5.D.1.xlsb | ufSaisieHeures:txtClient_AfterUpdate - Les Éditions Reynald Goulet Inc. [Reynald Goulet] |  | 31
2024-11-09 06:09:40.09 | Guillaume | APP_v5.D.1.xlsb | modFunctions:Fn_GetID_From_Client_Name - Les Éditions Reynald Goulet Inc. [Reynald Goulet] |  | 31
2024-11-09 06:09:40.31 | Guillaume | APP_v5.D.1.xlsb | modFunctions:Fn_GetID_From_Client_Name - 1768 | 0,3691 sec. | 31

2024-11-09 06:09:40.54 | Guillaume | APP_v5.D.1.xlsb |    ufSaisieHeures:txtClient_AfterUpdate - 1768 |  | 31
2024-11-09 06:09:40.75 | Guillaume | APP_v5.D.1.xlsb | ufSaisieHeures:txtClient_AfterUpdate | 1,0137 sec. | 31

2024-11-09 06:09:43.54 | Guillaume | APP_v5.D.1.xlsb | ufSaisieHeures:txtHeures_AfterUpdate |  | 31
2024-11-09 06:09:43.78 | Guillaume | APP_v5.D.1.xlsb | ufSaisieHeures:txtHeures_AfterUpdate | 0,3633 sec. | 31

2024-11-09 06:09:43.99 | Guillaume | APP_v5.D.1.xlsb | ufSaisieHeures:txtHeures_Exit |  | 31
2024-11-09 06:09:44.19 | Guillaume | APP_v5.D.1.xlsb | ufSaisieHeures:txtHeures_AfterUpdate | 0,3340 sec. | 31

2024-11-09 06:09:45.39 | Guillaume | APP_v5.D.1.xlsb | ufSaisieHeures:cmdUpdate_Click |  | 31
2024-11-09 06:09:45.60 | Guillaume | APP_v5.D.1.xlsb | modTEC_Saisie:TEC_Modifie_Ligne |  | 31
2024-11-09 06:09:45.81 | Guillaume | APP_v5.D.1.xlsb | modFunctions:Fn_GetID_From_Client_Name - Les Éditions Reynald Goulet Inc. [Reynald Goulet] |  | 31
2024-11-09 06:09:46.01 | Guillaume | APP_v5.D.1.xlsb | modFunctions:Fn_GetID_From_Client_Name - 1768 | 0,3320 sec. | 31

2024-11-09 06:09:46.22 | Guillaume | APP_v5.D.1.xlsb | modTEC_Saisie:TEC_Record_Add_Or_Update_To_DB - TECID = '2315' |  | 31
2024-11-09 06:09:47.54 | Guillaume | APP_v5.D.1.xlsb |       modTEC_SaisieTEC_Record_Add_Or_Update_To_DB - Update an existing record - Create a new RecordSet 0 |  | 31
2024-11-09 06:09:48.45 | Guillaume | APP_v5.D.1.xlsb | modTEC_Saisie:TEC_Record_Add_Or_Update_To_DB | 2,3789 sec. | 31

2024-11-09 06:09:48.67 | Guillaume | APP_v5.D.1.xlsb | modTEC_Saisie:TEC_Record_Add_Or_Update_Locally |  | 31
2024-11-09 06:09:48.89 | Guillaume | APP_v5.D.1.xlsb | modTEC_Saisie:TEC_Record_Add_Or_Update_Locally - SoftDeleteStart - 2315 |  | 31
2024-11-09 06:09:49.11 | Guillaume | APP_v5.D.1.xlsb | modFunctions:Fn_Find_Row_Number_TEC_ID |  | 31
2024-11-09 06:09:49.36 | Guillaume | APP_v5.D.1.xlsb | modFunctions:Fn_Find_Row_Number_TEC_ID - Row # = 2314 |  | 31
2024-11-09 06:09:49.58 | Guillaume | APP_v5.D.1.xlsb | modFunctions:Fn_Find_Row_Number_TEC_ID | 0,6113 sec. | 31

2024-11-09 06:09:49.84 | Guillaume | APP_v5.D.1.xlsb | modTEC_Saisie:TEC_Record_Add_Or_Update_Locally | 1,3105 sec. | 31

2024-11-09 06:09:50.05 | Guillaume | APP_v5.D.1.xlsb | modTEC_Saisie:TEC_Get_All_TEC_AF - 1/09/11/2024 |  | 31
2024-11-09 06:09:50.37 | Guillaume | APP_v5.D.1.xlsb | modTEC_Saisie:TEC_Get_All_TEC_AF | 0,4531 sec. | 31

2024-11-09 06:09:50.58 | Guillaume | APP_v5.D.1.xlsb | modTEC_Saisie:TEC_Refresh_ListBox_And_Add_Hours |  | 31
2024-11-09 06:09:50.80 | Guillaume | APP_v5.D.1.xlsb | modTEC_Saisie:TEC_TdB_Update_All |  | 31
2024-11-09 06:09:51.02 | Guillaume | APP_v5.D.1.xlsb | modTEC_Saisie:TEC_TdB_Push_TEC_Local_To_DB_Data |  | 31
2024-11-09 06:09:51.53 | Guillaume | APP_v5.D.1.xlsb | modTEC_Saisie:TEC_TdB_Push_TEC_Local_To_DB_Data | 0,6465 sec. | 31

2024-11-09 06:09:51.76 | Guillaume | APP_v5.D.1.xlsb | modTEC_Saisie:TEC_TdB_Refresh_All_Pivot_Tables |  | 31
2024-11-09 06:09:52.13 | Guillaume | APP_v5.D.1.xlsb | modTEC_Saisie:TEC_TdB_Refresh_All_Pivot_Tables | 0,5059 sec. | 31

2024-11-09 06:09:52.34 | Guillaume | APP_v5.D.1.xlsb | modTEC_Saisie:TEC_TdB_Update_All | 1,6738 sec. | 31

2024-11-09 06:09:52.55 | Guillaume | APP_v5.D.1.xlsb | modStatsHeures:StatsHeures_AdvancedFilters |  | 31
2024-11-09 06:09:53.06 | Guillaume | APP_v5.D.1.xlsb | modStatsHeures:StatsHeures_AdvancedFilters | 0,6484 sec. | 31

2024-11-09 06:09:53.39 | Guillaume | APP_v5.D.1.xlsb | modTEC_Saisie:TEC_Refresh_ListBox_And_Add_Hours | 2,9590 sec. | 31

2024-11-09 06:09:53.61 | Guillaume | APP_v5.D.1.xlsb | modTEC_Saisie:TEC_Modifie_Ligne | 8,1504 sec. | 31

2024-11-09 06:09:53.83 | Guillaume | APP_v5.D.1.xlsb | ufSaisieHeures:cmdUpdate_Click | 8,5723 sec. | 31

2024-11-09 06:10:02.04 | Guillaume | APP_v5.D.1.xlsb | ufSaisieHeures:txtClient_AfterUpdate - 9513-1926 Québec Inc. [Francis Desgagnés] |  | 31
2024-11-09 06:10:02.29 | Guillaume | APP_v5.D.1.xlsb | modFunctions:Fn_GetID_From_Client_Name - 9513-1926 Québec Inc. [Francis Desgagnés] |  | 31
2024-11-09 06:10:02.51 | Guillaume | APP_v5.D.1.xlsb | modFunctions:Fn_GetID_From_Client_Name - 1775 | 0,3613 sec. | 31

2024-11-09 06:10:02.75 | Guillaume | APP_v5.D.1.xlsb |    ufSaisieHeures:txtClient_AfterUpdate - 1775 |  | 31
2024-11-09 06:10:02.99 | Guillaume | APP_v5.D.1.xlsb | ufSaisieHeures:txtClient_AfterUpdate | 1,0781 sec. | 31

2024-11-09 06:10:26.09 | Guillaume | APP_v5.D.1.xlsb | ufSaisieHeures:txtActivite_AfterUpdate |  | 31
2024-11-09 06:10:26.35 | Guillaume | APP_v5.D.1.xlsb | ufSaisieHeures:txtActivite_AfterUpdate | 0,3809 sec. | 31

2024-11-09 06:43:48.64 | Guillaume | APP_v5.D.1.xlsb | ufSaisieHeures:txtHeures_Exit |  | 31
2024-11-09 06:44:02.95 | Guillaume | APP_v5.D.1.xlsb | ufSaisieHeures:txtActivite_AfterUpdate |  | 31
2024-11-09 06:44:03.23 | Guillaume | APP_v5.D.1.xlsb | ufSaisieHeures:txtActivite_AfterUpdate | 0,4355 sec. | 31

2024-11-09 06:44:06.90 | Guillaume | APP_v5.D.1.xlsb | ufSaisieHeures:txtHeures_AfterUpdate |  | 31
2024-11-09 06:44:07.15 | Guillaume | APP_v5.D.1.xlsb | ufSaisieHeures:txtHeures_AfterUpdate | 0,4043 sec. | 31

2024-11-09 06:44:07.40 | Guillaume | APP_v5.D.1.xlsb | ufSaisieHeures:txtHeures_Exit |  | 31
2024-11-09 06:44:07.61 | Guillaume | APP_v5.D.1.xlsb | ufSaisieHeures:txtHeures_AfterUpdate | 0,3555 sec. | 31

2024-11-09 06:44:09.13 | Guillaume | APP_v5.D.1.xlsb | ufSaisieHeures:cmdAdd_Click |  | 31
2024-11-09 06:44:09.34 | Guillaume | APP_v5.D.1.xlsb | modTEC_Saisie:TEC_Ajoute_Ligne |  | 31
2024-11-09 06:44:09.56 | Guillaume | APP_v5.D.1.xlsb | modTEC_Saisie:TEC_Record_Add_Or_Update_To_DB - TECID = '0' |  | 31
2024-11-09 06:44:10.69 | Guillaume | APP_v5.D.1.xlsb |      modTEC_Saisie:TEC_Record_Add_Or_Update_To_DB - AddingNewRecord - TECID = 0 |  | 31
2024-11-09 06:44:11.11 | Guillaume | APP_v5.D.1.xlsb |      modTEC_Saisie:TEC_Record_Add_Or_Update_To_DB - Le nouvel enregistrement, TECID a été assigné à 2316 |  | 31
2024-11-09 06:44:11.31 | Guillaume | APP_v5.D.1.xlsb |      modTEC_Saisie:TEC_Record_Add_Or_Update_To_DB - Création du RecordSet |  | 31
2024-11-09 06:44:11.52 | Guillaume | APP_v5.D.1.xlsb |      modTEC_Saisie:TEC_Record_Add_Or_Update_To_DB - Le RecordSet a été ajouté pour le TECID = 2316 |  | 31
2024-11-09 06:44:12.40 | Guillaume | APP_v5.D.1.xlsb | modTEC_Saisie:TEC_Record_Add_Or_Update_To_DB | 2,9648 sec. | 31

2024-11-09 06:44:12.60 | Guillaume | APP_v5.D.1.xlsb | modTEC_Saisie:TEC_Record_Add_Or_Update_Locally |  | 31
2024-11-09 06:44:12.86 | Guillaume | APP_v5.D.1.xlsb | modTEC_Saisie:TEC_Record_Add_Or_Update_Locally | 0,3789 sec. | 31

2024-11-09 06:44:13.05 | Guillaume | APP_v5.D.1.xlsb | modTEC_Saisie:TEC_Get_All_TEC_AF - 1/2024-11-09 |  | 31
2024-11-09 06:44:13.35 | Guillaume | APP_v5.D.1.xlsb | modTEC_Saisie:TEC_Get_All_TEC_AF | 0,4258 sec. | 31

2024-11-09 06:44:13.56 | Guillaume | APP_v5.D.1.xlsb | modTEC_Saisie:TEC_Refresh_ListBox_And_Add_Hours |  | 31
2024-11-09 06:44:13.77 | Guillaume | APP_v5.D.1.xlsb | modTEC_Saisie:TEC_TdB_Update_All |  | 31
2024-11-09 06:44:13.96 | Guillaume | APP_v5.D.1.xlsb | modTEC_Saisie:TEC_TdB_Push_TEC_Local_To_DB_Data |  | 31
2024-11-09 06:44:14.45 | Guillaume | APP_v5.D.1.xlsb | modTEC_Saisie:TEC_TdB_Push_TEC_Local_To_DB_Data | 0,6113 sec. | 31

2024-11-09 06:44:14.66 | Guillaume | APP_v5.D.1.xlsb | modTEC_Saisie:TEC_TdB_Refresh_All_Pivot_Tables |  | 31
2024-11-09 06:44:15.02 | Guillaume | APP_v5.D.1.xlsb | modTEC_Saisie:TEC_TdB_Refresh_All_Pivot_Tables | 0,4902 sec. | 31

2024-11-09 06:44:15.22 | Guillaume | APP_v5.D.1.xlsb | modTEC_Saisie:TEC_TdB_Update_All | 1,5840 sec. | 31

2024-11-09 06:44:15.43 | Guillaume | APP_v5.D.1.xlsb | modStatsHeures:StatsHeures_AdvancedFilters |  | 31
2024-11-09 06:44:15.92 | Guillaume | APP_v5.D.1.xlsb | modStatsHeures:StatsHeures_AdvancedFilters | 0,6191 sec. | 31

2024-11-09 06:44:16.24 | Guillaume | APP_v5.D.1.xlsb | modTEC_Saisie:TEC_Refresh_ListBox_And_Add_Hours | 2,8145 sec. | 31

2024-11-09 06:44:16.45 | Guillaume | APP_v5.D.1.xlsb | modTEC_Saisie:TEC_TdB_Update_All |  | 31
2024-11-09 06:44:16.65 | Guillaume | APP_v5.D.1.xlsb | modTEC_Saisie:TEC_TdB_Push_TEC_Local_To_DB_Data |  | 31
2024-11-09 06:44:17.13 | Guillaume | APP_v5.D.1.xlsb | modTEC_Saisie:TEC_TdB_Push_TEC_Local_To_DB_Data | 0,6094 sec. | 31

2024-11-09 06:44:17.38 | Guillaume | APP_v5.D.1.xlsb | modTEC_Saisie:TEC_TdB_Refresh_All_Pivot_Tables |  | 31
2024-11-09 06:44:17.78 | Guillaume | APP_v5.D.1.xlsb | modTEC_Saisie:TEC_TdB_Refresh_All_Pivot_Tables | 0,5352 sec. | 31

2024-11-09 06:44:17.98 | Guillaume | APP_v5.D.1.xlsb | modTEC_Saisie:TEC_TdB_Update_All | 1,6641 sec. | 31

2024-11-09 06:44:18.18 | Guillaume | APP_v5.D.1.xlsb | modTEC_Saisie:TEC_Ajoute_Ligne | 8,9668 sec. | 31

2024-11-09 06:44:18.38 | Guillaume | APP_v5.D.1.xlsb | ufSaisieHeures:cmdAdd_Click | 9,3887 sec. | 31

2024-11-09 10:03:01.87 | User | APP_v5.D.1.xlsb | ***** Début d'une nouvelle session (Workbook_Open) ***** |  | 31
2024-11-09 10:03:01.98 | User | APP_v5.D.1.xlsb | ThisWorkbook:Create_User_Active_File |  | 31
2024-11-09 10:03:02.07 | User | APP_v5.D.1.xlsb | ThisWorkbook:Create_User_Active_File | 0,0977 sec. | 31

2024-11-09 10:03:02.13 | User | APP_v5.D.1.xlsb | ThisWorkbook:BackupMasterFile |  | 31
2024-11-09 10:03:03.06 | User | APP_v5.D.1.xlsb |    ThisWorkbook:BackupMasterFile - La variable masterWorkbook est initialisée |  | 31
2024-11-09 10:03:03.34 | User | APP_v5.D.1.xlsb |    ThisWorkbook:BackupMasterFile - La copie est réussie |  | 31
2024-11-09 10:03:03.48 | User | APP_v5.D.1.xlsb |    ThisWorkbook:BackupMasterFile - Le fichier masterWorkbook est fermé |  | 31
2024-11-09 10:03:03.56 | User | APP_v5.D.1.xlsb | ThisWorkbook:BackupMasterFile | 1,4336 sec. | 31

2024-11-09 10:03:03.61 | User | APP_v5.D.1.xlsb | modMenu:Hide_Dev_Shapes_Based_On_Username |  | 31
2024-11-09 10:03:03.68 | User | APP_v5.D.1.xlsb | modMenu:Hide_Dev_Shapes_Based_On_Username | 0,0781 sec. | 31

2024-11-09 10:03:03.84 | User | APP_v5.D.1.xlsb | modAppli:Write_Info_On_Main_Menu |  | 31
2024-11-09 10:03:04.08 | User | APP_v5.D.1.xlsb | modAppli:Write_Info_On_Main_Menu | 0,2539 sec. | 31

2024-11-09 10:03:04.30 | User | APP_v5.D.1.xlsb | ThisWorkbook:Workbook_Open | 2,4414 sec. | 31

2024-11-09 10:03:10.68 | User | APP_v5.D.1.xlsb | ufSaisieHeures:UserForm_Activate |  | 31
2024-11-09 10:03:10.73 | User | APP_v5.D.1.xlsb | modImport:Client_List_Import_All |  | 31
2024-11-09 10:03:11.32 | User | APP_v5.D.1.xlsb |      modImport:Client_List_Import_All - Le .CopyFromRecordSet est complétée |  | 31
2024-11-09 10:03:11.43 | User | APP_v5.D.1.xlsb |      modImport:Client_List_Import_All - La mise en forme a été appliquée |  | 31
2024-11-09 10:03:11.55 | User | APP_v5.D.1.xlsb | modImport:Client_List_Import_All | 0,8242 sec. | 31

2024-11-09 10:03:11.59 | User | APP_v5.D.1.xlsb | modImport:TEC_Import_All |  | 31
2024-11-09 10:03:12.11 | User | APP_v5.D.1.xlsb |      modImport:TEC_Import_All - Le .CopyFromRecordSet est complétée |  | 31
2024-11-09 10:03:12.39 | User | APP_v5.D.1.xlsb |      modImport:TEC_Import_All - La mise en forme a été appliquée |  | 31
2024-11-09 10:03:12.51 | User | APP_v5.D.1.xlsb | modImport:TEC_Import_All | 0,9258 sec. | 31

2024-11-09 10:03:12.59 | User | APP_v5.D.1.xlsb | ufSaisieHeures:UserForm_Activate | 1,9180 sec. | 31

2024-11-09 10:03:44.94 | User | APP_v5.D.1.xlsb | ufSaisieHeures:cmbProfessionnel_AfterUpdate |  | 31
2024-11-09 10:03:45.01 | User | APP_v5.D.1.xlsb | ufSaisieHeures:cmbProfessionnel_AfterUpdate | 0,0820 sec. | 31

2024-11-09 10:03:47.18 | User | APP_v5.D.1.xlsb | ufSaisieHeures:txtDate_BeforeUpdate |  | 31
2024-11-09 10:03:49.82 | User | APP_v5.D.1.xlsb | modFunctions:Fn_Complete_Date @00616   y = 2024   m = 9   d = 11 est une Date INVALIDE - 'yyyy-MM-dd' |  | 31
2024-11-09 10:03:55.33 | User | APP_v5.D.1.xlsb | ufSaisieHeures:txtDate_BeforeUpdate |  | 31
2024-11-09 10:03:55.39 | User | APP_v5.D.1.xlsb | modFunctions:Fn_Complete_Date @00608   y = 2024   m = 11   d = 6 parsedDate='2024-11-06' |  | 31
2024-11-09 10:03:55.43 | User | APP_v5.D.1.xlsb | ufSaisieHeures:txtDate_BeforeUpdate | 0,1133 sec. | 31

2024-11-09 10:03:55.48 | User | APP_v5.D.1.xlsb | ufSaisieHeures:txtDate_AfterUpdate - 2024-11-06 |  | 31
2024-11-09 10:03:55.53 | User | APP_v5.D.1.xlsb | modTEC_Saisie:TEC_Get_All_TEC_AF - 4/2024-11-06 |  | 31
2024-11-09 10:03:55.69 | User | APP_v5.D.1.xlsb | modTEC_Saisie:TEC_Get_All_TEC_AF | 0,1797 sec. | 31

2024-11-09 10:03:55.75 | User | APP_v5.D.1.xlsb | modTEC_Saisie:TEC_Refresh_ListBox_And_Add_Hours |  | 31
2024-11-09 10:03:55.80 | User | APP_v5.D.1.xlsb | modTEC_Saisie:TEC_TdB_Update_All |  | 31
2024-11-09 10:03:55.85 | User | APP_v5.D.1.xlsb | modTEC_Saisie:TEC_TdB_Push_TEC_Local_To_DB_Data |  | 31
2024-11-09 10:03:56.19 | User | APP_v5.D.1.xlsb | modTEC_Saisie:TEC_TdB_Push_TEC_Local_To_DB_Data | 0,3477 sec. | 31

2024-11-09 10:03:56.24 | User | APP_v5.D.1.xlsb | modTEC_Saisie:TEC_TdB_Refresh_All_Pivot_Tables |  | 31
2024-11-09 10:03:56.48 | User | APP_v5.D.1.xlsb | modTEC_Saisie:TEC_TdB_Refresh_All_Pivot_Tables | 0,2422 sec. | 31

2024-11-09 10:03:56.53 | User | APP_v5.D.1.xlsb | modTEC_Saisie:TEC_TdB_Update_All | 0,7344 sec. | 31

2024-11-09 10:03:56.59 | User | APP_v5.D.1.xlsb | modStatsHeures:StatsHeures_AdvancedFilters |  | 31
2024-11-09 10:03:56.79 | User | APP_v5.D.1.xlsb | modStatsHeures:StatsHeures_AdvancedFilters | 0,2070 sec. | 31

2024-11-09 10:03:57.06 | User | APP_v5.D.1.xlsb | modTEC_Saisie:TEC_Refresh_ListBox_And_Add_Hours | 1,3125 sec. | 31

2024-11-09 10:03:57.11 | User | APP_v5.D.1.xlsb | ufSaisieHeures:txtDate_AfterUpdate | 1,6328 sec. | 31

2024-11-09 10:04:10.95 | User | APP_v5.D.1.xlsb | ufSaisieHeures:lsbHresJour_dblClick - An entry from the list was double clicked |  | 31
2024-11-09 10:04:11.01 | User | APP_v5.D.1.xlsb | modFunctions:Fn_Find_Row_Number_TEC_ID |  | 31
2024-11-09 10:04:11.07 | User | APP_v5.D.1.xlsb | modFunctions:Fn_Find_Row_Number_TEC_ID - Row # = 2242 |  | 31
2024-11-09 10:04:11.12 | User | APP_v5.D.1.xlsb | modFunctions:Fn_Find_Row_Number_TEC_ID | 0,1211 sec. | 31

2024-11-09 10:04:12.70 | User | APP_v5.D.1.xlsb | ufSaisieHeures:txtClient_AfterUpdate - Arthur Malouin Ltée [Yvan Malouin] |  | 31
2024-11-09 10:04:12.75 | User | APP_v5.D.1.xlsb | modFunctions:Fn_GetID_From_Client_Name - Arthur Malouin Ltée [Yvan Malouin] |  | 31
2024-11-09 10:04:12.79 | User | APP_v5.D.1.xlsb | modFunctions:Fn_GetID_From_Client_Name - 1051 | 0,0547 sec. | 31

2024-11-09 10:04:12.84 | User | APP_v5.D.1.xlsb |    ufSaisieHeures:txtClient_AfterUpdate - 1051 |  | 31
2024-11-09 10:04:12.89 | User | APP_v5.D.1.xlsb | ufSaisieHeures:txtClient_AfterUpdate | 0,1953 sec. | 31

2024-11-09 10:04:54.74 | User | APP_v5.D.1.xlsb | ufSaisieHeures:txtCommNote_AfterUpdate |  | 31
2024-11-09 10:04:54.80 | User | APP_v5.D.1.xlsb | ufSaisieHeures:txtCommNote_AfterUpdate | 0,0742 sec. | 31

2024-11-09 10:04:54.86 | User | APP_v5.D.1.xlsb | ufSaisieHeures:chbFacturable_AfterUpdate |  | 31
2024-11-09 10:04:54.91 | User | APP_v5.D.1.xlsb | ufSaisieHeures:chbFacturable_AfterUpdate | 0,0508 sec. | 31

2024-11-09 10:04:55.50 | User | APP_v5.D.1.xlsb | ufSaisieHeures:chbFacturable_AfterUpdate |  | 31
2024-11-09 10:04:55.54 | User | APP_v5.D.1.xlsb | ufSaisieHeures:chbFacturable_AfterUpdate | 0,0547 sec. | 31

2024-11-09 10:04:57.37 | User | APP_v5.D.1.xlsb | ufSaisieHeures:cmdUpdate_Click |  | 31
2024-11-09 10:04:57.42 | User | APP_v5.D.1.xlsb | modTEC_Saisie:TEC_Modifie_Ligne |  | 31
2024-11-09 10:04:57.48 | User | APP_v5.D.1.xlsb | modFunctions:Fn_GetID_From_Client_Name - Arthur Malouin Ltée [Yvan Malouin] |  | 31
2024-11-09 10:04:57.53 | User | APP_v5.D.1.xlsb | modFunctions:Fn_GetID_From_Client_Name - 1051 | 0,0625 sec. | 31

2024-11-09 10:04:57.59 | User | APP_v5.D.1.xlsb | modTEC_Saisie:TEC_Record_Add_Or_Update_To_DB - TECID = '2243' |  | 31
2024-11-09 10:04:58.16 | User | APP_v5.D.1.xlsb |       modTEC_SaisieTEC_Record_Add_Or_Update_To_DB - Update an existing record - Create a new RecordSet 0 |  | 31
2024-11-09 10:04:58.54 | User | APP_v5.D.1.xlsb | modTEC_Saisie:TEC_Record_Add_Or_Update_To_DB | 0,9609 sec. | 31

2024-11-09 10:04:58.61 | User | APP_v5.D.1.xlsb | modTEC_Saisie:TEC_Record_Add_Or_Update_Locally |  | 31
2024-11-09 10:04:58.66 | User | APP_v5.D.1.xlsb | modTEC_Saisie:TEC_Record_Add_Or_Update_Locally - SoftDeleteStart - 2243 |  | 31
2024-11-09 10:04:58.73 | User | APP_v5.D.1.xlsb | modFunctions:Fn_Find_Row_Number_TEC_ID |  | 31
2024-11-09 10:04:58.82 | User | APP_v5.D.1.xlsb | modFunctions:Fn_Find_Row_Number_TEC_ID - Row # = 2242 |  | 31
2024-11-09 10:04:58.87 | User | APP_v5.D.1.xlsb | modFunctions:Fn_Find_Row_Number_TEC_ID | 0,1445 sec. | 31

2024-11-09 10:04:58.95 | User | APP_v5.D.1.xlsb | modTEC_Saisie:TEC_Record_Add_Or_Update_Locally | 0,3438 sec. | 31

2024-11-09 10:04:58.00 | User | APP_v5.D.1.xlsb | modTEC_Saisie:TEC_Get_All_TEC_AF - 4/11-06-2024 |  | 31
2024-11-09 10:04:59.14 | User | APP_v5.D.1.xlsb | modTEC_Saisie:TEC_Get_All_TEC_AF | 0,1484 sec. | 31

2024-11-09 10:04:59.19 | User | APP_v5.D.1.xlsb | modTEC_Saisie:TEC_Refresh_ListBox_And_Add_Hours |  | 31
2024-11-09 10:04:59.24 | User | APP_v5.D.1.xlsb | modTEC_Saisie:TEC_TdB_Update_All |  | 31
2024-11-09 10:04:59.29 | User | APP_v5.D.1.xlsb | modTEC_Saisie:TEC_TdB_Push_TEC_Local_To_DB_Data |  | 31
2024-11-09 10:04:59.63 | User | APP_v5.D.1.xlsb | modTEC_Saisie:TEC_TdB_Push_TEC_Local_To_DB_Data | 0,3438 sec. | 31

2024-11-09 10:04:59.68 | User | APP_v5.D.1.xlsb | modTEC_Saisie:TEC_TdB_Refresh_All_Pivot_Tables |  | 31
2024-11-09 10:04:59.88 | User | APP_v5.D.1.xlsb | modTEC_Saisie:TEC_TdB_Refresh_All_Pivot_Tables | 0,1992 sec. | 31

2024-11-09 10:04:59.92 | User | APP_v5.D.1.xlsb | modTEC_Saisie:TEC_TdB_Update_All | 0,6875 sec. | 31

2024-11-09 10:04:59.97 | User | APP_v5.D.1.xlsb | modStatsHeures:StatsHeures_AdvancedFilters |  | 31
2024-11-09 10:05:00.16 | User | APP_v5.D.1.xlsb | modStatsHeures:StatsHeures_AdvancedFilters | 0,1953 sec. | 31

2024-11-09 10:05:00.39 | User | APP_v5.D.1.xlsb | modTEC_Saisie:TEC_Refresh_ListBox_And_Add_Hours | 1,2070 sec. | 31

2024-11-09 10:05:00.43 | User | APP_v5.D.1.xlsb | modTEC_Saisie:TEC_Modifie_Ligne | 3,0234 sec. | 31

2024-11-09 10:05:00.48 | User | APP_v5.D.1.xlsb | ufSaisieHeures:cmdUpdate_Click | 3,1250 sec. | 31

2024-11-09 10:05:03.98 | User | APP_v5.D.1.xlsb | ufSaisieHeures:UserForm_Terminate |  | 31
2024-11-09 10:05:04.12 | User | APP_v5.D.1.xlsb | modAppli:Hide_All_Worksheets_Except_Menu |  | 31
2024-11-09 10:05:04.19 | User | APP_v5.D.1.xlsb | modAppli:Hide_All_Worksheets_Except_Menu | 0,0742 sec. | 31

2024-11-09 10:05:04.23 | User | APP_v5.D.1.xlsb | ufSaisieHeures:UserForm_Terminate | 0,2578 sec. | 31

2024-11-09 10:05:08.70 | User | APP_v5.D.1.xlsb | modAppli:Hide_All_Worksheets_Except_Menu |  | 31
2024-11-09 10:05:08.76 | User | APP_v5.D.1.xlsb | modAppli:Hide_All_Worksheets_Except_Menu | 0,0781 sec. | 31

2024-11-09 10:05:08.83 | User | APP_v5.D.1.xlsb | modMenu:Delete_User_Active_File |  | 31
2024-11-09 10:05:08.98 | User | APP_v5.D.1.xlsb | modMenu:Delete_User_Active_File | 0,1523 sec. | 31

2024-11-09 10:05:09.05 | User | APP_v5.D.1.xlsb | ***** Session terminée NORMALEMENT avec la procédure 'modMenu:Exit_After_Saving' ***** |  | 31

2024-11-09 10:56:33.14 | Guillaume | APP_v5.D.1.xlsb | ufSaisieHeures:lsbHresJour_dblClick - An entry from the list was double clicked |  | 31
2024-11-09 10:56:33.37 | Guillaume | APP_v5.D.1.xlsb | modFunctions:Fn_Find_Row_Number_TEC_ID |  | 31
2024-11-09 10:56:33.58 | Guillaume | APP_v5.D.1.xlsb | modFunctions:Fn_Find_Row_Number_TEC_ID - Row # = 2315 |  | 31
2024-11-09 10:56:33.79 | Guillaume | APP_v5.D.1.xlsb | modFunctions:Fn_Find_Row_Number_TEC_ID | 0,5508 sec. | 31

2024-11-09 10:56:37.13 | Guillaume | APP_v5.D.1.xlsb | ufSaisieHeures:txtClient_AfterUpdate - 9513-1926 Québec Inc. [Francis Desgagnés] |  | 31
2024-11-09 10:56:37.35 | Guillaume | APP_v5.D.1.xlsb | modFunctions:Fn_GetID_From_Client_Name - 9513-1926 Québec Inc. [Francis Desgagnés] |  | 31
2024-11-09 10:56:37.55 | Guillaume | APP_v5.D.1.xlsb | modFunctions:Fn_GetID_From_Client_Name - 1775 | 0,3438 sec. | 31

2024-11-09 10:56:37.80 | Guillaume | APP_v5.D.1.xlsb |    ufSaisieHeures:txtClient_AfterUpdate - 1775 |  | 31
2024-11-09 10:56:38.01 | Guillaume | APP_v5.D.1.xlsb | ufSaisieHeures:txtClient_AfterUpdate | 1,0156 sec. | 31

2024-11-09 10:56:46.30 | Guillaume | APP_v5.D.1.xlsb | ufSaisieHeures:txtActivite_AfterUpdate |  | 31
2024-11-09 10:56:46.53 | Guillaume | APP_v5.D.1.xlsb | ufSaisieHeures:txtActivite_AfterUpdate | 0,3945 sec. | 31

2024-11-09 10:56:48.53 | Guillaume | APP_v5.D.1.xlsb | ufSaisieHeures:txtHeures_AfterUpdate |  | 31
2024-11-09 10:56:48.75 | Guillaume | APP_v5.D.1.xlsb | ufSaisieHeures:txtHeures_AfterUpdate | 0,3516 sec. | 31

2024-11-09 10:56:48.96 | Guillaume | APP_v5.D.1.xlsb | ufSaisieHeures:txtHeures_Exit |  | 31
2024-11-09 10:56:49.16 | Guillaume | APP_v5.D.1.xlsb | ufSaisieHeures:txtHeures_AfterUpdate | 0,3203 sec. | 31

2024-11-09 10:56:50.65 | Guillaume | APP_v5.D.1.xlsb | ufSaisieHeures:cmdUpdate_Click |  | 31
2024-11-09 10:56:50.85 | Guillaume | APP_v5.D.1.xlsb | modTEC_Saisie:TEC_Modifie_Ligne |  | 31
2024-11-09 10:56:51.05 | Guillaume | APP_v5.D.1.xlsb | modFunctions:Fn_GetID_From_Client_Name - 9513-1926 Québec Inc. [Francis Desgagnés] |  | 31
2024-11-09 10:56:51.25 | Guillaume | APP_v5.D.1.xlsb | modFunctions:Fn_GetID_From_Client_Name - 1775 | 0,3281 sec. | 31

2024-11-09 10:56:51.46 | Guillaume | APP_v5.D.1.xlsb | modTEC_Saisie:TEC_Record_Add_Or_Update_To_DB - TECID = '2316' |  | 31
2024-11-09 10:56:52.70 | Guillaume | APP_v5.D.1.xlsb |       modTEC_SaisieTEC_Record_Add_Or_Update_To_DB - Update an existing record - Create a new RecordSet 0 |  | 31
2024-11-09 10:56:53.50 | Guillaume | APP_v5.D.1.xlsb | modTEC_Saisie:TEC_Record_Add_Or_Update_To_DB | 2,1641 sec. | 31

2024-11-09 10:56:53.70 | Guillaume | APP_v5.D.1.xlsb | modTEC_Saisie:TEC_Record_Add_Or_Update_Locally |  | 31
2024-11-09 10:56:53.91 | Guillaume | APP_v5.D.1.xlsb | modTEC_Saisie:TEC_Record_Add_Or_Update_Locally - SoftDeleteStart - 2316 |  | 31
2024-11-09 10:56:54.13 | Guillaume | APP_v5.D.1.xlsb | modFunctions:Fn_Find_Row_Number_TEC_ID |  | 31
2024-11-09 10:56:54.35 | Guillaume | APP_v5.D.1.xlsb | modFunctions:Fn_Find_Row_Number_TEC_ID - Row # = 2315 |  | 31
2024-11-09 10:56:54.56 | Guillaume | APP_v5.D.1.xlsb | modFunctions:Fn_Find_Row_Number_TEC_ID | 0,5547 sec. | 31

2024-11-09 10:56:54.81 | Guillaume | APP_v5.D.1.xlsb | modTEC_Saisie:TEC_Record_Add_Or_Update_Locally | 1,2383 sec. | 31

2024-11-09 10:56:55.03 | Guillaume | APP_v5.D.1.xlsb | modTEC_Saisie:TEC_Get_All_TEC_AF - 1/09/11/2024 |  | 31
2024-11-09 10:56:55.34 | Guillaume | APP_v5.D.1.xlsb | modTEC_Saisie:TEC_Get_All_TEC_AF | 0,4375 sec. | 31

2024-11-09 10:56:55.54 | Guillaume | APP_v5.D.1.xlsb | modTEC_Saisie:TEC_Refresh_ListBox_And_Add_Hours |  | 31
2024-11-09 10:56:55.75 | Guillaume | APP_v5.D.1.xlsb | modTEC_Saisie:TEC_TdB_Update_All |  | 31
2024-11-09 10:56:55.95 | Guillaume | APP_v5.D.1.xlsb | modTEC_Saisie:TEC_TdB_Push_TEC_Local_To_DB_Data |  | 31
2024-11-09 10:56:56.44 | Guillaume | APP_v5.D.1.xlsb | modTEC_Saisie:TEC_TdB_Push_TEC_Local_To_DB_Data | 0,6250 sec. | 31

2024-11-09 10:56:56.65 | Guillaume | APP_v5.D.1.xlsb | modTEC_Saisie:TEC_TdB_Refresh_All_Pivot_Tables |  | 31
2024-11-09 10:56:57.03 | Guillaume | APP_v5.D.1.xlsb | modTEC_Saisie:TEC_TdB_Refresh_All_Pivot_Tables | 0,4961 sec. | 31

2024-11-09 10:56:57.22 | Guillaume | APP_v5.D.1.xlsb | modTEC_Saisie:TEC_TdB_Update_All | 1,5977 sec. | 31

2024-11-09 10:56:57.42 | Guillaume | APP_v5.D.1.xlsb | modStatsHeures:StatsHeures_AdvancedFilters |  | 31
2024-11-09 10:56:57.96 | Guillaume | APP_v5.D.1.xlsb | modStatsHeures:StatsHeures_AdvancedFilters | 0,6641 sec. | 31

2024-11-09 10:56:58.30 | Guillaume | APP_v5.D.1.xlsb | modTEC_Saisie:TEC_Refresh_ListBox_And_Add_Hours | 2,8711 sec. | 31

2024-11-09 10:56:58.48 | Guillaume | APP_v5.D.1.xlsb | modTEC_Saisie:TEC_Modifie_Ligne | 7,7695 sec. | 31

2024-11-09 10:56:58.70 | Guillaume | APP_v5.D.1.xlsb | ufSaisieHeures:cmdUpdate_Click | 8,1875 sec. | 31

2024-11-09 10:57:00.09 | Guillaume | APP_v5.D.1.xlsb | ufSaisieHeures:UserForm_Terminate |  | 31
2024-11-09 10:57:00.32 | Guillaume | APP_v5.D.1.xlsb | ufSaisieHeures:UserForm_Terminate | 0,3633 sec. | 31

2024-11-09 10:57:46.31 | Guillaume | APP_v5.D.1.xlsb | modAppli:Hide_All_Worksheets_Except_Menu |  | 31
2024-11-09 10:57:46.60 | Guillaume | APP_v5.D.1.xlsb | modAppli:Hide_All_Worksheets_Except_Menu | 0,4531 sec. | 31

2024-11-09 11:54:53.28 | Guillaume | APP_v5.D.1.xlsb | modAppli:Hide_All_Worksheets_Except_Menu |  | 31
2024-11-09 11:54:53.53 | Guillaume | APP_v5.D.1.xlsb | modAppli:Hide_All_Worksheets_Except_Menu | 0,3711 sec. | 31

2024-11-09 11:54:53.75 | Guillaume | APP_v5.D.1.xlsb | modMenu:Delete_User_Active_File |  | 31
2024-11-09 11:54:54.10 | Guillaume | APP_v5.D.1.xlsb | modMenu:Delete_User_Active_File | 0,4883 sec. | 31

2024-11-09 11:54:54.34 | Guillaume | APP_v5.D.1.xlsb | ***** Session terminée NORMALEMENT avec la procédure 'modMenu:Exit_After_Saving' ***** |  | 31

2024-11-09 14:10:30.70 | Guillaume | APP_v5.D.1.xlsb | ufSaisieHeures:UserForm_Activate |  | 31
2024-11-09 14:10:30.92 | Guillaume | APP_v5.D.1.xlsb | modImport:Client_List_Import_All |  | 31
2024-11-09 14:10:32.01 | Guillaume | APP_v5.D.1.xlsb |      modImport:Client_List_Import_All - Le .CopyFromRecordSet est complétée |  | 31
2024-11-09 14:10:32.29 | Guillaume | APP_v5.D.1.xlsb |      modImport:Client_List_Import_All - La mise en forme a été appliquée |  | 31
2024-11-09 14:10:32.54 | Guillaume | APP_v5.D.1.xlsb | modImport:Client_List_Import_All | 1,7461 sec. | 31

2024-11-09 14:10:32.76 | Guillaume | APP_v5.D.1.xlsb | modImport:TEC_Import_All |  | 31
2024-11-09 14:10:33.98 | Guillaume | APP_v5.D.1.xlsb |      modImport:TEC_Import_All - Le .CopyFromRecordSet est complétée |  | 31
2024-11-09 14:10:34.39 | Guillaume | APP_v5.D.1.xlsb |      modImport:TEC_Import_All - La mise en forme a été appliquée |  | 31
2024-11-09 14:10:34.63 | Guillaume | APP_v5.D.1.xlsb | modImport:TEC_Import_All | 2,0000 sec. | 31

2024-11-09 14:10:34.85 | Guillaume | APP_v5.D.1.xlsb | ufSaisieHeures:UserForm_Activate | 4,2812 sec. | 31

2024-11-09 14:10:36.25 | Guillaume | APP_v5.D.1.xlsb | ufSaisieHeures:cmbProfessionnel_AfterUpdate |  | 31
2024-11-09 14:10:36.46 | Guillaume | APP_v5.D.1.xlsb | ufSaisieHeures:cmbProfessionnel_AfterUpdate | 0,3438 sec. | 31

2024-11-09 14:10:37.09 | Guillaume | APP_v5.D.1.xlsb | ufSaisieHeures:txtDate_BeforeUpdate |  | 31
2024-11-09 14:10:37.28 | Guillaume | APP_v5.D.1.xlsb | modFunctions:Fn_Complete_Date @00608   y = 2024   m = 11   d = 9 parsedDate='09/11/24' |  | 31
2024-11-09 14:10:37.49 | Guillaume | APP_v5.D.1.xlsb | ufSaisieHeures:txtDate_BeforeUpdate | 0,5312 sec. | 31

2024-11-09 14:10:37.71 | Guillaume | APP_v5.D.1.xlsb | ufSaisieHeures:txtDate_AfterUpdate - 09/11/24 |  | 31
2024-11-09 14:10:37.91 | Guillaume | APP_v5.D.1.xlsb | modTEC_Saisie:TEC_Get_All_TEC_AF - 1/09/11/24 |  | 31
2024-11-09 14:10:38.20 | Guillaume | APP_v5.D.1.xlsb | modTEC_Saisie:TEC_Get_All_TEC_AF | 0,4102 sec. | 31

2024-11-09 14:10:38.39 | Guillaume | APP_v5.D.1.xlsb | modTEC_Saisie:TEC_Refresh_ListBox_And_Add_Hours |  | 31
2024-11-09 14:10:38.67 | Guillaume | APP_v5.D.1.xlsb | modTEC_Saisie:TEC_Refresh_ListBox_And_Add_Hours | 0,4023 sec. | 31

2024-11-09 14:10:38.88 | Guillaume | APP_v5.D.1.xlsb | ufSaisieHeures:txtDate_AfterUpdate | 1,2930 sec. | 31

2024-11-09 14:10:42.17 | Guillaume | APP_v5.D.1.xlsb | ufSaisieHeures:lsbHresJour_dblClick - An entry from the list was double clicked |  | 31
2024-11-09 14:10:42.38 | Guillaume | APP_v5.D.1.xlsb | modFunctions:Fn_Find_Row_Number_TEC_ID |  | 31
2024-11-09 14:10:42.60 | Guillaume | APP_v5.D.1.xlsb | modFunctions:Fn_Find_Row_Number_TEC_ID - Row # = 2315 |  | 31
2024-11-09 14:10:42.79 | Guillaume | APP_v5.D.1.xlsb | modFunctions:Fn_Find_Row_Number_TEC_ID | 0,5469 sec. | 31

2024-11-09 14:10:44.22 | Guillaume | APP_v5.D.1.xlsb | ufSaisieHeures:txtClient_AfterUpdate - 9513-1926 Québec Inc. [Francis Desgagnés] |  | 31
2024-11-09 14:10:44.42 | Guillaume | APP_v5.D.1.xlsb | modFunctions:Fn_GetID_From_Client_Name - 9513-1926 Québec Inc. [Francis Desgagnés] |  | 31
2024-11-09 14:10:44.61 | Guillaume | APP_v5.D.1.xlsb | modFunctions:Fn_GetID_From_Client_Name - 1775 | 0,3125 sec. | 31

2024-11-09 14:10:44.80 | Guillaume | APP_v5.D.1.xlsb |    ufSaisieHeures:txtClient_AfterUpdate - 1775 |  | 31
2024-11-09 14:10:45.02 | Guillaume | APP_v5.D.1.xlsb | ufSaisieHeures:txtClient_AfterUpdate | 0,9648 sec. | 31

2024-11-09 14:10:51.08 | Guillaume | APP_v5.D.1.xlsb | ufSaisieHeures:txtActivite_AfterUpdate |  | 31
2024-11-09 14:10:51.27 | Guillaume | APP_v5.D.1.xlsb | ufSaisieHeures:txtActivite_AfterUpdate | 0,3164 sec. | 31

2024-11-09 14:10:58.29 | Guillaume | APP_v5.D.1.xlsb | ufSaisieHeures:txtHeures_AfterUpdate |  | 31
2024-11-09 14:10:58.52 | Guillaume | APP_v5.D.1.xlsb | ufSaisieHeures:txtHeures_AfterUpdate | 0,3555 sec. | 31

2024-11-09 14:10:58.75 | Guillaume | APP_v5.D.1.xlsb | ufSaisieHeures:txtHeures_Exit |  | 31
2024-11-09 14:10:58.94 | Guillaume | APP_v5.D.1.xlsb | ufSaisieHeures:txtHeures_AfterUpdate | 0,3125 sec. | 31

2024-11-09 14:11:05.66 | Guillaume | APP_v5.D.1.xlsb | ufSaisieHeures:txtActivite_AfterUpdate |  | 31
2024-11-09 14:11:05.87 | Guillaume | APP_v5.D.1.xlsb | ufSaisieHeures:txtActivite_AfterUpdate | 0,3281 sec. | 31

2024-11-09 14:11:06.08 | Guillaume | APP_v5.D.1.xlsb | ufSaisieHeures:cmdUpdate_Click |  | 31
2024-11-09 14:11:06.27 | Guillaume | APP_v5.D.1.xlsb | modTEC_Saisie:TEC_Modifie_Ligne |  | 31
2024-11-09 14:11:06.46 | Guillaume | APP_v5.D.1.xlsb | modFunctions:Fn_GetID_From_Client_Name - 9513-1926 Québec Inc. [Francis Desgagnés] |  | 31
2024-11-09 14:11:06.66 | Guillaume | APP_v5.D.1.xlsb | modFunctions:Fn_GetID_From_Client_Name - 1775 | 0,3203 sec. | 31

2024-11-09 14:11:06.86 | Guillaume | APP_v5.D.1.xlsb | modTEC_Saisie:TEC_Record_Add_Or_Update_To_DB - TECID = '2316' |  | 31
2024-11-09 14:11:08.15 | Guillaume | APP_v5.D.1.xlsb |       modTEC_SaisieTEC_Record_Add_Or_Update_To_DB - Update an existing record - Create a new RecordSet 0 |  | 31
2024-11-09 14:11:09.02 | Guillaume | APP_v5.D.1.xlsb | modTEC_Saisie:TEC_Record_Add_Or_Update_To_DB | 2,2812 sec. | 31

2024-11-09 14:11:09.23 | Guillaume | APP_v5.D.1.xlsb | modTEC_Saisie:TEC_Record_Add_Or_Update_Locally |  | 31
2024-11-09 14:11:09.43 | Guillaume | APP_v5.D.1.xlsb | modTEC_Saisie:TEC_Record_Add_Or_Update_Locally - SoftDeleteStart - 2316 |  | 31
2024-11-09 14:11:09.61 | Guillaume | APP_v5.D.1.xlsb | modFunctions:Fn_Find_Row_Number_TEC_ID |  | 31
2024-11-09 14:11:09.86 | Guillaume | APP_v5.D.1.xlsb | modFunctions:Fn_Find_Row_Number_TEC_ID - Row # = 2315 |  | 31
2024-11-09 14:11:10.06 | Guillaume | APP_v5.D.1.xlsb | modFunctions:Fn_Find_Row_Number_TEC_ID | 0,5703 sec. | 31

2024-11-09 14:11:10.30 | Guillaume | APP_v5.D.1.xlsb | modTEC_Saisie:TEC_Record_Add_Or_Update_Locally | 1,1914 sec. | 31

2024-11-09 14:11:10.50 | Guillaume | APP_v5.D.1.xlsb | modTEC_Saisie:TEC_Get_All_TEC_AF - 1/09/11/2024 |  | 31
2024-11-09 14:11:10.80 | Guillaume | APP_v5.D.1.xlsb | modTEC_Saisie:TEC_Get_All_TEC_AF | 0,4414 sec. | 31

2024-11-09 14:11:11.01 | Guillaume | APP_v5.D.1.xlsb | modTEC_Saisie:TEC_Refresh_ListBox_And_Add_Hours |  | 31
2024-11-09 14:11:11.23 | Guillaume | APP_v5.D.1.xlsb | modTEC_Saisie:TEC_TdB_Update_All |  | 31
2024-11-09 14:11:11.43 | Guillaume | APP_v5.D.1.xlsb | modTEC_Saisie:TEC_TdB_Push_TEC_Local_To_DB_Data |  | 31
2024-11-09 14:11:11.90 | Guillaume | APP_v5.D.1.xlsb | modTEC_Saisie:TEC_TdB_Push_TEC_Local_To_DB_Data | 0,5898 sec. | 31

2024-11-09 14:11:12.11 | Guillaume | APP_v5.D.1.xlsb | modTEC_Saisie:TEC_TdB_Refresh_All_Pivot_Tables |  | 31
2024-11-09 14:11:12.46 | Guillaume | APP_v5.D.1.xlsb | modTEC_Saisie:TEC_TdB_Refresh_All_Pivot_Tables | 0,4844 sec. | 31

2024-11-09 14:11:12.68 | Guillaume | APP_v5.D.1.xlsb | modTEC_Saisie:TEC_TdB_Update_All | 1,5625 sec. | 31

2024-11-09 14:11:12.87 | Guillaume | APP_v5.D.1.xlsb | modStatsHeures:StatsHeures_AdvancedFilters |  | 31
2024-11-09 14:11:13.24 | Guillaume | APP_v5.D.1.xlsb | modStatsHeures:StatsHeures_AdvancedFilters | 0,4922 sec. | 31

2024-11-09 14:11:13.57 | Guillaume | APP_v5.D.1.xlsb | modTEC_Saisie:TEC_Refresh_ListBox_And_Add_Hours | 2,6875 sec. | 31

2024-11-09 14:11:13.77 | Guillaume | APP_v5.D.1.xlsb | modTEC_Saisie:TEC_Modifie_Ligne | 7,6172 sec. | 31

2024-11-09 14:11:13.96 | Guillaume | APP_v5.D.1.xlsb | ufSaisieHeures:cmdUpdate_Click | 8,0117 sec. | 31

2024-11-09 15:03:28.87 | Guillaume | APP_v5.D.1.xlsb | ufSaisieHeures:UserForm_Terminate |  | 31
2024-11-09 15:03:29.16 | Guillaume | APP_v5.D.1.xlsb | ufSaisieHeures:UserForm_Terminate | 0,4180 sec. | 31

2024-11-09 15:03:29.91 | Guillaume | APP_v5.D.1.xlsb | modAppli:Hide_All_Worksheets_Except_Menu |  | 31
2024-11-09 15:03:30.15 | Guillaume | APP_v5.D.1.xlsb | modAppli:Hide_All_Worksheets_Except_Menu | 0,3711 sec. | 31

2024-11-09 15:03:32.38 | Guillaume | APP_v5.D.1.xlsb | modAppli:Hide_All_Worksheets_Except_Menu |  | 31
2024-11-09 15:03:32.61 | Guillaume | APP_v5.D.1.xlsb | modAppli:Hide_All_Worksheets_Except_Menu | 0,3555 sec. | 31

2024-11-09 15:03:32.82 | Guillaume | APP_v5.D.1.xlsb | modMenu:Delete_User_Active_File |  | 31
2024-11-09 15:03:33.04 | Guillaume | APP_v5.D.1.xlsb | modMenu:Delete_User_Active_File | 0,3398 sec. | 31

2024-11-09 15:03:33.25 | Guillaume | APP_v5.D.1.xlsb | ***** Session terminée NORMALEMENT avec la procédure 'modMenu:Exit_After_Saving' ***** |  | 31

2024-11-09 15:50:11.71 | Guillaume | APP_v5.D.1.xlsb | ***** Début d'une nouvelle session (Workbook_Open) ***** |  | 31
2024-11-09 15:50:11.96 | Guillaume | APP_v5.D.1.xlsb | ThisWorkbook:Create_User_Active_File |  | 31
2024-11-09 15:50:12.39 | Guillaume | APP_v5.D.1.xlsb | ThisWorkbook:Create_User_Active_File | 0,5742 sec. | 31

2024-11-09 15:50:12.63 | Guillaume | APP_v5.D.1.xlsb | ThisWorkbook:BackupMasterFile |  | 31
2024-11-09 15:50:14.40 | Guillaume | APP_v5.D.1.xlsb |    ThisWorkbook:BackupMasterFile - La variable masterWorkbook est initialisée |  | 31
2024-11-09 15:50:15.10 | Guillaume | APP_v5.D.1.xlsb |    ThisWorkbook:BackupMasterFile - La copie est réussie |  | 31
2024-11-09 15:50:15.41 | Guillaume | APP_v5.D.1.xlsb |    ThisWorkbook:BackupMasterFile - Le fichier masterWorkbook est fermé |  | 31
2024-11-09 15:50:15.65 | Guillaume | APP_v5.D.1.xlsb | ThisWorkbook:BackupMasterFile | 3,1406 sec. | 31

2024-11-09 15:50:15.84 | Guillaume | APP_v5.D.1.xlsb | modMenu:Hide_Dev_Shapes_Based_On_Username |  | 31
2024-11-09 15:50:16.06 | Guillaume | APP_v5.D.1.xlsb | modMenu:Hide_Dev_Shapes_Based_On_Username | 0,3477 sec. | 31

2024-11-09 15:50:16.32 | Guillaume | APP_v5.D.1.xlsb | modAppli:Write_Info_On_Main_Menu |  | 31
2024-11-09 15:50:16.57 | Guillaume | APP_v5.D.1.xlsb | modAppli:Write_Info_On_Main_Menu | 0,3828 sec. | 31

2024-11-09 15:50:16.79 | Guillaume | APP_v5.D.1.xlsb | modAppli:Hide_All_Worksheets_Except_Menu |  | 31
2024-11-09 15:50:17.03 | Guillaume | APP_v5.D.1.xlsb | modAppli:Hide_All_Worksheets_Except_Menu | 0,3711 sec. | 31

2024-11-09 15:50:17.31 | Guillaume | APP_v5.D.1.xlsb | ThisWorkbook:Workbook_Open | 5,7305 sec. | 31

2024-11-09 15:50:19.09 | Guillaume | APP_v5.D.1.xlsb | ufSaisieHeures:UserForm_Activate |  | 31
2024-11-09 15:50:19.30 | Guillaume | APP_v5.D.1.xlsb | modImport:Client_List_Import_All |  | 31
2024-11-09 15:50:20.29 | Guillaume | APP_v5.D.1.xlsb |      modImport:Client_List_Import_All - Le .CopyFromRecordSet est complétée |  | 31
2024-11-09 15:50:20.55 | Guillaume | APP_v5.D.1.xlsb |      modImport:Client_List_Import_All - La mise en forme a été appliquée |  | 31
2024-11-09 15:50:20.83 | Guillaume | APP_v5.D.1.xlsb | modImport:Client_List_Import_All | 1,6914 sec. | 31

2024-11-09 15:50:21.08 | Guillaume | APP_v5.D.1.xlsb | modImport:TEC_Import_All |  | 31
2024-11-09 15:50:22.32 | Guillaume | APP_v5.D.1.xlsb |      modImport:TEC_Import_All - Le .CopyFromRecordSet est complétée |  | 31
2024-11-09 15:50:22.73 | Guillaume | APP_v5.D.1.xlsb |      modImport:TEC_Import_All - La mise en forme a été appliquée |  | 31
2024-11-09 15:50:23.02 | Guillaume | APP_v5.D.1.xlsb | modImport:TEC_Import_All | 2,0742 sec. | 31

2024-11-09 15:50:23.26 | Guillaume | APP_v5.D.1.xlsb | ufSaisieHeures:UserForm_Activate | 4,2930 sec. | 31

2024-11-09 15:50:25.94 | Guillaume | APP_v5.D.1.xlsb | ufSaisieHeures:cmbProfessionnel_AfterUpdate |  | 31
2024-11-09 15:50:26.14 | Guillaume | APP_v5.D.1.xlsb | ufSaisieHeures:cmbProfessionnel_AfterUpdate | 0,3359 sec. | 31

2024-11-09 15:50:26.72 | Guillaume | APP_v5.D.1.xlsb | ufSaisieHeures:txtDate_BeforeUpdate |  | 31
2024-11-09 15:50:26.94 | Guillaume | APP_v5.D.1.xlsb | modFunctions:Fn_Complete_Date @00608   y = 2024   m = 11   d = 9 parsedDate='09/11/24' |  | 31
2024-11-09 15:50:27.17 | Guillaume | APP_v5.D.1.xlsb | ufSaisieHeures:txtDate_BeforeUpdate | 0,5703 sec. | 31

2024-11-09 15:50:27.37 | Guillaume | APP_v5.D.1.xlsb | ufSaisieHeures:txtDate_AfterUpdate - 09/11/2024 |  | 31
2024-11-09 15:50:27.58 | Guillaume | APP_v5.D.1.xlsb | modTEC_Saisie:TEC_Get_All_TEC_AF - 1/09/11/2024 |  | 31
2024-11-09 15:50:27.87 | Guillaume | APP_v5.D.1.xlsb | modTEC_Saisie:TEC_Get_All_TEC_AF | 0,4141 sec. | 31

2024-11-09 15:50:28.07 | Guillaume | APP_v5.D.1.xlsb | modTEC_Saisie:TEC_Refresh_ListBox_And_Add_Hours |  | 31
2024-11-09 15:50:28.28 | Guillaume | APP_v5.D.1.xlsb | modTEC_Saisie:TEC_TdB_Update_All |  | 31
2024-11-09 15:50:28.48 | Guillaume | APP_v5.D.1.xlsb | modTEC_Saisie:TEC_TdB_Push_TEC_Local_To_DB_Data |  | 31
2024-11-09 15:50:28.97 | Guillaume | APP_v5.D.1.xlsb | modTEC_Saisie:TEC_TdB_Push_TEC_Local_To_DB_Data | 0,6133 sec. | 31

2024-11-09 15:50:29.18 | Guillaume | APP_v5.D.1.xlsb | modTEC_Saisie:TEC_TdB_Refresh_All_Pivot_Tables |  | 31
2024-11-09 15:50:29.56 | Guillaume | APP_v5.D.1.xlsb | modTEC_Saisie:TEC_TdB_Refresh_All_Pivot_Tables | 0,5000 sec. | 31

2024-11-09 15:50:29.75 | Guillaume | APP_v5.D.1.xlsb | modTEC_Saisie:TEC_TdB_Update_All | 1,6016 sec. | 31

2024-11-09 15:50:29.96 | Guillaume | APP_v5.D.1.xlsb | modStatsHeures:StatsHeures_AdvancedFilters |  | 31
2024-11-09 15:50:30.45 | Guillaume | APP_v5.D.1.xlsb | modStatsHeures:StatsHeures_AdvancedFilters | 0,6289 sec. | 31

2024-11-09 15:50:30.75 | Guillaume | APP_v5.D.1.xlsb | modTEC_Saisie:TEC_Refresh_ListBox_And_Add_Hours | 2,8164 sec. | 31

2024-11-09 15:50:30.96 | Guillaume | APP_v5.D.1.xlsb | ufSaisieHeures:txtDate_AfterUpdate | 3,7188 sec. | 31

2024-11-09 15:50:43.30 | Guillaume | APP_v5.D.1.xlsb | ufSaisieHeures:lsbHresJour_dblClick - An entry from the list was double clicked |  | 31
2024-11-09 15:50:43.52 | Guillaume | APP_v5.D.1.xlsb | modFunctions:Fn_Find_Row_Number_TEC_ID |  | 31
2024-11-09 15:50:43.74 | Guillaume | APP_v5.D.1.xlsb | modFunctions:Fn_Find_Row_Number_TEC_ID - Row # = 2315 |  | 31
2024-11-09 15:50:43.95 | Guillaume | APP_v5.D.1.xlsb | modFunctions:Fn_Find_Row_Number_TEC_ID | 0,5586 sec. | 31

2024-11-09 15:50:45.01 | Guillaume | APP_v5.D.1.xlsb | ufSaisieHeures:txtClient_AfterUpdate - 9513-1926 Québec Inc. [Francis Desgagnés] |  | 31
2024-11-09 15:50:45.23 | Guillaume | APP_v5.D.1.xlsb | modFunctions:Fn_GetID_From_Client_Name - 9513-1926 Québec Inc. [Francis Desgagnés] |  | 31
2024-11-09 15:50:45.43 | Guillaume | APP_v5.D.1.xlsb | modFunctions:Fn_GetID_From_Client_Name - 1775 | 0,3398 sec. | 31

2024-11-09 15:50:45.64 | Guillaume | APP_v5.D.1.xlsb |    ufSaisieHeures:txtClient_AfterUpdate - 1775 |  | 31
2024-11-09 15:50:45.85 | Guillaume | APP_v5.D.1.xlsb | ufSaisieHeures:txtClient_AfterUpdate | 0,9688 sec. | 31

2024-11-09 15:50:52.58 | Guillaume | APP_v5.D.1.xlsb | ufSaisieHeures:txtHeures_AfterUpdate |  | 31
2024-11-09 15:50:52.80 | Guillaume | APP_v5.D.1.xlsb | ufSaisieHeures:txtHeures_AfterUpdate | 0,3516 sec. | 31

2024-11-09 15:50:53.01 | Guillaume | APP_v5.D.1.xlsb | ufSaisieHeures:txtHeures_Exit |  | 31
2024-11-09 15:50:53.21 | Guillaume | APP_v5.D.1.xlsb | ufSaisieHeures:txtHeures_AfterUpdate | 0,3164 sec. | 31

2024-11-09 15:50:54.13 | Guillaume | APP_v5.D.1.xlsb | ufSaisieHeures:cmdUpdate_Click |  | 31
2024-11-09 15:50:54.36 | Guillaume | APP_v5.D.1.xlsb | modTEC_Saisie:TEC_Modifie_Ligne |  | 31
2024-11-09 15:50:54.56 | Guillaume | APP_v5.D.1.xlsb | modFunctions:Fn_GetID_From_Client_Name - 9513-1926 Québec Inc. [Francis Desgagnés] |  | 31
2024-11-09 15:50:54.76 | Guillaume | APP_v5.D.1.xlsb | modFunctions:Fn_GetID_From_Client_Name - 1775 | 0,3281 sec. | 31

2024-11-09 15:50:54.96 | Guillaume | APP_v5.D.1.xlsb | modTEC_Saisie:TEC_Record_Add_Or_Update_To_DB - TECID = '2316' |  | 31
2024-11-09 15:50:56.34 | Guillaume | APP_v5.D.1.xlsb |       modTEC_SaisieTEC_Record_Add_Or_Update_To_DB - Update an existing record - Create a new RecordSet 0 |  | 31
2024-11-09 15:50:57.20 | Guillaume | APP_v5.D.1.xlsb | modTEC_Saisie:TEC_Record_Add_Or_Update_To_DB | 2,3633 sec. | 31

2024-11-09 15:50:57.40 | Guillaume | APP_v5.D.1.xlsb | modTEC_Saisie:TEC_Record_Add_Or_Update_Locally |  | 31
2024-11-09 15:50:57.61 | Guillaume | APP_v5.D.1.xlsb | modTEC_Saisie:TEC_Record_Add_Or_Update_Locally - SoftDeleteStart - 2316 |  | 31
2024-11-09 15:50:57.84 | Guillaume | APP_v5.D.1.xlsb | modFunctions:Fn_Find_Row_Number_TEC_ID |  | 31
2024-11-09 15:50:58.05 | Guillaume | APP_v5.D.1.xlsb | modFunctions:Fn_Find_Row_Number_TEC_ID - Row # = 2315 |  | 31
2024-11-09 15:50:58.25 | Guillaume | APP_v5.D.1.xlsb | modFunctions:Fn_Find_Row_Number_TEC_ID | 0,5312 sec. | 31

2024-11-09 15:50:58.48 | Guillaume | APP_v5.D.1.xlsb | modTEC_Saisie:TEC_Record_Add_Or_Update_Locally | 1,2109 sec. | 31

2024-11-09 15:50:58.69 | Guillaume | APP_v5.D.1.xlsb | modTEC_Saisie:TEC_Get_All_TEC_AF - 1/09/11/2024 |  | 31
2024-11-09 15:50:58.98 | Guillaume | APP_v5.D.1.xlsb | modTEC_Saisie:TEC_Get_All_TEC_AF | 0,4180 sec. | 31

2024-11-09 15:50:59.18 | Guillaume | APP_v5.D.1.xlsb | modTEC_Saisie:TEC_Refresh_ListBox_And_Add_Hours |  | 31
2024-11-09 15:50:59.39 | Guillaume | APP_v5.D.1.xlsb | modTEC_Saisie:TEC_TdB_Update_All |  | 31
2024-11-09 15:50:59.59 | Guillaume | APP_v5.D.1.xlsb | modTEC_Saisie:TEC_TdB_Push_TEC_Local_To_DB_Data |  | 31
2024-11-09 15:51:00.07 | Guillaume | APP_v5.D.1.xlsb | modTEC_Saisie:TEC_TdB_Push_TEC_Local_To_DB_Data | 0,6055 sec. | 31

2024-11-09 15:51:00.28 | Guillaume | APP_v5.D.1.xlsb | modTEC_Saisie:TEC_TdB_Refresh_All_Pivot_Tables |  | 31
2024-11-09 15:51:00.65 | Guillaume | APP_v5.D.1.xlsb | modTEC_Saisie:TEC_TdB_Refresh_All_Pivot_Tables | 0,4961 sec. | 31

2024-11-09 15:51:00.85 | Guillaume | APP_v5.D.1.xlsb | modTEC_Saisie:TEC_TdB_Update_All | 1,5859 sec. | 31

2024-11-09 15:51:01.05 | Guillaume | APP_v5.D.1.xlsb | modStatsHeures:StatsHeures_AdvancedFilters |  | 31
2024-11-09 15:51:01.54 | Guillaume | APP_v5.D.1.xlsb | modStatsHeures:StatsHeures_AdvancedFilters | 0,6094 sec. | 31

2024-11-09 15:51:01.83 | Guillaume | APP_v5.D.1.xlsb | modTEC_Saisie:TEC_Refresh_ListBox_And_Add_Hours | 2,7773 sec. | 31

2024-11-09 15:51:02.03 | Guillaume | APP_v5.D.1.xlsb | modTEC_Saisie:TEC_Modifie_Ligne | 7,8086 sec. | 31

2024-11-09 15:51:02.24 | Guillaume | APP_v5.D.1.xlsb | ufSaisieHeures:cmdUpdate_Click | 8,2344 sec. | 31

2024-11-09 15:51:06.31 | Guillaume | APP_v5.D.1.xlsb | ufSaisieHeures:txtClient_AfterUpdate - Groupe Teltech Inc. [François Tessier] |  | 31
2024-11-09 15:51:06.53 | Guillaume | APP_v5.D.1.xlsb | modFunctions:Fn_GetID_From_Client_Name - Groupe Teltech Inc. [François Tessier] |  | 31
2024-11-09 15:51:06.73 | Guillaume | APP_v5.D.1.xlsb | modFunctions:Fn_GetID_From_Client_Name - 1541 | 0,3281 sec. | 31

2024-11-09 15:51:06.94 | Guillaume | APP_v5.D.1.xlsb |    ufSaisieHeures:txtClient_AfterUpdate - 1541 |  | 31
2024-11-09 15:51:07.14 | Guillaume | APP_v5.D.1.xlsb | ufSaisieHeures:txtClient_AfterUpdate | 0,9570 sec. | 31

2024-11-09 15:51:22.11 | Guillaume | APP_v5.D.1.xlsb | ufSaisieHeures:txtActivite_AfterUpdate |  | 31
2024-11-09 15:51:22.36 | Guillaume | APP_v5.D.1.xlsb | ufSaisieHeures:txtActivite_AfterUpdate | 0,3828 sec. | 31

2024-11-09 15:51:25.32 | Guillaume | APP_v5.D.1.xlsb | ufSaisieHeures:txtHeures_Exit |  | 31
2024-11-09 15:51:43.98 | Guillaume | APP_v5.D.1.xlsb | ufSaisieHeures:txtActivite_AfterUpdate |  | 31
2024-11-09 15:51:44.23 | Guillaume | APP_v5.D.1.xlsb | ufSaisieHeures:txtActivite_AfterUpdate | 0,3828 sec. | 31

2024-11-09 15:51:47.22 | Guillaume | APP_v5.D.1.xlsb | ufSaisieHeures:txtHeures_AfterUpdate |  | 31
2024-11-09 15:51:47.44 | Guillaume | APP_v5.D.1.xlsb | ufSaisieHeures:txtHeures_AfterUpdate | 0,3555 sec. | 31

2024-11-09 15:51:47.65 | Guillaume | APP_v5.D.1.xlsb | ufSaisieHeures:txtHeures_Exit |  | 31
2024-11-09 15:51:47.89 | Guillaume | APP_v5.D.1.xlsb | ufSaisieHeures:txtHeures_AfterUpdate | 0,3867 sec. | 31

2024-11-09 15:51:49.56 | Guillaume | APP_v5.D.1.xlsb | ufSaisieHeures:cmdAdd_Click |  | 31
2024-11-09 15:51:49.77 | Guillaume | APP_v5.D.1.xlsb | modTEC_Saisie:TEC_Ajoute_Ligne |  | 31
2024-11-09 15:51:49.98 | Guillaume | APP_v5.D.1.xlsb | modTEC_Saisie:TEC_Record_Add_Or_Update_To_DB - TECID = '0' |  | 31
2024-11-09 15:51:51.02 | Guillaume | APP_v5.D.1.xlsb |      modTEC_Saisie:TEC_Record_Add_Or_Update_To_DB - AddingNewRecord - TECID = 0 |  | 31
2024-11-09 15:51:51.43 | Guillaume | APP_v5.D.1.xlsb |      modTEC_Saisie:TEC_Record_Add_Or_Update_To_DB - Le nouvel enregistrement, TECID a été assigné à 2317 |  | 31
2024-11-09 15:51:51.64 | Guillaume | APP_v5.D.1.xlsb |      modTEC_Saisie:TEC_Record_Add_Or_Update_To_DB - Création du RecordSet |  | 31
2024-11-09 15:51:51.84 | Guillaume | APP_v5.D.1.xlsb |      modTEC_Saisie:TEC_Record_Add_Or_Update_To_DB - Le RecordSet a été ajouté pour le TECID = 2317 |  | 31
2024-11-09 15:51:52.68 | Guillaume | APP_v5.D.1.xlsb | modTEC_Saisie:TEC_Record_Add_Or_Update_To_DB | 2,8242 sec. | 31

2024-11-09 15:51:52.88 | Guillaume | APP_v5.D.1.xlsb | modTEC_Saisie:TEC_Record_Add_Or_Update_Locally |  | 31
2024-11-09 15:51:53.15 | Guillaume | APP_v5.D.1.xlsb | modTEC_Saisie:TEC_Record_Add_Or_Update_Locally | 0,3984 sec. | 31

2024-11-09 15:51:53.35 | Guillaume | APP_v5.D.1.xlsb | modTEC_Saisie:TEC_Get_All_TEC_AF - 1/2024-11-09 |  | 31
2024-11-09 15:51:53.63 | Guillaume | APP_v5.D.1.xlsb | modTEC_Saisie:TEC_Get_All_TEC_AF | 0,4102 sec. | 31

2024-11-09 15:51:53.83 | Guillaume | APP_v5.D.1.xlsb | modTEC_Saisie:TEC_Refresh_ListBox_And_Add_Hours |  | 31
2024-11-09 15:51:54.05 | Guillaume | APP_v5.D.1.xlsb | modTEC_Saisie:TEC_TdB_Update_All |  | 31
2024-11-09 15:51:54.27 | Guillaume | APP_v5.D.1.xlsb | modTEC_Saisie:TEC_TdB_Push_TEC_Local_To_DB_Data |  | 31
2024-11-09 15:51:54.77 | Guillaume | APP_v5.D.1.xlsb | modTEC_Saisie:TEC_TdB_Push_TEC_Local_To_DB_Data | 0,6328 sec. | 31

2024-11-09 15:51:54.98 | Guillaume | APP_v5.D.1.xlsb | modTEC_Saisie:TEC_TdB_Refresh_All_Pivot_Tables |  | 31
2024-11-09 15:51:55.35 | Guillaume | APP_v5.D.1.xlsb | modTEC_Saisie:TEC_TdB_Refresh_All_Pivot_Tables | 0,4922 sec. | 31

2024-11-09 15:51:55.54 | Guillaume | APP_v5.D.1.xlsb | modTEC_Saisie:TEC_TdB_Update_All | 1,6172 sec. | 31

2024-11-09 15:51:55.74 | Guillaume | APP_v5.D.1.xlsb | modStatsHeures:StatsHeures_AdvancedFilters |  | 31
2024-11-09 15:51:56.23 | Guillaume | APP_v5.D.1.xlsb | modStatsHeures:StatsHeures_AdvancedFilters | 0,6133 sec. | 31

2024-11-09 15:51:56.51 | Guillaume | APP_v5.D.1.xlsb | modTEC_Saisie:TEC_Refresh_ListBox_And_Add_Hours | 2,8086 sec. | 31

2024-11-09 15:51:56.71 | Guillaume | APP_v5.D.1.xlsb | modTEC_Saisie:TEC_TdB_Update_All |  | 31
2024-11-09 15:51:56.92 | Guillaume | APP_v5.D.1.xlsb | modTEC_Saisie:TEC_TdB_Push_TEC_Local_To_DB_Data |  | 31
2024-11-09 15:51:57.38 | Guillaume | APP_v5.D.1.xlsb | modTEC_Saisie:TEC_TdB_Push_TEC_Local_To_DB_Data | 0,5781 sec. | 31

2024-11-09 15:51:57.59 | Guillaume | APP_v5.D.1.xlsb | modTEC_Saisie:TEC_TdB_Refresh_All_Pivot_Tables |  | 31
2024-11-09 15:51:57.96 | Guillaume | APP_v5.D.1.xlsb | modTEC_Saisie:TEC_TdB_Refresh_All_Pivot_Tables | 0,5000 sec. | 31

2024-11-09 15:51:58.16 | Guillaume | APP_v5.D.1.xlsb | modTEC_Saisie:TEC_TdB_Update_All | 1,5742 sec. | 31

2024-11-09 15:51:58.36 | Guillaume | APP_v5.D.1.xlsb | modTEC_Saisie:TEC_Ajoute_Ligne | 8,7188 sec. | 31

2024-11-09 15:51:58.56 | Guillaume | APP_v5.D.1.xlsb | ufSaisieHeures:cmdAdd_Click | 9,1289 sec. | 31

2024-11-09 15:51:59.52 | Guillaume | APP_v5.D.1.xlsb | ufSaisieHeures:lsbHresJour_dblClick - An entry from the list was double clicked |  | 31
2024-11-09 15:51:59.73 | Guillaume | APP_v5.D.1.xlsb | modFunctions:Fn_Find_Row_Number_TEC_ID |  | 31
2024-11-09 15:51:59.95 | Guillaume | APP_v5.D.1.xlsb | modFunctions:Fn_Find_Row_Number_TEC_ID - Row # = 2316 |  | 31
2024-11-09 15:52:00.14 | Guillaume | APP_v5.D.1.xlsb | modFunctions:Fn_Find_Row_Number_TEC_ID | 0,5430 sec. | 31

2024-11-09 15:52:01.16 | Guillaume | APP_v5.D.1.xlsb | ufSaisieHeures:txtClient_AfterUpdate - Groupe Teltech Inc. [François Tessier] |  | 31
2024-11-09 15:52:01.40 | Guillaume | APP_v5.D.1.xlsb | modFunctions:Fn_GetID_From_Client_Name - Groupe Teltech Inc. [François Tessier] |  | 31
2024-11-09 15:52:01.60 | Guillaume | APP_v5.D.1.xlsb | modFunctions:Fn_GetID_From_Client_Name - 1541 | 0,3281 sec. | 31

2024-11-09 15:52:01.80 | Guillaume | APP_v5.D.1.xlsb |    ufSaisieHeures:txtClient_AfterUpdate - 1541 |  | 31
2024-11-09 15:52:02.00 | Guillaume | APP_v5.D.1.xlsb | ufSaisieHeures:txtClient_AfterUpdate | 0,9727 sec. | 31

2024-11-09 15:52:03.38 | Guillaume | APP_v5.D.1.xlsb | ufSaisieHeures:txtHeures_AfterUpdate |  | 31
2024-11-09 15:52:03.59 | Guillaume | APP_v5.D.1.xlsb | ufSaisieHeures:txtHeures_AfterUpdate | 0,3398 sec. | 31

2024-11-09 15:52:03.79 | Guillaume | APP_v5.D.1.xlsb | ufSaisieHeures:txtHeures_Exit |  | 31
2024-11-09 15:52:03.99 | Guillaume | APP_v5.D.1.xlsb | ufSaisieHeures:txtHeures_AfterUpdate | 0,3398 sec. | 31

2024-11-09 15:52:05.11 | Guillaume | APP_v5.D.1.xlsb | ufSaisieHeures:cmdUpdate_Click |  | 31
2024-11-09 15:52:05.32 | Guillaume | APP_v5.D.1.xlsb | modTEC_Saisie:TEC_Modifie_Ligne |  | 31
2024-11-09 15:52:05.53 | Guillaume | APP_v5.D.1.xlsb | modFunctions:Fn_GetID_From_Client_Name - Groupe Teltech Inc. [François Tessier] |  | 31
2024-11-09 15:52:05.73 | Guillaume | APP_v5.D.1.xlsb | modFunctions:Fn_GetID_From_Client_Name - 1541 | 0,3320 sec. | 31

2024-11-09 15:52:05.93 | Guillaume | APP_v5.D.1.xlsb | modTEC_Saisie:TEC_Record_Add_Or_Update_To_DB - TECID = '2317' |  | 31
2024-11-09 15:52:07.16 | Guillaume | APP_v5.D.1.xlsb |       modTEC_SaisieTEC_Record_Add_Or_Update_To_DB - Update an existing record - Create a new RecordSet 0 |  | 31
2024-11-09 15:52:07.98 | Guillaume | APP_v5.D.1.xlsb | modTEC_Saisie:TEC_Record_Add_Or_Update_To_DB | 2,1719 sec. | 31

2024-11-09 15:52:08.19 | Guillaume | APP_v5.D.1.xlsb | modTEC_Saisie:TEC_Record_Add_Or_Update_Locally |  | 31
2024-11-09 15:52:08.39 | Guillaume | APP_v5.D.1.xlsb | modTEC_Saisie:TEC_Record_Add_Or_Update_Locally - SoftDeleteStart - 2317 |  | 31
2024-11-09 15:52:08.59 | Guillaume | APP_v5.D.1.xlsb | modFunctions:Fn_Find_Row_Number_TEC_ID |  | 31
2024-11-09 15:52:08.83 | Guillaume | APP_v5.D.1.xlsb | modFunctions:Fn_Find_Row_Number_TEC_ID - Row # = 2316 |  | 31
2024-11-09 15:52:09.04 | Guillaume | APP_v5.D.1.xlsb | modFunctions:Fn_Find_Row_Number_TEC_ID | 0,5703 sec. | 31

2024-11-09 15:52:09.29 | Guillaume | APP_v5.D.1.xlsb | modTEC_Saisie:TEC_Record_Add_Or_Update_Locally | 1,2266 sec. | 31

2024-11-09 15:52:09.49 | Guillaume | APP_v5.D.1.xlsb | modTEC_Saisie:TEC_Get_All_TEC_AF - 1/09/11/2024 |  | 31
2024-11-09 15:52:09.79 | Guillaume | APP_v5.D.1.xlsb | modTEC_Saisie:TEC_Get_All_TEC_AF | 0,4219 sec. | 31

2024-11-09 15:52:09.98 | Guillaume | APP_v5.D.1.xlsb | modTEC_Saisie:TEC_Refresh_ListBox_And_Add_Hours |  | 31
2024-11-09 15:52:10.21 | Guillaume | APP_v5.D.1.xlsb | modTEC_Saisie:TEC_TdB_Update_All |  | 31
2024-11-09 15:52:10.41 | Guillaume | APP_v5.D.1.xlsb | modTEC_Saisie:TEC_TdB_Push_TEC_Local_To_DB_Data |  | 31
2024-11-09 15:52:10.91 | Guillaume | APP_v5.D.1.xlsb | modTEC_Saisie:TEC_TdB_Push_TEC_Local_To_DB_Data | 0,6172 sec. | 31

2024-11-09 15:52:11.12 | Guillaume | APP_v5.D.1.xlsb | modTEC_Saisie:TEC_TdB_Refresh_All_Pivot_Tables |  | 31
2024-11-09 15:52:11.52 | Guillaume | APP_v5.D.1.xlsb | modTEC_Saisie:TEC_TdB_Refresh_All_Pivot_Tables | 0,5195 sec. | 31

2024-11-09 15:52:11.71 | Guillaume | APP_v5.D.1.xlsb | modTEC_Saisie:TEC_TdB_Update_All | 1,6328 sec. | 31

2024-11-09 15:52:11.92 | Guillaume | APP_v5.D.1.xlsb | modStatsHeures:StatsHeures_AdvancedFilters |  | 31
2024-11-09 15:52:12.41 | Guillaume | APP_v5.D.1.xlsb | modStatsHeures:StatsHeures_AdvancedFilters | 0,6172 sec. | 31

2024-11-09 15:52:12.72 | Guillaume | APP_v5.D.1.xlsb | modTEC_Saisie:TEC_Refresh_ListBox_And_Add_Hours | 2,8711 sec. | 31

2024-11-09 15:52:12.93 | Guillaume | APP_v5.D.1.xlsb | modTEC_Saisie:TEC_Modifie_Ligne | 7,7539 sec. | 31

2024-11-09 15:52:13.19 | Guillaume | APP_v5.D.1.xlsb | ufSaisieHeures:cmdUpdate_Click | 8,2383 sec. | 31

2024-11-09 15:52:24.67 | Guillaume | APP_v5.D.1.xlsb | ufSaisieHeures:UserForm_Terminate |  | 31
2024-11-09 15:52:24.94 | Guillaume | APP_v5.D.1.xlsb | ufSaisieHeures:UserForm_Terminate | 0,3906 sec. | 31

2024-11-09 15:52:25.65 | Guillaume | APP_v5.D.1.xlsb | modAppli:Hide_All_Worksheets_Except_Menu |  | 31
2024-11-09 15:52:25.89 | Guillaume | APP_v5.D.1.xlsb | modAppli:Hide_All_Worksheets_Except_Menu | 0,3633 sec. | 31

2024-11-09 15:52:27.99 | Guillaume | APP_v5.D.1.xlsb | modAppli:Hide_All_Worksheets_Except_Menu |  | 31
2024-11-09 15:52:28.20 | Guillaume | APP_v5.D.1.xlsb | modAppli:Hide_All_Worksheets_Except_Menu | 0,3320 sec. | 31

2024-11-09 15:52:28.42 | Guillaume | APP_v5.D.1.xlsb | modMenu:Delete_User_Active_File |  | 31
2024-11-09 15:52:28.80 | Guillaume | APP_v5.D.1.xlsb | modMenu:Delete_User_Active_File | 0,5156 sec. | 31

2024-11-09 15:52:29.04 | Guillaume | APP_v5.D.1.xlsb | ***** Session terminée NORMALEMENT avec la procédure 'modMenu:Exit_After_Saving' ***** |  | 31

