2025-01-10 10:34:55.82 | GuillaumeCharron | Clients_v5.1.xlsm | ***** Début de session - Workbook_Open ***** | 
2025-01-10 10:34:55.84 | GuillaumeCharron | Clients_v5.1.xlsm | modMain:CM_Client_List_Import_All | 
2025-01-10 10:34:55.97 | GuillaumeCharron | Clients_v5.1.xlsm | modMain:CM_Apply_Worksheet_Format | 
2025-01-10 10:34:56.04 | GuillaumeCharron | Clients_v5.1.xlsm | modMain:CM_Apply_Worksheet_Format = '0,0703 secondes'
2025-01-10 10:34:56.12 | GuillaumeCharron | Clients_v5.1.xlsm | modMain:CM_Client_List_Import_All = '0,2812 secondes'
2025-01-10 10:34:56.16 | GuillaumeCharron | Clients_v5.1.xlsm | ufClientMF:UserForm_Initialize | 
2025-01-10 10:34:56.18 | GuillaumeCharron | Clients_v5.1.xlsm | modMain:CM_Reset_UserForm | 
2025-01-10 10:34:56.20 | GuillaumeCharron | Clients_v5.1.xlsm | modMain:CM_Add_SearchColumn | 
2025-01-10 10:34:56.21 | GuillaumeCharron | Clients_v5.1.xlsm | ufClientMF:cmbSearchColumn_Change | 
2025-01-10 10:34:56.23 | GuillaumeCharron | Clients_v5.1.xlsm | ufClientMF:cmbSearchColumn_Change = '0,0234 secondes'
2025-01-10 10:34:56.25 | GuillaumeCharron | Clients_v5.1.xlsm | modMain:CM_Add_SearchColumn = '0,0625 secondes'
2025-01-10 10:34:56.29 | GuillaumeCharron | Clients_v5.1.xlsm | modMain:CM_Reset_UserForm = '0,1172 secondes'
2025-01-10 10:34:56.31 | GuillaumeCharron | Clients_v5.1.xlsm | ufClientMF:UserForm_Initialize = '0,1602 secondes'
2025-01-10 10:34:58.79 | GuillaumeCharron | Clients_v5.1.xlsm | ufClientMF:txtNomClient_Exit | 
2025-01-10 10:34:58.81 | GuillaumeCharron | Clients_v5.1.xlsm | ufClientMF:txtNomClient_Exit = '0,0273 secondes'
2025-01-10 10:34:58.87 | GuillaumeCharron | Clients_v5.1.xlsm | ufClientMF:cmdAddClient_Click | 
2025-01-10 10:34:58.89 | GuillaumeCharron | Clients_v5.1.xlsm | modMain:CM_Reset_UserForm | 
2025-01-10 10:34:58.91 | GuillaumeCharron | Clients_v5.1.xlsm | modMain:CM_Add_SearchColumn | 
2025-01-10 10:34:58.93 | GuillaumeCharron | Clients_v5.1.xlsm | ufClientMF:cmbSearchColumn_Change | 
2025-01-10 10:34:58.95 | GuillaumeCharron | Clients_v5.1.xlsm | ufClientMF:cmbSearchColumn_Change = '0,0234 secondes'
2025-01-10 10:34:58.96 | GuillaumeCharron | Clients_v5.1.xlsm | ufClientMF:cmbSearchColumn_Change | 
2025-01-10 10:34:58.98 | GuillaumeCharron | Clients_v5.1.xlsm | ufClientMF:cmbSearchColumn_Change = '0,0234 secondes'
2025-01-10 10:34:59.00 | GuillaumeCharron | Clients_v5.1.xlsm | modMain:CM_Add_SearchColumn = '0,1016 secondes'
2025-01-10 10:34:59.04 | GuillaumeCharron | Clients_v5.1.xlsm | modMain:CM_Reset_UserForm = '0,1562 secondes'
2025-01-10 10:35:00.93 | GuillaumeCharron | Clients_v5.1.xlsm | ufClientMF:cmdAddClient_Click = '2,0664 secondes'
2025-01-10 10:35:03.76 | GuillaumeCharron | Clients_v5.1.xlsm | ufClientMF:txtCodeClient_Exit | 
2025-01-10 10:35:03.79 | GuillaumeCharron | Clients_v5.1.xlsm | modMain:Fn_Is_Client_Code_Already_Used | 
2025-01-10 10:35:03.80 | GuillaumeCharron | Clients_v5.1.xlsm | modMain:Fn_Is_Client_Code_Already_Used = '0,0234 secondes'
2025-01-10 10:35:03.82 | GuillaumeCharron | Clients_v5.1.xlsm | ufClientMF:txtCodeClient_Exit = '0,0664 secondes'
2025-01-10 10:35:03.85 | GuillaumeCharron | Clients_v5.1.xlsm | ufClientMF:cmdCancel_Click | 
2025-01-10 10:35:05.45 | GuillaumeCharron | Clients_v5.1.xlsm | modMain:CM_Reset_UserForm | 
2025-01-10 10:35:05.46 | GuillaumeCharron | Clients_v5.1.xlsm | modMain:CM_Add_SearchColumn | 
2025-01-10 10:35:05.48 | GuillaumeCharron | Clients_v5.1.xlsm | ufClientMF:cmbSearchColumn_Change | 
2025-01-10 10:35:05.50 | GuillaumeCharron | Clients_v5.1.xlsm | ufClientMF:cmbSearchColumn_Change = '0,0234 secondes'
2025-01-10 10:35:05.52 | GuillaumeCharron | Clients_v5.1.xlsm | ufClientMF:cmbSearchColumn_Change | 
2025-01-10 10:35:05.54 | GuillaumeCharron | Clients_v5.1.xlsm | ufClientMF:cmbSearchColumn_Change = '0,0234 secondes'
2025-01-10 10:35:05.56 | GuillaumeCharron | Clients_v5.1.xlsm | modMain:CM_Add_SearchColumn = '0,1016 secondes'
2025-01-10 10:35:05.60 | GuillaumeCharron | Clients_v5.1.xlsm | modMain:CM_Reset_UserForm = '0,1641 secondes'
2025-01-10 10:35:05.63 | GuillaumeCharron | Clients_v5.1.xlsm | ufClientMF:cmdCancel_Click = '1,7852 secondes'
2025-01-10 10:35:09.64 | GuillaumeCharron | Clients_v5.1.xlsm | ufClientMF:cmbSearchColumn_Change | 
2025-01-10 10:35:09.66 | GuillaumeCharron | Clients_v5.1.xlsm | ufClientMF:cmbSearchColumn_Change = '0,0273 secondes'
2025-01-10 10:35:14.89 | GuillaumeCharron | Clients_v5.1.xlsm | ufClientMF:cmdSearch_Click | 
2025-01-10 10:35:14.91 | GuillaumeCharron | Clients_v5.1.xlsm | modMain:CM_Build_Données_Recherche | 
2025-01-10 10:35:15.14 | GuillaumeCharron | Clients_v5.1.xlsm | modMain:CM_Build_Données_Recherche = '0,2383 secondes'
2025-01-10 10:35:15.16 | GuillaumeCharron | Clients_v5.1.xlsm | ufClientMF:cmdSearch_Click = '0,2852 secondes'
2025-01-10 10:35:16.46 | GuillaumeCharron | Clients_v5.1.xlsm | ufClientMF:lstDonnées_Click | 
2025-01-10 10:35:16.49 | GuillaumeCharron | Clients_v5.1.xlsm | ufClientMF:lstDonnées_Click = '0,0273 secondes'
2025-01-10 10:35:16.84 | GuillaumeCharron | Clients_v5.1.xlsm | ufClientMF:lstDonnées_DblClick | 
2025-01-10 10:35:16.86 | GuillaumeCharron | Clients_v5.1.xlsm | ufClientMF:cmdEdit_Click | 
2025-01-10 10:35:16.88 | GuillaumeCharron | Clients_v5.1.xlsm | modMain:Fn_Selected_List | 
2025-01-10 10:35:16.89 | GuillaumeCharron | Clients_v5.1.xlsm | modMain:Fn_Selected_List = '0,0234 secondes'
2025-01-10 10:35:16.91 | GuillaumeCharron | Clients_v5.1.xlsm | modMain:Fn_Selected_List | 
2025-01-10 10:35:16.93 | GuillaumeCharron | Clients_v5.1.xlsm | modMain:Fn_Selected_List = '0,0234 secondes'
2025-01-10 10:35:16.95 | GuillaumeCharron | Clients_v5.1.xlsm | ufClientMF:cmdEdit_Click = '0,0977 secondes'
2025-01-10 10:35:16.97 | GuillaumeCharron | Clients_v5.1.xlsm | ufClientMF:lstDonnées_DblClick = '0,1367 secondes'
2025-01-10 10:35:45.37 | GuillaumeCharron | Clients_v5.1.xlsm | ufClientMF:txtCodeClient_Exit | 
2025-01-10 10:35:45.39 | GuillaumeCharron | Clients_v5.1.xlsm | modMain:Fn_Is_Client_Code_Already_Used | 
2025-01-10 10:35:45.42 | GuillaumeCharron | Clients_v5.1.xlsm | modMain:Fn_Is_Client_Code_Already_Used | checkPoint | VRAI
2025-01-10 10:35:45.44 | GuillaumeCharron | Clients_v5.1.xlsm | modMain:Fn_Is_Client_Code_Already_Used = '0,0469 secondes'
2025-01-10 10:35:45.46 | GuillaumeCharron | Clients_v5.1.xlsm | ufClientMF:txtCodeClient_Exit = '0,0938 secondes'
2025-01-10 10:35:48.60 | GuillaumeCharron | Clients_v5.1.xlsm | ufClientMF:txtNomClient_Exit | 
2025-01-10 10:35:48.63 | GuillaumeCharron | Clients_v5.1.xlsm | ufClientMF:txtNomClient_Exit = '0,0273 secondes'
2025-01-10 10:36:09.74 | GuillaumeCharron | Clients_v5.1.xlsm | ufClientMF:txtNomClient_Exit | 
2025-01-10 10:36:09.77 | GuillaumeCharron | Clients_v5.1.xlsm | ufClientMF:txtNomClient_Exit = '0,0312 secondes'
2025-01-10 10:36:33.32 | GuillaumeCharron | Clients_v5.1.xlsm | ufClientMF:txtNomClient_Exit | 
2025-01-10 10:36:33.35 | GuillaumeCharron | Clients_v5.1.xlsm | ufClientMF:txtNomClient_Exit = '0,0312 secondes'
2025-01-10 10:36:57.03 | GuillaumeCharron | Clients_v5.1.xlsm | modMain:Fn_Fix_Txt_Fin_Annee | 
2025-01-10 10:36:57.05 | GuillaumeCharron | Clients_v5.1.xlsm | modMain:Fn_Fix_Txt_Fin_Annee = '0,0312 secondes'
2025-01-10 10:37:09.27 | GuillaumeCharron | Clients_v5.1.xlsm | ufClientMF:cmdSave_Click | 
2025-01-10 10:37:09.30 | GuillaumeCharron | Clients_v5.1.xlsm | modMain:Fn_ValidateEntries | 
2025-01-10 10:37:09.33 | GuillaumeCharron | Clients_v5.1.xlsm | modMain:Fn_ValidateEntries = '0,0312 secondes'
2025-01-10 10:37:09.35 | GuillaumeCharron | Clients_v5.1.xlsm | ufClientMF:Fix_Some_Fields | 
2025-01-10 10:37:09.37 | GuillaumeCharron | Clients_v5.1.xlsm | ufClientMF:Fix_Some_Fields = '0,0273 secondes'
2025-01-10 10:37:10.54 | GuillaumeCharron | Clients_v5.1.xlsm | modMain:Fn_Is_Client_Code_Already_Used | 
2025-01-10 10:37:10.56 | GuillaumeCharron | Clients_v5.1.xlsm | modMain:Fn_Is_Client_Code_Already_Used | checkPoint | VRAI
2025-01-10 10:37:10.58 | GuillaumeCharron | Clients_v5.1.xlsm | modMain:Fn_Is_Client_Code_Already_Used = '0,0508 secondes'
2025-01-10 10:37:10.60 | GuillaumeCharron | Clients_v5.1.xlsm | modMain:CM_Update_External_GCF_BD_Entrée | UPDATE
2025-01-10 10:37:11.55 | GuillaumeCharron | Clients_v5.1.xlsm | modMain:CM_Update_External_GCF_BD_Entrée | checkPoint | DDM (0.0.0.0)
2025-01-10 10:37:11.61 | GuillaumeCharron | Clients_v5.1.xlsm | modMain:CM_Update_External_GCF_BD_Entrée = '1,0156 secondes'
2025-01-10 10:37:11.63 | GuillaumeCharron | Clients_v5.1.xlsm | modMain:CM_Update_Locally_GCF_BD_Entrée | 
2025-01-10 10:37:11.66 | GuillaumeCharron | Clients_v5.1.xlsm | modMain:CM_Update_Locally_GCF_BD_Entrée = '0,0273 secondes'
2025-01-10 10:37:11.68 | GuillaumeCharron | Clients_v5.1.xlsm | modMain:CM_Reset_UserForm | 
2025-01-10 10:37:11.70 | GuillaumeCharron | Clients_v5.1.xlsm | modMain:CM_Build_Données_Recherche | 
2025-01-10 10:37:11.72 | GuillaumeCharron | Clients_v5.1.xlsm | ufClientMF:lstDonnées_Click | 
2025-01-10 10:37:11.74 | GuillaumeCharron | Clients_v5.1.xlsm | ufClientMF:lstDonnées_Click = '0,0234 secondes'
2025-01-10 10:37:11.90 | GuillaumeCharron | Clients_v5.1.xlsm | modMain:CM_Build_Données_Recherche = '0,2109 secondes'
2025-01-10 10:37:11.92 | GuillaumeCharron | Clients_v5.1.xlsm | modMain:CM_Reset_UserForm = '0,2500 secondes'
2025-01-10 10:37:11.96 | GuillaumeCharron | Clients_v5.1.xlsm | ufClientMF:lstDonnées_Click | 
2025-01-10 10:37:11.98 | GuillaumeCharron | Clients_v5.1.xlsm | ufClientMF:lstDonnées_Click = '0,0234 secondes'
2025-01-10 10:37:12.00 | GuillaumeCharron | Clients_v5.1.xlsm | ufClientMF:cmdSave_Click = '2,7305 secondes'
2025-01-10 10:37:15.69 | GuillaumeCharron | Clients_v5.1.xlsm | ***** Fin de session - Workbook_BeforeClose ***** | 
2025-01-10 12:51:57.53 | User | Clients_v5.1.xlsm | modMain:CM_Client_List_Import_All | 
2025-01-10 12:51:58.12 | User | Clients_v5.1.xlsm | modMain:CM_Apply_Worksheet_Format | 
2025-01-10 12:51:58.24 | User | Clients_v5.1.xlsm | modMain:CM_Apply_Worksheet_Format = '0,1328 secondes'
2025-01-10 12:51:58.35 | User | Clients_v5.1.xlsm | modMain:CM_Client_List_Import_All = '0,8320 secondes'
2025-01-10 12:51:58.42 | User | Clients_v5.1.xlsm | ufClientMF:UserForm_Initialize | 
2025-01-10 12:51:58.49 | User | Clients_v5.1.xlsm | modMain:CM_Reset_UserForm | 
2025-01-10 12:51:58.55 | User | Clients_v5.1.xlsm | modMain:CM_Add_SearchColumn | 
2025-01-10 12:51:58.60 | User | Clients_v5.1.xlsm | ufClientMF:cmbSearchColumn_Change | 
2025-01-10 12:51:58.65 | User | Clients_v5.1.xlsm | ufClientMF:cmbSearchColumn_Change = '0,0586 secondes'
2025-01-10 12:51:58.70 | User | Clients_v5.1.xlsm | modMain:CM_Add_SearchColumn = '0,1562 secondes'
2025-01-10 12:51:58.81 | User | Clients_v5.1.xlsm | modMain:CM_Reset_UserForm = '0,3242 secondes'
2025-01-10 12:51:58.86 | User | Clients_v5.1.xlsm | ufClientMF:UserForm_Initialize = '0,4414 secondes'
2025-01-10 12:52:03.45 | User | Clients_v5.1.xlsm | ufClientMF:cmbSearchColumn_Change | 
2025-01-10 12:52:03.51 | User | Clients_v5.1.xlsm | ufClientMF:cmbSearchColumn_Change = '0,0703 secondes'
2025-01-10 12:52:07.35 | User | Clients_v5.1.xlsm | ufClientMF:cmdSearch_Click | 
2025-01-10 12:52:07.40 | User | Clients_v5.1.xlsm | modMain:CM_Build_Données_Recherche | 
2025-01-10 12:52:07.57 | User | Clients_v5.1.xlsm | modMain:CM_Build_Données_Recherche = '0,1836 secondes'
2025-01-10 12:52:07.63 | User | Clients_v5.1.xlsm | ufClientMF:cmdSearch_Click = '0,2930 secondes'
2025-01-10 12:52:14.16 | User | Clients_v5.1.xlsm | ufClientMF:lstDonnées_Click | 
2025-01-10 12:52:14.22 | User | Clients_v5.1.xlsm | ufClientMF:lstDonnées_Click = '0,0703 secondes'
2025-01-10 12:52:15.99 | User | Clients_v5.1.xlsm | ufClientMF:lstDonnées_Click | 
2025-01-10 12:52:16.04 | User | Clients_v5.1.xlsm | ufClientMF:lstDonnées_Click = '0,0586 secondes'
2025-01-10 12:56:49.11 | User | Clients_v5.1.xlsm | ufClientMF:cmdSearch_Click | 
2025-01-10 12:56:49.18 | User | Clients_v5.1.xlsm | modMain:CM_Build_Données_Recherche | 
2025-01-10 12:56:49.24 | User | Clients_v5.1.xlsm | ufClientMF:lstDonnées_Click | 
2025-01-10 12:56:49.29 | User | Clients_v5.1.xlsm | ufClientMF:lstDonnées_Click = '0,0586 secondes'
2025-01-10 12:56:49.66 | User | Clients_v5.1.xlsm | modMain:CM_Build_Données_Recherche = '0,4844 secondes'
2025-01-10 12:56:49.71 | User | Clients_v5.1.xlsm | ufClientMF:cmdSearch_Click = '0,6016 secondes'
2025-01-10 12:56:51.59 | User | Clients_v5.1.xlsm | ufClientMF:lstDonnées_Click | 
2025-01-10 12:56:51.63 | User | Clients_v5.1.xlsm | ufClientMF:lstDonnées_Click = '0,0547 secondes'
2025-01-10 12:56:52.14 | User | Clients_v5.1.xlsm | ufClientMF:lstDonnées_Click | 
2025-01-10 12:56:52.19 | User | Clients_v5.1.xlsm | ufClientMF:lstDonnées_Click = '0,0547 secondes'
2025-01-10 12:56:53.55 | User | Clients_v5.1.xlsm | ufClientMF:lstDonnées_DblClick | 
2025-01-10 12:56:53.61 | User | Clients_v5.1.xlsm | ufClientMF:cmdEdit_Click | 
2025-01-10 12:56:53.66 | User | Clients_v5.1.xlsm | modMain:Fn_Selected_List | 
2025-01-10 12:56:53.71 | User | Clients_v5.1.xlsm | modMain:Fn_Selected_List = '0,0508 secondes'
2025-01-10 12:56:53.76 | User | Clients_v5.1.xlsm | modMain:Fn_Selected_List | 
2025-01-10 12:56:53.81 | User | Clients_v5.1.xlsm | modMain:Fn_Selected_List = '0,0586 secondes'
2025-01-10 12:56:53.86 | User | Clients_v5.1.xlsm | ufClientMF:cmdEdit_Click = '0,2656 secondes'
2025-01-10 12:56:53.91 | User | Clients_v5.1.xlsm | ufClientMF:lstDonnées_DblClick = '0,3750 secondes'
2025-01-10 13:04:01.71 | User | Clients_v5.1.xlsm | ufClientMF:cmdSearch_Click | 
2025-01-10 13:04:01.77 | User | Clients_v5.1.xlsm | modMain:CM_Build_Données_Recherche | 
2025-01-10 13:04:01.83 | User | Clients_v5.1.xlsm | ufClientMF:lstDonnées_Click | 
2025-01-10 13:04:01.88 | User | Clients_v5.1.xlsm | ufClientMF:lstDonnées_Click = '0,0547 secondes'
2025-01-10 13:04:02.00 | User | Clients_v5.1.xlsm | modMain:CM_Build_Données_Recherche = '0,2383 secondes'
2025-01-10 13:04:02.05 | User | Clients_v5.1.xlsm | ufClientMF:cmdSearch_Click = '0,3477 secondes'
2025-01-10 13:04:03.91 | User | Clients_v5.1.xlsm | ufClientMF:lstDonnées_Click | 
2025-01-10 13:04:03.97 | User | Clients_v5.1.xlsm | ufClientMF:lstDonnées_Click = '0,0664 secondes'
2025-01-10 13:08:33.59 | User | Clients_v5.1.xlsm | ufClientMF:cmdSearch_Click | 
2025-01-10 13:08:33.65 | User | Clients_v5.1.xlsm | modMain:CM_Build_Données_Recherche | 
2025-01-10 13:08:33.72 | User | Clients_v5.1.xlsm | ufClientMF:lstDonnées_Click | 
2025-01-10 13:08:33.77 | User | Clients_v5.1.xlsm | ufClientMF:lstDonnées_Click = '0,0547 secondes'
2025-01-10 13:08:35.77 | User | Clients_v5.1.xlsm | modMain:CM_Build_Données_Recherche = '2,1289 secondes'
2025-01-10 13:08:35.82 | User | Clients_v5.1.xlsm | ufClientMF:cmdSearch_Click = '2,2344 secondes'
2025-01-10 13:08:37.29 | User | Clients_v5.1.xlsm | ufClientMF:lstDonnées_Click | 
2025-01-10 13:08:37.34 | User | Clients_v5.1.xlsm | ufClientMF:lstDonnées_Click = '0,0664 secondes'
2025-01-10 13:16:51.42 | User | Clients_v5.1.xlsm | ufClientMF:cmdSearch_Click | 
2025-01-10 13:16:51.48 | User | Clients_v5.1.xlsm | modMain:CM_Build_Données_Recherche | 
2025-01-10 13:16:52.94 | User | Clients_v5.1.xlsm | modMain:CM_Build_Données_Recherche = '1,4609 secondes'
2025-01-10 13:16:52.99 | User | Clients_v5.1.xlsm | ufClientMF:cmdSearch_Click = '1,5781 secondes'
2025-01-10 13:16:55.82 | User | Clients_v5.1.xlsm | modMain:CM_Client_List_Import_All | 
2025-01-10 13:16:56.16 | User | Clients_v5.1.xlsm | modMain:CM_Apply_Worksheet_Format | 
2025-01-10 13:16:56.25 | User | Clients_v5.1.xlsm | modMain:CM_Apply_Worksheet_Format = '0,0977 secondes'
2025-01-10 13:16:56.36 | User | Clients_v5.1.xlsm | modMain:CM_Client_List_Import_All = '0,5391 secondes'
2025-01-10 13:16:56.42 | User | Clients_v5.1.xlsm | ufClientMF:UserForm_Initialize | 
2025-01-10 13:16:56.46 | User | Clients_v5.1.xlsm | modMain:CM_Reset_UserForm | 
2025-01-10 13:16:56.51 | User | Clients_v5.1.xlsm | modMain:CM_Add_SearchColumn | 
2025-01-10 13:16:56.57 | User | Clients_v5.1.xlsm | ufClientMF:cmbSearchColumn_Change | 
2025-01-10 13:16:56.63 | User | Clients_v5.1.xlsm | ufClientMF:cmbSearchColumn_Change = '0,0586 secondes'
2025-01-10 13:16:56.67 | User | Clients_v5.1.xlsm | modMain:CM_Add_SearchColumn = '0,1719 secondes'
2025-01-10 13:16:56.76 | User | Clients_v5.1.xlsm | modMain:CM_Reset_UserForm = '0,3359 secondes'
2025-01-10 13:16:56.84 | User | Clients_v5.1.xlsm | ufClientMF:UserForm_Initialize = '0,4258 secondes'
2025-01-10 13:16:59.89 | User | Clients_v5.1.xlsm | ufClientMF:cmbSearchColumn_Change | 
2025-01-10 13:16:59.94 | User | Clients_v5.1.xlsm | ufClientMF:cmbSearchColumn_Change = '0,0547 secondes'
2025-01-10 13:17:03.63 | User | Clients_v5.1.xlsm | ufClientMF:cmdSearch_Click | 
2025-01-10 13:17:03.68 | User | Clients_v5.1.xlsm | modMain:CM_Build_Données_Recherche | 
2025-01-10 13:17:05.82 | User | Clients_v5.1.xlsm | modMain:CM_Build_Données_Recherche = '2,1445 secondes'
2025-01-10 13:17:05.87 | User | Clients_v5.1.xlsm | ufClientMF:cmdSearch_Click = '2,2422 secondes'
2025-01-10 13:17:12.87 | User | Clients_v5.1.xlsm | ufClientMF:cmdSearch_Click | 
2025-01-10 13:17:12.93 | User | Clients_v5.1.xlsm | modMain:CM_Build_Données_Recherche | 
2025-01-10 13:17:14.30 | User | Clients_v5.1.xlsm | modMain:CM_Build_Données_Recherche = '1,3828 secondes'
2025-01-10 13:17:14.36 | User | Clients_v5.1.xlsm | ufClientMF:cmdSearch_Click = '1,4961 secondes'
2025-01-10 13:17:18.05 | User | Clients_v5.1.xlsm | ufClientMF:cmdSearch_Click | 
2025-01-10 13:17:18.11 | User | Clients_v5.1.xlsm | modMain:CM_Build_Données_Recherche | 
2025-01-10 13:17:18.26 | User | Clients_v5.1.xlsm | modMain:CM_Build_Données_Recherche = '0,1602 secondes'
2025-01-10 13:17:18.30 | User | Clients_v5.1.xlsm | ufClientMF:cmdSearch_Click = '0,2617 secondes'
2025-01-10 13:17:19.61 | User | Clients_v5.1.xlsm | ufClientMF:lstDonnées_Click | 
2025-01-10 13:17:19.66 | User | Clients_v5.1.xlsm | ufClientMF:lstDonnées_Click = '0,0547 secondes'
