2025-01-09 05:18:57.67 | GuillaumeCharron | APP_v5.J.xlsb | ***** Début d'une nouvelle session (modAppli:CodeEssentielDepart) *****
2025-01-09 05:18:57.69 | GuillaumeCharron | APP_v5.J.xlsb | OK - Validation d'accès serveur terminée = '0,0156 secondes'

2025-01-09 05:18:57.72 | GuillaumeCharron | APP_v5.J.xlsb | ThisWorkbook:Create_User_Active_File
2025-01-09 05:18:57.77 | GuillaumeCharron | APP_v5.J.xlsb | ThisWorkbook:Create_User_Active_File = '0,0488 secondes'

2025-01-09 05:18:57.79 | GuillaumeCharron | APP_v5.J.xlsb | ThisWorkbook:Setup_UserDateFormat
2025-01-09 05:18:57.81 | GuillaumeCharron | APP_v5.J.xlsb | ThisWorkbook:Setup_UserDateFormat = '0,0273 secondes'

2025-01-09 05:18:57.83 | GuillaumeCharron | APP_v5.J.xlsb | ThisWorkbook:BackupMasterFile
2025-01-09 05:18:57.93 | GuillaumeCharron | APP_v5.J.xlsb | ThisWorkbook:BackupMasterFile = '0,1055 secondes'

2025-01-09 05:18:57.95 | GuillaumeCharron | APP_v5.J.xlsb | modAppli:WriteInfoOnMainMenu
2025-01-09 05:18:57.99 | GuillaumeCharron | APP_v5.J.xlsb | modAppli:WriteInfoOnMainMenu = '0,0430 secondes'

2025-01-09 05:18:58.02 | GuillaumeCharron | APP_v5.J.xlsb | modMenu:HideDevShapesBasedOnUsername
2025-01-09 05:18:58.04 | GuillaumeCharron | APP_v5.J.xlsb | modMenu:HideDevShapesBasedOnUsername = '0,0234 secondes'

2025-01-09 05:18:58.06 | GuillaumeCharron | APP_v5.J.xlsb | modAppli:CodeEssentielDepart = '0,3965 secondes'

2025-01-09 05:19:01.95 | GuillaumeCharron | APP_v5.J.xlsb | modMenu:menuComptabilite_Click
2025-01-09 05:19:02.00 | GuillaumeCharron | APP_v5.J.xlsb | modMenu:menuComptabilite_Click = '0,0586 secondes'

2025-01-09 05:19:03.01 | GuillaumeCharron | APP_v5.J.xlsb | wshENC_Saisie:Worksheet_Activate
2025-01-09 05:19:03.04 | GuillaumeCharron | APP_v5.J.xlsb | modImport:Client_List_Import_All
2025-01-09 05:19:03.28 | GuillaumeCharron | APP_v5.J.xlsb | modImport:ResizeTable
2025-01-09 05:19:03.30 | GuillaumeCharron | APP_v5.J.xlsb | modImport:ResizeTable = '0,0254 secondes'

2025-01-09 05:19:03.32 | GuillaumeCharron | APP_v5.J.xlsb | modImport:ApplyFormatting
2025-01-09 05:19:03.34 | GuillaumeCharron | APP_v5.J.xlsb | modImport:ApplyFormatting = '0,0234 secondes'

2025-01-09 05:19:03.42 | GuillaumeCharron | APP_v5.J.xlsb | modImport:Client_List_Import_All = '0,3887 secondes'

2025-01-09 05:19:03.44 | GuillaumeCharron | APP_v5.J.xlsb | modImport:FAC_Comptes_Clients_Import_All
2025-01-09 05:19:03.62 | GuillaumeCharron | APP_v5.J.xlsb | modImport:FAC_Comptes_Clients_Import_All = '0,1934 secondes'

2025-01-09 05:19:03.65 | GuillaumeCharron | APP_v5.J.xlsb | modImport:FAC_Détails_Import_All
2025-01-09 05:19:03.90 | GuillaumeCharron | APP_v5.J.xlsb | modImport:FAC_Détails_Import_All = '0,2539 secondes'

2025-01-09 05:19:03.92 | GuillaumeCharron | APP_v5.J.xlsb | modImport:FAC_Entête_Import_All
2025-01-09 05:19:04.10 | GuillaumeCharron | APP_v5.J.xlsb | modImport:FAC_Entête_Import_All = '0,1855 secondes'

2025-01-09 05:19:04.12 | GuillaumeCharron | APP_v5.J.xlsb | modImport:ENC_Détails_Import_All
2025-01-09 05:19:04.29 | GuillaumeCharron | APP_v5.J.xlsb | modImport:ENC_Détails_Import_All = '0,1699 secondes'

2025-01-09 05:19:04.31 | GuillaumeCharron | APP_v5.J.xlsb | modImport:ENC_Entête_Import_All
2025-01-09 05:19:04.46 | GuillaumeCharron | APP_v5.J.xlsb | modImport:ENC_Entête_Import_All = '0,1562 secondes'

2025-01-09 05:19:04.48 | GuillaumeCharron | APP_v5.J.xlsb | modImport:GL_Trans_Import_All
2025-01-09 05:19:04.77 | GuillaumeCharron | APP_v5.J.xlsb | modImport:GL_Trans_Import_All = '0,2930 secondes'

2025-01-09 05:19:04.80 | GuillaumeCharron | APP_v5.J.xlsb | modDev_Utils:SetTabOrder(wshENC_Saisie)
2025-01-09 05:19:04.83 | GuillaumeCharron | APP_v5.J.xlsb | modDev_Utils:SetTabOrder = '0,0352 secondes'

2025-01-09 05:19:04.85 | GuillaumeCharron | APP_v5.J.xlsb | modENC_Saisie:ENC_Remove_Check_Boxes
2025-01-09 05:19:04.88 | GuillaumeCharron | APP_v5.J.xlsb | modENC_Saisie:ENC_Remove_Check_Boxes = '0,0332 secondes'

2025-01-09 05:19:04.91 | GuillaumeCharron | APP_v5.J.xlsb | modFunctions:Fn_Complete_Date(09/01/25, 30, 0)
2025-01-09 05:19:04.94 | GuillaumeCharron | APP_v5.J.xlsb | modFunctions:Fn_Complete_Date = '0,0312 secondes'

2025-01-09 05:19:04.97 | GuillaumeCharron | APP_v5.J.xlsb | wshENC_Saisie:Worksheet_Activate = '1,9629 secondes'

2025-01-09 05:19:11.03 | GuillaumeCharron | APP_v5.J.xlsb | modFunctions:Fn_GetID_From_Client_Name - Les Placements Paré Inc. [Pierre Paré]
2025-01-09 05:19:11.07 | GuillaumeCharron | APP_v5.J.xlsb | modFunctions:Fn_GetID_From_Client_Name - 2052 = '0,0430 secondes'

2025-01-09 05:19:11.09 | GuillaumeCharron | APP_v5.J.xlsb | modENC_Saisie:ENC_Remove_Check_Boxes
2025-01-09 05:19:11.12 | GuillaumeCharron | APP_v5.J.xlsb | modENC_Saisie:ENC_Remove_Check_Boxes = '0,0312 secondes'

2025-01-09 05:19:11.14 | GuillaumeCharron | APP_v5.J.xlsb | modENC_Saisie:ENC_Get_OS_Invoices
2025-01-09 05:19:11.18 | GuillaumeCharron | APP_v5.J.xlsb | modENC_Saisie:ENC_Get_OS_Invoices_With_AF
2025-01-09 05:19:11.25 | GuillaumeCharron | APP_v5.J.xlsb | modFAC_Enc:ENC_Get_OS_Invoices_With_AF = '0,0781 secondes'

2025-01-09 05:19:11.30 | GuillaumeCharron | APP_v5.J.xlsb | modENC_Saisie:ENC_Add_Check_Boxes
2025-01-09 05:19:11.34 | GuillaumeCharron | APP_v5.J.xlsb | modENC_Saisie:ENC_Add_Check_Boxes = '0,0469 secondes'

2025-01-09 05:19:11.36 | GuillaumeCharron | APP_v5.J.xlsb | modFAC_Enc:ENC_Load_OS_Invoices = '0,2207 secondes'

2025-01-09 05:19:14.43 | GuillaumeCharron | APP_v5.J.xlsb | modFunctions:Fn_Complete_Date(08/01, 30, 0)
2025-01-09 05:19:14.45 | GuillaumeCharron | APP_v5.J.xlsb | modFunctions:Fn_Complete_Date = '0,0332 secondes'

2025-01-09 05:19:22.79 | GuillaumeCharron | APP_v5.J.xlsb | modENC_Saisie:MAJ_Encaissement
2025-01-09 05:19:22.82 | GuillaumeCharron | APP_v5.J.xlsb | modENC_Saisie:ENC_Add_DB_Entete
2025-01-09 05:19:23.04 | GuillaumeCharron | APP_v5.J.xlsb | modENC_Saisie:ENC_Add_DB_Entete = '0,2188 secondes'

2025-01-09 05:19:23.06 | GuillaumeCharron | APP_v5.J.xlsb | modENC_Saisie:ENC_Add_Locally_Entete
2025-01-09 05:19:23.13 | GuillaumeCharron | APP_v5.J.xlsb | modENC_Saisie:ENC_Add_Locally_Entete = '0,0762 secondes'

2025-01-09 05:19:23.15 | GuillaumeCharron | APP_v5.J.xlsb | modENC_Saisie:ENC_Add_DB_Details
2025-01-09 05:19:23.36 | GuillaumeCharron | APP_v5.J.xlsb | modENC_Saisie:ENC_Add_DB_Details = '0,2109 secondes'

2025-01-09 05:19:23.38 | GuillaumeCharron | APP_v5.J.xlsb | modENC_Saisie:ENC_Add_Locally_Details
2025-01-09 05:19:23.44 | GuillaumeCharron | APP_v5.J.xlsb | modENC_Saisie:ENC_Add_Locally_Details = '0,0547 secondes'

2025-01-09 05:19:23.46 | GuillaumeCharron | APP_v5.J.xlsb | modENC_Saisie:ENC_Add_DB_Details
2025-01-09 05:19:23.67 | GuillaumeCharron | APP_v5.J.xlsb | modENC_Saisie:ENC_Add_DB_Details = '0,2129 secondes'

2025-01-09 05:19:23.69 | GuillaumeCharron | APP_v5.J.xlsb | modENC_Saisie:ENC_Add_Locally_Details
2025-01-09 05:19:23.73 | GuillaumeCharron | APP_v5.J.xlsb | modENC_Saisie:ENC_Add_Locally_Details = '0,0449 secondes'

2025-01-09 05:19:23.75 | GuillaumeCharron | APP_v5.J.xlsb | modENC_Saisie:ENC_GL_Posting_DB
2025-01-09 05:19:24.03 | GuillaumeCharron | APP_v5.J.xlsb | modENC_Saisie:ENC_GL_Posting_DB = '0,2832 secondes'

2025-01-09 05:19:24.06 | GuillaumeCharron | APP_v5.J.xlsb | modENC_Saisie:ENC_GL_Posting_Locally
2025-01-09 05:19:24.19 | GuillaumeCharron | APP_v5.J.xlsb | modENC_Saisie:ENC_GL_Posting_Locally = '0,1367 secondes'

2025-01-09 05:19:28.27 | GuillaumeCharron | APP_v5.J.xlsb | modEnc_Saisie:Encaissement_Add_New
2025-01-09 05:19:28.29 | GuillaumeCharron | APP_v5.J.xlsb | modENC_Saisie:ENC_Clear_Cells
2025-01-09 05:19:28.34 | GuillaumeCharron | APP_v5.J.xlsb | modENC_Saisie:ENC_Remove_Check_Boxes
2025-01-09 05:19:28.38 | GuillaumeCharron | APP_v5.J.xlsb | modENC_Saisie:ENC_Remove_Check_Boxes = '0,0469 secondes'

2025-01-09 05:19:28.41 | GuillaumeCharron | APP_v5.J.xlsb | modFunctions:Fn_Complete_Date(, 30, 0)
2025-01-09 05:19:28.43 | GuillaumeCharron | APP_v5.J.xlsb | modFunctions:Fn_Complete_Date = '0,0273 secondes'

2025-01-09 05:19:28.51 | GuillaumeCharron | APP_v5.J.xlsb | modENC_Saisie:ENC_Clear_Cells = '0,2207 secondes'

2025-01-09 05:19:28.54 | GuillaumeCharron | APP_v5.J.xlsb | modEnc_Saisie:Encaissement_Add_New = '0,2793 secondes'

2025-01-09 05:19:28.57 | GuillaumeCharron | APP_v5.J.xlsb | modENC_Saisie:MAJ_Encaissement = '5,7773 secondes'

2025-01-09 05:19:32.17 | GuillaumeCharron | APP_v5.J.xlsb | modFunctions:Fn_GetID_From_Client_Name - Lostocch Holdings Inc. [Lorenzo Stocchero]
2025-01-09 05:19:32.20 | GuillaumeCharron | APP_v5.J.xlsb | modFunctions:Fn_GetID_From_Client_Name - 1533 = '0,0293 secondes'

2025-01-09 05:19:32.22 | GuillaumeCharron | APP_v5.J.xlsb | modENC_Saisie:ENC_Remove_Check_Boxes
2025-01-09 05:19:32.25 | GuillaumeCharron | APP_v5.J.xlsb | modENC_Saisie:ENC_Remove_Check_Boxes = '0,0312 secondes'

2025-01-09 05:19:32.27 | GuillaumeCharron | APP_v5.J.xlsb | modENC_Saisie:ENC_Get_OS_Invoices
2025-01-09 05:19:32.30 | GuillaumeCharron | APP_v5.J.xlsb | modENC_Saisie:ENC_Get_OS_Invoices_With_AF
2025-01-09 05:19:32.39 | GuillaumeCharron | APP_v5.J.xlsb | modFAC_Enc:ENC_Get_OS_Invoices_With_AF = '0,0957 secondes'

2025-01-09 05:19:32.45 | GuillaumeCharron | APP_v5.J.xlsb | modENC_Saisie:ENC_Add_Check_Boxes
2025-01-09 05:19:32.49 | GuillaumeCharron | APP_v5.J.xlsb | modENC_Saisie:ENC_Add_Check_Boxes = '0,0391 secondes'

2025-01-09 05:19:32.51 | GuillaumeCharron | APP_v5.J.xlsb | modFAC_Enc:ENC_Load_OS_Invoices = '0,2422 secondes'

2025-01-09 05:19:35.44 | GuillaumeCharron | APP_v5.J.xlsb | modFunctions:Fn_Complete_Date(08, 30, 0)
2025-01-09 05:19:35.47 | GuillaumeCharron | APP_v5.J.xlsb | modFunctions:Fn_Complete_Date = '0,0312 secondes'

2025-01-09 05:19:43.06 | GuillaumeCharron | APP_v5.J.xlsb | modENC_Saisie:MAJ_Encaissement
2025-01-09 05:19:43.09 | GuillaumeCharron | APP_v5.J.xlsb | modENC_Saisie:ENC_Add_DB_Entete
2025-01-09 05:19:43.29 | GuillaumeCharron | APP_v5.J.xlsb | modENC_Saisie:ENC_Add_DB_Entete = '0,2051 secondes'

2025-01-09 05:19:43.31 | GuillaumeCharron | APP_v5.J.xlsb | modENC_Saisie:ENC_Add_Locally_Entete
2025-01-09 05:19:43.39 | GuillaumeCharron | APP_v5.J.xlsb | modENC_Saisie:ENC_Add_Locally_Entete = '0,0781 secondes'

2025-01-09 05:19:43.41 | GuillaumeCharron | APP_v5.J.xlsb | modENC_Saisie:ENC_Add_DB_Details
2025-01-09 05:19:43.60 | GuillaumeCharron | APP_v5.J.xlsb | modENC_Saisie:ENC_Add_DB_Details = '0,1895 secondes'

2025-01-09 05:19:43.62 | GuillaumeCharron | APP_v5.J.xlsb | modENC_Saisie:ENC_Add_Locally_Details
2025-01-09 05:19:43.68 | GuillaumeCharron | APP_v5.J.xlsb | modENC_Saisie:ENC_Add_Locally_Details = '0,0586 secondes'

2025-01-09 05:19:43.71 | GuillaumeCharron | APP_v5.J.xlsb | modENC_Saisie:ENC_Add_DB_Details
2025-01-09 05:19:43.89 | GuillaumeCharron | APP_v5.J.xlsb | modENC_Saisie:ENC_Add_DB_Details = '0,1934 secondes'

2025-01-09 05:19:43.92 | GuillaumeCharron | APP_v5.J.xlsb | modENC_Saisie:ENC_Add_Locally_Details
2025-01-09 05:19:43.96 | GuillaumeCharron | APP_v5.J.xlsb | modENC_Saisie:ENC_Add_Locally_Details = '0,0469 secondes'

2025-01-09 05:19:43.98 | GuillaumeCharron | APP_v5.J.xlsb | modENC_Saisie:ENC_GL_Posting_DB
2025-01-09 05:19:44.27 | GuillaumeCharron | APP_v5.J.xlsb | modENC_Saisie:ENC_GL_Posting_DB = '0,2930 secondes'

2025-01-09 05:19:44.30 | GuillaumeCharron | APP_v5.J.xlsb | modENC_Saisie:ENC_GL_Posting_Locally
2025-01-09 05:19:44.43 | GuillaumeCharron | APP_v5.J.xlsb | modENC_Saisie:ENC_GL_Posting_Locally = '0,1387 secondes'

2025-01-09 05:19:46.81 | GuillaumeCharron | APP_v5.J.xlsb | modEnc_Saisie:Encaissement_Add_New
2025-01-09 05:19:46.84 | GuillaumeCharron | APP_v5.J.xlsb | modENC_Saisie:ENC_Clear_Cells
2025-01-09 05:19:46.88 | GuillaumeCharron | APP_v5.J.xlsb | modENC_Saisie:ENC_Remove_Check_Boxes
2025-01-09 05:19:46.91 | GuillaumeCharron | APP_v5.J.xlsb | modENC_Saisie:ENC_Remove_Check_Boxes = '0,0312 secondes'

2025-01-09 05:19:46.94 | GuillaumeCharron | APP_v5.J.xlsb | modFunctions:Fn_Complete_Date(, 30, 0)
2025-01-09 05:19:46.96 | GuillaumeCharron | APP_v5.J.xlsb | modFunctions:Fn_Complete_Date = '0,0273 secondes'

2025-01-09 05:19:47.03 | GuillaumeCharron | APP_v5.J.xlsb | modENC_Saisie:ENC_Clear_Cells = '0,2012 secondes'

2025-01-09 05:19:47.06 | GuillaumeCharron | APP_v5.J.xlsb | modEnc_Saisie:Encaissement_Add_New = '0,2617 secondes'

2025-01-09 05:19:47.10 | GuillaumeCharron | APP_v5.J.xlsb | modENC_Saisie:MAJ_Encaissement = '4,0469 secondes'

2025-01-09 05:19:53.48 | GuillaumeCharron | APP_v5.J.xlsb | modFunctions:Fn_GetID_From_Client_Name - Bureau Vétérinaire Griffintown Inc. [Marie-Hélène Tétreault]
2025-01-09 05:19:53.51 | GuillaumeCharron | APP_v5.J.xlsb | modFunctions:Fn_GetID_From_Client_Name - 1506 = '0,0312 secondes'

2025-01-09 05:19:53.53 | GuillaumeCharron | APP_v5.J.xlsb | modENC_Saisie:ENC_Remove_Check_Boxes
2025-01-09 05:19:53.56 | GuillaumeCharron | APP_v5.J.xlsb | modENC_Saisie:ENC_Remove_Check_Boxes = '0,0332 secondes'

2025-01-09 05:19:53.58 | GuillaumeCharron | APP_v5.J.xlsb | modENC_Saisie:ENC_Get_OS_Invoices
2025-01-09 05:19:53.62 | GuillaumeCharron | APP_v5.J.xlsb | modENC_Saisie:ENC_Get_OS_Invoices_With_AF
2025-01-09 05:19:53.70 | GuillaumeCharron | APP_v5.J.xlsb | modFAC_Enc:ENC_Get_OS_Invoices_With_AF = '0,0879 secondes'

2025-01-09 05:19:53.75 | GuillaumeCharron | APP_v5.J.xlsb | modENC_Saisie:ENC_Add_Check_Boxes
2025-01-09 05:19:53.79 | GuillaumeCharron | APP_v5.J.xlsb | modENC_Saisie:ENC_Add_Check_Boxes = '0,0410 secondes'

2025-01-09 05:19:53.81 | GuillaumeCharron | APP_v5.J.xlsb | modFAC_Enc:ENC_Load_OS_Invoices = '0,2324 secondes'

2025-01-09 05:19:55.65 | GuillaumeCharron | APP_v5.J.xlsb | modFunctions:Fn_Complete_Date(08, 30, 0)
2025-01-09 05:19:55.67 | GuillaumeCharron | APP_v5.J.xlsb | modFunctions:Fn_Complete_Date = '0,0293 secondes'

2025-01-09 05:20:12.89 | GuillaumeCharron | APP_v5.J.xlsb | modENC_Saisie:MAJ_Encaissement
2025-01-09 05:20:12.92 | GuillaumeCharron | APP_v5.J.xlsb | modENC_Saisie:ENC_Add_DB_Entete
2025-01-09 05:20:13.12 | GuillaumeCharron | APP_v5.J.xlsb | modENC_Saisie:ENC_Add_DB_Entete = '0,2012 secondes'

2025-01-09 05:20:13.14 | GuillaumeCharron | APP_v5.J.xlsb | modENC_Saisie:ENC_Add_Locally_Entete
2025-01-09 05:20:13.22 | GuillaumeCharron | APP_v5.J.xlsb | modENC_Saisie:ENC_Add_Locally_Entete = '0,0801 secondes'

2025-01-09 05:20:13.24 | GuillaumeCharron | APP_v5.J.xlsb | modENC_Saisie:ENC_Add_DB_Details
2025-01-09 05:20:13.45 | GuillaumeCharron | APP_v5.J.xlsb | modENC_Saisie:ENC_Add_DB_Details = '0,2090 secondes'

2025-01-09 05:20:13.47 | GuillaumeCharron | APP_v5.J.xlsb | modENC_Saisie:ENC_Add_Locally_Details
2025-01-09 05:20:13.52 | GuillaumeCharron | APP_v5.J.xlsb | modENC_Saisie:ENC_Add_Locally_Details = '0,0566 secondes'

2025-01-09 05:20:13.55 | GuillaumeCharron | APP_v5.J.xlsb | modENC_Saisie:ENC_Add_DB_Details
2025-01-09 05:20:13.76 | GuillaumeCharron | APP_v5.J.xlsb | modENC_Saisie:ENC_Add_DB_Details = '0,2129 secondes'

2025-01-09 05:20:13.78 | GuillaumeCharron | APP_v5.J.xlsb | modENC_Saisie:ENC_Add_Locally_Details
2025-01-09 05:20:13.82 | GuillaumeCharron | APP_v5.J.xlsb | modENC_Saisie:ENC_Add_Locally_Details = '0,0469 secondes'

2025-01-09 05:20:13.85 | GuillaumeCharron | APP_v5.J.xlsb | modENC_Saisie:ENC_GL_Posting_DB
2025-01-09 05:20:14.12 | GuillaumeCharron | APP_v5.J.xlsb | modENC_Saisie:ENC_GL_Posting_DB = '0,2754 secondes'

2025-01-09 05:20:14.14 | GuillaumeCharron | APP_v5.J.xlsb | modENC_Saisie:ENC_GL_Posting_Locally
2025-01-09 05:20:14.28 | GuillaumeCharron | APP_v5.J.xlsb | modENC_Saisie:ENC_GL_Posting_Locally = '0,1445 secondes'

2025-01-09 05:20:20.57 | GuillaumeCharron | APP_v5.J.xlsb | modEnc_Saisie:Encaissement_Add_New
2025-01-09 05:20:20.60 | GuillaumeCharron | APP_v5.J.xlsb | modENC_Saisie:ENC_Clear_Cells
2025-01-09 05:20:20.64 | GuillaumeCharron | APP_v5.J.xlsb | modENC_Saisie:ENC_Remove_Check_Boxes
2025-01-09 05:20:20.67 | GuillaumeCharron | APP_v5.J.xlsb | modENC_Saisie:ENC_Remove_Check_Boxes = '0,0352 secondes'

2025-01-09 05:20:20.70 | GuillaumeCharron | APP_v5.J.xlsb | modFunctions:Fn_Complete_Date(, 30, 0)
2025-01-09 05:20:20.72 | GuillaumeCharron | APP_v5.J.xlsb | modFunctions:Fn_Complete_Date = '0,0254 secondes'

2025-01-09 05:20:20.79 | GuillaumeCharron | APP_v5.J.xlsb | modENC_Saisie:ENC_Clear_Cells = '0,1973 secondes'

2025-01-09 05:20:20.82 | GuillaumeCharron | APP_v5.J.xlsb | modEnc_Saisie:Encaissement_Add_New = '0,2559 secondes'

2025-01-09 05:20:20.87 | GuillaumeCharron | APP_v5.J.xlsb | modENC_Saisie:MAJ_Encaissement = '7,9805 secondes'

2025-01-09 05:20:27.71 | GuillaumeCharron | APP_v5.J.xlsb | modFunctions:Fn_GetID_From_Client_Name - Bureau Vétérinaire Griffintown Inc. [Marie-Hélène Tétreault]
2025-01-09 05:20:27.73 | GuillaumeCharron | APP_v5.J.xlsb | modFunctions:Fn_GetID_From_Client_Name - 1506 = '0,0293 secondes'

2025-01-09 05:20:27.76 | GuillaumeCharron | APP_v5.J.xlsb | modENC_Saisie:ENC_Remove_Check_Boxes
2025-01-09 05:20:27.79 | GuillaumeCharron | APP_v5.J.xlsb | modENC_Saisie:ENC_Remove_Check_Boxes = '0,0352 secondes'

2025-01-09 05:20:27.81 | GuillaumeCharron | APP_v5.J.xlsb | modENC_Saisie:ENC_Get_OS_Invoices
2025-01-09 05:20:27.84 | GuillaumeCharron | APP_v5.J.xlsb | modENC_Saisie:ENC_Get_OS_Invoices_With_AF
2025-01-09 05:20:27.92 | GuillaumeCharron | APP_v5.J.xlsb | modFAC_Enc:ENC_Get_OS_Invoices_With_AF = '0,0840 secondes'

2025-01-09 05:20:27.97 | GuillaumeCharron | APP_v5.J.xlsb | modENC_Saisie:ENC_Add_Check_Boxes
2025-01-09 05:20:28.01 | GuillaumeCharron | APP_v5.J.xlsb | modENC_Saisie:ENC_Add_Check_Boxes = '0,0391 secondes'

2025-01-09 05:20:28.03 | GuillaumeCharron | APP_v5.J.xlsb | modFAC_Enc:ENC_Load_OS_Invoices = '0,2207 secondes'

2025-01-09 05:20:29.67 | GuillaumeCharron | APP_v5.J.xlsb | modFunctions:Fn_Complete_Date(08, 30, 0)
2025-01-09 05:20:29.70 | GuillaumeCharron | APP_v5.J.xlsb | modFunctions:Fn_Complete_Date = '0,0273 secondes'

2025-01-09 05:21:02.70 | GuillaumeCharron | APP_v5.J.xlsb | modFunctions:Fn_GetID_From_Client_Name - Bernier & Crépeau (1988) Ltée [Louise Leclair]
2025-01-09 05:21:02.73 | GuillaumeCharron | APP_v5.J.xlsb | modFunctions:Fn_GetID_From_Client_Name - 1805 = '0,0332 secondes'

2025-01-09 05:21:02.75 | GuillaumeCharron | APP_v5.J.xlsb | modENC_Saisie:ENC_Remove_Check_Boxes
2025-01-09 05:21:02.78 | GuillaumeCharron | APP_v5.J.xlsb | modENC_Saisie:ENC_Remove_Check_Boxes = '0,0332 secondes'

2025-01-09 05:21:02.80 | GuillaumeCharron | APP_v5.J.xlsb | modENC_Saisie:ENC_Get_OS_Invoices
2025-01-09 05:21:02.85 | GuillaumeCharron | APP_v5.J.xlsb | modENC_Saisie:ENC_Get_OS_Invoices_With_AF
2025-01-09 05:21:02.93 | GuillaumeCharron | APP_v5.J.xlsb | modFAC_Enc:ENC_Get_OS_Invoices_With_AF = '0,0898 secondes'

2025-01-09 05:21:02.98 | GuillaumeCharron | APP_v5.J.xlsb | modENC_Saisie:ENC_Add_Check_Boxes
2025-01-09 05:21:03.02 | GuillaumeCharron | APP_v5.J.xlsb | modENC_Saisie:ENC_Add_Check_Boxes = '0,0391 secondes'

2025-01-09 05:21:03.04 | GuillaumeCharron | APP_v5.J.xlsb | modFAC_Enc:ENC_Load_OS_Invoices = '0,2383 secondes'

2025-01-09 05:21:10.98 | GuillaumeCharron | APP_v5.J.xlsb | modENC_Saisie:MAJ_Encaissement
2025-01-09 05:21:11.00 | GuillaumeCharron | APP_v5.J.xlsb | modENC_Saisie:ENC_Add_DB_Entete
2025-01-09 05:21:11.21 | GuillaumeCharron | APP_v5.J.xlsb | modENC_Saisie:ENC_Add_DB_Entete = '0,2090 secondes'

2025-01-09 05:21:11.23 | GuillaumeCharron | APP_v5.J.xlsb | modENC_Saisie:ENC_Add_Locally_Entete
2025-01-09 05:21:11.31 | GuillaumeCharron | APP_v5.J.xlsb | modENC_Saisie:ENC_Add_Locally_Entete = '0,0820 secondes'

2025-01-09 05:21:11.33 | GuillaumeCharron | APP_v5.J.xlsb | modENC_Saisie:ENC_Add_DB_Details
2025-01-09 05:21:11.52 | GuillaumeCharron | APP_v5.J.xlsb | modENC_Saisie:ENC_Add_DB_Details = '0,1914 secondes'

2025-01-09 05:21:11.54 | GuillaumeCharron | APP_v5.J.xlsb | modENC_Saisie:ENC_Add_Locally_Details
2025-01-09 05:21:11.60 | GuillaumeCharron | APP_v5.J.xlsb | modENC_Saisie:ENC_Add_Locally_Details = '0,0605 secondes'

2025-01-09 05:21:11.62 | GuillaumeCharron | APP_v5.J.xlsb | modENC_Saisie:ENC_Add_DB_Details
2025-01-09 05:21:11.82 | GuillaumeCharron | APP_v5.J.xlsb | modENC_Saisie:ENC_Add_DB_Details = '0,2090 secondes'

2025-01-09 05:21:11.85 | GuillaumeCharron | APP_v5.J.xlsb | modENC_Saisie:ENC_Add_Locally_Details
2025-01-09 05:21:11.90 | GuillaumeCharron | APP_v5.J.xlsb | modENC_Saisie:ENC_Add_Locally_Details = '0,0527 secondes'

2025-01-09 05:21:11.92 | GuillaumeCharron | APP_v5.J.xlsb | modENC_Saisie:ENC_GL_Posting_DB
2025-01-09 05:21:12.20 | GuillaumeCharron | APP_v5.J.xlsb | modENC_Saisie:ENC_GL_Posting_DB = '0,2812 secondes'

2025-01-09 05:21:12.22 | GuillaumeCharron | APP_v5.J.xlsb | modENC_Saisie:ENC_GL_Posting_Locally
2025-01-09 05:21:12.36 | GuillaumeCharron | APP_v5.J.xlsb | modENC_Saisie:ENC_GL_Posting_Locally = '0,1445 secondes'

2025-01-09 05:21:15.08 | GuillaumeCharron | APP_v5.J.xlsb | modEnc_Saisie:Encaissement_Add_New
2025-01-09 05:21:15.11 | GuillaumeCharron | APP_v5.J.xlsb | modENC_Saisie:ENC_Clear_Cells
2025-01-09 05:21:15.15 | GuillaumeCharron | APP_v5.J.xlsb | modENC_Saisie:ENC_Remove_Check_Boxes
2025-01-09 05:21:15.19 | GuillaumeCharron | APP_v5.J.xlsb | modENC_Saisie:ENC_Remove_Check_Boxes = '0,0391 secondes'

2025-01-09 05:21:15.21 | GuillaumeCharron | APP_v5.J.xlsb | modFunctions:Fn_Complete_Date(, 30, 0)
2025-01-09 05:21:15.24 | GuillaumeCharron | APP_v5.J.xlsb | modFunctions:Fn_Complete_Date = '0,0254 secondes'

2025-01-09 05:21:15.31 | GuillaumeCharron | APP_v5.J.xlsb | modENC_Saisie:ENC_Clear_Cells = '0,2109 secondes'

2025-01-09 05:21:15.34 | GuillaumeCharron | APP_v5.J.xlsb | modEnc_Saisie:Encaissement_Add_New = '0,2598 secondes'

2025-01-09 05:21:15.38 | GuillaumeCharron | APP_v5.J.xlsb | modENC_Saisie:MAJ_Encaissement = '4,4023 secondes'

2025-01-09 05:21:22.72 | GuillaumeCharron | APP_v5.J.xlsb | modFunctions:Fn_GetID_From_Client_Name - Morin, Elliott Associés Ltée [Mme France Morin]
2025-01-09 05:21:22.74 | GuillaumeCharron | APP_v5.J.xlsb | modFunctions:Fn_GetID_From_Client_Name - 2032 = '0,0293 secondes'

2025-01-09 05:21:22.77 | GuillaumeCharron | APP_v5.J.xlsb | modENC_Saisie:ENC_Remove_Check_Boxes
2025-01-09 05:21:22.79 | GuillaumeCharron | APP_v5.J.xlsb | modENC_Saisie:ENC_Remove_Check_Boxes = '0,0312 secondes'

2025-01-09 05:21:22.81 | GuillaumeCharron | APP_v5.J.xlsb | modENC_Saisie:ENC_Get_OS_Invoices
2025-01-09 05:21:22.85 | GuillaumeCharron | APP_v5.J.xlsb | modENC_Saisie:ENC_Get_OS_Invoices_With_AF
2025-01-09 05:21:22.94 | GuillaumeCharron | APP_v5.J.xlsb | modFAC_Enc:ENC_Get_OS_Invoices_With_AF = '0,0996 secondes'

2025-01-09 05:21:22.00 | GuillaumeCharron | APP_v5.J.xlsb | modENC_Saisie:ENC_Add_Check_Boxes
2025-01-09 05:21:23.03 | GuillaumeCharron | APP_v5.J.xlsb | modENC_Saisie:ENC_Add_Check_Boxes = '0,0391 secondes'

2025-01-09 05:21:23.05 | GuillaumeCharron | APP_v5.J.xlsb | modFAC_Enc:ENC_Load_OS_Invoices = '0,2422 secondes'

2025-01-09 05:21:24.23 | GuillaumeCharron | APP_v5.J.xlsb | modFunctions:Fn_Complete_Date(08, 30, 0)
2025-01-09 05:21:24.25 | GuillaumeCharron | APP_v5.J.xlsb | modFunctions:Fn_Complete_Date = '0,0273 secondes'

2025-01-09 05:21:30.87 | GuillaumeCharron | APP_v5.J.xlsb | modENC_Saisie:MAJ_Encaissement
2025-01-09 05:21:30.90 | GuillaumeCharron | APP_v5.J.xlsb | modENC_Saisie:ENC_Add_DB_Entete
2025-01-09 05:21:31.09 | GuillaumeCharron | APP_v5.J.xlsb | modENC_Saisie:ENC_Add_DB_Entete = '0,1973 secondes'

2025-01-09 05:21:31.12 | GuillaumeCharron | APP_v5.J.xlsb | modENC_Saisie:ENC_Add_Locally_Entete
2025-01-09 05:21:31.20 | GuillaumeCharron | APP_v5.J.xlsb | modENC_Saisie:ENC_Add_Locally_Entete = '0,0820 secondes'

2025-01-09 05:21:31.22 | GuillaumeCharron | APP_v5.J.xlsb | modENC_Saisie:ENC_Add_DB_Details
2025-01-09 05:21:31.42 | GuillaumeCharron | APP_v5.J.xlsb | modENC_Saisie:ENC_Add_DB_Details = '0,1973 secondes'

2025-01-09 05:21:31.44 | GuillaumeCharron | APP_v5.J.xlsb | modENC_Saisie:ENC_Add_Locally_Details
2025-01-09 05:21:31.49 | GuillaumeCharron | APP_v5.J.xlsb | modENC_Saisie:ENC_Add_Locally_Details = '0,0547 secondes'

2025-01-09 05:21:31.51 | GuillaumeCharron | APP_v5.J.xlsb | modENC_Saisie:ENC_Add_DB_Details
2025-01-09 05:21:31.70 | GuillaumeCharron | APP_v5.J.xlsb | modENC_Saisie:ENC_Add_DB_Details = '0,1875 secondes'

2025-01-09 05:21:31.72 | GuillaumeCharron | APP_v5.J.xlsb | modENC_Saisie:ENC_Add_Locally_Details
2025-01-09 05:21:31.77 | GuillaumeCharron | APP_v5.J.xlsb | modENC_Saisie:ENC_Add_Locally_Details = '0,0547 secondes'

2025-01-09 05:21:31.80 | GuillaumeCharron | APP_v5.J.xlsb | modENC_Saisie:ENC_GL_Posting_DB
2025-01-09 05:21:32.08 | GuillaumeCharron | APP_v5.J.xlsb | modENC_Saisie:ENC_GL_Posting_DB = '0,2871 secondes'

2025-01-09 05:21:32.10 | GuillaumeCharron | APP_v5.J.xlsb | modENC_Saisie:ENC_GL_Posting_Locally
2025-01-09 05:21:32.24 | GuillaumeCharron | APP_v5.J.xlsb | modENC_Saisie:ENC_GL_Posting_Locally = '0,1406 secondes'

2025-01-09 05:21:34.11 | GuillaumeCharron | APP_v5.J.xlsb | modEnc_Saisie:Encaissement_Add_New
2025-01-09 05:21:34.13 | GuillaumeCharron | APP_v5.J.xlsb | modENC_Saisie:ENC_Clear_Cells
2025-01-09 05:21:34.17 | GuillaumeCharron | APP_v5.J.xlsb | modENC_Saisie:ENC_Remove_Check_Boxes
2025-01-09 05:21:34.21 | GuillaumeCharron | APP_v5.J.xlsb | modENC_Saisie:ENC_Remove_Check_Boxes = '0,0371 secondes'

2025-01-09 05:21:34.23 | GuillaumeCharron | APP_v5.J.xlsb | modFunctions:Fn_Complete_Date(, 30, 0)
2025-01-09 05:21:34.25 | GuillaumeCharron | APP_v5.J.xlsb | modFunctions:Fn_Complete_Date = '0,0254 secondes'

2025-01-09 05:21:34.31 | GuillaumeCharron | APP_v5.J.xlsb | modENC_Saisie:ENC_Clear_Cells = '0,1855 secondes'

2025-01-09 05:21:34.34 | GuillaumeCharron | APP_v5.J.xlsb | modEnc_Saisie:Encaissement_Add_New = '0,2344 secondes'

2025-01-09 05:21:34.36 | GuillaumeCharron | APP_v5.J.xlsb | modENC_Saisie:MAJ_Encaissement = '3,4922 secondes'

2025-01-09 05:21:38.25 | GuillaumeCharron | APP_v5.J.xlsb | modFunctions:Fn_GetID_From_Client_Name - Frimasco Inc. [Mélanie Mataix]
2025-01-09 05:21:38.27 | GuillaumeCharron | APP_v5.J.xlsb | modFunctions:Fn_GetID_From_Client_Name - 1648 = '0,0312 secondes'

2025-01-09 05:21:38.30 | GuillaumeCharron | APP_v5.J.xlsb | modENC_Saisie:ENC_Remove_Check_Boxes
2025-01-09 05:21:38.33 | GuillaumeCharron | APP_v5.J.xlsb | modENC_Saisie:ENC_Remove_Check_Boxes = '0,0332 secondes'

2025-01-09 05:21:38.35 | GuillaumeCharron | APP_v5.J.xlsb | modENC_Saisie:ENC_Get_OS_Invoices
2025-01-09 05:21:38.38 | GuillaumeCharron | APP_v5.J.xlsb | modENC_Saisie:ENC_Get_OS_Invoices_With_AF
2025-01-09 05:21:38.46 | GuillaumeCharron | APP_v5.J.xlsb | modFAC_Enc:ENC_Get_OS_Invoices_With_AF = '0,0918 secondes'

2025-01-09 05:21:38.52 | GuillaumeCharron | APP_v5.J.xlsb | modENC_Saisie:ENC_Add_Check_Boxes
2025-01-09 05:21:38.55 | GuillaumeCharron | APP_v5.J.xlsb | modENC_Saisie:ENC_Add_Check_Boxes = '0,0410 secondes'

2025-01-09 05:21:38.57 | GuillaumeCharron | APP_v5.J.xlsb | modFAC_Enc:ENC_Load_OS_Invoices = '0,2305 secondes'

2025-01-09 05:21:39.64 | GuillaumeCharron | APP_v5.J.xlsb | modFunctions:Fn_Complete_Date(08, 30, 0)
2025-01-09 05:21:39.66 | GuillaumeCharron | APP_v5.J.xlsb | modFunctions:Fn_Complete_Date = '0,0293 secondes'

2025-01-09 05:21:44.42 | GuillaumeCharron | APP_v5.J.xlsb | modENC_Saisie:MAJ_Encaissement
2025-01-09 05:21:44.45 | GuillaumeCharron | APP_v5.J.xlsb | modENC_Saisie:ENC_Add_DB_Entete
2025-01-09 05:21:44.64 | GuillaumeCharron | APP_v5.J.xlsb | modENC_Saisie:ENC_Add_DB_Entete = '0,1992 secondes'

2025-01-09 05:21:44.66 | GuillaumeCharron | APP_v5.J.xlsb | modENC_Saisie:ENC_Add_Locally_Entete
2025-01-09 05:21:44.74 | GuillaumeCharron | APP_v5.J.xlsb | modENC_Saisie:ENC_Add_Locally_Entete = '0,0762 secondes'

2025-01-09 05:21:44.76 | GuillaumeCharron | APP_v5.J.xlsb | modENC_Saisie:ENC_Add_DB_Details
2025-01-09 05:21:44.95 | GuillaumeCharron | APP_v5.J.xlsb | modENC_Saisie:ENC_Add_DB_Details = '0,1953 secondes'

2025-01-09 05:21:44.97 | GuillaumeCharron | APP_v5.J.xlsb | modENC_Saisie:ENC_Add_Locally_Details
2025-01-09 05:21:45.03 | GuillaumeCharron | APP_v5.J.xlsb | modENC_Saisie:ENC_Add_Locally_Details = '0,0527 secondes'

2025-01-09 05:21:45.05 | GuillaumeCharron | APP_v5.J.xlsb | modENC_Saisie:ENC_Add_DB_Details
2025-01-09 05:21:45.25 | GuillaumeCharron | APP_v5.J.xlsb | modENC_Saisie:ENC_Add_DB_Details = '0,2070 secondes'

2025-01-09 05:21:45.27 | GuillaumeCharron | APP_v5.J.xlsb | modENC_Saisie:ENC_Add_Locally_Details
2025-01-09 05:21:45.32 | GuillaumeCharron | APP_v5.J.xlsb | modENC_Saisie:ENC_Add_Locally_Details = '0,0527 secondes'

2025-01-09 05:21:45.34 | GuillaumeCharron | APP_v5.J.xlsb | modENC_Saisie:ENC_GL_Posting_DB
2025-01-09 05:21:45.62 | GuillaumeCharron | APP_v5.J.xlsb | modENC_Saisie:ENC_GL_Posting_DB = '0,2754 secondes'

2025-01-09 05:21:45.64 | GuillaumeCharron | APP_v5.J.xlsb | modENC_Saisie:ENC_GL_Posting_Locally
2025-01-09 05:21:45.78 | GuillaumeCharron | APP_v5.J.xlsb | modENC_Saisie:ENC_GL_Posting_Locally = '0,1406 secondes'

2025-01-09 05:21:49.79 | GuillaumeCharron | APP_v5.J.xlsb | modEnc_Saisie:Encaissement_Add_New
2025-01-09 05:21:49.81 | GuillaumeCharron | APP_v5.J.xlsb | modENC_Saisie:ENC_Clear_Cells
2025-01-09 05:21:49.86 | GuillaumeCharron | APP_v5.J.xlsb | modENC_Saisie:ENC_Remove_Check_Boxes
2025-01-09 05:21:49.89 | GuillaumeCharron | APP_v5.J.xlsb | modENC_Saisie:ENC_Remove_Check_Boxes = '0,0371 secondes'

2025-01-09 05:21:49.91 | GuillaumeCharron | APP_v5.J.xlsb | modFunctions:Fn_Complete_Date(, 30, 0)
2025-01-09 05:21:49.94 | GuillaumeCharron | APP_v5.J.xlsb | modFunctions:Fn_Complete_Date = '0,0254 secondes'

2025-01-09 05:21:50.01 | GuillaumeCharron | APP_v5.J.xlsb | modENC_Saisie:ENC_Clear_Cells = '0,2031 secondes'

2025-01-09 05:21:50.03 | GuillaumeCharron | APP_v5.J.xlsb | modEnc_Saisie:Encaissement_Add_New = '0,2500 secondes'

2025-01-09 05:21:50.09 | GuillaumeCharron | APP_v5.J.xlsb | modENC_Saisie:MAJ_Encaissement = '5,6699 secondes'

2025-01-09 05:21:52.50 | GuillaumeCharron | APP_v5.J.xlsb | modFunctions:Fn_GetID_From_Client_Name - Laboratoire Orthométrix Inc. [Luc Benoit]
2025-01-09 05:21:52.53 | GuillaumeCharron | APP_v5.J.xlsb | modFunctions:Fn_GetID_From_Client_Name - 1558 = '0,0352 secondes'

2025-01-09 05:21:52.55 | GuillaumeCharron | APP_v5.J.xlsb | modENC_Saisie:ENC_Remove_Check_Boxes
2025-01-09 05:21:52.58 | GuillaumeCharron | APP_v5.J.xlsb | modENC_Saisie:ENC_Remove_Check_Boxes = '0,0352 secondes'

2025-01-09 05:21:52.60 | GuillaumeCharron | APP_v5.J.xlsb | modENC_Saisie:ENC_Get_OS_Invoices
2025-01-09 05:21:52.64 | GuillaumeCharron | APP_v5.J.xlsb | modENC_Saisie:ENC_Get_OS_Invoices_With_AF
2025-01-09 05:21:52.71 | GuillaumeCharron | APP_v5.J.xlsb | modFAC_Enc:ENC_Get_OS_Invoices_With_AF = '0,0762 secondes'

2025-01-09 05:21:52.76 | GuillaumeCharron | APP_v5.J.xlsb | modENC_Saisie:ENC_Add_Check_Boxes
2025-01-09 05:21:52.80 | GuillaumeCharron | APP_v5.J.xlsb | modENC_Saisie:ENC_Add_Check_Boxes = '0,0391 secondes'

2025-01-09 05:21:52.82 | GuillaumeCharron | APP_v5.J.xlsb | modFAC_Enc:ENC_Load_OS_Invoices = '0,2227 secondes'

2025-01-09 05:21:53.78 | GuillaumeCharron | APP_v5.J.xlsb | modFunctions:Fn_Complete_Date(08, 30, 0)
2025-01-09 05:21:53.80 | GuillaumeCharron | APP_v5.J.xlsb | modFunctions:Fn_Complete_Date = '0,0273 secondes'

2025-01-09 05:21:58.88 | GuillaumeCharron | APP_v5.J.xlsb | modENC_Saisie:MAJ_Encaissement
2025-01-09 05:21:58.90 | GuillaumeCharron | APP_v5.J.xlsb | modENC_Saisie:ENC_Add_DB_Entete
2025-01-09 05:21:59.10 | GuillaumeCharron | APP_v5.J.xlsb | modENC_Saisie:ENC_Add_DB_Entete = '0,1992 secondes'

2025-01-09 05:21:59.12 | GuillaumeCharron | APP_v5.J.xlsb | modENC_Saisie:ENC_Add_Locally_Entete
2025-01-09 05:21:59.19 | GuillaumeCharron | APP_v5.J.xlsb | modENC_Saisie:ENC_Add_Locally_Entete = '0,0742 secondes'

2025-01-09 05:21:59.21 | GuillaumeCharron | APP_v5.J.xlsb | modENC_Saisie:ENC_Add_DB_Details
2025-01-09 05:21:59.41 | GuillaumeCharron | APP_v5.J.xlsb | modENC_Saisie:ENC_Add_DB_Details = '0,1973 secondes'

2025-01-09 05:21:59.43 | GuillaumeCharron | APP_v5.J.xlsb | modENC_Saisie:ENC_Add_Locally_Details
2025-01-09 05:21:59.48 | GuillaumeCharron | APP_v5.J.xlsb | modENC_Saisie:ENC_Add_Locally_Details = '0,0527 secondes'

2025-01-09 05:21:59.50 | GuillaumeCharron | APP_v5.J.xlsb | modENC_Saisie:ENC_Add_DB_Details
2025-01-09 05:21:59.70 | GuillaumeCharron | APP_v5.J.xlsb | modENC_Saisie:ENC_Add_DB_Details = '0,2051 secondes'

2025-01-09 05:21:59.73 | GuillaumeCharron | APP_v5.J.xlsb | modENC_Saisie:ENC_Add_Locally_Details
2025-01-09 05:21:59.78 | GuillaumeCharron | APP_v5.J.xlsb | modENC_Saisie:ENC_Add_Locally_Details = '0,0547 secondes'

2025-01-09 05:21:59.80 | GuillaumeCharron | APP_v5.J.xlsb | modENC_Saisie:ENC_GL_Posting_DB
2025-01-09 05:22:00.09 | GuillaumeCharron | APP_v5.J.xlsb | modENC_Saisie:ENC_GL_Posting_DB = '0,2871 secondes'

2025-01-09 05:22:00.11 | GuillaumeCharron | APP_v5.J.xlsb | modENC_Saisie:ENC_GL_Posting_Locally
2025-01-09 05:22:00.24 | GuillaumeCharron | APP_v5.J.xlsb | modENC_Saisie:ENC_GL_Posting_Locally = '0,1387 secondes'

2025-01-09 05:22:06.56 | GuillaumeCharron | APP_v5.J.xlsb | modEnc_Saisie:Encaissement_Add_New
2025-01-09 05:22:06.58 | GuillaumeCharron | APP_v5.J.xlsb | modENC_Saisie:ENC_Clear_Cells
2025-01-09 05:22:06.63 | GuillaumeCharron | APP_v5.J.xlsb | modENC_Saisie:ENC_Remove_Check_Boxes
2025-01-09 05:22:06.67 | GuillaumeCharron | APP_v5.J.xlsb | modENC_Saisie:ENC_Remove_Check_Boxes = '0,0352 secondes'

2025-01-09 05:22:06.69 | GuillaumeCharron | APP_v5.J.xlsb | modFunctions:Fn_Complete_Date(, 30, 0)
2025-01-09 05:22:06.71 | GuillaumeCharron | APP_v5.J.xlsb | modFunctions:Fn_Complete_Date = '0,0254 secondes'

2025-01-09 05:22:06.78 | GuillaumeCharron | APP_v5.J.xlsb | modENC_Saisie:ENC_Clear_Cells = '0,1992 secondes'

2025-01-09 05:22:06.80 | GuillaumeCharron | APP_v5.J.xlsb | modEnc_Saisie:Encaissement_Add_New = '0,2500 secondes'

2025-01-09 05:22:06.86 | GuillaumeCharron | APP_v5.J.xlsb | modENC_Saisie:MAJ_Encaissement = '7,9824 secondes'

2025-01-09 05:22:12.86 | GuillaumeCharron | APP_v5.J.xlsb | modENC_Saisie:ENC_Back_To_GL_Menu
2025-01-09 05:22:12.89 | GuillaumeCharron | APP_v5.J.xlsb | modENC_Saisie:ENC_Clear_Cells
2025-01-09 05:22:12.96 | GuillaumeCharron | APP_v5.J.xlsb | modENC_Saisie:ENC_Clear_Cells = '0,0703 secondes'

2025-01-09 05:22:12.99 | GuillaumeCharron | APP_v5.J.xlsb | modENC_Saisie:ENC_Back_To_GL_Menu = '0,1348 secondes'

2025-01-09 05:29:43.63 | GuillaumeCharron | APP_v5.J.xlsb | wshGL_EJ:Worksheet_Activate
2025-01-09 05:29:43.65 | GuillaumeCharron | APP_v5.J.xlsb | modImport:GL_Trans_Import_All
2025-01-09 05:29:47.48 | GuillaumeCharron | APP_v5.J.xlsb | modImport:GL_Trans_Import_All = '3,8320 secondes'

2025-01-09 05:29:47.51 | GuillaumeCharron | APP_v5.J.xlsb | modImport:GL_EJ_Recurrente_Import_All
2025-01-09 05:29:47.76 | GuillaumeCharron | APP_v5.J.xlsb | modGL_EJ:GL_EJ_Recurrente_Build_Summary
2025-01-09 05:29:49.23 | GuillaumeCharron | APP_v5.J.xlsb | modGL_EJ:GL_EJ_Recurrente_Build_Summary = '1,4688 secondes'

2025-01-09 05:29:49.32 | GuillaumeCharron | APP_v5.J.xlsb | modImport:GL_EJ_Recurrente_Import_All = '1,8086 secondes'

2025-01-09 05:29:49.56 | GuillaumeCharron | APP_v5.J.xlsb | modGL_EJ:GL_EJ_Clear_All_Cells
2025-01-09 05:29:50.02 | GuillaumeCharron | APP_v5.J.xlsb | modGL_EJ:GL_EJ_Clear_All_Cells = '0,4609 secondes'

2025-01-09 05:29:50.04 | GuillaumeCharron | APP_v5.J.xlsb | modDev_Utils:SetTabOrder(wshGL_EJ)
2025-01-09 05:29:50.09 | GuillaumeCharron | APP_v5.J.xlsb | modDev_Utils:SetTabOrder = '0,0508 secondes'

2025-01-09 05:29:50.11 | GuillaumeCharron | APP_v5.J.xlsb | modGL_EJ:GL_EJ_Clear_All_Cells
2025-01-09 05:29:50.59 | GuillaumeCharron | APP_v5.J.xlsb | modGL_EJ:GL_EJ_Clear_All_Cells = '0,4844 secondes'

2025-01-09 05:29:50.93 | GuillaumeCharron | APP_v5.J.xlsb | modFunctions:Fn_Complete_Date(09/01/25, 999, 15)
2025-01-09 05:29:50.95 | GuillaumeCharron | APP_v5.J.xlsb | modFunctions:Fn_Complete_Date = '0,0234 secondes'

2025-01-09 05:29:51.07 | GuillaumeCharron | APP_v5.J.xlsb | wshGL_EJ:Worksheet_Activate = '7,4473 secondes'

2025-01-09 05:29:59.02 | GuillaumeCharron | APP_v5.J.xlsb | wshENC_Saisie:Worksheet_Activate
2025-01-09 05:29:59.04 | GuillaumeCharron | APP_v5.J.xlsb | modImport:Client_List_Import_All
2025-01-09 05:29:59.70 | GuillaumeCharron | APP_v5.J.xlsb | modImport:ResizeTable
2025-01-09 05:29:59.73 | GuillaumeCharron | APP_v5.J.xlsb | modImport:ResizeTable = '0,0312 secondes'

2025-01-09 05:29:59.74 | GuillaumeCharron | APP_v5.J.xlsb | modImport:ApplyFormatting
2025-01-09 05:29:59.78 | GuillaumeCharron | APP_v5.J.xlsb | modImport:ApplyFormatting = '0,0488 secondes'

2025-01-09 05:29:59.86 | GuillaumeCharron | APP_v5.J.xlsb | modImport:Client_List_Import_All = '0,8203 secondes'

2025-01-09 05:29:59.88 | GuillaumeCharron | APP_v5.J.xlsb | modImport:FAC_Comptes_Clients_Import_All
2025-01-09 05:30:00.50 | GuillaumeCharron | APP_v5.J.xlsb | modImport:FAC_Comptes_Clients_Import_All = '0,6211 secondes'

2025-01-09 05:30:00.53 | GuillaumeCharron | APP_v5.J.xlsb | modImport:FAC_Détails_Import_All
2025-01-09 05:30:04.09 | GuillaumeCharron | APP_v5.J.xlsb | modImport:FAC_Détails_Import_All = '3,5664 secondes'

2025-01-09 05:30:04.11 | GuillaumeCharron | APP_v5.J.xlsb | modImport:FAC_Entête_Import_All
2025-01-09 05:30:04.60 | GuillaumeCharron | APP_v5.J.xlsb | modImport:FAC_Entête_Import_All = '0,4941 secondes'

2025-01-09 05:30:04.63 | GuillaumeCharron | APP_v5.J.xlsb | modImport:ENC_Détails_Import_All
2025-01-09 05:30:05.05 | GuillaumeCharron | APP_v5.J.xlsb | modImport:ENC_Détails_Import_All = '0,4297 secondes'

2025-01-09 05:30:05.08 | GuillaumeCharron | APP_v5.J.xlsb | modImport:ENC_Entête_Import_All
2025-01-09 05:30:06.04 | GuillaumeCharron | APP_v5.J.xlsb | modImport:ENC_Entête_Import_All = '0,9609 secondes'

2025-01-09 05:30:06.06 | GuillaumeCharron | APP_v5.J.xlsb | modImport:GL_Trans_Import_All
2025-01-09 05:30:09.59 | GuillaumeCharron | APP_v5.J.xlsb | modImport:GL_Trans_Import_All = '3,5371 secondes'

2025-01-09 05:30:09.72 | GuillaumeCharron | APP_v5.J.xlsb | modDev_Utils:SetTabOrder(wshENC_Saisie)
2025-01-09 05:30:09.76 | GuillaumeCharron | APP_v5.J.xlsb | modDev_Utils:SetTabOrder = '0,0391 secondes'

2025-01-09 05:30:09.78 | GuillaumeCharron | APP_v5.J.xlsb | modENC_Saisie:ENC_Remove_Check_Boxes
2025-01-09 05:30:09.81 | GuillaumeCharron | APP_v5.J.xlsb | modENC_Saisie:ENC_Remove_Check_Boxes = '0,0371 secondes'

2025-01-09 05:30:09.93 | GuillaumeCharron | APP_v5.J.xlsb | modFunctions:Fn_Complete_Date(09/01/25, 30, 0)
2025-01-09 05:30:09.95 | GuillaumeCharron | APP_v5.J.xlsb | modFunctions:Fn_Complete_Date = '0,0254 secondes'

2025-01-09 05:30:10.07 | GuillaumeCharron | APP_v5.J.xlsb | wshENC_Saisie:Worksheet_Activate = '11,0566 secondes'

2025-01-09 05:30:14.09 | GuillaumeCharron | APP_v5.J.xlsb | modFunctions:Fn_GetID_From_Client_Name - MPA Société de comptables Professionnels agréés Inc. [Alain Girard]
2025-01-09 05:30:14.11 | GuillaumeCharron | APP_v5.J.xlsb | modFunctions:Fn_GetID_From_Client_Name - 1085 = '0,0273 secondes'

2025-01-09 05:30:14.14 | GuillaumeCharron | APP_v5.J.xlsb | modENC_Saisie:ENC_Remove_Check_Boxes
2025-01-09 05:30:14.17 | GuillaumeCharron | APP_v5.J.xlsb | modENC_Saisie:ENC_Remove_Check_Boxes = '0,0352 secondes'

2025-01-09 05:30:14.19 | GuillaumeCharron | APP_v5.J.xlsb | modENC_Saisie:ENC_Get_OS_Invoices
2025-01-09 05:30:14.36 | GuillaumeCharron | APP_v5.J.xlsb | modENC_Saisie:ENC_Get_OS_Invoices_With_AF
2025-01-09 05:30:16.17 | GuillaumeCharron | APP_v5.J.xlsb | modFAC_Enc:ENC_Get_OS_Invoices_With_AF = '1,8105 secondes'

2025-01-09 05:30:16.71 | GuillaumeCharron | APP_v5.J.xlsb | modENC_Saisie:ENC_Add_Check_Boxes
2025-01-09 05:30:16.75 | GuillaumeCharron | APP_v5.J.xlsb | modENC_Saisie:ENC_Add_Check_Boxes = '0,0488 secondes'

2025-01-09 05:30:16.77 | GuillaumeCharron | APP_v5.J.xlsb | modFAC_Enc:ENC_Load_OS_Invoices = '2,5859 secondes'

2025-01-09 05:30:20.08 | GuillaumeCharron | APP_v5.J.xlsb | modFunctions:Fn_Complete_Date(08, 30, 0)
2025-01-09 05:30:20.11 | GuillaumeCharron | APP_v5.J.xlsb | modFunctions:Fn_Complete_Date = '0,0312 secondes'

2025-01-09 05:30:25.72 | GuillaumeCharron | APP_v5.J.xlsb | modENC_Saisie:MAJ_Encaissement
2025-01-09 05:30:25.75 | GuillaumeCharron | APP_v5.J.xlsb | modENC_Saisie:ENC_Add_DB_Entete
2025-01-09 05:30:25.95 | GuillaumeCharron | APP_v5.J.xlsb | modENC_Saisie:ENC_Add_DB_Entete = '0,2070 secondes'

2025-01-09 05:30:25.97 | GuillaumeCharron | APP_v5.J.xlsb | modENC_Saisie:ENC_Add_Locally_Entete
2025-01-09 05:30:28.10 | GuillaumeCharron | APP_v5.J.xlsb | modENC_Saisie:ENC_Add_Locally_Entete = '2,1270 secondes'

2025-01-09 05:30:28.13 | GuillaumeCharron | APP_v5.J.xlsb | modENC_Saisie:ENC_Add_DB_Details
2025-01-09 05:30:28.32 | GuillaumeCharron | APP_v5.J.xlsb | modENC_Saisie:ENC_Add_DB_Details = '0,2012 secondes'

2025-01-09 05:30:28.35 | GuillaumeCharron | APP_v5.J.xlsb | modENC_Saisie:ENC_Add_Locally_Details
2025-01-09 05:30:28.00 | GuillaumeCharron | APP_v5.J.xlsb | modENC_Saisie:ENC_Add_Locally_Details = '0,6543 secondes'

2025-01-09 05:30:29.02 | GuillaumeCharron | APP_v5.J.xlsb | modENC_Saisie:ENC_Add_DB_Details
2025-01-09 05:30:29.22 | GuillaumeCharron | APP_v5.J.xlsb | modENC_Saisie:ENC_Add_DB_Details = '0,2031 secondes'

2025-01-09 05:30:29.24 | GuillaumeCharron | APP_v5.J.xlsb | modENC_Saisie:ENC_Add_Locally_Details
2025-01-09 05:30:29.55 | GuillaumeCharron | APP_v5.J.xlsb | modENC_Saisie:ENC_Add_Locally_Details = '0,3164 secondes'

2025-01-09 05:30:29.58 | GuillaumeCharron | APP_v5.J.xlsb | modENC_Saisie:ENC_GL_Posting_DB
2025-01-09 05:30:29.85 | GuillaumeCharron | APP_v5.J.xlsb | modENC_Saisie:ENC_GL_Posting_DB = '0,2793 secondes'

2025-01-09 05:30:29.88 | GuillaumeCharron | APP_v5.J.xlsb | modENC_Saisie:ENC_GL_Posting_Locally
2025-01-09 05:30:35.28 | GuillaumeCharron | APP_v5.J.xlsb | modENC_Saisie:ENC_GL_Posting_Locally = '5,4023 secondes'

2025-01-09 05:30:36.53 | GuillaumeCharron | APP_v5.J.xlsb | modEnc_Saisie:Encaissement_Add_New
2025-01-09 05:30:36.56 | GuillaumeCharron | APP_v5.J.xlsb | modENC_Saisie:ENC_Clear_Cells
2025-01-09 05:30:36.80 | GuillaumeCharron | APP_v5.J.xlsb | modENC_Saisie:ENC_Remove_Check_Boxes
2025-01-09 05:30:36.84 | GuillaumeCharron | APP_v5.J.xlsb | modENC_Saisie:ENC_Remove_Check_Boxes = '0,0410 secondes'

2025-01-09 05:30:36.96 | GuillaumeCharron | APP_v5.J.xlsb | modFunctions:Fn_Complete_Date(, 30, 0)
2025-01-09 05:30:36.99 | GuillaumeCharron | APP_v5.J.xlsb | modFunctions:Fn_Complete_Date = '0,0254 secondes'

2025-01-09 05:30:37.21 | GuillaumeCharron | APP_v5.J.xlsb | modENC_Saisie:ENC_Clear_Cells = '0,6602 secondes'

2025-01-09 05:30:37.24 | GuillaumeCharron | APP_v5.J.xlsb | modEnc_Saisie:Encaissement_Add_New = '0,7070 secondes'

2025-01-09 05:30:37.26 | GuillaumeCharron | APP_v5.J.xlsb | modENC_Saisie:MAJ_Encaissement = '11,5469 secondes'

2025-01-09 05:30:37.81 | GuillaumeCharron | APP_v5.J.xlsb | modENC_Saisie:ENC_Back_To_GL_Menu
2025-01-09 05:30:37.84 | GuillaumeCharron | APP_v5.J.xlsb | modENC_Saisie:ENC_Clear_Cells
2025-01-09 05:30:38.27 | GuillaumeCharron | APP_v5.J.xlsb | modENC_Saisie:ENC_Clear_Cells = '0,4297 secondes'

2025-01-09 05:30:38.29 | GuillaumeCharron | APP_v5.J.xlsb | modENC_Saisie:ENC_Back_To_GL_Menu = '0,4844 secondes'

2025-01-09 05:30:40.44 | GuillaumeCharron | APP_v5.J.xlsb | wshGL_EJ:Worksheet_Activate
2025-01-09 05:30:40.46 | GuillaumeCharron | APP_v5.J.xlsb | modImport:GL_Trans_Import_All
2025-01-09 05:30:44.04 | GuillaumeCharron | APP_v5.J.xlsb | modImport:GL_Trans_Import_All = '3,5879 secondes'

2025-01-09 05:30:44.07 | GuillaumeCharron | APP_v5.J.xlsb | modImport:GL_EJ_Recurrente_Import_All
2025-01-09 05:30:44.37 | GuillaumeCharron | APP_v5.J.xlsb | modGL_EJ:GL_EJ_Recurrente_Build_Summary
2025-01-09 05:30:45.92 | GuillaumeCharron | APP_v5.J.xlsb | modGL_EJ:GL_EJ_Recurrente_Build_Summary = '1,5586 secondes'

2025-01-09 05:30:46.00 | GuillaumeCharron | APP_v5.J.xlsb | modImport:GL_EJ_Recurrente_Import_All = '1,9355 secondes'

2025-01-09 05:30:46.22 | GuillaumeCharron | APP_v5.J.xlsb | modGL_EJ:GL_EJ_Clear_All_Cells
2025-01-09 05:30:46.63 | GuillaumeCharron | APP_v5.J.xlsb | modGL_EJ:GL_EJ_Clear_All_Cells = '0,4141 secondes'

2025-01-09 05:30:46.65 | GuillaumeCharron | APP_v5.J.xlsb | modDev_Utils:SetTabOrder(wshGL_EJ)
2025-01-09 05:30:46.69 | GuillaumeCharron | APP_v5.J.xlsb | modDev_Utils:SetTabOrder = '0,0488 secondes'

2025-01-09 05:30:46.72 | GuillaumeCharron | APP_v5.J.xlsb | modGL_EJ:GL_EJ_Clear_All_Cells
2025-01-09 05:30:47.14 | GuillaumeCharron | APP_v5.J.xlsb | modGL_EJ:GL_EJ_Clear_All_Cells = '0,4297 secondes'

2025-01-09 05:30:47.47 | GuillaumeCharron | APP_v5.J.xlsb | modFunctions:Fn_Complete_Date(09/01/25, 999, 15)
2025-01-09 05:30:47.49 | GuillaumeCharron | APP_v5.J.xlsb | modFunctions:Fn_Complete_Date = '0,0254 secondes'

2025-01-09 05:30:47.61 | GuillaumeCharron | APP_v5.J.xlsb | wshGL_EJ:Worksheet_Activate = '7,1777 secondes'

2025-01-09 05:30:50.98 | GuillaumeCharron | APP_v5.J.xlsb | modFunctions:Fn_Complete_Date(08/01, 999, 15)
2025-01-09 05:30:51.00 | GuillaumeCharron | APP_v5.J.xlsb | modFunctions:Fn_Complete_Date = '0,0293 secondes'

2025-01-09 05:30:58.23 | GuillaumeCharron | APP_v5.J.xlsb | modFunctions:Fn_GetGL_Code_From_GL_Description - Frais financiers
2025-01-09 05:30:58.26 | GuillaumeCharron | APP_v5.J.xlsb |      modFunctions:Fn_GetGL_Code_From_GL_Description - 5140
2025-01-09 05:30:58.29 | GuillaumeCharron | APP_v5.J.xlsb | modFunctions:Fn_GetGL_Code_From_GL_Description = '0,0527 secondes'

2025-01-09 05:31:02.85 | GuillaumeCharron | APP_v5.J.xlsb | modFunctions:Fn_GetGL_Code_From_GL_Description - Encaisse
2025-01-09 05:31:02.88 | GuillaumeCharron | APP_v5.J.xlsb |      modFunctions:Fn_GetGL_Code_From_GL_Description - 1000
2025-01-09 05:31:02.90 | GuillaumeCharron | APP_v5.J.xlsb | modFunctions:Fn_GetGL_Code_From_GL_Description = '0,0527 secondes'

2025-01-09 05:31:05.43 | GuillaumeCharron | APP_v5.J.xlsb | modGL_EJ:GL_EJ_Update
2025-01-09 05:31:05.46 | GuillaumeCharron | APP_v5.J.xlsb | modGL_EJ:GL_Trans_Add_Record_To_DB
2025-01-09 05:31:05.85 | GuillaumeCharron | APP_v5.J.xlsb | modGL_EJ:GL_Trans_Add_Record_To_DB = '0,3906 secondes'

2025-01-09 05:31:05.88 | GuillaumeCharron | APP_v5.J.xlsb | modGL_EJ:GL_Trans_Add_Record_Locally
2025-01-09 05:31:11.14 | GuillaumeCharron | APP_v5.J.xlsb | modGL_EJ:GL_Trans_Add_Record_Locally = '5,2676 secondes'

2025-01-09 05:31:11.26 | GuillaumeCharron | APP_v5.J.xlsb | modGL_EJ:GL_EJ_Clear_All_Cells
2025-01-09 05:31:11.69 | GuillaumeCharron | APP_v5.J.xlsb | modGL_EJ:GL_EJ_Clear_All_Cells = '0,4297 secondes'

2025-01-09 05:31:13.30 | GuillaumeCharron | APP_v5.J.xlsb | modGL_EJ:GL_EJ_Update = '7,8672 secondes'

2025-01-09 05:31:30.63 | GuillaumeCharron | APP_v5.J.xlsb | modFunctions:Fn_GetGL_Code_From_GL_Description - Frais financiers
2025-01-09 05:31:30.66 | GuillaumeCharron | APP_v5.J.xlsb |      modFunctions:Fn_GetGL_Code_From_GL_Description - 5140
2025-01-09 05:31:30.71 | GuillaumeCharron | APP_v5.J.xlsb | modFunctions:Fn_GetGL_Code_From_GL_Description = '0,0762 secondes'

2025-01-09 05:31:36.71 | GuillaumeCharron | APP_v5.J.xlsb | modFunctions:Fn_GetGL_Code_From_GL_Description - Encaisse
2025-01-09 05:31:36.74 | GuillaumeCharron | APP_v5.J.xlsb |      modFunctions:Fn_GetGL_Code_From_GL_Description - 1000
2025-01-09 05:31:36.77 | GuillaumeCharron | APP_v5.J.xlsb | modFunctions:Fn_GetGL_Code_From_GL_Description = '0,0586 secondes'

2025-01-09 05:31:40.25 | GuillaumeCharron | APP_v5.J.xlsb | modGL_EJ:GL_EJ_Update
2025-01-09 05:31:40.28 | GuillaumeCharron | APP_v5.J.xlsb | modGL_EJ:GL_Trans_Add_Record_To_DB
2025-01-09 05:31:40.65 | GuillaumeCharron | APP_v5.J.xlsb | modGL_EJ:GL_Trans_Add_Record_To_DB = '0,3789 secondes'

2025-01-09 05:31:40.68 | GuillaumeCharron | APP_v5.J.xlsb | modGL_EJ:GL_Trans_Add_Record_Locally
2025-01-09 05:31:45.99 | GuillaumeCharron | APP_v5.J.xlsb | modGL_EJ:GL_Trans_Add_Record_Locally = '5,3164 secondes'

2025-01-09 05:31:46.13 | GuillaumeCharron | APP_v5.J.xlsb | modGL_EJ:GL_EJ_Clear_All_Cells
2025-01-09 05:31:46.56 | GuillaumeCharron | APP_v5.J.xlsb | modGL_EJ:GL_EJ_Clear_All_Cells = '0,4355 secondes'

2025-01-09 05:31:49.28 | GuillaumeCharron | APP_v5.J.xlsb | modGL_EJ:GL_EJ_Update = '9,0391 secondes'

2025-01-09 06:32:52.23 | GuillaumeCharron | APP_v5.J.xlsb | modFunctions:Fn_Complete_Date(09/01, 999, 15)
2025-01-09 06:32:52.27 | GuillaumeCharron | APP_v5.J.xlsb | modFunctions:Fn_Complete_Date = '0,0430 secondes'

2025-01-09 06:33:02.15 | GuillaumeCharron | APP_v5.J.xlsb | modFunctions:Fn_GetGL_Code_From_GL_Description - Salaires
2025-01-09 06:33:02.19 | GuillaumeCharron | APP_v5.J.xlsb |      modFunctions:Fn_GetGL_Code_From_GL_Description - 5000
2025-01-09 06:33:02.22 | GuillaumeCharron | APP_v5.J.xlsb | modFunctions:Fn_GetGL_Code_From_GL_Description = '0,0723 secondes'

2025-01-09 06:33:23.24 | GuillaumeCharron | APP_v5.J.xlsb | modFunctions:Fn_GetGL_Code_From_GL_Description - Encaisse
2025-01-09 06:33:23.27 | GuillaumeCharron | APP_v5.J.xlsb |      modFunctions:Fn_GetGL_Code_From_GL_Description - 1000
2025-01-09 06:33:23.29 | GuillaumeCharron | APP_v5.J.xlsb | modFunctions:Fn_GetGL_Code_From_GL_Description = '0,0605 secondes'

2025-01-09 06:33:42.34 | GuillaumeCharron | APP_v5.J.xlsb | modGL_EJ:GL_EJ_Update
2025-01-09 06:33:42.37 | GuillaumeCharron | APP_v5.J.xlsb | modGL_EJ:GL_Trans_Add_Record_To_DB
2025-01-09 06:33:42.75 | GuillaumeCharron | APP_v5.J.xlsb | modGL_EJ:GL_Trans_Add_Record_To_DB = '0,3887 secondes'

2025-01-09 06:33:42.78 | GuillaumeCharron | APP_v5.J.xlsb | modGL_EJ:GL_Trans_Add_Record_Locally
2025-01-09 06:33:48.21 | GuillaumeCharron | APP_v5.J.xlsb | modGL_EJ:GL_Trans_Add_Record_Locally = '5,4355 secondes'

2025-01-09 06:33:48.34 | GuillaumeCharron | APP_v5.J.xlsb | modGL_EJ:GL_EJ_Clear_All_Cells
2025-01-09 06:33:48.79 | GuillaumeCharron | APP_v5.J.xlsb | modGL_EJ:GL_EJ_Clear_All_Cells = '0,4492 secondes'

2025-01-09 07:55:55.75 | GuillaumeCharron | APP_v5.J.xlsb | modGL_EJ:GL_EJ_Update = '4933,4277 secondes'

2025-01-09 07:57:03.39 | GuillaumeCharron | APP_v5.J.xlsb | modMenu:Hide_All_Worksheets_Except_Menu
2025-01-09 07:57:03.43 | GuillaumeCharron | APP_v5.J.xlsb | modMenu:Hide_All_Worksheets_Except_Menu = '0,0469 secondes'

2025-01-09 08:42:33.12 | GuillaumeCharron | APP_v5.J.xlsb | modMenu:menuTEC_Click
2025-01-09 08:42:33.17 | GuillaumeCharron | APP_v5.J.xlsb | modMenu:menuTEC_Click = '0,0566 secondes'

2025-01-09 08:42:33.78 | GuillaumeCharron | APP_v5.J.xlsb | modMENU_TEC:SaisieHeures_Click
2025-01-09 08:42:33.82 | GuillaumeCharron | APP_v5.J.xlsb | modMENU_TEC:SaisieHeures_Click = '0,0469 secondes'

2025-01-09 08:42:33.85 | GuillaumeCharron | APP_v5.J.xlsb | ufSaisieHeures:UserForm_Activate
2025-01-09 08:42:33.88 | GuillaumeCharron | APP_v5.J.xlsb | modImport:Client_List_Import_All
2025-01-09 08:42:34.05 | GuillaumeCharron | APP_v5.J.xlsb | modImport:ResizeTable
2025-01-09 08:42:34.08 | GuillaumeCharron | APP_v5.J.xlsb | modImport:ResizeTable = '0,0312 secondes'

2025-01-09 08:42:34.10 | GuillaumeCharron | APP_v5.J.xlsb | modImport:ApplyFormatting
2025-01-09 08:42:34.13 | GuillaumeCharron | APP_v5.J.xlsb | modImport:ApplyFormatting = '0,0312 secondes'

2025-01-09 08:42:34.22 | GuillaumeCharron | APP_v5.J.xlsb | modImport:Client_List_Import_All = '0,3398 secondes'

2025-01-09 08:42:34.24 | GuillaumeCharron | APP_v5.J.xlsb | modImport:TEC_Import_All
2025-01-09 08:42:34.58 | GuillaumeCharron | APP_v5.J.xlsb | modImport:TEC_Import_All = '0,3359 secondes'

2025-01-09 08:42:34.61 | GuillaumeCharron | APP_v5.J.xlsb | ufSaisieHeures:UserForm_Activate = '0,7637 secondes'

2025-01-09 08:42:36.16 | GuillaumeCharron | APP_v5.J.xlsb | ufSaisieHeures:cmbProfessionnel_AfterUpdate
2025-01-09 08:42:36.19 | GuillaumeCharron | APP_v5.J.xlsb | ufSaisieHeures:cmbProfessionnel_AfterUpdate = '0,0332 secondes'

2025-01-09 08:42:36.52 | GuillaumeCharron | APP_v5.J.xlsb | ufSaisieHeures:txtDate_BeforeUpdate
2025-01-09 08:42:36.55 | GuillaumeCharron | APP_v5.J.xlsb | modFunctions:Fn_Complete_Date(09/01/25, 600, 15)
2025-01-09 08:42:36.58 | GuillaumeCharron | APP_v5.J.xlsb | modFunctions:Fn_Complete_Date = '0,0293 secondes'

2025-01-09 08:42:36.60 | GuillaumeCharron | APP_v5.J.xlsb | ufSaisieHeures:txtDate_BeforeUpdate = '0,0820 secondes'

2025-01-09 08:42:36.63 | GuillaumeCharron | APP_v5.J.xlsb | ufSaisieHeures:txtDate_AfterUpdate
2025-01-09 08:42:36.65 | GuillaumeCharron | APP_v5.J.xlsb | modTEC_Saisie:TEC_Get_All_TEC_AF - 1/09/01/25
2025-01-09 08:42:36.79 | GuillaumeCharron | APP_v5.J.xlsb | modTEC_Saisie:TEC_Get_All_TEC_AF = '0,1406 secondes'

2025-01-09 08:42:36.82 | GuillaumeCharron | APP_v5.J.xlsb | modTEC_Saisie:TEC_Refresh_ListBox_And_Add_Hours - 1/09/01/25
2025-01-09 08:42:36.87 | GuillaumeCharron | APP_v5.J.xlsb | wshTEC_TDB_Data:Worksheet_Change($U$7)
2025-01-09 08:42:36.89 | GuillaumeCharron | APP_v5.J.xlsb | modTEC_TDB:ActualiserTEC_TDB
2025-01-09 08:42:36.92 | GuillaumeCharron | APP_v5.J.xlsb | modTEC_Saisie:TEC_Update_TDB_From_TEC_Local
2025-01-09 08:42:37.04 | GuillaumeCharron | APP_v5.J.xlsb | modTEC_Saisie:TEC_Update_TDB_From_TEC_Local = '0,1172 secondes'

2025-01-09 08:42:37.07 | GuillaumeCharron | APP_v5.J.xlsb | modTEC_Saisie:TEC_TdB_Refresh_All_Pivot_Tables
2025-01-09 08:42:37.26 | GuillaumeCharron | APP_v5.J.xlsb | modTEC_Saisie:TEC_TdB_Refresh_All_Pivot_Tables = '0,1914 secondes'

2025-01-09 08:42:37.28 | GuillaumeCharron | APP_v5.J.xlsb | modTEC_TDB:ActualiserTEC_TDB = '0,3906 secondes'

2025-01-09 08:42:37.30 | GuillaumeCharron | APP_v5.J.xlsb | modStatsHeures:Stats_Heures_AF
2025-01-09 08:42:37.64 | GuillaumeCharron | APP_v5.J.xlsb | modStatsHeures:Stats_Heures_AF = '0,3418 secondes'

2025-01-09 08:42:37.67 | GuillaumeCharron | APP_v5.J.xlsb | modAppli:UpdatePivotTables
2025-01-09 08:42:37.77 | GuillaumeCharron | APP_v5.J.xlsb | modAppli:UpdatePivotTables = '0,1035 secondes'

2025-01-09 08:42:37.79 | GuillaumeCharron | APP_v5.J.xlsb | wshTEC_TDB_Data:Worksheet_Change = '0,9297 secondes'

2025-01-09 08:42:37.85 | GuillaumeCharron | APP_v5.J.xlsb | modTEC_Saisie:TEC_Refresh_ListBox_And_Add_Hours - 1/09/01/25 = '1,0293 secondes'

2025-01-09 08:42:37.87 | GuillaumeCharron | APP_v5.J.xlsb | ufSaisieHeures:txtDate_AfterUpdate = '1,2461 secondes'

2025-01-09 08:42:40.67 | GuillaumeCharron | APP_v5.J.xlsb | ufSaisieHeures:txtClient_AfterUpdate[Mobilier de bureau Mobilium Inc. [Robert Guindon]]
2025-01-09 08:42:40.70 | GuillaumeCharron | APP_v5.J.xlsb | modFunctions:Fn_GetID_From_Client_Name - Mobilier de bureau Mobilium Inc. [Robert Guindon]
2025-01-09 08:42:40.72 | GuillaumeCharron | APP_v5.J.xlsb | modFunctions:Fn_GetID_From_Client_Name - 1491 = '0,0254 secondes'

2025-01-09 08:42:40.75 | GuillaumeCharron | APP_v5.J.xlsb | ufSaisieHeures:txtClient_AfterUpdate = '0,0742 secondes'

2025-01-09 08:42:57.83 | GuillaumeCharron | APP_v5.J.xlsb | ufSaisieHeures:txtActivite_AfterUpdate[analyse des financements vs montants de transaction]
2025-01-09 08:42:57.86 | GuillaumeCharron | APP_v5.J.xlsb | ufSaisieHeures:txtActivite_AfterUpdate = '0,0332 secondes'

2025-01-09 08:42:59.52 | GuillaumeCharron | APP_v5.J.xlsb | ufSaisieHeures:txtHeures_AfterUpdate[0.75]
2025-01-09 08:42:59.55 | GuillaumeCharron | APP_v5.J.xlsb | ufSaisieHeures:txtHeures_AfterUpdate = '0,0312 secondes'

2025-01-09 08:42:59.57 | GuillaumeCharron | APP_v5.J.xlsb | ufSaisieHeures:txtHeures_Exit[0,75]
2025-01-09 08:42:59.60 | GuillaumeCharron | APP_v5.J.xlsb | ufSaisieHeures:txtHeures_Exit = '0,0254 secondes'

2025-01-09 08:43:00.77 | GuillaumeCharron | APP_v5.J.xlsb | ufSaisieHeures:cmdAdd_Click
2025-01-09 08:43:00.80 | GuillaumeCharron | APP_v5.J.xlsb | modTEC_Saisie:TEC_Ajoute_Ligne
2025-01-09 08:43:00.83 | GuillaumeCharron | APP_v5.J.xlsb | modTEC_Saisie:TEC_Record_Add_Or_Update_To_DB(0)
2025-01-09 08:43:01.21 | GuillaumeCharron | APP_v5.J.xlsb | modTEC_Saisie:TEC_Record_Add_Or_Update_To_DB - 0 = '0,3926 secondes'

2025-01-09 08:43:01.24 | GuillaumeCharron | APP_v5.J.xlsb | modTEC_Saisie:TEC_Record_Add_Or_Update_Locally(0)
2025-01-09 08:43:01.33 | GuillaumeCharron | APP_v5.J.xlsb | modTEC_Saisie:TEC_Record_Add_Or_Update_Locally - 0 = '0,0957 secondes'

2025-01-09 08:43:01.36 | GuillaumeCharron | APP_v5.J.xlsb | modTEC_Saisie:TEC_Get_All_TEC_AF - 1/2025-01-09
2025-01-09 08:43:01.47 | GuillaumeCharron | APP_v5.J.xlsb | modTEC_Saisie:TEC_Get_All_TEC_AF = '0,1133 secondes'

2025-01-09 08:43:01.49 | GuillaumeCharron | APP_v5.J.xlsb | modTEC_Saisie:TEC_Refresh_ListBox_And_Add_Hours - 1/2025-01-09
2025-01-09 08:43:01.53 | GuillaumeCharron | APP_v5.J.xlsb | wshTEC_TDB_Data:Worksheet_Change($U$7)
2025-01-09 08:43:01.56 | GuillaumeCharron | APP_v5.J.xlsb | modTEC_TDB:ActualiserTEC_TDB
2025-01-09 08:43:01.58 | GuillaumeCharron | APP_v5.J.xlsb | modTEC_Saisie:TEC_Update_TDB_From_TEC_Local
2025-01-09 08:43:01.72 | GuillaumeCharron | APP_v5.J.xlsb | modTEC_Saisie:TEC_Update_TDB_From_TEC_Local = '0,1523 secondes'

2025-01-09 08:43:01.77 | GuillaumeCharron | APP_v5.J.xlsb | modTEC_Saisie:TEC_TdB_Refresh_All_Pivot_Tables
2025-01-09 08:43:01.95 | GuillaumeCharron | APP_v5.J.xlsb | modTEC_Saisie:TEC_TdB_Refresh_All_Pivot_Tables = '0,1855 secondes'

2025-01-09 08:43:01.98 | GuillaumeCharron | APP_v5.J.xlsb | modTEC_TDB:ActualiserTEC_TDB = '0,4277 secondes'

2025-01-09 08:43:02.00 | GuillaumeCharron | APP_v5.J.xlsb | modStatsHeures:Stats_Heures_AF
2025-01-09 08:43:02.38 | GuillaumeCharron | APP_v5.J.xlsb | modStatsHeures:Stats_Heures_AF = '0,3828 secondes'

2025-01-09 08:43:02.40 | GuillaumeCharron | APP_v5.J.xlsb | modAppli:UpdatePivotTables
2025-01-09 08:43:02.50 | GuillaumeCharron | APP_v5.J.xlsb | modAppli:UpdatePivotTables = '0,0977 secondes'

2025-01-09 08:43:02.52 | GuillaumeCharron | APP_v5.J.xlsb | wshTEC_TDB_Data:Worksheet_Change = '0,9941 secondes'

2025-01-09 08:43:02.59 | GuillaumeCharron | APP_v5.J.xlsb | modTEC_Saisie:TEC_Refresh_ListBox_And_Add_Hours - 1/2025-01-09 = '1,0957 secondes'

2025-01-09 08:43:02.61 | GuillaumeCharron | APP_v5.J.xlsb | modTEC_Saisie:TEC_Ajoute_Ligne = '1,8125 secondes'

2025-01-09 08:43:02.63 | GuillaumeCharron | APP_v5.J.xlsb | ufSaisieHeures:cmdAdd_Click = '1,8613 secondes'

2025-01-09 09:09:04.25 | GuillaumeCharron | APP_v5.J.xlsb | ufSaisieHeures:txtClient_AfterUpdate[Gestion Marianth Inc. [Marco Michaud]]
2025-01-09 09:09:04.29 | GuillaumeCharron | APP_v5.J.xlsb | modFunctions:Fn_GetID_From_Client_Name - Gestion Marianth Inc. [Marco Michaud]
2025-01-09 09:09:04.31 | GuillaumeCharron | APP_v5.J.xlsb | modFunctions:Fn_GetID_From_Client_Name - 1268 = '0,0312 secondes'

2025-01-09 09:09:04.34 | GuillaumeCharron | APP_v5.J.xlsb | ufSaisieHeures:txtClient_AfterUpdate = '0,0977 secondes'

2025-01-09 09:09:23.15 | GuillaumeCharron | APP_v5.J.xlsb | ufSaisieHeures:txtActivite_AfterUpdate[analyse des coûts de Carl pour actions de E-Staff]
2025-01-09 09:09:23.18 | GuillaumeCharron | APP_v5.J.xlsb | ufSaisieHeures:txtActivite_AfterUpdate = '0,0352 secondes'

2025-01-09 09:09:27.83 | GuillaumeCharron | APP_v5.J.xlsb | ufSaisieHeures:txtHeures_AfterUpdate[1]
2025-01-09 09:09:27.88 | GuillaumeCharron | APP_v5.J.xlsb | ufSaisieHeures:txtHeures_AfterUpdate = '0,0586 secondes'

2025-01-09 09:09:27.91 | GuillaumeCharron | APP_v5.J.xlsb | ufSaisieHeures:txtHeures_Exit[1,00]
2025-01-09 09:09:27.93 | GuillaumeCharron | APP_v5.J.xlsb | ufSaisieHeures:txtHeures_Exit = '0,0234 secondes'

2025-01-09 09:09:29.80 | GuillaumeCharron | APP_v5.J.xlsb | ufSaisieHeures:cmdAdd_Click
2025-01-09 09:09:29.82 | GuillaumeCharron | APP_v5.J.xlsb | modTEC_Saisie:TEC_Ajoute_Ligne
2025-01-09 09:09:29.85 | GuillaumeCharron | APP_v5.J.xlsb | modTEC_Saisie:TEC_Record_Add_Or_Update_To_DB(0)
2025-01-09 09:09:30.28 | GuillaumeCharron | APP_v5.J.xlsb | modTEC_Saisie:TEC_Record_Add_Or_Update_To_DB - 0 = '0,4336 secondes'

2025-01-09 09:09:30.30 | GuillaumeCharron | APP_v5.J.xlsb | modTEC_Saisie:TEC_Record_Add_Or_Update_Locally(0)
2025-01-09 09:09:30.42 | GuillaumeCharron | APP_v5.J.xlsb | modTEC_Saisie:TEC_Record_Add_Or_Update_Locally - 0 = '0,1211 secondes'

2025-01-09 09:09:30.45 | GuillaumeCharron | APP_v5.J.xlsb | modTEC_Saisie:TEC_Get_All_TEC_AF - 1/2025-01-09
2025-01-09 09:09:30.62 | GuillaumeCharron | APP_v5.J.xlsb | modTEC_Saisie:TEC_Get_All_TEC_AF = '0,1758 secondes'

2025-01-09 09:09:30.64 | GuillaumeCharron | APP_v5.J.xlsb | modTEC_Saisie:TEC_Refresh_ListBox_And_Add_Hours - 1/2025-01-09
2025-01-09 09:09:30.69 | GuillaumeCharron | APP_v5.J.xlsb | wshTEC_TDB_Data:Worksheet_Change($U$7)
2025-01-09 09:09:30.71 | GuillaumeCharron | APP_v5.J.xlsb | modTEC_TDB:ActualiserTEC_TDB
2025-01-09 09:09:30.74 | GuillaumeCharron | APP_v5.J.xlsb | modTEC_Saisie:TEC_Update_TDB_From_TEC_Local
2025-01-09 09:09:30.89 | GuillaumeCharron | APP_v5.J.xlsb | modTEC_Saisie:TEC_Update_TDB_From_TEC_Local = '0,1562 secondes'

2025-01-09 09:09:30.93 | GuillaumeCharron | APP_v5.J.xlsb | modTEC_Saisie:TEC_TdB_Refresh_All_Pivot_Tables
2025-01-09 09:09:31.14 | GuillaumeCharron | APP_v5.J.xlsb | modTEC_Saisie:TEC_TdB_Refresh_All_Pivot_Tables = '0,2148 secondes'

2025-01-09 09:09:31.17 | GuillaumeCharron | APP_v5.J.xlsb | modTEC_TDB:ActualiserTEC_TDB = '0,4609 secondes'

2025-01-09 09:09:31.20 | GuillaumeCharron | APP_v5.J.xlsb | modStatsHeures:Stats_Heures_AF
2025-01-09 09:09:31.60 | GuillaumeCharron | APP_v5.J.xlsb | modStatsHeures:Stats_Heures_AF = '0,4062 secondes'

2025-01-09 09:09:31.62 | GuillaumeCharron | APP_v5.J.xlsb | modAppli:UpdatePivotTables
2025-01-09 09:09:31.72 | GuillaumeCharron | APP_v5.J.xlsb | modAppli:UpdatePivotTables = '0,1055 secondes'

2025-01-09 09:09:31.75 | GuillaumeCharron | APP_v5.J.xlsb | wshTEC_TDB_Data:Worksheet_Change = '1,0664 secondes'

2025-01-09 09:09:31.83 | GuillaumeCharron | APP_v5.J.xlsb | modTEC_Saisie:TEC_Refresh_ListBox_And_Add_Hours - 1/2025-01-09 = '1,1914 secondes'

2025-01-09 09:09:31.86 | GuillaumeCharron | APP_v5.J.xlsb | modTEC_Saisie:TEC_Ajoute_Ligne = '2,0391 secondes'

2025-01-09 09:09:31.89 | GuillaumeCharron | APP_v5.J.xlsb | ufSaisieHeures:cmdAdd_Click = '2,0898 secondes'

2025-01-09 09:09:34.20 | GuillaumeCharron | APP_v5.J.xlsb | ufSaisieHeures:UserForm_Terminate
2025-01-09 09:09:34.24 | GuillaumeCharron | APP_v5.J.xlsb | ufSaisieHeures:UserForm_Terminate = '0,0469 secondes'

2025-01-09 09:09:35.09 | GuillaumeCharron | APP_v5.J.xlsb | modMenu:Hide_All_Worksheets_Except_Menu
2025-01-09 09:09:35.13 | GuillaumeCharron | APP_v5.J.xlsb | modMenu:Hide_All_Worksheets_Except_Menu = '0,0430 secondes'

2025-01-09 09:09:35.91 | GuillaumeCharron | APP_v5.J.xlsb | modMenu:SauvegarderEtSortirApplication
2025-01-09 09:09:36.95 | GuillaumeCharron | APP_v5.J.xlsb | modMenu:Delete_User_Active_File
2025-01-09 09:09:36.98 | GuillaumeCharron | APP_v5.J.xlsb | modMenu:Delete_User_Active_File = '0,0391 secondes'

2025-01-09 09:09:37.01 | GuillaumeCharron | APP_v5.J.xlsb | ***** Session terminée NORMALEMENT (modMenu:SauvegarderEtSortirApplication) *****

