2025-01-14 11:28:58.87 | GuillaumeCharron | Clients_v5.1.xlsm | ***** Début de session - Workbook_Open ***** | 
2025-01-14 11:28:58.90 | GuillaumeCharron | Clients_v5.1.xlsm | modMain:CM_Client_List_Import_All | 
2025-01-14 11:28:59.32 | GuillaumeCharron | Clients_v5.1.xlsm | modMain:CM_Apply_Worksheet_Format | 
2025-01-14 11:28:59.40 | GuillaumeCharron | Clients_v5.1.xlsm | modMain:CM_Apply_Worksheet_Format = '0,0781 secondes'
2025-01-14 11:28:59.50 | GuillaumeCharron | Clients_v5.1.xlsm | modMain:CM_Client_List_Import_All = '0,6055 secondes'
2025-01-14 11:28:59.56 | GuillaumeCharron | Clients_v5.1.xlsm | ufClientMF:UserForm_Initialize | 
2025-01-14 11:28:59.58 | GuillaumeCharron | Clients_v5.1.xlsm | modMain:CM_Reset_UserForm | 
2025-01-14 11:28:59.60 | GuillaumeCharron | Clients_v5.1.xlsm | modMain:CM_Add_SearchColumn | 
2025-01-14 11:28:59.62 | GuillaumeCharron | Clients_v5.1.xlsm | ufClientMF:cmbSearchColumn_Change | 
2025-01-14 11:28:59.63 | GuillaumeCharron | Clients_v5.1.xlsm | ufClientMF:cmbSearchColumn_Change = '0,0195 secondes'
2025-01-14 11:28:59.65 | GuillaumeCharron | Clients_v5.1.xlsm | modMain:CM_Add_SearchColumn = '0,0508 secondes'
2025-01-14 11:28:59.69 | GuillaumeCharron | Clients_v5.1.xlsm | modMain:CM_Reset_UserForm = '0,1172 secondes'
2025-01-14 11:28:59.71 | GuillaumeCharron | Clients_v5.1.xlsm | ufClientMF:UserForm_Initialize = '0,1523 secondes'
2025-01-14 11:29:02.56 | GuillaumeCharron | Clients_v5.1.xlsm | ufClientMF:txtNomClient_Exit | 
2025-01-14 11:29:02.58 | GuillaumeCharron | Clients_v5.1.xlsm | ufClientMF:txtNomClient_Exit = '0,0234 secondes'
2025-01-14 11:29:02.63 | GuillaumeCharron | Clients_v5.1.xlsm | ufClientMF:cmdAddClient_Click | 
2025-01-14 11:29:02.64 | GuillaumeCharron | Clients_v5.1.xlsm | modMain:CM_Reset_UserForm | 
2025-01-14 11:29:02.66 | GuillaumeCharron | Clients_v5.1.xlsm | modMain:CM_Add_SearchColumn | 
2025-01-14 11:29:02.68 | GuillaumeCharron | Clients_v5.1.xlsm | ufClientMF:cmbSearchColumn_Change | 
2025-01-14 11:29:02.70 | GuillaumeCharron | Clients_v5.1.xlsm | ufClientMF:cmbSearchColumn_Change = '0,0195 secondes'
2025-01-14 11:29:02.71 | GuillaumeCharron | Clients_v5.1.xlsm | ufClientMF:cmbSearchColumn_Change | 
2025-01-14 11:29:02.73 | GuillaumeCharron | Clients_v5.1.xlsm | ufClientMF:cmbSearchColumn_Change = '0,0195 secondes'
2025-01-14 11:29:02.75 | GuillaumeCharron | Clients_v5.1.xlsm | modMain:CM_Add_SearchColumn = '0,0898 secondes'
2025-01-14 11:29:02.79 | GuillaumeCharron | Clients_v5.1.xlsm | modMain:CM_Reset_UserForm = '0,1445 secondes'
2025-01-14 11:29:04.34 | GuillaumeCharron | Clients_v5.1.xlsm | ufClientMF:cmdAddClient_Click = '1,7188 secondes'
2025-01-14 11:29:06.80 | GuillaumeCharron | Clients_v5.1.xlsm | ufClientMF:txtCodeClient_Exit | 
2025-01-14 11:29:06.82 | GuillaumeCharron | Clients_v5.1.xlsm | modMain:Fn_Is_Client_Code_Already_Used | 
2025-01-14 11:29:06.84 | GuillaumeCharron | Clients_v5.1.xlsm | modMain:Fn_Is_Client_Code_Already_Used | checkPoint | FAUX
2025-01-14 11:29:06.86 | GuillaumeCharron | Clients_v5.1.xlsm | modMain:Fn_Is_Client_Code_Already_Used = '0,0391 secondes'
2025-01-14 11:29:06.88 | GuillaumeCharron | Clients_v5.1.xlsm | ufClientMF:txtCodeClient_Exit = '0,0742 secondes'
2025-01-14 11:29:18.11 | GuillaumeCharron | Clients_v5.1.xlsm | ufClientMF:txtNomClient_Exit | 
2025-01-14 11:29:18.13 | GuillaumeCharron | Clients_v5.1.xlsm | ufClientMF:txtNomClient_Exit = '0,0234 secondes'
2025-01-14 11:29:28.16 | GuillaumeCharron | Clients_v5.1.xlsm | ufClientMF:txtNomClient_Exit | 
2025-01-14 11:29:28.18 | GuillaumeCharron | Clients_v5.1.xlsm | ufClientMF:txtNomClient_Exit = '0,0234 secondes'
2025-01-14 11:30:14.23 | GuillaumeCharron | Clients_v5.1.xlsm | modMain:Fn_Fix_Txt_Fin_Annee | 
2025-01-14 11:30:14.25 | GuillaumeCharron | Clients_v5.1.xlsm | modMain:Fn_Fix_Txt_Fin_Annee = '0,0273 secondes'
2025-01-14 11:30:19.90 | GuillaumeCharron | Clients_v5.1.xlsm | ufClientMF:cmdSave_Click | 
2025-01-14 11:30:19.93 | GuillaumeCharron | Clients_v5.1.xlsm | modMain:Fn_ValidateEntries | 
2025-01-14 11:30:19.95 | GuillaumeCharron | Clients_v5.1.xlsm | modMain:Fn_ValidateEntries = '0,0234 secondes'
2025-01-14 11:30:19.97 | GuillaumeCharron | Clients_v5.1.xlsm | ufClientMF:Fix_Some_Fields | 
2025-01-14 11:30:19.99 | GuillaumeCharron | Clients_v5.1.xlsm | ufClientMF:Fix_Some_Fields = '0,0234 secondes'
2025-01-14 11:30:21.54 | GuillaumeCharron | Clients_v5.1.xlsm | modMain:Fn_Is_Client_Code_Already_Used | 
2025-01-14 11:30:21.56 | GuillaumeCharron | Clients_v5.1.xlsm | modMain:Fn_Is_Client_Code_Already_Used | checkPoint | FAUX
2025-01-14 11:30:21.58 | GuillaumeCharron | Clients_v5.1.xlsm | modMain:Fn_Is_Client_Code_Already_Used = '0,0508 secondes'
2025-01-14 11:30:21.60 | GuillaumeCharron | Clients_v5.1.xlsm | modMain:CM_Update_External_GCF_BD_Entrée | NEW_RECORD
2025-01-14 11:30:23.15 | GuillaumeCharron | Clients_v5.1.xlsm | modMain:CM_Update_External_GCF_BD_Entrée | checkPoint | DDM (0.0.0.1)
2025-01-14 11:30:23.20 | GuillaumeCharron | Clients_v5.1.xlsm | modMain:CM_Update_External_GCF_BD_Entrée = '1,6055 secondes'
2025-01-14 11:30:23.22 | GuillaumeCharron | Clients_v5.1.xlsm | modMain:CM_Update_Locally_GCF_BD_Entrée | 
2025-01-14 11:30:23.24 | GuillaumeCharron | Clients_v5.1.xlsm | modMain:CM_Update_Locally_GCF_BD_Entrée = '0,0195 secondes'
2025-01-14 11:30:23.26 | GuillaumeCharron | Clients_v5.1.xlsm | modMain:CM_Reset_UserForm | 
2025-01-14 11:30:23.28 | GuillaumeCharron | Clients_v5.1.xlsm | modMain:CM_Add_SearchColumn | 
2025-01-14 11:30:23.30 | GuillaumeCharron | Clients_v5.1.xlsm | ufClientMF:cmbSearchColumn_Change | 
2025-01-14 11:30:23.31 | GuillaumeCharron | Clients_v5.1.xlsm | ufClientMF:cmbSearchColumn_Change = '0,0195 secondes'
2025-01-14 11:30:23.33 | GuillaumeCharron | Clients_v5.1.xlsm | ufClientMF:cmbSearchColumn_Change | 
2025-01-14 11:30:23.35 | GuillaumeCharron | Clients_v5.1.xlsm | ufClientMF:cmbSearchColumn_Change = '0,0234 secondes'
2025-01-14 11:30:23.36 | GuillaumeCharron | Clients_v5.1.xlsm | modMain:CM_Add_SearchColumn = '0,0898 secondes'
2025-01-14 11:30:23.40 | GuillaumeCharron | Clients_v5.1.xlsm | modMain:CM_Reset_UserForm = '0,1484 secondes'
2025-01-14 11:30:23.43 | GuillaumeCharron | Clients_v5.1.xlsm | ufClientMF:lstDonnées_Click | 
2025-01-14 11:30:23.45 | GuillaumeCharron | Clients_v5.1.xlsm | ufClientMF:lstDonnées_Click = '0,0234 secondes'
2025-01-14 11:30:23.46 | GuillaumeCharron | Clients_v5.1.xlsm | ufClientMF:cmdSave_Click = '3,5625 secondes'
2025-01-14 11:30:25.80 | GuillaumeCharron | Clients_v5.1.xlsm | ***** Fin de session - Workbook_BeforeClose ***** | 
