2025-02-12 09:00:59.80 | User | Clients_v5.2.xlsm | ***** Début de session - Workbook_Open ***** | 
2025-02-12 09:00:59.87 | User | Clients_v5.2.xlsm | modMain:CM_Client_List_Import_All | 
2025-02-12 09:01:00.49 | User | Clients_v5.2.xlsm | modMain:CM_Apply_Worksheet_Format | 
2025-02-12 09:01:00.63 | User | Clients_v5.2.xlsm | modMain:CM_Apply_Worksheet_Format = '0,1543 secondes'
2025-02-12 09:01:00.78 | User | Clients_v5.2.xlsm | modMain:CM_Client_List_Import_All = '0,9199 secondes'
2025-02-12 09:01:00.94 | User | Clients_v5.2.xlsm | ufClientMF:UserForm_Initialize | 
2025-02-12 09:01:00.98 | User | Clients_v5.2.xlsm | modMain:CM_Reset_UserForm | 
2025-02-12 09:01:01.03 | User | Clients_v5.2.xlsm | modMain:CM_Add_SearchColumn | 
2025-02-12 09:01:01.07 | User | Clients_v5.2.xlsm | ufClientMF:cmbSearchColumn_Change | 
2025-02-12 09:01:01.11 | User | Clients_v5.2.xlsm | ufClientMF:cmbSearchColumn_Change = '0,0430 secondes'
2025-02-12 09:01:01.14 | User | Clients_v5.2.xlsm | modMain:CM_Add_SearchColumn = '0,1191 secondes'
2025-02-12 09:01:01.21 | User | Clients_v5.2.xlsm | modMain:CM_Reset_UserForm = '0,2402 secondes'
2025-02-12 09:01:01.26 | User | Clients_v5.2.xlsm | ufClientMF:UserForm_Initialize = '0,3262 secondes'
2025-02-12 09:01:39.63 | User | Clients_v5.2.xlsm | ufClientMF:cmdSearch_Click | 
2025-02-12 09:01:39.69 | User | Clients_v5.2.xlsm | modMain:CM_Build_Données_Recherche | 
2025-02-12 09:01:42.26 | User | Clients_v5.2.xlsm | modMain:CM_Build_Données_Recherche = '2,5703 secondes'
2025-02-12 09:01:42.31 | User | Clients_v5.2.xlsm | ufClientMF:cmdSearch_Click = '2,6836 secondes'
2025-02-12 09:01:46.22 | User | Clients_v5.2.xlsm | ufClientMF:cmbSearchColumn_Change | 
2025-02-12 09:01:46.27 | User | Clients_v5.2.xlsm | ufClientMF:cmbSearchColumn_Change = '0,0508 secondes'
2025-02-12 09:01:50.34 | User | Clients_v5.2.xlsm | ufClientMF:cmdSearch_Click | 
2025-02-12 09:01:50.39 | User | Clients_v5.2.xlsm | modMain:CM_Build_Données_Recherche | 
2025-02-12 09:01:52.63 | User | Clients_v5.2.xlsm | modMain:CM_Build_Données_Recherche = '2,3379 secondes'
2025-02-12 09:01:52.78 | User | Clients_v5.2.xlsm | ufClientMF:cmdSearch_Click = '2,4453 secondes'
2025-02-12 09:01:54.61 | User | Clients_v5.2.xlsm | ufClientMF:cmbSearchColumn_Change | 
2025-02-12 09:01:54.66 | User | Clients_v5.2.xlsm | ufClientMF:cmbSearchColumn_Change = '0,0547 secondes'
2025-02-12 09:01:58.79 | User | Clients_v5.2.xlsm | ufClientMF:cmdSearch_Click | 
2025-02-12 09:01:58.83 | User | Clients_v5.2.xlsm | modMain:CM_Build_Données_Recherche | 
2025-02-12 09:02:00.81 | User | Clients_v5.2.xlsm | modMain:CM_Build_Données_Recherche = '2,0000 secondes'
2025-02-12 09:02:00.87 | User | Clients_v5.2.xlsm | ufClientMF:cmdSearch_Click = '2,0898 secondes'
2025-02-12 09:02:29.59 | User | Clients_v5.2.xlsm | ufClientMF:lstDonnées_Click | 
2025-02-12 09:02:29.64 | User | Clients_v5.2.xlsm | ufClientMF:lstDonnées_Click = '0,0625 secondes'
2025-02-12 09:02:33.95 | User | Clients_v5.2.xlsm | ufClientMF:cmdSearch_Click | 
2025-02-12 09:02:33.99 | User | Clients_v5.2.xlsm | modMain:CM_Build_Données_Recherche | 
2025-02-12 09:02:34.04 | User | Clients_v5.2.xlsm | ufClientMF:lstDonnées_Click | 
2025-02-12 09:02:34.08 | User | Clients_v5.2.xlsm | ufClientMF:lstDonnées_Click = '0,0547 secondes'
2025-02-12 09:02:34.14 | User | Clients_v5.2.xlsm | ufClientMF:lstDonnées_Click | 
2025-02-12 09:02:34.18 | User | Clients_v5.2.xlsm | ufClientMF:lstDonnées_Click = '0,0469 secondes'
2025-02-12 09:02:35.75 | User | Clients_v5.2.xlsm | ufClientMF:lstDonnées_Click | 
2025-02-12 09:02:35.79 | User | Clients_v5.2.xlsm | ufClientMF:lstDonnées_Click = '0,0527 secondes'
2025-02-12 09:02:35.87 | User | Clients_v5.2.xlsm | ufClientMF:lstDonnées_Click | 
2025-02-12 09:02:35.92 | User | Clients_v5.2.xlsm | ufClientMF:lstDonnées_Click = '0,0566 secondes'
2025-02-12 09:02:35.98 | User | Clients_v5.2.xlsm | modMain:CM_Build_Données_Recherche = '2,0039 secondes'
2025-02-12 09:02:36.03 | User | Clients_v5.2.xlsm | ufClientMF:cmdSearch_Click = '2,0859 secondes'
2025-02-12 09:02:37.94 | User | Clients_v5.2.xlsm | ufClientMF:cmbSearchColumn_Change | 
2025-02-12 09:02:37.99 | User | Clients_v5.2.xlsm | ufClientMF:cmbSearchColumn_Change = '0,0547 secondes'
2025-02-12 09:02:40.90 | User | Clients_v5.2.xlsm | ufClientMF:cmdSearch_Click | 
2025-02-12 09:02:40.96 | User | Clients_v5.2.xlsm | modMain:CM_Build_Données_Recherche | 
2025-02-12 09:02:41.01 | User | Clients_v5.2.xlsm | ufClientMF:lstDonnées_Click | 
2025-02-12 09:02:41.05 | User | Clients_v5.2.xlsm | ufClientMF:lstDonnées_Click = '0,0508 secondes'
2025-02-12 09:02:41.11 | User | Clients_v5.2.xlsm | ufClientMF:lstDonnées_Click | 
2025-02-12 09:02:41.15 | User | Clients_v5.2.xlsm | ufClientMF:lstDonnées_Click = '0,0488 secondes'
2025-02-12 09:02:42.66 | User | Clients_v5.2.xlsm | ufClientMF:lstDonnées_Click | 
2025-02-12 09:02:42.71 | User | Clients_v5.2.xlsm | ufClientMF:lstDonnées_Click = '0,0586 secondes'
2025-02-12 09:02:42.79 | User | Clients_v5.2.xlsm | ufClientMF:lstDonnées_Click | 
2025-02-12 09:02:42.86 | User | Clients_v5.2.xlsm | ufClientMF:lstDonnées_Click = '0,0762 secondes'
2025-02-12 09:02:42.93 | User | Clients_v5.2.xlsm | modMain:CM_Build_Données_Recherche = '1,9766 secondes'
2025-02-12 09:02:42.97 | User | Clients_v5.2.xlsm | ufClientMF:cmdSearch_Click = '2,0742 secondes'
2025-02-12 09:02:44.65 | User | Clients_v5.2.xlsm | ufClientMF:cmbSearchColumn_Change | 
2025-02-12 09:02:44.70 | User | Clients_v5.2.xlsm | ufClientMF:cmbSearchColumn_Change = '0,0508 secondes'
2025-02-12 09:02:48.06 | User | Clients_v5.2.xlsm | ufClientMF:cmdSearch_Click | 
2025-02-12 09:02:48.11 | User | Clients_v5.2.xlsm | modMain:CM_Build_Données_Recherche | 
2025-02-12 09:02:48.15 | User | Clients_v5.2.xlsm | ufClientMF:lstDonnées_Click | 
2025-02-12 09:02:48.20 | User | Clients_v5.2.xlsm | ufClientMF:lstDonnées_Click = '0,0547 secondes'
2025-02-12 09:02:48.26 | User | Clients_v5.2.xlsm | ufClientMF:lstDonnées_Click | 
2025-02-12 09:02:48.30 | User | Clients_v5.2.xlsm | ufClientMF:lstDonnées_Click = '0,0469 secondes'
2025-02-12 09:02:50.09 | User | Clients_v5.2.xlsm | ufClientMF:lstDonnées_Click | 
2025-02-12 09:02:50.13 | User | Clients_v5.2.xlsm | ufClientMF:lstDonnées_Click = '0,0488 secondes'
2025-02-12 09:02:50.20 | User | Clients_v5.2.xlsm | ufClientMF:lstDonnées_Click | 
2025-02-12 09:02:50.26 | User | Clients_v5.2.xlsm | ufClientMF:lstDonnées_Click = '0,0723 secondes'
2025-02-12 09:02:50.36 | User | Clients_v5.2.xlsm | modMain:CM_Build_Données_Recherche = '2,2539 secondes'
2025-02-12 09:02:50.40 | User | Clients_v5.2.xlsm | ufClientMF:cmdSearch_Click = '2,3398 secondes'
2025-02-12 09:03:07.08 | User | Clients_v5.2.xlsm | ufClientMF:txtNomClient_Exit | 
2025-02-12 09:03:07.14 | User | Clients_v5.2.xlsm | ufClientMF:txtNomClient_Exit = '0,0605 secondes'
2025-02-12 09:03:08.60 | User | Clients_v5.2.xlsm | ***** Fin de session - Workbook_BeforeClose ***** | 
2025-02-12 09:09:50.04 | GuillaumeCharron | Clients_v5.2.xlsm | ***** Début de session - Workbook_Open ***** | 
2025-02-12 09:09:50.07 | GuillaumeCharron | Clients_v5.2.xlsm | modMain:CM_Client_List_Import_All | 
2025-02-12 09:09:50.40 | GuillaumeCharron | Clients_v5.2.xlsm | modMain:CM_Apply_Worksheet_Format | 
2025-02-12 09:09:50.47 | GuillaumeCharron | Clients_v5.2.xlsm | modMain:CM_Apply_Worksheet_Format = '0,0742 secondes'
2025-02-12 09:09:50.56 | GuillaumeCharron | Clients_v5.2.xlsm | modMain:CM_Client_List_Import_All = '0,5000 secondes'
2025-02-12 09:09:50.63 | GuillaumeCharron | Clients_v5.2.xlsm | ufClientMF:UserForm_Initialize | 
2025-02-12 09:09:50.64 | GuillaumeCharron | Clients_v5.2.xlsm | modMain:CM_Reset_UserForm | 
2025-02-12 09:09:50.66 | GuillaumeCharron | Clients_v5.2.xlsm | modMain:CM_Add_SearchColumn | 
2025-02-12 09:09:50.68 | GuillaumeCharron | Clients_v5.2.xlsm | ufClientMF:cmbSearchColumn_Change | 
2025-02-12 09:09:50.70 | GuillaumeCharron | Clients_v5.2.xlsm | ufClientMF:cmbSearchColumn_Change = '0,0195 secondes'
2025-02-12 09:09:50.72 | GuillaumeCharron | Clients_v5.2.xlsm | modMain:CM_Add_SearchColumn = '0,0586 secondes'
2025-02-12 09:09:50.76 | GuillaumeCharron | Clients_v5.2.xlsm | modMain:CM_Reset_UserForm = '0,1250 secondes'
2025-02-12 09:09:50.79 | GuillaumeCharron | Clients_v5.2.xlsm | ufClientMF:UserForm_Initialize = '0,1602 secondes'
2025-02-12 09:09:53.89 | GuillaumeCharron | Clients_v5.2.xlsm | ufClientMF:txtNomClient_Exit | 
2025-02-12 09:09:53.91 | GuillaumeCharron | Clients_v5.2.xlsm | ufClientMF:txtNomClient_Exit = '0,0234 secondes'
2025-02-12 09:09:53.93 | GuillaumeCharron | Clients_v5.2.xlsm | ufClientMF:cmdAddClient_Click | 
2025-02-12 09:09:53.95 | GuillaumeCharron | Clients_v5.2.xlsm | modMain:CM_Reset_UserForm | 
2025-02-12 09:09:53.97 | GuillaumeCharron | Clients_v5.2.xlsm | modMain:CM_Add_SearchColumn | 
2025-02-12 09:09:53.99 | GuillaumeCharron | Clients_v5.2.xlsm | ufClientMF:cmbSearchColumn_Change | 
2025-02-12 09:09:54.01 | GuillaumeCharron | Clients_v5.2.xlsm | ufClientMF:cmbSearchColumn_Change = '0,0273 secondes'
2025-02-12 09:09:54.03 | GuillaumeCharron | Clients_v5.2.xlsm | ufClientMF:cmbSearchColumn_Change | 
2025-02-12 09:09:54.05 | GuillaumeCharron | Clients_v5.2.xlsm | ufClientMF:cmbSearchColumn_Change = '0,0195 secondes'
2025-02-12 09:09:54.07 | GuillaumeCharron | Clients_v5.2.xlsm | modMain:CM_Add_SearchColumn = '0,0977 secondes'
2025-02-12 09:09:54.11 | GuillaumeCharron | Clients_v5.2.xlsm | modMain:CM_Reset_UserForm = '0,1602 secondes'
2025-02-12 09:09:55.94 | GuillaumeCharron | Clients_v5.2.xlsm | ufClientMF:cmdAddClient_Click = '2,0078 secondes'
2025-02-12 09:09:59.23 | GuillaumeCharron | Clients_v5.2.xlsm | ufClientMF:txtCodeClient_Exit | 
2025-02-12 09:09:59.25 | GuillaumeCharron | Clients_v5.2.xlsm | modMain:Fn_Is_Client_Code_Already_Used | 
2025-02-12 09:09:59.27 | GuillaumeCharron | Clients_v5.2.xlsm | modMain:Fn_Is_Client_Code_Already_Used | checkPoint | FAUX
2025-02-12 09:09:59.29 | GuillaumeCharron | Clients_v5.2.xlsm | modMain:Fn_Is_Client_Code_Already_Used = '0,0391 secondes'
2025-02-12 09:09:59.31 | GuillaumeCharron | Clients_v5.2.xlsm | ufClientMF:txtCodeClient_Exit = '0,0820 secondes'
2025-02-12 09:10:00.81 | GuillaumeCharron | Clients_v5.2.xlsm | ufClientMF:txtNomClient_Exit | 
2025-02-12 09:10:00.83 | GuillaumeCharron | Clients_v5.2.xlsm | ufClientMF:txtNomClient_Exit = '0,0234 secondes'
2025-02-12 09:11:13.90 | GuillaumeCharron | Clients_v5.2.xlsm | modMain:Fn_Fix_Txt_Fin_Annee | 
2025-02-12 09:11:13.92 | GuillaumeCharron | Clients_v5.2.xlsm | modMain:Fn_Fix_Txt_Fin_Annee = '0,0234 secondes'
2025-02-12 09:11:23.50 | GuillaumeCharron | Clients_v5.2.xlsm | ufClientMF:cmdSave_Click | 
2025-02-12 09:11:23.53 | GuillaumeCharron | Clients_v5.2.xlsm | modMain:Fn_ValidateEntries | 
2025-02-12 09:11:23.54 | GuillaumeCharron | Clients_v5.2.xlsm | modMain:Fn_ValidateEntries = '0,0195 secondes'
2025-02-12 09:11:23.56 | GuillaumeCharron | Clients_v5.2.xlsm | ufClientMF:Fix_Some_Fields | 
2025-02-12 09:11:23.58 | GuillaumeCharron | Clients_v5.2.xlsm | ufClientMF:Fix_Some_Fields = '0,0156 secondes'
2025-02-12 09:11:24.88 | GuillaumeCharron | Clients_v5.2.xlsm | modMain:Fn_Is_Client_Code_Already_Used | 
2025-02-12 09:11:24.91 | GuillaumeCharron | Clients_v5.2.xlsm | modMain:Fn_Is_Client_Code_Already_Used | checkPoint | FAUX
2025-02-12 09:11:24.92 | GuillaumeCharron | Clients_v5.2.xlsm | modMain:Fn_Is_Client_Code_Already_Used = '0,0430 secondes'
2025-02-12 09:11:24.94 | GuillaumeCharron | Clients_v5.2.xlsm | modMain:CM_Update_External_GCF_BD_Entrée | NEW_RECORD
2025-02-12 09:11:26.65 | GuillaumeCharron | Clients_v5.2.xlsm | modMain:CM_Update_External_GCF_BD_Entrée | checkPoint | DDM (0.0.0.0)
2025-02-12 09:11:26.77 | GuillaumeCharron | Clients_v5.2.xlsm | modMain:CM_Update_External_GCF_BD_Entrée = '1,8320 secondes'
2025-02-12 09:11:26.79 | GuillaumeCharron | Clients_v5.2.xlsm | modMain:CM_Update_Locally_GCF_BD_Entrée | 
2025-02-12 09:11:26.81 | GuillaumeCharron | Clients_v5.2.xlsm | modMain:CM_Update_Locally_GCF_BD_Entrée = '0,0273 secondes'
2025-02-12 09:11:26.83 | GuillaumeCharron | Clients_v5.2.xlsm | modMain:CM_Reset_UserForm | 
2025-02-12 09:11:26.85 | GuillaumeCharron | Clients_v5.2.xlsm | modMain:CM_Add_SearchColumn | 
2025-02-12 09:11:26.88 | GuillaumeCharron | Clients_v5.2.xlsm | ufClientMF:cmbSearchColumn_Change | 
2025-02-12 09:11:26.89 | GuillaumeCharron | Clients_v5.2.xlsm | ufClientMF:cmbSearchColumn_Change = '0,0234 secondes'
2025-02-12 09:11:26.91 | GuillaumeCharron | Clients_v5.2.xlsm | ufClientMF:cmbSearchColumn_Change | 
2025-02-12 09:11:26.93 | GuillaumeCharron | Clients_v5.2.xlsm | ufClientMF:cmbSearchColumn_Change = '0,0195 secondes'
2025-02-12 09:11:26.95 | GuillaumeCharron | Clients_v5.2.xlsm | modMain:CM_Add_SearchColumn = '0,1055 secondes'
2025-02-12 09:11:26.99 | GuillaumeCharron | Clients_v5.2.xlsm | modMain:CM_Reset_UserForm = '0,1641 secondes'
2025-02-12 09:11:27.04 | GuillaumeCharron | Clients_v5.2.xlsm | ufClientMF:lstDonnées_Click | 
2025-02-12 09:11:27.06 | GuillaumeCharron | Clients_v5.2.xlsm | ufClientMF:lstDonnées_Click = '0,0234 secondes'
2025-02-12 09:11:27.08 | GuillaumeCharron | Clients_v5.2.xlsm | ufClientMF:cmdSave_Click = '3,5820 secondes'
2025-02-12 09:11:29.83 | GuillaumeCharron | Clients_v5.2.xlsm | ***** Fin de session - Workbook_BeforeClose ***** | 
2025-02-12 09:18:51.39 | User | Clients_v5.2.xlsm | ***** Début de session - Workbook_Open ***** | 
2025-02-12 09:18:51.46 | User | Clients_v5.2.xlsm | modMain:CM_Client_List_Import_All | 
2025-02-12 09:18:51.86 | User | Clients_v5.2.xlsm | modMain:CM_Apply_Worksheet_Format | 
2025-02-12 09:18:51.97 | User | Clients_v5.2.xlsm | modMain:CM_Apply_Worksheet_Format = '0,1133 secondes'
2025-02-12 09:18:52.07 | User | Clients_v5.2.xlsm | modMain:CM_Client_List_Import_All = '0,6133 secondes'
2025-02-12 09:18:52.14 | User | Clients_v5.2.xlsm | ufClientMF:UserForm_Initialize | 
2025-02-12 09:18:52.18 | User | Clients_v5.2.xlsm | modMain:CM_Reset_UserForm | 
2025-02-12 09:18:52.23 | User | Clients_v5.2.xlsm | modMain:CM_Add_SearchColumn | 
2025-02-12 09:18:52.27 | User | Clients_v5.2.xlsm | ufClientMF:cmbSearchColumn_Change | 
2025-02-12 09:18:52.31 | User | Clients_v5.2.xlsm | ufClientMF:cmbSearchColumn_Change = '0,0469 secondes'
2025-02-12 09:18:52.36 | User | Clients_v5.2.xlsm | modMain:CM_Add_SearchColumn = '0,1328 secondes'
2025-02-12 09:18:52.42 | User | Clients_v5.2.xlsm | modMain:CM_Reset_UserForm = '0,2383 secondes'
2025-02-12 09:18:52.46 | User | Clients_v5.2.xlsm | ufClientMF:UserForm_Initialize = '0,3203 secondes'
2025-02-12 09:19:09.27 | User | Clients_v5.2.xlsm | ufClientMF:cmdSearch_Click | 
2025-02-12 09:19:09.33 | User | Clients_v5.2.xlsm | modMain:CM_Build_Données_Recherche | 
2025-02-12 09:19:11.02 | User | Clients_v5.2.xlsm | modMain:CM_Build_Données_Recherche = '1,7070 secondes'
2025-02-12 09:19:11.09 | User | Clients_v5.2.xlsm | ufClientMF:cmdSearch_Click = '1,8242 secondes'
2025-02-12 09:19:15.09 | User | Clients_v5.2.xlsm | ufClientMF:cmbSearchColumn_Change | 
2025-02-12 09:19:15.14 | User | Clients_v5.2.xlsm | ufClientMF:cmbSearchColumn_Change = '0,0547 secondes'
2025-02-12 09:19:18.27 | User | Clients_v5.2.xlsm | ufClientMF:cmdSearch_Click | 
2025-02-12 09:19:18.32 | User | Clients_v5.2.xlsm | modMain:CM_Build_Données_Recherche | 
2025-02-12 09:19:18.46 | User | Clients_v5.2.xlsm | modMain:CM_Build_Données_Recherche = '0,1484 secondes'
2025-02-12 09:19:18.50 | User | Clients_v5.2.xlsm | ufClientMF:cmdSearch_Click = '0,2461 secondes'
2025-02-12 09:19:24.06 | User | Clients_v5.2.xlsm | ufClientMF:lstDonnées_Click | 
2025-02-12 09:19:24.12 | User | Clients_v5.2.xlsm | ufClientMF:lstDonnées_Click = '0,0664 secondes'
2025-02-12 09:19:24.22 | User | Clients_v5.2.xlsm | ufClientMF:lstDonnées_DblClick | 
2025-02-12 09:19:24.26 | User | Clients_v5.2.xlsm | ufClientMF:cmdEdit_Click | 
2025-02-12 09:19:24.30 | User | Clients_v5.2.xlsm | modMain:Fn_Selected_List | 
2025-02-12 09:19:24.35 | User | Clients_v5.2.xlsm | modMain:Fn_Selected_List = '0,0508 secondes'
2025-02-12 09:19:24.39 | User | Clients_v5.2.xlsm | modMain:Fn_Selected_List | 
2025-02-12 09:19:24.43 | User | Clients_v5.2.xlsm | modMain:Fn_Selected_List = '0,0469 secondes'
2025-02-12 09:19:24.48 | User | Clients_v5.2.xlsm | ufClientMF:cmdEdit_Click = '0,2305 secondes'
2025-02-12 09:19:24.53 | User | Clients_v5.2.xlsm | ufClientMF:lstDonnées_DblClick = '0,3125 secondes'
2025-02-12 09:20:00.11 | User | Clients_v5.2.xlsm | ***** Fin de session - Workbook_BeforeClose ***** | 
2025-02-12 11:36:32.16 | GuillaumeCharron | Clients_v5.2.xlsm | ***** Début de session - Workbook_Open ***** | 
2025-02-12 11:36:32.19 | GuillaumeCharron | Clients_v5.2.xlsm | modMain:CM_Client_List_Import_All | 
2025-02-12 11:36:32.48 | GuillaumeCharron | Clients_v5.2.xlsm | modMain:CM_Apply_Worksheet_Format | 
2025-02-12 11:36:32.55 | GuillaumeCharron | Clients_v5.2.xlsm | modMain:CM_Apply_Worksheet_Format = '0,0781 secondes'
2025-02-12 11:36:32.64 | GuillaumeCharron | Clients_v5.2.xlsm | modMain:CM_Client_List_Import_All = '0,4570 secondes'
2025-02-12 11:36:32.70 | GuillaumeCharron | Clients_v5.2.xlsm | ufClientMF:UserForm_Initialize | 
2025-02-12 11:36:32.72 | GuillaumeCharron | Clients_v5.2.xlsm | modMain:CM_Reset_UserForm | 
2025-02-12 11:36:32.74 | GuillaumeCharron | Clients_v5.2.xlsm | modMain:CM_Add_SearchColumn | 
2025-02-12 11:36:32.76 | GuillaumeCharron | Clients_v5.2.xlsm | ufClientMF:cmbSearchColumn_Change | 
2025-02-12 11:36:32.77 | GuillaumeCharron | Clients_v5.2.xlsm | ufClientMF:cmbSearchColumn_Change = '0,0195 secondes'
2025-02-12 11:36:32.79 | GuillaumeCharron | Clients_v5.2.xlsm | modMain:CM_Add_SearchColumn = '0,0586 secondes'
2025-02-12 11:36:32.84 | GuillaumeCharron | Clients_v5.2.xlsm | modMain:CM_Reset_UserForm = '0,1211 secondes'
2025-02-12 11:36:32.86 | GuillaumeCharron | Clients_v5.2.xlsm | ufClientMF:UserForm_Initialize = '0,1602 secondes'
2025-02-12 11:36:42.91 | GuillaumeCharron | Clients_v5.2.xlsm | modMain:CM_Client_List_Import_All | 
2025-02-12 11:36:43.30 | GuillaumeCharron | Clients_v5.2.xlsm | modMain:CM_Apply_Worksheet_Format | 
2025-02-12 11:36:43.36 | GuillaumeCharron | Clients_v5.2.xlsm | modMain:CM_Apply_Worksheet_Format = '0,0664 secondes'
2025-02-12 11:36:43.45 | GuillaumeCharron | Clients_v5.2.xlsm | modMain:CM_Client_List_Import_All = '0,5352 secondes'
2025-02-12 11:36:45.60 | GuillaumeCharron | Clients_v5.2.xlsm | ufClientMF:txtNomClient_Exit | 
2025-02-12 11:36:45.62 | GuillaumeCharron | Clients_v5.2.xlsm | ufClientMF:txtNomClient_Exit = '0,0234 secondes'
2025-02-12 11:36:45.66 | GuillaumeCharron | Clients_v5.2.xlsm | ufClientMF:cmdAddClient_Click | 
2025-02-12 11:36:45.68 | GuillaumeCharron | Clients_v5.2.xlsm | modMain:CM_Reset_UserForm | 
2025-02-12 11:36:45.70 | GuillaumeCharron | Clients_v5.2.xlsm | modMain:CM_Add_SearchColumn | 
2025-02-12 11:36:45.71 | GuillaumeCharron | Clients_v5.2.xlsm | ufClientMF:cmbSearchColumn_Change | 
2025-02-12 11:36:45.73 | GuillaumeCharron | Clients_v5.2.xlsm | ufClientMF:cmbSearchColumn_Change = '0,0195 secondes'
2025-02-12 11:36:45.75 | GuillaumeCharron | Clients_v5.2.xlsm | ufClientMF:cmbSearchColumn_Change | 
2025-02-12 11:36:45.77 | GuillaumeCharron | Clients_v5.2.xlsm | ufClientMF:cmbSearchColumn_Change = '0,0195 secondes'
2025-02-12 11:36:45.78 | GuillaumeCharron | Clients_v5.2.xlsm | modMain:CM_Add_SearchColumn = '0,0898 secondes'
2025-02-12 11:36:45.84 | GuillaumeCharron | Clients_v5.2.xlsm | modMain:CM_Reset_UserForm = '0,1680 secondes'
2025-02-12 11:36:48.06 | GuillaumeCharron | Clients_v5.2.xlsm | ufClientMF:cmdAddClient_Click = '2,4023 secondes'
2025-02-12 11:36:51.06 | GuillaumeCharron | Clients_v5.2.xlsm | ufClientMF:txtCodeClient_Exit | 
2025-02-12 11:36:51.09 | GuillaumeCharron | Clients_v5.2.xlsm | modMain:Fn_Is_Client_Code_Already_Used | 
2025-02-12 11:36:51.11 | GuillaumeCharron | Clients_v5.2.xlsm | modMain:Fn_Is_Client_Code_Already_Used | checkPoint | FAUX
2025-02-12 11:36:51.13 | GuillaumeCharron | Clients_v5.2.xlsm | modMain:Fn_Is_Client_Code_Already_Used = '0,0430 secondes'
2025-02-12 11:36:51.14 | GuillaumeCharron | Clients_v5.2.xlsm | ufClientMF:txtCodeClient_Exit = '0,0859 secondes'
2025-02-12 11:37:12.32 | GuillaumeCharron | Clients_v5.2.xlsm | ufClientMF:txtNomClient_Exit | 
2025-02-12 11:37:12.35 | GuillaumeCharron | Clients_v5.2.xlsm | ufClientMF:txtNomClient_Exit = '0,0391 secondes'
2025-02-12 11:39:09.63 | GuillaumeCharron | Clients_v5.2.xlsm | modMain:Fn_Fix_Txt_Fin_Annee | 
2025-02-12 11:39:09.66 | GuillaumeCharron | Clients_v5.2.xlsm | modMain:Fn_Fix_Txt_Fin_Annee = '0,0273 secondes'
2025-02-12 11:39:17.79 | GuillaumeCharron | Clients_v5.2.xlsm | ufClientMF:cmdSave_Click | 
2025-02-12 11:39:17.81 | GuillaumeCharron | Clients_v5.2.xlsm | modMain:Fn_ValidateEntries | 
2025-02-12 11:39:17.85 | GuillaumeCharron | Clients_v5.2.xlsm | modMain:Fn_ValidateEntries = '0,0430 secondes'
2025-02-12 11:39:17.87 | GuillaumeCharron | Clients_v5.2.xlsm | ufClientMF:Fix_Some_Fields | 
2025-02-12 11:39:17.89 | GuillaumeCharron | Clients_v5.2.xlsm | ufClientMF:Fix_Some_Fields = '0,0234 secondes'
2025-02-12 11:39:19.16 | GuillaumeCharron | Clients_v5.2.xlsm | modMain:Fn_Is_Client_Code_Already_Used | 
2025-02-12 11:39:19.18 | GuillaumeCharron | Clients_v5.2.xlsm | modMain:Fn_Is_Client_Code_Already_Used | checkPoint | FAUX
2025-02-12 11:39:19.21 | GuillaumeCharron | Clients_v5.2.xlsm | modMain:Fn_Is_Client_Code_Already_Used = '0,0586 secondes'
2025-02-12 11:39:19.23 | GuillaumeCharron | Clients_v5.2.xlsm | modMain:CM_Update_External_GCF_BD_Entrée | NEW_RECORD
2025-02-12 11:39:20.82 | GuillaumeCharron | Clients_v5.2.xlsm | modMain:CM_Update_External_GCF_BD_Entrée | checkPoint | DDM (0.0.0.0)
2025-02-12 11:39:20.97 | GuillaumeCharron | Clients_v5.2.xlsm | modMain:CM_Update_External_GCF_BD_Entrée = '1,7500 secondes'
2025-02-12 11:39:20.99 | GuillaumeCharron | Clients_v5.2.xlsm | modMain:CM_Update_Locally_GCF_BD_Entrée | 
2025-02-12 11:39:21.09 | GuillaumeCharron | Clients_v5.2.xlsm | modMain:CM_Update_Locally_GCF_BD_Entrée = '0,1016 secondes'
2025-02-12 11:39:21.11 | GuillaumeCharron | Clients_v5.2.xlsm | modMain:CM_Reset_UserForm | 
2025-02-12 11:39:21.13 | GuillaumeCharron | Clients_v5.2.xlsm | modMain:CM_Add_SearchColumn | 
2025-02-12 11:39:21.14 | GuillaumeCharron | Clients_v5.2.xlsm | ufClientMF:cmbSearchColumn_Change | 
2025-02-12 11:39:21.16 | GuillaumeCharron | Clients_v5.2.xlsm | ufClientMF:cmbSearchColumn_Change = '0,0195 secondes'
2025-02-12 11:39:21.18 | GuillaumeCharron | Clients_v5.2.xlsm | ufClientMF:cmbSearchColumn_Change | 
2025-02-12 11:39:21.20 | GuillaumeCharron | Clients_v5.2.xlsm | ufClientMF:cmbSearchColumn_Change = '0,0195 secondes'
2025-02-12 11:39:21.21 | GuillaumeCharron | Clients_v5.2.xlsm | modMain:CM_Add_SearchColumn = '0,0859 secondes'
2025-02-12 11:39:21.26 | GuillaumeCharron | Clients_v5.2.xlsm | modMain:CM_Reset_UserForm = '0,1523 secondes'
2025-02-12 11:39:21.30 | GuillaumeCharron | Clients_v5.2.xlsm | ufClientMF:lstDonnées_Click | 
2025-02-12 11:39:21.32 | GuillaumeCharron | Clients_v5.2.xlsm | ufClientMF:lstDonnées_Click = '0,0273 secondes'
2025-02-12 11:39:21.34 | GuillaumeCharron | Clients_v5.2.xlsm | ufClientMF:cmdSave_Click = '3,5547 secondes'
2025-02-12 11:39:24.30 | GuillaumeCharron | Clients_v5.2.xlsm | ***** Fin de session - Workbook_BeforeClose ***** | 
2025-02-12 14:17:13.07 | vgervais | Clients_v5.2.xlsm | ***** Début de session - Workbook_Open ***** | 
2025-02-12 14:17:13.12 | vgervais | Clients_v5.2.xlsm | modMain:CM_Client_List_Import_All | 
2025-02-12 14:17:13.48 | vgervais | Clients_v5.2.xlsm | modMain:CM_Apply_Worksheet_Format | 
2025-02-12 14:17:13.57 | vgervais | Clients_v5.2.xlsm | modMain:CM_Apply_Worksheet_Format = '0,0859 secondes'
2025-02-12 14:17:13.69 | vgervais | Clients_v5.2.xlsm | modMain:CM_Client_List_Import_All = '0,5742 secondes'
2025-02-12 14:17:13.83 | vgervais | Clients_v5.2.xlsm | ufClientMF:UserForm_Initialize | 
2025-02-12 14:17:13.87 | vgervais | Clients_v5.2.xlsm | modMain:CM_Reset_UserForm | 
2025-02-12 14:17:13.91 | vgervais | Clients_v5.2.xlsm | modMain:CM_Add_SearchColumn | 
2025-02-12 14:17:13.94 | vgervais | Clients_v5.2.xlsm | ufClientMF:cmbSearchColumn_Change | 
2025-02-12 14:17:13.97 | vgervais | Clients_v5.2.xlsm | ufClientMF:cmbSearchColumn_Change = '0,0352 secondes'
2025-02-12 14:17:14.01 | vgervais | Clients_v5.2.xlsm | modMain:CM_Add_SearchColumn = '0,1055 secondes'
2025-02-12 14:17:14.07 | vgervais | Clients_v5.2.xlsm | modMain:CM_Reset_UserForm = '0,2148 secondes'
2025-02-12 14:17:14.11 | vgervais | Clients_v5.2.xlsm | ufClientMF:UserForm_Initialize = '0,2891 secondes'
2025-02-12 14:17:17.01 | vgervais | Clients_v5.2.xlsm | ufClientMF:txtNomClient_Exit | 
2025-02-12 14:17:17.05 | vgervais | Clients_v5.2.xlsm | ufClientMF:txtNomClient_Exit = '0,0469 secondes'
2025-02-12 14:17:19.50 | vgervais | Clients_v5.2.xlsm | ***** Fin de session - Workbook_BeforeClose ***** | 
