2025-02-10 10:47:59.97 | GuillaumeCharron | Clients_v5.2.xlsm | ***** Début de session - Workbook_Open ***** | 
2025-02-10 10:47:59.99 | GuillaumeCharron | Clients_v5.2.xlsm | modMain:CM_Client_List_Import_All | 
2025-02-10 10:48:00.29 | GuillaumeCharron | Clients_v5.2.xlsm | modMain:CM_Apply_Worksheet_Format | 
2025-02-10 10:48:00.39 | GuillaumeCharron | Clients_v5.2.xlsm | modMain:CM_Apply_Worksheet_Format = '0,0977 secondes'
2025-02-10 10:48:00.47 | GuillaumeCharron | Clients_v5.2.xlsm | modMain:CM_Client_List_Import_All = '0,4883 secondes'
2025-02-10 10:48:00.51 | GuillaumeCharron | Clients_v5.2.xlsm | ufClientMF:UserForm_Initialize | 
2025-02-10 10:48:00.53 | GuillaumeCharron | Clients_v5.2.xlsm | modMain:CM_Reset_UserForm | 
2025-02-10 10:48:00.55 | GuillaumeCharron | Clients_v5.2.xlsm | modMain:CM_Add_SearchColumn | 
2025-02-10 10:48:00.57 | GuillaumeCharron | Clients_v5.2.xlsm | ufClientMF:cmbSearchColumn_Change | 
2025-02-10 10:48:00.58 | GuillaumeCharron | Clients_v5.2.xlsm | ufClientMF:cmbSearchColumn_Change = '0,0195 secondes'
2025-02-10 10:48:00.60 | GuillaumeCharron | Clients_v5.2.xlsm | modMain:CM_Add_SearchColumn = '0,0547 secondes'
2025-02-10 10:48:00.64 | GuillaumeCharron | Clients_v5.2.xlsm | modMain:CM_Reset_UserForm = '0,1211 secondes'
2025-02-10 10:48:00.66 | GuillaumeCharron | Clients_v5.2.xlsm | ufClientMF:UserForm_Initialize = '0,1523 secondes'
2025-02-10 10:48:16.78 | GuillaumeCharron | Clients_v5.2.xlsm | ufClientMF:txtNomClient_Exit | 
2025-02-10 10:48:16.81 | GuillaumeCharron | Clients_v5.2.xlsm | ufClientMF:txtNomClient_Exit = '0,0312 secondes'
2025-02-10 10:48:16.86 | GuillaumeCharron | Clients_v5.2.xlsm | ufClientMF:cmdAddClient_Click | 
2025-02-10 10:48:16.88 | GuillaumeCharron | Clients_v5.2.xlsm | modMain:CM_Reset_UserForm | 
2025-02-10 10:48:16.90 | GuillaumeCharron | Clients_v5.2.xlsm | modMain:CM_Add_SearchColumn | 
2025-02-10 10:48:16.92 | GuillaumeCharron | Clients_v5.2.xlsm | ufClientMF:cmbSearchColumn_Change | 
2025-02-10 10:48:16.93 | GuillaumeCharron | Clients_v5.2.xlsm | ufClientMF:cmbSearchColumn_Change = '0,0195 secondes'
2025-02-10 10:48:16.95 | GuillaumeCharron | Clients_v5.2.xlsm | ufClientMF:cmbSearchColumn_Change | 
2025-02-10 10:48:16.97 | GuillaumeCharron | Clients_v5.2.xlsm | ufClientMF:cmbSearchColumn_Change = '0,0195 secondes'
2025-02-10 10:48:16.99 | GuillaumeCharron | Clients_v5.2.xlsm | modMain:CM_Add_SearchColumn = '0,0898 secondes'
2025-02-10 10:48:17.03 | GuillaumeCharron | Clients_v5.2.xlsm | modMain:CM_Reset_UserForm = '0,1484 secondes'
2025-02-10 10:48:19.78 | GuillaumeCharron | Clients_v5.2.xlsm | ufClientMF:cmdAddClient_Click = '2,9219 secondes'
2025-02-10 10:48:22.89 | GuillaumeCharron | Clients_v5.2.xlsm | ufClientMF:txtCodeClient_Exit | 
2025-02-10 10:48:22.91 | GuillaumeCharron | Clients_v5.2.xlsm | modMain:Fn_Is_Client_Code_Already_Used | 
2025-02-10 10:48:22.93 | GuillaumeCharron | Clients_v5.2.xlsm | modMain:Fn_Is_Client_Code_Already_Used | checkPoint | FAUX
2025-02-10 10:48:22.95 | GuillaumeCharron | Clients_v5.2.xlsm | modMain:Fn_Is_Client_Code_Already_Used = '0,0430 secondes'
2025-02-10 10:48:22.97 | GuillaumeCharron | Clients_v5.2.xlsm | ufClientMF:txtCodeClient_Exit = '0,0781 secondes'
2025-02-10 10:48:35.92 | GuillaumeCharron | Clients_v5.2.xlsm | ufClientMF:txtNomClient_Exit | 
2025-02-10 10:48:35.95 | GuillaumeCharron | Clients_v5.2.xlsm | ufClientMF:txtNomClient_Exit = '0,0273 secondes'
2025-02-10 10:51:18.46 | GuillaumeCharron | Clients_v5.2.xlsm | modMain:Fn_Fix_Txt_Fin_Annee | 
2025-02-10 10:51:18.49 | GuillaumeCharron | Clients_v5.2.xlsm | modMain:Fn_Fix_Txt_Fin_Annee = '0,0273 secondes'
2025-02-10 10:51:22.32 | GuillaumeCharron | Clients_v5.2.xlsm | ufClientMF:cmdSave_Click | 
2025-02-10 10:51:22.34 | GuillaumeCharron | Clients_v5.2.xlsm | modMain:Fn_ValidateEntries | 
2025-02-10 10:51:22.38 | GuillaumeCharron | Clients_v5.2.xlsm | modMain:Fn_ValidateEntries = '0,0352 secondes'
2025-02-10 10:51:22.39 | GuillaumeCharron | Clients_v5.2.xlsm | ufClientMF:Fix_Some_Fields | 
2025-02-10 10:51:22.41 | GuillaumeCharron | Clients_v5.2.xlsm | ufClientMF:Fix_Some_Fields = '0,0195 secondes'
2025-02-10 10:51:23.57 | GuillaumeCharron | Clients_v5.2.xlsm | modMain:Fn_Is_Client_Code_Already_Used | 
2025-02-10 10:51:23.61 | GuillaumeCharron | Clients_v5.2.xlsm | modMain:Fn_Is_Client_Code_Already_Used | checkPoint | FAUX
2025-02-10 10:51:23.63 | GuillaumeCharron | Clients_v5.2.xlsm | modMain:Fn_Is_Client_Code_Already_Used = '0,0586 secondes'
2025-02-10 10:51:23.65 | GuillaumeCharron | Clients_v5.2.xlsm | modMain:CM_Update_External_GCF_BD_Entrée | NEW_RECORD
2025-02-10 10:51:25.27 | GuillaumeCharron | Clients_v5.2.xlsm | modMain:CM_Update_External_GCF_BD_Entrée | checkPoint | DDM (0.0.0.0)
2025-02-10 10:51:25.35 | GuillaumeCharron | Clients_v5.2.xlsm | modMain:CM_Update_External_GCF_BD_Entrée = '1,7070 secondes'
2025-02-10 10:51:25.37 | GuillaumeCharron | Clients_v5.2.xlsm | modMain:CM_Update_Locally_GCF_BD_Entrée | 
2025-02-10 10:51:25.39 | GuillaumeCharron | Clients_v5.2.xlsm | modMain:CM_Update_Locally_GCF_BD_Entrée = '0,0273 secondes'
2025-02-10 10:51:25.41 | GuillaumeCharron | Clients_v5.2.xlsm | modMain:CM_Reset_UserForm | 
2025-02-10 10:51:25.43 | GuillaumeCharron | Clients_v5.2.xlsm | modMain:CM_Add_SearchColumn | 
2025-02-10 10:51:25.45 | GuillaumeCharron | Clients_v5.2.xlsm | ufClientMF:cmbSearchColumn_Change | 
2025-02-10 10:51:25.46 | GuillaumeCharron | Clients_v5.2.xlsm | ufClientMF:cmbSearchColumn_Change = '0,0234 secondes'
2025-02-10 10:51:25.48 | GuillaumeCharron | Clients_v5.2.xlsm | ufClientMF:cmbSearchColumn_Change | 
2025-02-10 10:51:25.50 | GuillaumeCharron | Clients_v5.2.xlsm | ufClientMF:cmbSearchColumn_Change = '0,0234 secondes'
2025-02-10 10:51:25.52 | GuillaumeCharron | Clients_v5.2.xlsm | modMain:CM_Add_SearchColumn = '0,0938 secondes'
2025-02-10 10:51:25.56 | GuillaumeCharron | Clients_v5.2.xlsm | modMain:CM_Reset_UserForm = '0,1484 secondes'
2025-02-10 10:51:25.60 | GuillaumeCharron | Clients_v5.2.xlsm | ufClientMF:lstDonnées_Click | 
2025-02-10 10:51:25.62 | GuillaumeCharron | Clients_v5.2.xlsm | ufClientMF:lstDonnées_Click = '0,0273 secondes'
2025-02-10 10:51:25.64 | GuillaumeCharron | Clients_v5.2.xlsm | ufClientMF:cmdSave_Click = '3,3242 secondes'
2025-02-10 10:54:49.69 | GuillaumeCharron | Clients_v5.2.xlsm | ***** Fin de session - Workbook_BeforeClose ***** | 
