2025-02-25 11:49:58.59 | User | Clients_v5.2.xlsm | ***** Début de session - Workbook_Open ***** | 
2025-02-25 11:49:58.65 | User | Clients_v5.2.xlsm | modMain:CM_Client_List_Import_All | 
2025-02-25 11:49:59.11 | User | Clients_v5.2.xlsm | modMain:CM_Apply_Worksheet_Format | 
2025-02-25 11:49:59.24 | User | Clients_v5.2.xlsm | modMain:CM_Apply_Worksheet_Format = '0,1328 secondes'
2025-02-25 11:49:59.39 | User | Clients_v5.2.xlsm | modMain:CM_Client_List_Import_All = '0,7461 secondes'
2025-02-25 11:49:59.52 | User | Clients_v5.2.xlsm | ufClientMF:UserForm_Initialize | 
2025-02-25 11:49:59.56 | User | Clients_v5.2.xlsm | modMain:CM_Reset_UserForm | 
2025-02-25 11:49:59.61 | User | Clients_v5.2.xlsm | modMain:CM_Add_SearchColumn | 
2025-02-25 11:49:59.65 | User | Clients_v5.2.xlsm | ufClientMF:cmbSearchColumn_Change | 
2025-02-25 11:49:59.70 | User | Clients_v5.2.xlsm | ufClientMF:cmbSearchColumn_Change = '0,0547 secondes'
2025-02-25 11:49:59.74 | User | Clients_v5.2.xlsm | modMain:CM_Add_SearchColumn = '0,1406 secondes'
2025-02-25 11:49:59.83 | User | Clients_v5.2.xlsm | modMain:CM_Reset_UserForm = '0,2773 secondes'
2025-02-25 11:49:59.87 | User | Clients_v5.2.xlsm | ufClientMF:UserForm_Initialize = '0,3594 secondes'
2025-02-25 11:50:21.90 | User | Clients_v5.2.xlsm | ufClientMF:cmdSearch_Click | 
2025-02-25 11:50:21.96 | User | Clients_v5.2.xlsm | modMain:CM_Build_Données_Recherche | 
2025-02-25 11:50:23.93 | User | Clients_v5.2.xlsm | modMain:CM_Build_Données_Recherche = '1,9727 secondes'
2025-02-25 11:50:23.98 | User | Clients_v5.2.xlsm | ufClientMF:cmdSearch_Click = '2,0820 secondes'
2025-02-25 11:50:26.75 | User | Clients_v5.2.xlsm | ufClientMF:cmbSearchColumn_Change | 
2025-02-25 11:50:26.81 | User | Clients_v5.2.xlsm | ufClientMF:cmbSearchColumn_Change = '0,0664 secondes'
2025-02-25 11:50:30.00 | User | Clients_v5.2.xlsm | ufClientMF:cmdSearch_Click | 
2025-02-25 11:50:30.05 | User | Clients_v5.2.xlsm | modMain:CM_Build_Données_Recherche | 
2025-02-25 11:50:32.10 | User | Clients_v5.2.xlsm | modMain:CM_Build_Données_Recherche = '2,0742 secondes'
2025-02-25 11:50:32.17 | User | Clients_v5.2.xlsm | ufClientMF:cmdSearch_Click = '2,1758 secondes'
2025-02-25 11:50:37.25 | User | Clients_v5.2.xlsm | ufClientMF:cmbSearchColumn_Change | 
2025-02-25 11:50:37.29 | User | Clients_v5.2.xlsm | ufClientMF:cmbSearchColumn_Change = '0,0508 secondes'
2025-02-25 11:50:41.07 | User | Clients_v5.2.xlsm | ufClientMF:cmdSearch_Click | 
2025-02-25 11:50:41.12 | User | Clients_v5.2.xlsm | modMain:CM_Build_Données_Recherche | 
2025-02-25 11:50:42.52 | User | Clients_v5.2.xlsm | modMain:CM_Build_Données_Recherche = '1,4336 secondes'
2025-02-25 11:50:42.59 | User | Clients_v5.2.xlsm | ufClientMF:cmdSearch_Click = '1,5508 secondes'
2025-02-25 11:50:45.57 | User | Clients_v5.2.xlsm | ufClientMF:cmbSearchColumn_Change | 
2025-02-25 11:50:45.62 | User | Clients_v5.2.xlsm | ufClientMF:cmbSearchColumn_Change = '0,0547 secondes'
2025-02-25 11:50:48.95 | User | Clients_v5.2.xlsm | ufClientMF:cmdSearch_Click | 
2025-02-25 11:50:48.99 | User | Clients_v5.2.xlsm | modMain:CM_Build_Données_Recherche | 
2025-02-25 11:50:50.73 | User | Clients_v5.2.xlsm | modMain:CM_Build_Données_Recherche = '1,7422 secondes'
2025-02-25 11:50:50.77 | User | Clients_v5.2.xlsm | ufClientMF:cmdSearch_Click = '1,8320 secondes'
2025-02-25 11:50:53.61 | User | Clients_v5.2.xlsm | ufClientMF:cmbSearchColumn_Change | 
2025-02-25 11:50:53.66 | User | Clients_v5.2.xlsm | ufClientMF:cmbSearchColumn_Change = '0,0586 secondes'
2025-02-25 11:50:57.46 | User | Clients_v5.2.xlsm | ufClientMF:cmdSearch_Click | 
2025-02-25 11:50:57.51 | User | Clients_v5.2.xlsm | modMain:CM_Build_Données_Recherche | 
2025-02-25 11:50:59.10 | User | Clients_v5.2.xlsm | modMain:CM_Build_Données_Recherche = '1,6133 secondes'
2025-02-25 11:50:59.17 | User | Clients_v5.2.xlsm | ufClientMF:cmdSearch_Click = '1,7109 secondes'
2025-02-25 11:51:04.81 | User | Clients_v5.2.xlsm | ufClientMF:cmbSearchColumn_Change | 
2025-02-25 11:51:04.87 | User | Clients_v5.2.xlsm | ufClientMF:cmbSearchColumn_Change = '0,0625 secondes'
2025-02-25 11:51:08.46 | User | Clients_v5.2.xlsm | ufClientMF:cmdSearch_Click | 
2025-02-25 11:51:08.50 | User | Clients_v5.2.xlsm | modMain:CM_Build_Données_Recherche | 
2025-02-25 11:51:10.41 | User | Clients_v5.2.xlsm | modMain:CM_Build_Données_Recherche = '1,9180 secondes'
2025-02-25 11:51:10.47 | User | Clients_v5.2.xlsm | ufClientMF:cmdSearch_Click = '2,0156 secondes'
2025-02-25 11:51:32.48 | User | Clients_v5.2.xlsm | ufClientMF:cmdSearch_Click | 
2025-02-25 11:51:32.54 | User | Clients_v5.2.xlsm | modMain:CM_Build_Données_Recherche | 
2025-02-25 11:51:36.38 | User | Clients_v5.2.xlsm | modMain:CM_Build_Données_Recherche = '3,8555 secondes'
2025-02-25 11:51:36.44 | User | Clients_v5.2.xlsm | ufClientMF:cmdSearch_Click = '3,9688 secondes'
2025-02-25 11:51:38.00 | User | Clients_v5.2.xlsm | ***** Fin de session - Workbook_BeforeClose ***** | 
