2025-01-17 15:05:48.28 | User | Clients_v5.2.xlsm | ***** Début de session - Workbook_Open ***** | 
2025-01-17 15:05:48.36 | User | Clients_v5.2.xlsm | modMain:CM_Client_List_Import_All | 
2025-01-17 15:05:48.79 | User | Clients_v5.2.xlsm | modMain:CM_Apply_Worksheet_Format | 
2025-01-17 15:05:48.91 | User | Clients_v5.2.xlsm | modMain:CM_Apply_Worksheet_Format = '0,1367 secondes'
2025-01-17 15:05:49.05 | User | Clients_v5.2.xlsm | modMain:CM_Client_List_Import_All = '0,7031 secondes'
2025-01-17 15:05:49.18 | User | Clients_v5.2.xlsm | ufClientMF:UserForm_Initialize | 
2025-01-17 15:05:49.23 | User | Clients_v5.2.xlsm | modMain:CM_Reset_UserForm | 
2025-01-17 15:05:49.28 | User | Clients_v5.2.xlsm | modMain:CM_Add_SearchColumn | 
2025-01-17 15:05:49.33 | User | Clients_v5.2.xlsm | ufClientMF:cmbSearchColumn_Change | 
2025-01-17 15:05:49.38 | User | Clients_v5.2.xlsm | ufClientMF:cmbSearchColumn_Change = '0,0625 secondes'
2025-01-17 15:05:49.43 | User | Clients_v5.2.xlsm | modMain:CM_Add_SearchColumn = '0,1602 secondes'
2025-01-17 15:05:49.55 | User | Clients_v5.2.xlsm | modMain:CM_Reset_UserForm = '0,3281 secondes'
2025-01-17 15:05:49.60 | User | Clients_v5.2.xlsm | ufClientMF:UserForm_Initialize = '0,4219 secondes'
2025-01-17 15:06:04.12 | User | Clients_v5.2.xlsm | ufClientMF:cmdSearch_Click | 
2025-01-17 15:06:04.18 | User | Clients_v5.2.xlsm | modMain:CM_Build_Données_Recherche | 
2025-01-17 15:06:05.88 | User | Clients_v5.2.xlsm | modMain:CM_Build_Données_Recherche = '1,6992 secondes'
2025-01-17 15:06:05.93 | User | Clients_v5.2.xlsm | ufClientMF:cmdSearch_Click = '1,8125 secondes'
2025-01-17 15:06:08.77 | User | Clients_v5.2.xlsm | ufClientMF:cmbSearchColumn_Change | 
2025-01-17 15:06:08.82 | User | Clients_v5.2.xlsm | ufClientMF:cmbSearchColumn_Change = '0,0547 secondes'
2025-01-17 15:06:11.85 | User | Clients_v5.2.xlsm | ufClientMF:cmdSearch_Click | 
2025-01-17 15:06:11.90 | User | Clients_v5.2.xlsm | modMain:CM_Build_Données_Recherche | 
2025-01-17 15:06:12.06 | User | Clients_v5.2.xlsm | modMain:CM_Build_Données_Recherche = '0,1680 secondes'
2025-01-17 15:06:12.11 | User | Clients_v5.2.xlsm | ufClientMF:cmdSearch_Click = '0,2617 secondes'
2025-01-17 15:06:19.93 | User | Clients_v5.2.xlsm | ***** Fin de session - Workbook_BeforeClose ***** | 
