2025-02-19 13:07:51.00 | User | Clients_v5.2.xlsm | ***** Début de session - Workbook_Open ***** | 
2025-02-19 13:07:51.07 | User | Clients_v5.2.xlsm | modMain:CM_Client_List_Import_All | 
2025-02-19 13:07:51.61 | User | Clients_v5.2.xlsm | modMain:CM_Apply_Worksheet_Format | 
2025-02-19 13:07:51.74 | User | Clients_v5.2.xlsm | modMain:CM_Apply_Worksheet_Format = '0,1406 secondes'
2025-02-19 13:07:51.88 | User | Clients_v5.2.xlsm | modMain:CM_Client_List_Import_All = '0,8125 secondes'
2025-02-19 13:07:51.96 | User | Clients_v5.2.xlsm | ufClientMF:UserForm_Initialize | 
2025-02-19 13:07:51.99 | User | Clients_v5.2.xlsm | modMain:CM_Reset_UserForm | 
2025-02-19 13:07:52.07 | User | Clients_v5.2.xlsm | modMain:CM_Add_SearchColumn | 
2025-02-19 13:07:52.11 | User | Clients_v5.2.xlsm | ufClientMF:cmbSearchColumn_Change | 
2025-02-19 13:07:52.15 | User | Clients_v5.2.xlsm | ufClientMF:cmbSearchColumn_Change = '0,0469 secondes'
2025-02-19 13:07:52.19 | User | Clients_v5.2.xlsm | modMain:CM_Add_SearchColumn = '0,1250 secondes'
2025-02-19 13:07:52.27 | User | Clients_v5.2.xlsm | modMain:CM_Reset_UserForm = '0,2773 secondes'
2025-02-19 13:07:52.30 | User | Clients_v5.2.xlsm | ufClientMF:UserForm_Initialize = '0,3477 secondes'
2025-02-19 13:08:08.18 | User | Clients_v5.2.xlsm | ufClientMF:cmdSearch_Click | 
2025-02-19 13:08:08.24 | User | Clients_v5.2.xlsm | modMain:CM_Build_Données_Recherche | 
2025-02-19 13:08:09.97 | User | Clients_v5.2.xlsm | modMain:CM_Build_Données_Recherche = '1,7344 secondes'
2025-02-19 13:08:10.02 | User | Clients_v5.2.xlsm | ufClientMF:cmdSearch_Click = '1,8438 secondes'
2025-02-19 13:08:12.34 | User | Clients_v5.2.xlsm | ufClientMF:cmbSearchColumn_Change | 
2025-02-19 13:08:12.38 | User | Clients_v5.2.xlsm | ufClientMF:cmbSearchColumn_Change = '0,0508 secondes'
2025-02-19 13:08:16.52 | User | Clients_v5.2.xlsm | ufClientMF:cmdSearch_Click | 
2025-02-19 13:08:16.57 | User | Clients_v5.2.xlsm | modMain:CM_Build_Données_Recherche | 
2025-02-19 13:08:18.22 | User | Clients_v5.2.xlsm | modMain:CM_Build_Données_Recherche = '1,6641 secondes'
2025-02-19 13:08:18.27 | User | Clients_v5.2.xlsm | ufClientMF:cmdSearch_Click = '1,7539 secondes'
2025-02-19 13:08:20.36 | User | Clients_v5.2.xlsm | ufClientMF:cmbSearchColumn_Change | 
2025-02-19 13:08:20.40 | User | Clients_v5.2.xlsm | ufClientMF:cmbSearchColumn_Change = '0,0508 secondes'
2025-02-19 13:08:24.18 | User | Clients_v5.2.xlsm | ufClientMF:cmdSearch_Click | 
2025-02-19 13:08:24.22 | User | Clients_v5.2.xlsm | modMain:CM_Build_Données_Recherche | 
2025-02-19 13:08:26.02 | User | Clients_v5.2.xlsm | modMain:CM_Build_Données_Recherche = '1,8086 secondes'
2025-02-19 13:08:26.07 | User | Clients_v5.2.xlsm | ufClientMF:cmdSearch_Click = '1,8906 secondes'
2025-02-19 13:08:30.05 | User | Clients_v5.2.xlsm | ufClientMF:cmbSearchColumn_Change | 
2025-02-19 13:08:30.11 | User | Clients_v5.2.xlsm | ufClientMF:cmbSearchColumn_Change = '0,0586 secondes'
2025-02-19 13:08:33.96 | User | Clients_v5.2.xlsm | ufClientMF:cmdSearch_Click | 
2025-02-19 13:08:34.00 | User | Clients_v5.2.xlsm | modMain:CM_Build_Données_Recherche | 
2025-02-19 13:08:35.84 | User | Clients_v5.2.xlsm | modMain:CM_Build_Données_Recherche = '1,8477 secondes'
2025-02-19 13:08:35.89 | User | Clients_v5.2.xlsm | ufClientMF:cmdSearch_Click = '1,9453 secondes'
2025-02-19 13:08:37.61 | User | Clients_v5.2.xlsm | ***** Fin de session - Workbook_BeforeClose ***** | 
