2025-01-23 14:51:48.95 | User | Clients_v5.2.xlsm | ***** Début de session - Workbook_Open ***** | 
2025-01-23 14:51:49.03 | User | Clients_v5.2.xlsm | modMain:CM_Client_List_Import_All | 
2025-01-23 14:51:49.59 | User | Clients_v5.2.xlsm | modMain:CM_Apply_Worksheet_Format | 
2025-01-23 14:51:49.71 | User | Clients_v5.2.xlsm | modMain:CM_Apply_Worksheet_Format = '0,1328 secondes'
2025-01-23 14:51:49.84 | User | Clients_v5.2.xlsm | modMain:CM_Client_List_Import_All = '0,8242 secondes'
2025-01-23 14:51:49.95 | User | Clients_v5.2.xlsm | ufClientMF:UserForm_Initialize | 
2025-01-23 14:51:49.99 | User | Clients_v5.2.xlsm | modMain:CM_Reset_UserForm | 
2025-01-23 14:51:50.07 | User | Clients_v5.2.xlsm | modMain:CM_Add_SearchColumn | 
2025-01-23 14:51:50.11 | User | Clients_v5.2.xlsm | ufClientMF:cmbSearchColumn_Change | 
2025-01-23 14:51:50.16 | User | Clients_v5.2.xlsm | ufClientMF:cmbSearchColumn_Change = '0,0547 secondes'
2025-01-23 14:51:50.21 | User | Clients_v5.2.xlsm | modMain:CM_Add_SearchColumn = '0,1484 secondes'
2025-01-23 14:51:50.32 | User | Clients_v5.2.xlsm | modMain:CM_Reset_UserForm = '0,3320 secondes'
2025-01-23 14:51:50.36 | User | Clients_v5.2.xlsm | ufClientMF:UserForm_Initialize = '0,4180 secondes'
2025-01-23 14:52:15.33 | User | Clients_v5.2.xlsm | ufClientMF:cmdSearch_Click | 
2025-01-23 14:52:15.39 | User | Clients_v5.2.xlsm | modMain:CM_Build_Données_Recherche | 
2025-01-23 14:52:17.09 | User | Clients_v5.2.xlsm | modMain:CM_Build_Données_Recherche = '1,7070 secondes'
2025-01-23 14:52:17.14 | User | Clients_v5.2.xlsm | ufClientMF:cmdSearch_Click = '1,8242 secondes'
2025-01-23 14:52:19.14 | User | Clients_v5.2.xlsm | ufClientMF:cmbSearchColumn_Change | 
2025-01-23 14:52:19.19 | User | Clients_v5.2.xlsm | ufClientMF:cmbSearchColumn_Change = '0,0547 secondes'
2025-01-23 14:52:22.96 | User | Clients_v5.2.xlsm | ufClientMF:cmdSearch_Click | 
2025-01-23 14:52:23.01 | User | Clients_v5.2.xlsm | modMain:CM_Build_Données_Recherche | 
2025-01-23 14:52:23.17 | User | Clients_v5.2.xlsm | modMain:CM_Build_Données_Recherche = '0,1719 secondes'
2025-01-23 14:52:23.22 | User | Clients_v5.2.xlsm | ufClientMF:cmdSearch_Click = '0,2734 secondes'
2025-01-23 14:52:32.46 | User | Clients_v5.2.xlsm | ***** Fin de session - Workbook_BeforeClose ***** | 
2025-01-23 17:27:51.51 | GuillaumeCharron | Clients_v5.2.xlsm | ***** Début de session - Workbook_Open ***** | 
2025-01-23 17:27:51.54 | GuillaumeCharron | Clients_v5.2.xlsm | modMain:CM_Client_List_Import_All | 
2025-01-23 17:27:51.86 | GuillaumeCharron | Clients_v5.2.xlsm | modMain:CM_Apply_Worksheet_Format | 
2025-01-23 17:27:51.93 | GuillaumeCharron | Clients_v5.2.xlsm | modMain:CM_Apply_Worksheet_Format = '0,0742 secondes'
2025-01-23 17:27:52.01 | GuillaumeCharron | Clients_v5.2.xlsm | modMain:CM_Client_List_Import_All = '0,4805 secondes'
2025-01-23 17:27:52.05 | GuillaumeCharron | Clients_v5.2.xlsm | ufClientMF:UserForm_Initialize | 
2025-01-23 17:27:52.07 | GuillaumeCharron | Clients_v5.2.xlsm | modMain:CM_Reset_UserForm | 
2025-01-23 17:27:52.09 | GuillaumeCharron | Clients_v5.2.xlsm | modMain:CM_Add_SearchColumn | 
2025-01-23 17:27:52.11 | GuillaumeCharron | Clients_v5.2.xlsm | ufClientMF:cmbSearchColumn_Change | 
2025-01-23 17:27:52.13 | GuillaumeCharron | Clients_v5.2.xlsm | ufClientMF:cmbSearchColumn_Change = '0,0234 secondes'
2025-01-23 17:27:52.14 | GuillaumeCharron | Clients_v5.2.xlsm | modMain:CM_Add_SearchColumn = '0,0586 secondes'
2025-01-23 17:27:52.18 | GuillaumeCharron | Clients_v5.2.xlsm | modMain:CM_Reset_UserForm = '0,1172 secondes'
2025-01-23 17:27:52.20 | GuillaumeCharron | Clients_v5.2.xlsm | ufClientMF:UserForm_Initialize = '0,1562 secondes'
2025-01-23 17:27:57.24 | GuillaumeCharron | Clients_v5.2.xlsm | ufClientMF:cmbSearchColumn_Change | 
2025-01-23 17:27:57.26 | GuillaumeCharron | Clients_v5.2.xlsm | ufClientMF:cmbSearchColumn_Change = '0,0234 secondes'
2025-01-23 17:28:02.11 | GuillaumeCharron | Clients_v5.2.xlsm | ufClientMF:cmdSearch_Click | 
2025-01-23 17:28:02.13 | GuillaumeCharron | Clients_v5.2.xlsm | modMain:CM_Build_Données_Recherche | 
2025-01-23 17:28:02.59 | GuillaumeCharron | Clients_v5.2.xlsm | modMain:CM_Build_Données_Recherche = '0,4648 secondes'
2025-01-23 17:28:02.62 | GuillaumeCharron | Clients_v5.2.xlsm | ufClientMF:cmdSearch_Click = '0,5078 secondes'
2025-01-23 17:28:04.52 | GuillaumeCharron | Clients_v5.2.xlsm | ufClientMF:lstDonnées_Click | 
2025-01-23 17:28:04.55 | GuillaumeCharron | Clients_v5.2.xlsm | ufClientMF:lstDonnées_Click = '0,0391 secondes'
2025-01-23 17:28:07.25 | GuillaumeCharron | Clients_v5.2.xlsm | ufClientMF:lstDonnées_DblClick | 
2025-01-23 17:28:07.29 | GuillaumeCharron | Clients_v5.2.xlsm | ufClientMF:cmdEdit_Click | 
2025-01-23 17:28:07.31 | GuillaumeCharron | Clients_v5.2.xlsm | modMain:Fn_Selected_List | 
2025-01-23 17:28:07.33 | GuillaumeCharron | Clients_v5.2.xlsm | modMain:Fn_Selected_List = '0,0195 secondes'
2025-01-23 17:28:07.34 | GuillaumeCharron | Clients_v5.2.xlsm | modMain:Fn_Selected_List | 
2025-01-23 17:28:07.36 | GuillaumeCharron | Clients_v5.2.xlsm | modMain:Fn_Selected_List = '0,0195 secondes'
2025-01-23 17:28:07.38 | GuillaumeCharron | Clients_v5.2.xlsm | ufClientMF:cmdEdit_Click = '0,0977 secondes'
2025-01-23 17:28:07.40 | GuillaumeCharron | Clients_v5.2.xlsm | ufClientMF:lstDonnées_DblClick = '0,1484 secondes'
2025-01-23 17:28:20.65 | GuillaumeCharron | Clients_v5.2.xlsm | ufClientMF:txtNomClient_Exit | 
2025-01-23 17:28:20.68 | GuillaumeCharron | Clients_v5.2.xlsm | ufClientMF:txtNomClient_Exit = '0,0273 secondes'
2025-01-23 17:42:52.97 | GuillaumeCharron | Clients_v5.2.xlsm | ***** Fin de session - Workbook_BeforeClose ***** | 
2025-01-24 14:22:32.97 | User | Clients_v5.2.xlsm | ***** Début de session - Workbook_Open ***** | 
2025-01-24 14:22:33.05 | User | Clients_v5.2.xlsm | modMain:CM_Client_List_Import_All | 
2025-01-24 14:22:33.42 | User | Clients_v5.2.xlsm | modMain:CM_Apply_Worksheet_Format | 
2025-01-24 14:22:33.57 | User | Clients_v5.2.xlsm | modMain:CM_Apply_Worksheet_Format = '0,1484 secondes'
2025-01-24 14:22:33.71 | User | Clients_v5.2.xlsm | modMain:CM_Client_List_Import_All = '0,6719 secondes'
2025-01-24 14:22:33.79 | User | Clients_v5.2.xlsm | ufClientMF:UserForm_Initialize | 
2025-01-24 14:22:33.84 | User | Clients_v5.2.xlsm | modMain:CM_Reset_UserForm | 
2025-01-24 14:22:33.88 | User | Clients_v5.2.xlsm | modMain:CM_Add_SearchColumn | 
2025-01-24 14:22:33.93 | User | Clients_v5.2.xlsm | ufClientMF:cmbSearchColumn_Change | 
2025-01-24 14:22:33.98 | User | Clients_v5.2.xlsm | ufClientMF:cmbSearchColumn_Change = '0,0586 secondes'
2025-01-24 14:22:34.02 | User | Clients_v5.2.xlsm | modMain:CM_Add_SearchColumn = '0,1445 secondes'
2025-01-24 14:22:34.11 | User | Clients_v5.2.xlsm | modMain:CM_Reset_UserForm = '0,2852 secondes'
2025-01-24 14:22:34.16 | User | Clients_v5.2.xlsm | ufClientMF:UserForm_Initialize = '0,3750 secondes'
2025-01-24 14:22:59.34 | User | Clients_v5.2.xlsm | ufClientMF:cmdSearch_Click | 
2025-01-24 14:22:59.40 | User | Clients_v5.2.xlsm | modMain:CM_Build_Données_Recherche | 
2025-01-24 14:23:01.43 | User | Clients_v5.2.xlsm | modMain:CM_Build_Données_Recherche = '2,0430 secondes'
2025-01-24 14:23:01.51 | User | Clients_v5.2.xlsm | ufClientMF:cmdSearch_Click = '2,1797 secondes'
2025-01-24 14:23:03.56 | User | Clients_v5.2.xlsm | ufClientMF:cmbSearchColumn_Change | 
2025-01-24 14:23:03.62 | User | Clients_v5.2.xlsm | ufClientMF:cmbSearchColumn_Change = '0,0586 secondes'
2025-01-24 14:23:06.95 | User | Clients_v5.2.xlsm | ufClientMF:cmdSearch_Click | 
2025-01-24 14:23:07.01 | User | Clients_v5.2.xlsm | modMain:CM_Build_Données_Recherche | 
2025-01-24 14:23:08.70 | User | Clients_v5.2.xlsm | modMain:CM_Build_Données_Recherche = '1,6992 secondes'
2025-01-24 14:23:08.75 | User | Clients_v5.2.xlsm | ufClientMF:cmdSearch_Click = '1,8008 secondes'
2025-01-24 14:23:11.40 | User | Clients_v5.2.xlsm | ufClientMF:cmbSearchColumn_Change | 
2025-01-24 14:23:11.46 | User | Clients_v5.2.xlsm | ufClientMF:cmbSearchColumn_Change = '0,0703 secondes'
2025-01-24 14:23:14.62 | User | Clients_v5.2.xlsm | ufClientMF:cmdSearch_Click | 
2025-01-24 14:23:14.68 | User | Clients_v5.2.xlsm | modMain:CM_Build_Données_Recherche | 
2025-01-24 14:23:16.55 | User | Clients_v5.2.xlsm | modMain:CM_Build_Données_Recherche = '1,8867 secondes'
2025-01-24 14:23:16.63 | User | Clients_v5.2.xlsm | ufClientMF:cmdSearch_Click = '2,0234 secondes'
2025-01-24 14:23:40.39 | User | Clients_v5.2.xlsm | ufClientMF:cmdSearch_Click | 
2025-01-24 14:23:40.46 | User | Clients_v5.2.xlsm | modMain:CM_Build_Données_Recherche | 
2025-01-24 14:23:42.02 | User | Clients_v5.2.xlsm | modMain:CM_Build_Données_Recherche = '1,5742 secondes'
2025-01-24 14:23:42.07 | User | Clients_v5.2.xlsm | ufClientMF:cmdSearch_Click = '1,6875 secondes'
2025-01-24 14:23:45.04 | User | Clients_v5.2.xlsm | ufClientMF:cmbSearchColumn_Change | 
2025-01-24 14:23:45.08 | User | Clients_v5.2.xlsm | ufClientMF:cmbSearchColumn_Change = '0,0547 secondes'
2025-01-24 14:23:48.76 | User | Clients_v5.2.xlsm | ufClientMF:cmdSearch_Click | 
2025-01-24 14:23:48.81 | User | Clients_v5.2.xlsm | modMain:CM_Build_Données_Recherche | 
2025-01-24 14:23:50.36 | User | Clients_v5.2.xlsm | modMain:CM_Build_Données_Recherche = '1,5547 secondes'
2025-01-24 14:23:50.41 | User | Clients_v5.2.xlsm | ufClientMF:cmdSearch_Click = '1,6680 secondes'
2025-01-24 14:23:52.79 | User | Clients_v5.2.xlsm | ufClientMF:cmbSearchColumn_Change | 
2025-01-24 14:23:52.84 | User | Clients_v5.2.xlsm | ufClientMF:cmbSearchColumn_Change = '0,0625 secondes'
2025-01-24 14:23:56.54 | User | Clients_v5.2.xlsm | ufClientMF:cmdSearch_Click | 
2025-01-24 14:23:56.59 | User | Clients_v5.2.xlsm | modMain:CM_Build_Données_Recherche | 
2025-01-24 14:23:58.14 | User | Clients_v5.2.xlsm | modMain:CM_Build_Données_Recherche = '1,5703 secondes'
2025-01-24 14:23:58.21 | User | Clients_v5.2.xlsm | ufClientMF:cmdSearch_Click = '1,6875 secondes'
2025-01-24 14:24:01.14 | User | Clients_v5.2.xlsm | ***** Fin de session - Workbook_BeforeClose ***** | 
